#
# There is insufficient memory for the Java Runtime Environment to continue.
# Native memory allocation (mmap) failed to map 132120576 bytes for Failed to commit area from 0x0000000083000000 to 0x000000008ae00000 of length 132120576.
# Possible reasons:
#   The system is out of physical RAM or swap space
#   The process is running with CompressedOops enabled, and the Java Heap may be blocking the growth of the native heap
# Possible solutions:
#   Reduce memory load on the system
#   Increase physical memory or swap space
#   Check if swap backing store is full
#   Decrease Java heap size (-Xmx/-Xms)
#   Decrease number of Java threads
#   Decrease Java thread stack sizes (-Xss)
#   Set larger code cache with -XX:ReservedCodeCacheSize=
# This output file may be truncated or incomplete.
#
#  Out of Memory Error (./src/hotspot/os/windows/os_windows.cpp:3301), pid=16576, tid=12804
#
# JRE version:  (11.0.11+9) (build )
# Java VM: OpenJDK 64-Bit Server VM (11.0.11+9-b60-7590822, mixed mode, sharing, tiered, compressed oops, g1 gc, windows-amd64)
# No core dump will be written. Minidumps are not enabled by default on client versions of Windows
#

---------------  S U M M A R Y ------------

Command Line: org.jetbrains.kotlin.cli.jvm.K2JVMCompiler @C:\Users\user\3D Objects\RealProjects\GulBazar1\app\build\20220628_6128984361093001779.compiler.options

Host: Intel(R) Core(TM) i5-10300H CPU @ 2.50GHz, 8 cores, 7G,  Windows 10 , 64 bit Build 18362 (10.0.18362.86)
Time: Tue Jun 28 11:29:25 2022 West Asia Standard Time elapsed time: 0.023234 seconds (0d 0h 0m 0s)

---------------  T H R E A D  ---------------

Current thread (0x000001fa75c0e800):  JavaThread "Unknown thread" [_thread_in_vm, id=12804, stack(0x000000b6a2d00000,0x000000b6a2e00000)]

Stack: [0x000000b6a2d00000,0x000000b6a2e00000]
Native frames: (J=compiled Java code, j=interpreted, Vv=VM code, C=native code)
V  [jvm.dll+0x5f214a]
V  [jvm.dll+0x726fb5]
V  [jvm.dll+0x7285cd]
V  [jvm.dll+0x728c83]
V  [jvm.dll+0x243278]
V  [jvm.dll+0x5ef544]
V  [jvm.dll+0x5e4495]
V  [jvm.dll+0x2fec5b]
V  [jvm.dll+0x2febca]
V  [jvm.dll+0x2feaa2]
V  [jvm.dll+0x303986]
V  [jvm.dll+0x34c3a3]
V  [jvm.dll+0x34caa6]
V  [jvm.dll+0x34c4a3]
V  [jvm.dll+0x2d9688]
V  [jvm.dll+0x2da837]
V  [jvm.dll+0x705ba7]
V  [jvm.dll+0x70739c]
V  [jvm.dll+0x3598f9]
V  [jvm.dll+0x6e931e]
V  [jvm.dll+0x3c1c43]
V  [jvm.dll+0x3c3e81]
C  [jli.dll+0x5373]
C  [ucrtbase.dll+0x1d912]
C  [KERNEL32.DLL+0x17bd4]
C  [ntdll.dll+0x6ce71]


---------------  P R O C E S S  ---------------

Threads class SMR info:
_java_thread_list=0x000001fa73b50560, length=0, elements={
}

Java Threads: ( => current thread )

Other Threads:
  0x000001fa75c25000 GCTaskThread "GC Thread#0" [stack: 0x000000b6a2e00000,0x000000b6a2f00000] [id=11208]
  0x000001fa75c58000 ConcurrentGCThread "G1 Main Marker" [stack: 0x000000b6a2f00000,0x000000b6a3000000] [id=2988]
  0x000001fa75c59000 ConcurrentGCThread "G1 Conc#0" [stack: 0x000000b6a3000000,0x000000b6a3100000] [id=5608]

[error occurred during error reporting (printing all threads), id 0xc0000005, EXCEPTION_ACCESS_VIOLATION (0xc0000005) at pc=0x00007ff829329c47]

VM state:not at safepoint (not fully initialized)

VM Mutex/Monitor currently owned by a thread:  ([mutex/lock_event])
[0x000001fa75c0a010] Heap_lock - owner thread: 0x000001fa75c0e800

Heap address: 0x0000000083000000, size: 2000 MB, Compressed Oops mode: Non-zero based: 0x0000000083000000
Narrow klass base: 0x0000000000000000, Narrow klass shift: 0

GC Heap History (0 events):
No events

Deoptimization events (0 events):
No events

Classes redefined (0 events):
No events

Internal exceptions (0 events):
No events

Events (1 events):
Event: 0.015 Loaded shared library C:\Program Files\Android\Android Studio1\jre\bin\zip.dll


Dynamic libraries:
0x00007ff734cd0000 - 0x00007ff734cda000 	C:\Program Files\Android\Android Studio1\jre\bin\java.exe
0x00007ff887240000 - 0x00007ff887430000 	C:\Windows\SYSTEM32\ntdll.dll
0x00007ff8856a0000 - 0x00007ff885752000 	C:\Windows\System32\KERNEL32.DLL
0x00007ff8844c0000 - 0x00007ff884763000 	C:\Windows\System32\KERNELBASE.dll
0x00007ff8848e0000 - 0x00007ff8849da000 	C:\Windows\System32\ucrtbase.dll
0x00007ff871240000 - 0x00007ff871259000 	C:\Program Files\Android\Android Studio1\jre\bin\jli.dll
0x00007ff8712d0000 - 0x00007ff8712e7000 	C:\Program Files\Android\Android Studio1\jre\bin\VCRUNTIME140.dll
0x00007ff8853e0000 - 0x00007ff885573000 	C:\Windows\System32\USER32.dll
0x00007ff872730000 - 0x00007ff8729b5000 	C:\Windows\WinSxS\amd64_microsoft.windows.common-controls_6595b64144ccf1df_6.0.18362.175_none_e6c3ab1f131014c9\COMCTL32.dll
0x00007ff884800000 - 0x00007ff884821000 	C:\Windows\System32\win32u.dll
0x00007ff886670000 - 0x00007ff88670e000 	C:\Windows\System32\msvcrt.dll
0x00007ff8858b0000 - 0x00007ff8858d6000 	C:\Windows\System32\GDI32.dll
0x00007ff885160000 - 0x00007ff8852f4000 	C:\Windows\System32\gdi32full.dll
0x00007ff886280000 - 0x00007ff8865b6000 	C:\Windows\System32\combase.dll
0x00007ff884370000 - 0x00007ff88440e000 	C:\Windows\System32\msvcp_win.dll
0x00007ff885580000 - 0x00007ff8856a0000 	C:\Windows\System32\RPCRT4.dll
0x00007ff884770000 - 0x00007ff8847f1000 	C:\Windows\System32\bcryptPrimitives.dll
0x00007ff8858e0000 - 0x00007ff88590e000 	C:\Windows\System32\IMM32.DLL
0x00007ff828c90000 - 0x00007ff828d2d000 	C:\Program Files\Android\Android Studio1\jre\bin\msvcp140.dll
0x00007ff829040000 - 0x00007ff829b15000 	C:\Program Files\Android\Android Studio1\jre\bin\server\jvm.dll
0x00007ff887150000 - 0x00007ff8871f3000 	C:\Windows\System32\ADVAPI32.dll
0x00007ff885970000 - 0x00007ff885a07000 	C:\Windows\System32\sechost.dll
0x00007ff885300000 - 0x00007ff885308000 	C:\Windows\System32\PSAPI.DLL
0x00007ff869680000 - 0x00007ff869689000 	C:\Windows\SYSTEM32\WSOCK32.dll
0x00007ff87d600000 - 0x00007ff87d60a000 	C:\Windows\SYSTEM32\VERSION.dll
0x00007ff886200000 - 0x00007ff88626f000 	C:\Windows\System32\WS2_32.dll
0x00007ff8818d0000 - 0x00007ff8818f4000 	C:\Windows\SYSTEM32\WINMM.dll
0x00007ff8818a0000 - 0x00007ff8818cd000 	C:\Windows\SYSTEM32\winmmbase.dll
0x00007ff8841d0000 - 0x00007ff88421a000 	C:\Windows\System32\cfgmgr32.dll
0x00007ff8841b0000 - 0x00007ff8841c1000 	C:\Windows\System32\kernel.appcore.dll
0x00007ff8310b0000 - 0x00007ff8310c1000 	C:\Program Files\Android\Android Studio1\jre\bin\verify.dll
0x00007ff882a70000 - 0x00007ff882c64000 	C:\Windows\SYSTEM32\DBGHELP.DLL
0x00007ff86e330000 - 0x00007ff86e35a000 	C:\Windows\SYSTEM32\dbgcore.DLL
0x00007ff830ca0000 - 0x00007ff830cc9000 	C:\Program Files\Android\Android Studio1\jre\bin\java.dll
0x00007ff873e10000 - 0x00007ff873e1b000 	C:\Program Files\Android\Android Studio1\jre\bin\jimage.dll
0x00007ff830c80000 - 0x00007ff830c98000 	C:\Program Files\Android\Android Studio1\jre\bin\zip.dll

dbghelp: loaded successfully - version: 4.0.5 - missing functions: none
symbol engine: initialized successfully - sym options: 0x614 - pdb path: .;C:\Program Files\Android\Android Studio1\jre\bin;C:\Windows\SYSTEM32;C:\Windows\WinSxS\amd64_microsoft.windows.common-controls_6595b64144ccf1df_6.0.18362.175_none_e6c3ab1f131014c9;C:\Program Files\Android\Android Studio1\jre\bin\server

VM Arguments:
java_command: org.jetbrains.kotlin.cli.jvm.K2JVMCompiler @C:\Users\user\3D Objects\RealProjects\GulBazar1\app\build\20220628_6128984361093001779.compiler.options
java_class_path (initial): C:\Program Files\Android\Android Studio1\jre\caches\modules-2\files-2.1\org.jetbrains.kotlin\kotlin-compiler-embeddable\1.6.20\18f66cca4301c12893ebe4ef47d65c3d9d2bff9b\kotlin-compiler-embeddable-1.6.20.jar;C:\Program Files\Android\Android Studio1\jre\caches\modules-2\files-2.1\org.jetbrains.kotlin\kotlin-reflect\1.6.20\669965154723f1a712e8677af0cc5470dfdab81c\kotlin-reflect-1.6.20.jar;C:\Program Files\Android\Android Studio1\jre\caches\modules-2\files-2.1\org.jetbrains.kotlin\kotlin-stdlib\1.6.20\6cedc143badbb4f1c6b7f5a340b04edff1743208\kotlin-stdlib-1.6.20.jar;C:\Program Files\Android\Android Studio1\jre\caches\modules-2\files-2.1\org.jetbrains.kotlin\kotlin-script-runtime\1.6.20\a115c367e0fd9c8909293b208689afca0c88a6f1\kotlin-script-runtime-1.6.20.jar;C:\Program Files\Android\Android Studio1\jre\caches\modules-2\files-2.1\org.jetbrains.kotlin\kotlin-daemon-embeddable\1.6.20\d4cac343029f48f106c57f457384771165d7deb5\kotlin-daemon-embeddable-1.6.20.jar;C:\Program Files\Android\Android Studio1\jre\caches\modules-2\files-2.1\org.jetbrains.intellij.deps\trove4j\1.0.20200330\3afb14d5f9ceb459d724e907a21145e8ff394f02\trove4j-1.0.20200330.jar;C:\Program Files\Android\Android Studio1\jre\caches\modules-2\files-2.1\net.java.dev.jna\jna\5.6.0\330f2244e9030119ab3030fc3fededc86713d9cc\jna-5.6.0.jar;C:\Program Files\Android\Android Studio1\jre\caches\modules-2\files-2.1\org.jetbrains.kotlin\kotlin-stdlib-common\1.6.20\27b4562b6713d70f458c6d7ea39aadacb8e6a92b\kotlin-stdlib-common-1.6.20.jar;C:\Program Files\Android\Android Studio1\jre\caches\modules-2\files-2.1\org.jetbrains\annotations\13.0\919f0dfe192fb4e063e7dacadee7f8bb9a2672a9\annotations-13.0.jar
Launcher Type: SUN_STANDARD

[Global flags]
     intx CICompilerCount                          = 4                                         {product} {ergonomic}
     uint ConcGCThreads                            = 2                                         {product} {ergonomic}
     uint G1ConcRefinementThreads                  = 8                                         {product} {ergonomic}
   size_t G1HeapRegionSize                         = 1048576                                   {product} {ergonomic}
    uintx GCDrainStackTargetSize                   = 64                                        {product} {ergonomic}
   size_t InitialHeapSize                          = 132120576                                 {product} {ergonomic}
   size_t MarkStackSize                            = 4194304                                   {product} {ergonomic}
   size_t MaxHeapSize                              = 2097152000                                {product} {ergonomic}
   size_t MinHeapDeltaBytes                        = 1048576                                   {product} {ergonomic}
    uintx NonNMethodCodeHeapSize                   = 5836300                                {pd product} {ergonomic}
    uintx NonProfiledCodeHeapSize                  = 122910970                              {pd product} {ergonomic}
    uintx ProfiledCodeHeapSize                     = 122910970                              {pd product} {ergonomic}
    uintx ReservedCodeCacheSize                    = 251658240                              {pd product} {ergonomic}
     bool SegmentedCodeCache                       = true                                      {product} {ergonomic}
     bool UseCompressedClassPointers               = true                                 {lp64_product} {ergonomic}
     bool UseCompressedOops                        = true                                 {lp64_product} {ergonomic}
     bool UseG1GC                                  = true                                      {product} {ergonomic}
     bool UseLargePagesIndividualAllocation        = false                                  {pd product} {ergonomic}

Logging:
Log output configuration:
 #0: stdout all=warning uptime,level,tags
 #1: stderr all=off uptime,level,tags

Environment Variables:
JAVA_HOME=C:\Program Files\Java\jdk-17.0.1
PATH=C:\Program Files\Common Files\Oracle\Java\javapath;C:\Windows\system32;C:\Windows;C:\Windows\System32\Wbem;C:\Windows\System32\WindowsPowerShell\v1.0\;C:\Windows\System32\OpenSSH\;C:\Program Files (x86)\NVIDIA Corporation\PhysX\Common;C:\Program Files\7-Zip;C:\Program Files\dotnet\;C:\Program Files\Microsoft SQL Server\130\Tools\Binn\;C:\Program Files\Microsoft SQL Server\Client SDK\ODBC\170\Tools\Binn\;C:\Program Files\Java\jdk-17.0.1\bin;C:\Program Files\Git\cmd;C:\Users\user\AppData\Local\Microsoft\WindowsApps;C:\Users\user\AppData\Local\Programs\Microsoft VS Code\bin;C:\MinGW\bin;C:\Users\user\.dotnet\tools;C:\Program Files\JetBrains\IntelliJ IDEA 2021.2.3\bin;;C:\Program Files\JetBrains\IntelliJ IDEA Community Edition 2021.2.3\bin;
USERNAME=user
OS=Windows_NT
PROCESSOR_IDENTIFIER=Intel64 Family 6 Model 165 Stepping 2, GenuineIntel



---------------  S Y S T E M  ---------------

OS: Windows 10 , 64 bit Build 18362 (10.0.18362.86)
OS uptime: 4 days 2:35 hours

CPU:total 8 (initial active 8) (4 cores per cpu, 2 threads per core) family 6 model 165 stepping 2 microcode 0xe0, cmov, cx8, fxsr, mmx, sse, sse2, sse3, ssse3, sse4.1, sse4.2, popcnt, avx, avx2, aes, clmul, erms, 3dnowpref, lzcnt, ht, tsc, tscinvbit, bmi1, bmi2, adx, fma

Memory: 4k page, system-wide physical 7993M (801M free)
TotalPageFile size 19138M (AvailPageFile size 93M)
current process WorkingSet (physical memory assigned to process): 9M, peak: 9M
current process commit charge ("private bytes"): 60M, peak: 186M

vm_info: OpenJDK 64-Bit Server VM (11.0.11+9-b60-7590822) for windows-amd64 JRE (11.0.11+9-b60-7590822), built on Jul 29 2021 21:43:44 by "builder" with MS VC++ 14.0 (VS2015)

END.
