#
# There is insufficient memory for the Java Runtime Environment to continue.
# Native memory allocation (malloc) failed to allocate 382256 bytes for Chunk::new
# Possible reasons:
#   The system is out of physical RAM or swap space
#   The process is running with CompressedOops enabled, and the Java Heap may be blocking the growth of the native heap
# Possible solutions:
#   Reduce memory load on the system
#   Increase physical memory or swap space
#   Check if swap backing store is full
#   Decrease Java heap size (-Xmx/-Xms)
#   Decrease number of Java threads
#   Decrease Java thread stack sizes (-Xss)
#   Set larger code cache with -XX:ReservedCodeCacheSize=
#   JVM is running with Unscaled Compressed Oops mode in which the Java heap is
#     placed in the first 4GB address space. The Java Heap base address is the
#     maximum limit for the native heap growth. Please use -XX:HeapBaseMinAddress
#     to set the Java Heap base and to place the Java Heap above 4GB virtual address.
# This output file may be truncated or incomplete.
#
#  Out of Memory Error (./src/hotspot/share/memory/arena.cpp:197), pid=6408, tid=24152
#
# JRE version: OpenJDK Runtime Environment (11.0.11+9) (build 11.0.11+9-b60-7590822)
# Java VM: OpenJDK 64-Bit Server VM (11.0.11+9-b60-7590822, mixed mode, tiered, compressed oops, g1 gc, windows-amd64)
# No core dump will be written. Minidumps are not enabled by default on client versions of Windows
#

---------------  S U M M A R Y ------------

Command Line: --add-opens=java.base/java.util=ALL-UNNAMED --add-opens=java.base/java.lang=ALL-UNNAMED --add-opens=java.base/java.lang.invoke=ALL-UNNAMED --add-opens=java.base/java.util=ALL-UNNAMED --add-opens=java.prefs/java.util.prefs=ALL-UNNAMED --add-opens=java.prefs/java.util.prefs=ALL-UNNAMED --add-opens=java.base/java.nio.charset=ALL-UNNAMED --add-opens=java.base/java.net=ALL-UNNAMED --add-opens=java.base/java.util.concurrent.atomic=ALL-UNNAMED -Xmx2048m -Dfile.encoding=UTF-8 -Duser.country=US -Duser.language=en -Duser.variant org.gradle.launcher.daemon.bootstrap.GradleDaemon 7.3.3

Host: Intel(R) Core(TM) i5-10300H CPU @ 2.50GHz, 8 cores, 7G,  Windows 10 , 64 bit Build 18362 (10.0.18362.86)
Time: Wed Jul  6 14:57:25 2022 West Asia Standard Time elapsed time: 20.648324 seconds (0d 0h 0m 20s)

---------------  T H R E A D  ---------------

Current thread (0x0000026ed2148800):  JavaThread "C2 CompilerThread1" daemon [_thread_in_native, id=24152, stack(0x000000de47d00000,0x000000de47e00000)]


Current CompileTask:
C2:  20648 15933       4       com.android.tools.r8.ir.regalloc.a::a (1824 bytes)

Stack: [0x000000de47d00000,0x000000de47e00000]
Native frames: (J=compiled Java code, j=interpreted, Vv=VM code, C=native code)
V  [jvm.dll+0x5f214a]
V  [jvm.dll+0x726fb5]
V  [jvm.dll+0x7285cd]
V  [jvm.dll+0x728c83]
V  [jvm.dll+0x243278]
V  [jvm.dll+0xbc53c]
V  [jvm.dll+0xbca3c]
V  [jvm.dll+0x4ec440]
V  [jvm.dll+0x3218c2]
V  [jvm.dll+0x320d8a]
V  [jvm.dll+0x1fc1e2]
V  [jvm.dll+0x1fb3d4]
V  [jvm.dll+0x183d6c]
V  [jvm.dll+0x209a57]
V  [jvm.dll+0x2082a1]
V  [jvm.dll+0x6ef58f]
V  [jvm.dll+0x6e80b5]
V  [jvm.dll+0x5f1036]
C  [ucrtbase.dll+0x1d912]
C  [KERNEL32.DLL+0x17bd4]
C  [ntdll.dll+0x6ce71]


---------------  P R O C E S S  ---------------

Threads class SMR info:
_java_thread_list=0x0000026edafa55d0, length=137, elements={
0x0000026eb4fcf800, 0x0000026ecf444800, 0x0000026ecf451800, 0x0000026ecfdb9000,
0x0000026ecfdbb000, 0x0000026ecfdbc000, 0x0000026ecfdc1000, 0x0000026ecf461800,
0x0000026ecf462800, 0x0000026ecff5c000, 0x0000026ed18b8800, 0x0000026ed2086800,
0x0000026ed001f000, 0x0000026ed1051800, 0x0000026ed1dcc800, 0x0000026ed1836800,
0x0000026ed0d0f800, 0x0000026ed2148800, 0x0000026ed080a800, 0x0000026ed2180800,
0x0000026ed2147000, 0x0000026ed214c000, 0x0000026ed2149800, 0x0000026ed214a800,
0x0000026ed214b000, 0x0000026ed2146000, 0x0000026ed214c800, 0x0000026ed2148000,
0x0000026ed2434000, 0x0000026ed2438000, 0x0000026ed2434800, 0x0000026ed2435800,
0x0000026ed2433000, 0x0000026ed243d800, 0x0000026ed243e800, 0x0000026ed243c000,
0x0000026ed2440000, 0x0000026ed2441000, 0x0000026ed243d000, 0x0000026ed243b800,
0x0000026ed5437800, 0x0000026ed5437000, 0x0000026ed543b000, 0x0000026ed543c000,
0x0000026ed5438800, 0x0000026ed5436000, 0x0000026ed543f000, 0x0000026ed543e800,
0x0000026ed543d800, 0x0000026ed543a000, 0x0000026ed543c800, 0x0000026ed5439800,
0x0000026ed5440000, 0x0000026ed5440800, 0x0000026ed5443000, 0x0000026ed5445000,
0x0000026ed5444000, 0x0000026ed5442800, 0x0000026ed5441800, 0x0000026ed5e90800,
0x0000026ed5e92000, 0x0000026ed5e8c800, 0x0000026ed5e8f800, 0x0000026ed5e8e800,
0x0000026ed5e91000, 0x0000026ed5e93000, 0x0000026ed5e8d000, 0x0000026ed5e93800,
0x0000026ed5e8e000, 0x0000026ed5e95800, 0x0000026ed5e96000, 0x0000026ed5e97800,
0x0000026ed5e97000, 0x0000026ed5e94800, 0x0000026ed5e98800, 0x0000026ed5e99800,
0x0000026ed5e9a000, 0x0000026ed5e9b000, 0x0000026ed3632800, 0x0000026ed3633800,
0x0000026ed3631800, 0x0000026ed3631000, 0x0000026ed3634000, 0x0000026ed3635000,
0x0000026ed3630000, 0x0000026ed3639000, 0x0000026ed363a000, 0x0000026ed363a800,
0x0000026ed3636800, 0x0000026ed3637800, 0x0000026ed3638000, 0x0000026ed363b800,
0x0000026ed3636000, 0x0000026ed363e800, 0x0000026ed363c800, 0x0000026ed363d000,
0x0000026ed363e000, 0x0000026ed3d08000, 0x0000026ed3d0a800, 0x0000026ed3d0d000,
0x0000026ed3d0e000, 0x0000026ed3d0e800, 0x0000026ed3d0a000, 0x0000026ed3d09000,
0x0000026ed3d0f800, 0x0000026ed3d0b800, 0x0000026ed3d10800, 0x0000026ed3d11000,
0x0000026ed3d12000, 0x0000026ed3d0c000, 0x0000026ed3d17000, 0x0000026ed3d13000,
0x0000026ed3d13800, 0x0000026ed3d14800, 0x0000026ed3d15000, 0x0000026ed3d16000,
0x0000026ed5c22800, 0x0000026ed5c24000, 0x0000026ed5c21800, 0x0000026ed5c23800,
0x0000026ed5c25000, 0x0000026ed5c1f800, 0x0000026ed5c26000, 0x0000026ed5c20000,
0x0000026ed5c2a800, 0x0000026ed5c2b800, 0x0000026ed5c2c800, 0x0000026ed5c2d000,
0x0000026ed5c28000, 0x0000026ed5c27800, 0x0000026ed5c2a000, 0x0000026ed5c2e000,
0x0000026ed1399000, 0x0000026ed139c800, 0x0000026ed139e000, 0x0000026ed139f000,
0x0000026ed139f800
}

Java Threads: ( => current thread )
  0x0000026eb4fcf800 JavaThread "main" [_thread_blocked, id=17808, stack(0x000000de45e00000,0x000000de45f00000)]
  0x0000026ecf444800 JavaThread "Reference Handler" daemon [_thread_blocked, id=18384, stack(0x000000de46500000,0x000000de46600000)]
  0x0000026ecf451800 JavaThread "Finalizer" daemon [_thread_blocked, id=25208, stack(0x000000de46600000,0x000000de46700000)]
  0x0000026ecfdb9000 JavaThread "Signal Dispatcher" daemon [_thread_blocked, id=22200, stack(0x000000de46700000,0x000000de46800000)]
  0x0000026ecfdbb000 JavaThread "Attach Listener" daemon [_thread_blocked, id=4440, stack(0x000000de46800000,0x000000de46900000)]
  0x0000026ecfdbc000 JavaThread "Service Thread" daemon [_thread_blocked, id=21376, stack(0x000000de46900000,0x000000de46a00000)]
  0x0000026ecfdc1000 JavaThread "C2 CompilerThread0" daemon [_thread_in_native, id=4896, stack(0x000000de46a00000,0x000000de46b00000)]
  0x0000026ecf461800 JavaThread "C1 CompilerThread0" daemon [_thread_blocked, id=14508, stack(0x000000de46b00000,0x000000de46c00000)]
  0x0000026ecf462800 JavaThread "Sweeper thread" daemon [_thread_blocked, id=21208, stack(0x000000de46c00000,0x000000de46d00000)]
  0x0000026ecff5c000 JavaThread "Common-Cleaner" daemon [_thread_blocked, id=23980, stack(0x000000de46d00000,0x000000de46e00000)]
  0x0000026ed18b8800 JavaThread "Daemon health stats" [_thread_blocked, id=20932, stack(0x000000de47300000,0x000000de47400000)]
  0x0000026ed2086800 JavaThread "Incoming local TCP Connector on port 51225" [_thread_in_native, id=12920, stack(0x000000de46f00000,0x000000de47000000)]
  0x0000026ed001f000 JavaThread "Daemon periodic checks" [_thread_blocked, id=20524, stack(0x000000de47200000,0x000000de47300000)]
  0x0000026ed1051800 JavaThread "Daemon" [_thread_blocked, id=25184, stack(0x000000de47400000,0x000000de47500000)]
  0x0000026ed1dcc800 JavaThread "Handler for socket connection from /127.0.0.1:51225 to /127.0.0.1:51226" [_thread_in_native, id=564, stack(0x000000de47500000,0x000000de47600000)]
  0x0000026ed1836800 JavaThread "Cancel handler" [_thread_blocked, id=19004, stack(0x000000de47600000,0x000000de47700000)]
  0x0000026ed0d0f800 JavaThread "Daemon worker" [_thread_blocked, id=9440, stack(0x000000de47700000,0x000000de47800000)]
=>0x0000026ed2148800 JavaThread "C2 CompilerThread1" daemon [_thread_in_native, id=24152, stack(0x000000de47d00000,0x000000de47e00000)]
  0x0000026ed080a800 JavaThread "Asynchronous log dispatcher for DefaultDaemonConnection: socket connection from /127.0.0.1:51225 to /127.0.0.1:51226" [_thread_blocked, id=17056, stack(0x000000de47e00000,0x000000de47f00000)]
  0x0000026ed2180800 JavaThread "Stdin handler" [_thread_blocked, id=21800, stack(0x000000de47f00000,0x000000de48000000)]
  0x0000026ed2147000 JavaThread "Daemon client event forwarder" [_thread_blocked, id=18908, stack(0x000000de48000000,0x000000de48100000)]
  0x0000026ed214c000 JavaThread "Cache worker for journal cache (C:\Program Files\Android\Android Studio1\jre\caches\journal-1)" [_thread_blocked, id=25088, stack(0x000000de48100000,0x000000de48200000)]
  0x0000026ed2149800 JavaThread "File lock request listener" [_thread_in_native, id=20216, stack(0x000000de48200000,0x000000de48300000)]
  0x0000026ed214a800 JavaThread "Cache worker for file hash cache (C:\Program Files\Android\Android Studio1\jre\caches\7.3.3\fileHashes)" [_thread_blocked, id=17608, stack(0x000000de48300000,0x000000de48400000)]
  0x0000026ed214b000 JavaThread "Cache worker for file hash cache (C:\Users\user\3D Objects\RealProjects\GulBazar1\.gradle\7.3.3\fileHashes)" [_thread_blocked, id=17896, stack(0x000000de48500000,0x000000de48600000)]
  0x0000026ed2146000 JavaThread "File watcher server" daemon [_thread_in_native, id=22212, stack(0x000000de48600000,0x000000de48700000)]
  0x0000026ed214c800 JavaThread "File watcher consumer" daemon [_thread_blocked, id=15984, stack(0x000000de48700000,0x000000de48800000)]
  0x0000026ed2148000 JavaThread "Cache worker for checksums cache (C:\Users\user\3D Objects\RealProjects\GulBazar1\.gradle\7.3.3\checksums)" [_thread_blocked, id=9696, stack(0x000000de48800000,0x000000de48900000)]
  0x0000026ed2434000 JavaThread "Cache worker for cache directory md-supplier (C:\Program Files\Android\Android Studio1\jre\caches\7.3.3\md-supplier)" [_thread_blocked, id=25320, stack(0x000000de48900000,0x000000de48a00000)]
  0x0000026ed2438000 JavaThread "Cache worker for cache directory md-rule (C:\Program Files\Android\Android Studio1\jre\caches\7.3.3\md-rule)" [_thread_blocked, id=20128, stack(0x000000de48a00000,0x000000de48b00000)]
  0x0000026ed2434800 JavaThread "Cache worker for execution history cache (C:\Program Files\Android\Android Studio1\jre\caches\7.3.3\executionHistory)" [_thread_blocked, id=7456, stack(0x000000de48b00000,0x000000de48c00000)]
  0x0000026ed2435800 JavaThread "C2 CompilerThread2" daemon [_thread_in_native, id=12676, stack(0x000000de48c00000,0x000000de48d00000)]
  0x0000026ed2433000 JavaThread "jar transforms" [_thread_blocked, id=17352, stack(0x000000de48d00000,0x000000de48e00000)]
  0x0000026ed243d800 JavaThread "jar transforms Thread 2" [_thread_blocked, id=1308, stack(0x000000de48e00000,0x000000de48f00000)]
  0x0000026ed243e800 JavaThread "Cache worker for file content cache (C:\Program Files\Android\Android Studio1\jre\caches\7.3.3\fileContent)" [_thread_blocked, id=21812, stack(0x000000de48f00000,0x000000de49000000)]
  0x0000026ed243c000 JavaThread "Cache worker for dependencies-accessors (C:\Users\user\3D Objects\RealProjects\GulBazar1\.gradle\7.3.3\dependencies-accessors)" [_thread_blocked, id=24172, stack(0x000000de49000000,0x000000de49100000)]
  0x0000026ed2440000 JavaThread "jar transforms Thread 3" [_thread_blocked, id=7220, stack(0x000000de49100000,0x000000de49200000)]
  0x0000026ed2441000 JavaThread "Cache worker for Build Output Cleanup Cache (C:\Users\user\3D Objects\RealProjects\GulBazar1\.gradle\buildOutputCleanup)" [_thread_blocked, id=17108, stack(0x000000de49200000,0x000000de49300000)]
  0x0000026ed243d000 JavaThread "Unconstrained build operations" [_thread_blocked, id=10496, stack(0x000000de49300000,0x000000de49400000)]
  0x0000026ed243b800 JavaThread "Unconstrained build operations Thread 2" [_thread_blocked, id=17976, stack(0x000000de49400000,0x000000de49500000)]
  0x0000026ed5437800 JavaThread "Unconstrained build operations Thread 3" [_thread_blocked, id=6700, stack(0x000000de49500000,0x000000de49600000)]
  0x0000026ed5437000 JavaThread "Unconstrained build operations Thread 4" [_thread_blocked, id=9636, stack(0x000000de49600000,0x000000de49700000)]
  0x0000026ed543b000 JavaThread "Unconstrained build operations Thread 5" [_thread_blocked, id=24984, stack(0x000000de49700000,0x000000de49800000)]
  0x0000026ed543c000 JavaThread "Unconstrained build operations Thread 6" [_thread_blocked, id=19028, stack(0x000000de49800000,0x000000de49900000)]
  0x0000026ed5438800 JavaThread "Unconstrained build operations Thread 7" [_thread_blocked, id=18772, stack(0x000000de49900000,0x000000de49a00000)]
  0x0000026ed5436000 JavaThread "Unconstrained build operations Thread 8" [_thread_blocked, id=8620, stack(0x000000de49a00000,0x000000de49b00000)]
  0x0000026ed543f000 JavaThread "Unconstrained build operations Thread 9" [_thread_blocked, id=2204, stack(0x000000de49b00000,0x000000de49c00000)]
  0x0000026ed543e800 JavaThread "Unconstrained build operations Thread 10" [_thread_blocked, id=20728, stack(0x000000de49c00000,0x000000de49d00000)]
  0x0000026ed543d800 JavaThread "Unconstrained build operations Thread 11" [_thread_blocked, id=17492, stack(0x000000de49d00000,0x000000de49e00000)]
  0x0000026ed543a000 JavaThread "Unconstrained build operations Thread 12" [_thread_blocked, id=23264, stack(0x000000de49e00000,0x000000de49f00000)]
  0x0000026ed543c800 JavaThread "Unconstrained build operations Thread 13" [_thread_blocked, id=23852, stack(0x000000de49f00000,0x000000de4a000000)]
  0x0000026ed5439800 JavaThread "Unconstrained build operations Thread 14" [_thread_blocked, id=14448, stack(0x000000de4a000000,0x000000de4a100000)]
  0x0000026ed5440000 JavaThread "Unconstrained build operations Thread 15" [_thread_blocked, id=25156, stack(0x000000de4a100000,0x000000de4a200000)]
  0x0000026ed5440800 JavaThread "Unconstrained build operations Thread 16" [_thread_blocked, id=10400, stack(0x000000de4a200000,0x000000de4a300000)]
  0x0000026ed5443000 JavaThread "Unconstrained build operations Thread 17" [_thread_blocked, id=10288, stack(0x000000de4a300000,0x000000de4a400000)]
  0x0000026ed5445000 JavaThread "Unconstrained build operations Thread 18" [_thread_blocked, id=17700, stack(0x000000de4a400000,0x000000de4a500000)]
  0x0000026ed5444000 JavaThread "Unconstrained build operations Thread 19" [_thread_in_Java, id=6596, stack(0x000000de4a500000,0x000000de4a600000)]
  0x0000026ed5442800 JavaThread "Unconstrained build operations Thread 20" [_thread_blocked, id=15736, stack(0x000000de4a600000,0x000000de4a700000)]
  0x0000026ed5441800 JavaThread "Unconstrained build operations Thread 21" [_thread_blocked, id=4816, stack(0x000000de4a700000,0x000000de4a800000)]
  0x0000026ed5e90800 JavaThread "Unconstrained build operations Thread 22" [_thread_blocked, id=23492, stack(0x000000de4a800000,0x000000de4a900000)]
  0x0000026ed5e92000 JavaThread "Unconstrained build operations Thread 23" [_thread_blocked, id=14124, stack(0x000000de4a900000,0x000000de4aa00000)]
  0x0000026ed5e8c800 JavaThread "Unconstrained build operations Thread 24" [_thread_blocked, id=2560, stack(0x000000de4aa00000,0x000000de4ab00000)]
  0x0000026ed5e8f800 JavaThread "Unconstrained build operations Thread 25" [_thread_blocked, id=14376, stack(0x000000de4ab00000,0x000000de4ac00000)]
  0x0000026ed5e8e800 JavaThread "Unconstrained build operations Thread 26" [_thread_blocked, id=17876, stack(0x000000de4ac00000,0x000000de4ad00000)]
  0x0000026ed5e91000 JavaThread "Unconstrained build operations Thread 27" [_thread_blocked, id=24304, stack(0x000000de4ad00000,0x000000de4ae00000)]
  0x0000026ed5e93000 JavaThread "Unconstrained build operations Thread 28" [_thread_blocked, id=12960, stack(0x000000de4ae00000,0x000000de4af00000)]
  0x0000026ed5e8d000 JavaThread "Unconstrained build operations Thread 29" [_thread_blocked, id=12452, stack(0x000000de4af00000,0x000000de4b000000)]
  0x0000026ed5e93800 JavaThread "Unconstrained build operations Thread 30" [_thread_blocked, id=15812, stack(0x000000de4b000000,0x000000de4b100000)]
  0x0000026ed5e8e000 JavaThread "Unconstrained build operations Thread 31" [_thread_blocked, id=12152, stack(0x000000de4b100000,0x000000de4b200000)]
  0x0000026ed5e95800 JavaThread "Unconstrained build operations Thread 32" [_thread_blocked, id=17664, stack(0x000000de4b200000,0x000000de4b300000)]
  0x0000026ed5e96000 JavaThread "Unconstrained build operations Thread 33" [_thread_blocked, id=7844, stack(0x000000de4b300000,0x000000de4b400000)]
  0x0000026ed5e97800 JavaThread "Unconstrained build operations Thread 34" [_thread_blocked, id=9316, stack(0x000000de4b400000,0x000000de4b500000)]
  0x0000026ed5e97000 JavaThread "Unconstrained build operations Thread 35" [_thread_blocked, id=14440, stack(0x000000de4b500000,0x000000de4b600000)]
  0x0000026ed5e94800 JavaThread "Unconstrained build operations Thread 36" [_thread_blocked, id=11048, stack(0x000000de4b600000,0x000000de4b700000)]
  0x0000026ed5e98800 JavaThread "Unconstrained build operations Thread 37" [_thread_blocked, id=19000, stack(0x000000de4b700000,0x000000de4b800000)]
  0x0000026ed5e99800 JavaThread "Unconstrained build operations Thread 38" [_thread_blocked, id=15388, stack(0x000000de4b800000,0x000000de4b900000)]
  0x0000026ed5e9a000 JavaThread "Unconstrained build operations Thread 39" [_thread_blocked, id=13076, stack(0x000000de4b900000,0x000000de4ba00000)]
  0x0000026ed5e9b000 JavaThread "Unconstrained build operations Thread 40" [_thread_blocked, id=16260, stack(0x000000de4ba00000,0x000000de4bb00000)]
  0x0000026ed3632800 JavaThread "Unconstrained build operations Thread 41" [_thread_blocked, id=25200, stack(0x000000de4bb00000,0x000000de4bc00000)]
  0x0000026ed3633800 JavaThread "Unconstrained build operations Thread 42" [_thread_blocked, id=19856, stack(0x000000de4bc00000,0x000000de4bd00000)]
  0x0000026ed3631800 JavaThread "Unconstrained build operations Thread 43" [_thread_blocked, id=13984, stack(0x000000de4bd00000,0x000000de4be00000)]
  0x0000026ed3631000 JavaThread "Unconstrained build operations Thread 44" [_thread_blocked, id=22024, stack(0x000000de4be00000,0x000000de4bf00000)]
  0x0000026ed3634000 JavaThread "Unconstrained build operations Thread 45" [_thread_blocked, id=20836, stack(0x000000de4bf00000,0x000000de4c000000)]
  0x0000026ed3635000 JavaThread "Unconstrained build operations Thread 46" [_thread_blocked, id=18672, stack(0x000000de4c000000,0x000000de4c100000)]
  0x0000026ed3630000 JavaThread "Unconstrained build operations Thread 47" [_thread_blocked, id=8960, stack(0x000000de4c100000,0x000000de4c200000)]
  0x0000026ed3639000 JavaThread "Unconstrained build operations Thread 48" [_thread_blocked, id=17888, stack(0x000000de4c200000,0x000000de4c300000)]
  0x0000026ed363a000 JavaThread "Unconstrained build operations Thread 49" [_thread_blocked, id=10220, stack(0x000000de4c300000,0x000000de4c400000)]
  0x0000026ed363a800 JavaThread "Unconstrained build operations Thread 50" [_thread_blocked, id=25004, stack(0x000000de4c400000,0x000000de4c500000)]
  0x0000026ed3636800 JavaThread "Unconstrained build operations Thread 51" [_thread_blocked, id=15032, stack(0x000000de4c500000,0x000000de4c600000)]
  0x0000026ed3637800 JavaThread "Unconstrained build operations Thread 52" [_thread_blocked, id=4756, stack(0x000000de4c600000,0x000000de4c700000)]
  0x0000026ed3638000 JavaThread "Unconstrained build operations Thread 53" [_thread_blocked, id=24100, stack(0x000000de4c700000,0x000000de4c800000)]
  0x0000026ed363b800 JavaThread "Unconstrained build operations Thread 54" [_thread_blocked, id=1796, stack(0x000000de4c800000,0x000000de4c900000)]
  0x0000026ed3636000 JavaThread "Unconstrained build operations Thread 55" [_thread_blocked, id=2144, stack(0x000000de4c900000,0x000000de4ca00000)]
  0x0000026ed363e800 JavaThread "Unconstrained build operations Thread 56" [_thread_blocked, id=13768, stack(0x000000de4ca00000,0x000000de4cb00000)]
  0x0000026ed363c800 JavaThread "Unconstrained build operations Thread 57" [_thread_blocked, id=13640, stack(0x000000de4cb00000,0x000000de4cc00000)]
  0x0000026ed363d000 JavaThread "Unconstrained build operations Thread 58" [_thread_blocked, id=22760, stack(0x000000de4cc00000,0x000000de4cd00000)]
  0x0000026ed363e000 JavaThread "Unconstrained build operations Thread 59" [_thread_blocked, id=2760, stack(0x000000de4cd00000,0x000000de4ce00000)]
  0x0000026ed3d08000 JavaThread "Unconstrained build operations Thread 60" [_thread_blocked, id=12820, stack(0x000000de4ce00000,0x000000de4cf00000)]
  0x0000026ed3d0a800 JavaThread "Unconstrained build operations Thread 61" [_thread_blocked, id=24348, stack(0x000000de4cf00000,0x000000de4d000000)]
  0x0000026ed3d0d000 JavaThread "Unconstrained build operations Thread 62" [_thread_blocked, id=9752, stack(0x000000de4d000000,0x000000de4d100000)]
  0x0000026ed3d0e000 JavaThread "Unconstrained build operations Thread 63" [_thread_blocked, id=21288, stack(0x000000de4d100000,0x000000de4d200000)]
  0x0000026ed3d0e800 JavaThread "Unconstrained build operations Thread 64" [_thread_blocked, id=9080, stack(0x000000de4d200000,0x000000de4d300000)]
  0x0000026ed3d0a000 JavaThread "Unconstrained build operations Thread 65" [_thread_blocked, id=21468, stack(0x000000de4d300000,0x000000de4d400000)]
  0x0000026ed3d09000 JavaThread "Unconstrained build operations Thread 66" [_thread_blocked, id=22364, stack(0x000000de4d400000,0x000000de4d500000)]
  0x0000026ed3d0f800 JavaThread "Unconstrained build operations Thread 67" [_thread_blocked, id=23068, stack(0x000000de4d500000,0x000000de4d600000)]
  0x0000026ed3d0b800 JavaThread "Unconstrained build operations Thread 68" [_thread_blocked, id=14712, stack(0x000000de4d600000,0x000000de4d700000)]
  0x0000026ed3d10800 JavaThread "Unconstrained build operations Thread 69" [_thread_blocked, id=14732, stack(0x000000de4d700000,0x000000de4d800000)]
  0x0000026ed3d11000 JavaThread "Unconstrained build operations Thread 70" [_thread_blocked, id=23188, stack(0x000000de4d800000,0x000000de4d900000)]
  0x0000026ed3d12000 JavaThread "Unconstrained build operations Thread 71" [_thread_blocked, id=10256, stack(0x000000de4d900000,0x000000de4da00000)]
  0x0000026ed3d0c000 JavaThread "Unconstrained build operations Thread 72" [_thread_blocked, id=7976, stack(0x000000de4da00000,0x000000de4db00000)]
  0x0000026ed3d17000 JavaThread "Unconstrained build operations Thread 73" [_thread_blocked, id=4556, stack(0x000000de4db00000,0x000000de4dc00000)]
  0x0000026ed3d13000 JavaThread "Unconstrained build operations Thread 74" [_thread_blocked, id=13252, stack(0x000000de4dc00000,0x000000de4dd00000)]
  0x0000026ed3d13800 JavaThread "Unconstrained build operations Thread 75" [_thread_blocked, id=1864, stack(0x000000de4dd00000,0x000000de4de00000)]
  0x0000026ed3d14800 JavaThread "Unconstrained build operations Thread 76" [_thread_blocked, id=7084, stack(0x000000de4de00000,0x000000de4df00000)]
  0x0000026ed3d15000 JavaThread "Unconstrained build operations Thread 77" [_thread_blocked, id=25316, stack(0x000000de4df00000,0x000000de4e000000)]
  0x0000026ed3d16000 JavaThread "Unconstrained build operations Thread 78" [_thread_blocked, id=16944, stack(0x000000de4e000000,0x000000de4e100000)]
  0x0000026ed5c22800 JavaThread "Unconstrained build operations Thread 79" [_thread_blocked, id=1376, stack(0x000000de4e100000,0x000000de4e200000)]
  0x0000026ed5c24000 JavaThread "Unconstrained build operations Thread 80" [_thread_blocked, id=15580, stack(0x000000de4e200000,0x000000de4e300000)]
  0x0000026ed5c21800 JavaThread "jar transforms Thread 4" [_thread_blocked, id=3800, stack(0x000000de4e300000,0x000000de4e400000)]
  0x0000026ed5c23800 JavaThread "jar transforms Thread 5" [_thread_blocked, id=8832, stack(0x000000de4e400000,0x000000de4e500000)]
  0x0000026ed5c25000 JavaThread "jar transforms Thread 6" [_thread_blocked, id=7324, stack(0x000000de4e500000,0x000000de4e600000)]
  0x0000026ed5c1f800 JavaThread "jar transforms Thread 7" [_thread_blocked, id=24736, stack(0x000000de4e600000,0x000000de4e700000)]
  0x0000026ed5c26000 JavaThread "jar transforms Thread 8" [_thread_blocked, id=20848, stack(0x000000de4e700000,0x000000de4e800000)]
  0x0000026ed5c20000 JavaThread "Memory manager" [_thread_blocked, id=6040, stack(0x000000de4e800000,0x000000de4e900000)]
  0x0000026ed5c2a800 JavaThread "build event listener" [_thread_blocked, id=22544, stack(0x000000de4e900000,0x000000de4ea00000)]
  0x0000026ed5c2b800 JavaThread "Execution worker for ':'" [_thread_blocked, id=20936, stack(0x000000de4ea00000,0x000000de4eb00000)]
  0x0000026ed5c2c800 JavaThread "Execution worker for ':' Thread 2" [_thread_blocked, id=8444, stack(0x000000de4eb00000,0x000000de4ec00000)]
  0x0000026ed5c2d000 JavaThread "Execution worker for ':' Thread 3" [_thread_blocked, id=23460, stack(0x000000de4ec00000,0x000000de4ed00000)]
  0x0000026ed5c28000 JavaThread "Execution worker for ':' Thread 4" [_thread_blocked, id=7364, stack(0x000000de4ed00000,0x000000de4ee00000)]
  0x0000026ed5c27800 JavaThread "Execution worker for ':' Thread 5" [_thread_blocked, id=24936, stack(0x000000de4ee00000,0x000000de4ef00000)]
  0x0000026ed5c2a000 JavaThread "Execution worker for ':' Thread 6" [_thread_blocked, id=20360, stack(0x000000de4ef00000,0x000000de4f000000)]
  0x0000026ed5c2e000 JavaThread "Execution worker for ':' Thread 7" [_thread_blocked, id=16844, stack(0x000000de4f000000,0x000000de4f100000)]
  0x0000026ed1399000 JavaThread "Cache worker for execution history cache (C:\Users\user\3D Objects\RealProjects\GulBazar1\.gradle\7.3.3\executionHistory)" [_thread_blocked, id=14104, stack(0x000000de4f100000,0x000000de4f200000)]
  0x0000026ed139c800 JavaThread "WorkerExecutor Queue" [_thread_blocked, id=20288, stack(0x000000de4f200000,0x000000de4f300000)]
  0x0000026ed139e000 JavaThread "pool-3-thread-1" [_thread_blocked, id=17668, stack(0x000000de4f300000,0x000000de4f400000)]
  0x0000026ed139f000 JavaThread "stderr" [_thread_in_native, id=16188, stack(0x000000de4f400000,0x000000de4f500000)]
  0x0000026ed139f800 JavaThread "stdout" [_thread_in_native, id=11832, stack(0x000000de4f500000,0x000000de4f600000)]

Other Threads:
  0x0000026ecf442800 VMThread "VM Thread" [stack: 0x000000de46400000,0x000000de46500000] [id=10428]
  0x0000026ecff65800 WatcherThread [stack: 0x000000de46e00000,0x000000de46f00000] [id=21284]
  0x0000026eb4fe5800 GCTaskThread "GC Thread#0" [stack: 0x000000de45f00000,0x000000de46000000] [id=12740]
  0x0000026ed0f2e000 GCTaskThread "GC Thread#1" [stack: 0x000000de47000000,0x000000de47100000] [id=19664]
  0x0000026ed0af7800 GCTaskThread "GC Thread#2" [stack: 0x000000de47100000,0x000000de47200000] [id=23748]
  0x0000026ed205c000 GCTaskThread "GC Thread#3" [stack: 0x000000de47800000,0x000000de47900000] [id=14528]
  0x0000026ed22e7000 GCTaskThread "GC Thread#4" [stack: 0x000000de47900000,0x000000de47a00000] [id=19728]
  0x0000026ed29e5800 GCTaskThread "GC Thread#5" [stack: 0x000000de47a00000,0x000000de47b00000] [id=22380]
  0x0000026ed2759800 GCTaskThread "GC Thread#6" [stack: 0x000000de47b00000,0x000000de47c00000] [id=14500]
  0x0000026ed2990800 GCTaskThread "GC Thread#7" [stack: 0x000000de47c00000,0x000000de47d00000] [id=21440]
  0x0000026eb5018000 ConcurrentGCThread "G1 Main Marker" [stack: 0x000000de46000000,0x000000de46100000] [id=22308]
  0x0000026eb501b000 ConcurrentGCThread "G1 Conc#0" [stack: 0x000000de46100000,0x000000de46200000] [id=22448]
  0x0000026ed2779000 ConcurrentGCThread "G1 Conc#1" [stack: 0x000000de48400000,0x000000de48500000] [id=10868]
  0x0000026ecf292800 ConcurrentGCThread "G1 Refine#0" [stack: 0x000000de46200000,0x000000de46300000] [id=23560]
  0x0000026eb509a000 ConcurrentGCThread "G1 Young RemSet Sampling" [stack: 0x000000de46300000,0x000000de46400000] [id=4516]

Threads with active compile tasks:
C2 CompilerThread0  20684 15155 %     4       com.android.tools.r8.ir.regalloc.a::a @ 1405 (3985 bytes)
C2 CompilerThread1  20685 15933       4       com.android.tools.r8.ir.regalloc.a::a (1824 bytes)
C2 CompilerThread2  20685 15926 %     4       com.android.tools.r8.internal.Me::a @ 153 (3140 bytes)

VM state:not at safepoint (normal execution)

VM Mutex/Monitor currently owned by a thread: None

Heap address: 0x0000000080000000, size: 2048 MB, Compressed Oops mode: 32-bit
Narrow klass base: 0x0000000000000000, Narrow klass shift: 3
Compressed class space size: 1073741824 Address: 0x0000000100000000

Heap:
 garbage-first heap   total 270336K, used 136531K [0x0000000080000000, 0x0000000100000000)
  region size 1024K, 13 young (13312K), 2 survivors (2048K)
 Metaspace       used 105366K, capacity 108253K, committed 109996K, reserved 1144832K
  class space    used 13587K, capacity 14712K, committed 15360K, reserved 1048576K
Heap Regions: E=young(eden), S=young(survivor), O=old, HS=humongous(starts), HC=humongous(continues), CS=collection set, F=free, A=archive, TAMS=top-at-mark-start (previous, next)
|   0|0x0000000080000000, 0x0000000080100000, 0x0000000080100000|100%| O|  |TAMS 0x0000000080100000, 0x0000000080000000| Untracked 
|   1|0x0000000080100000, 0x0000000080200000, 0x0000000080200000|100%| O|  |TAMS 0x0000000080200000, 0x0000000080100000| Complete 
|   2|0x0000000080200000, 0x0000000080300000, 0x0000000080300000|100%| O|  |TAMS 0x0000000080300000, 0x0000000080200000| Untracked 
|   3|0x0000000080300000, 0x0000000080400000, 0x0000000080400000|100%|HS|  |TAMS 0x0000000080400000, 0x0000000080300000| Complete 
|   4|0x0000000080400000, 0x0000000080500000, 0x0000000080500000|100%|HC|  |TAMS 0x0000000080500000, 0x0000000080400000| Complete 
|   5|0x0000000080500000, 0x0000000080600000, 0x0000000080600000|100%|HC|  |TAMS 0x0000000080600000, 0x0000000080500000| Complete 
|   6|0x0000000080600000, 0x0000000080700000, 0x0000000080700000|100%| O|  |TAMS 0x0000000080700000, 0x0000000080600000| Untracked 
|   7|0x0000000080700000, 0x0000000080800000, 0x0000000080800000|100%| O|  |TAMS 0x0000000080800000, 0x0000000080700000| Untracked 
|   8|0x0000000080800000, 0x0000000080900000, 0x0000000080900000|100%| O|  |TAMS 0x0000000080900000, 0x0000000080800000| Untracked 
|   9|0x0000000080900000, 0x0000000080a00000, 0x0000000080a00000|100%| O|  |TAMS 0x0000000080a00000, 0x0000000080900000| Untracked 
|  10|0x0000000080a00000, 0x0000000080b00000, 0x0000000080b00000|100%| O|  |TAMS 0x0000000080b00000, 0x0000000080a00000| Untracked 
|  11|0x0000000080b00000, 0x0000000080c00000, 0x0000000080c00000|100%| O|  |TAMS 0x0000000080c00000, 0x0000000080b00000| Complete 
|  12|0x0000000080c00000, 0x0000000080d00000, 0x0000000080d00000|100%| O|  |TAMS 0x0000000080d00000, 0x0000000080c00000| Untracked 
|  13|0x0000000080d00000, 0x0000000080e00000, 0x0000000080e00000|100%| O|  |TAMS 0x0000000080e00000, 0x0000000080d00000| Untracked 
|  14|0x0000000080e00000, 0x0000000080f00000, 0x0000000080f00000|100%| O|  |TAMS 0x0000000080f00000, 0x0000000080e00000| Untracked 
|  15|0x0000000080f00000, 0x0000000081000000, 0x0000000081000000|100%| O|  |TAMS 0x0000000081000000, 0x0000000080f00000| Untracked 
|  16|0x0000000081000000, 0x0000000081100000, 0x0000000081100000|100%| O|  |TAMS 0x0000000081100000, 0x0000000081000000| Untracked 
|  17|0x0000000081100000, 0x0000000081200000, 0x0000000081200000|100%| O|  |TAMS 0x0000000081200000, 0x0000000081100000| Untracked 
|  18|0x0000000081200000, 0x0000000081300000, 0x0000000081300000|100%| O|  |TAMS 0x0000000081300000, 0x0000000081200000| Untracked 
|  19|0x0000000081300000, 0x0000000081400000, 0x0000000081400000|100%| O|  |TAMS 0x0000000081400000, 0x0000000081300000| Complete 
|  20|0x0000000081400000, 0x0000000081500000, 0x0000000081500000|100%| O|  |TAMS 0x0000000081500000, 0x0000000081400000| Untracked 
|  21|0x0000000081500000, 0x0000000081600000, 0x0000000081600000|100%| O|  |TAMS 0x0000000081600000, 0x0000000081500000| Untracked 
|  22|0x0000000081600000, 0x0000000081700000, 0x0000000081700000|100%| O|  |TAMS 0x0000000081700000, 0x0000000081600000| Untracked 
|  23|0x0000000081700000, 0x0000000081800000, 0x0000000081800000|100%| O|  |TAMS 0x0000000081800000, 0x0000000081700000| Untracked 
|  24|0x0000000081800000, 0x0000000081900000, 0x0000000081900000|100%| O|  |TAMS 0x0000000081900000, 0x0000000081800000| Untracked 
|  25|0x0000000081900000, 0x0000000081a00000, 0x0000000081a00000|100%| O|  |TAMS 0x0000000081a00000, 0x0000000081900000| Complete 
|  26|0x0000000081a00000, 0x0000000081b00000, 0x0000000081b00000|100%|HS|  |TAMS 0x0000000081b00000, 0x0000000081a00000| Complete 
|  27|0x0000000081b00000, 0x0000000081c00000, 0x0000000081c00000|100%|HS|  |TAMS 0x0000000081c00000, 0x0000000081b00000| Complete 
|  28|0x0000000081c00000, 0x0000000081d00000, 0x0000000081d00000|100%|HS|  |TAMS 0x0000000081d00000, 0x0000000081c00000| Complete 
|  29|0x0000000081d00000, 0x0000000081e00000, 0x0000000081e00000|100%|HS|  |TAMS 0x0000000081e00000, 0x0000000081d00000| Complete 
|  30|0x0000000081e00000, 0x0000000081f00000, 0x0000000081f00000|100%|HC|  |TAMS 0x0000000081f00000, 0x0000000081e00000| Complete 
|  31|0x0000000081f00000, 0x0000000082000000, 0x0000000082000000|100%|HC|  |TAMS 0x0000000082000000, 0x0000000081f00000| Complete 
|  32|0x0000000082000000, 0x0000000082100000, 0x0000000082100000|100%|HS|  |TAMS 0x0000000082100000, 0x0000000082000000| Complete 
|  33|0x0000000082100000, 0x0000000082200000, 0x0000000082200000|100%|HC|  |TAMS 0x0000000082200000, 0x0000000082100000| Complete 
|  34|0x0000000082200000, 0x0000000082300000, 0x0000000082300000|100%| O|  |TAMS 0x0000000082300000, 0x0000000082200000| Untracked 
|  35|0x0000000082300000, 0x0000000082400000, 0x0000000082400000|100%| O|  |TAMS 0x0000000082400000, 0x0000000082300000| Untracked 
|  36|0x0000000082400000, 0x0000000082500000, 0x0000000082500000|100%| O|  |TAMS 0x0000000082500000, 0x0000000082400000| Untracked 
|  37|0x0000000082500000, 0x0000000082600000, 0x0000000082600000|100%| O|  |TAMS 0x0000000082600000, 0x0000000082500000| Untracked 
|  38|0x0000000082600000, 0x0000000082700000, 0x0000000082700000|100%| O|  |TAMS 0x0000000082700000, 0x0000000082600000| Complete 
|  39|0x0000000082700000, 0x0000000082800000, 0x0000000082800000|100%| O|  |TAMS 0x0000000082800000, 0x0000000082700000| Complete 
|  40|0x0000000082800000, 0x0000000082900000, 0x0000000082900000|100%| O|  |TAMS 0x0000000082900000, 0x0000000082800000| Complete 
|  41|0x0000000082900000, 0x0000000082a00000, 0x0000000082a00000|100%| O|  |TAMS 0x0000000082a00000, 0x0000000082900000| Untracked 
|  42|0x0000000082a00000, 0x0000000082b00000, 0x0000000082b00000|100%| O|  |TAMS 0x0000000082b00000, 0x0000000082a00000| Untracked 
|  43|0x0000000082b00000, 0x0000000082c00000, 0x0000000082c00000|100%| O|  |TAMS 0x0000000082c00000, 0x0000000082b00000| Complete 
|  44|0x0000000082c00000, 0x0000000082d00000, 0x0000000082d00000|100%| O|  |TAMS 0x0000000082d00000, 0x0000000082c00000| Untracked 
|  45|0x0000000082d00000, 0x0000000082e00000, 0x0000000082e00000|100%| O|  |TAMS 0x0000000082e00000, 0x0000000082d00000| Untracked 
|  46|0x0000000082e00000, 0x0000000082f00000, 0x0000000082f00000|100%| O|  |TAMS 0x0000000082f00000, 0x0000000082e00000| Untracked 
|  47|0x0000000082f00000, 0x0000000083000000, 0x0000000083000000|100%| O|  |TAMS 0x0000000083000000, 0x0000000082f00000| Untracked 
|  48|0x0000000083000000, 0x0000000083100000, 0x0000000083100000|100%| O|  |TAMS 0x0000000083100000, 0x0000000083000000| Untracked 
|  49|0x0000000083100000, 0x0000000083200000, 0x0000000083200000|100%| O|  |TAMS 0x0000000083200000, 0x0000000083100000| Complete 
|  50|0x0000000083200000, 0x0000000083300000, 0x0000000083300000|100%| O|  |TAMS 0x0000000083300000, 0x0000000083200000| Untracked 
|  51|0x0000000083300000, 0x0000000083400000, 0x0000000083400000|100%| O|  |TAMS 0x0000000083400000, 0x0000000083300000| Untracked 
|  52|0x0000000083400000, 0x0000000083500000, 0x0000000083500000|100%| O|  |TAMS 0x0000000083500000, 0x0000000083400000| Untracked 
|  53|0x0000000083500000, 0x0000000083600000, 0x0000000083600000|100%| O|  |TAMS 0x0000000083600000, 0x0000000083500000| Untracked 
|  54|0x0000000083600000, 0x0000000083700000, 0x0000000083700000|100%| O|  |TAMS 0x0000000083700000, 0x0000000083600000| Untracked 
|  55|0x0000000083700000, 0x0000000083800000, 0x0000000083800000|100%| O|  |TAMS 0x0000000083800000, 0x0000000083700000| Untracked 
|  56|0x0000000083800000, 0x0000000083900000, 0x0000000083900000|100%| O|  |TAMS 0x0000000083900000, 0x0000000083800000| Untracked 
|  57|0x0000000083900000, 0x0000000083a00000, 0x0000000083a00000|100%| O|  |TAMS 0x0000000083a00000, 0x0000000083900000| Untracked 
|  58|0x0000000083a00000, 0x0000000083b00000, 0x0000000083b00000|100%| O|  |TAMS 0x0000000083b00000, 0x0000000083a00000| Untracked 
|  59|0x0000000083b00000, 0x0000000083c00000, 0x0000000083c00000|100%| O|  |TAMS 0x0000000083c00000, 0x0000000083b00000| Untracked 
|  60|0x0000000083c00000, 0x0000000083d00000, 0x0000000083d00000|100%| O|  |TAMS 0x0000000083d00000, 0x0000000083c00000| Untracked 
|  61|0x0000000083d00000, 0x0000000083e00000, 0x0000000083e00000|100%| O|  |TAMS 0x0000000083e00000, 0x0000000083d00000| Complete 
|  62|0x0000000083e00000, 0x0000000083f00000, 0x0000000083f00000|100%| O|  |TAMS 0x0000000083f00000, 0x0000000083e00000| Untracked 
|  63|0x0000000083f00000, 0x0000000084000000, 0x0000000084000000|100%| O|  |TAMS 0x0000000084000000, 0x0000000083f00000| Untracked 
|  64|0x0000000084000000, 0x0000000084100000, 0x0000000084100000|100%| O|  |TAMS 0x0000000084100000, 0x0000000084000000| Untracked 
|  65|0x0000000084100000, 0x0000000084200000, 0x0000000084200000|100%| O|  |TAMS 0x0000000084200000, 0x0000000084100000| Complete 
|  66|0x0000000084200000, 0x0000000084300000, 0x0000000084300000|100%| O|  |TAMS 0x0000000084300000, 0x0000000084200000| Untracked 
|  67|0x0000000084300000, 0x0000000084400000, 0x0000000084400000|100%| O|  |TAMS 0x0000000084400000, 0x0000000084300000| Untracked 
|  68|0x0000000084400000, 0x0000000084500000, 0x0000000084500000|100%| O|  |TAMS 0x0000000084500000, 0x0000000084400000| Untracked 
|  69|0x0000000084500000, 0x0000000084600000, 0x0000000084600000|100%| O|  |TAMS 0x0000000084600000, 0x0000000084500000| Untracked 
|  70|0x0000000084600000, 0x0000000084700000, 0x0000000084700000|100%| O|  |TAMS 0x0000000084700000, 0x0000000084600000| Complete 
|  71|0x0000000084700000, 0x0000000084800000, 0x0000000084800000|100%| O|  |TAMS 0x0000000084800000, 0x0000000084700000| Untracked 
|  72|0x0000000084800000, 0x0000000084900000, 0x0000000084900000|100%| O|  |TAMS 0x0000000084900000, 0x0000000084800000| Untracked 
|  73|0x0000000084900000, 0x0000000084a00000, 0x0000000084a00000|100%| O|  |TAMS 0x0000000084a00000, 0x0000000084900000| Untracked 
|  74|0x0000000084a00000, 0x0000000084b00000, 0x0000000084b00000|100%| O|  |TAMS 0x0000000084b00000, 0x0000000084a00000| Untracked 
|  75|0x0000000084b00000, 0x0000000084c00000, 0x0000000084c00000|100%| O|  |TAMS 0x0000000084c00000, 0x0000000084b00000| Untracked 
|  76|0x0000000084c00000, 0x0000000084d00000, 0x0000000084d00000|100%| O|  |TAMS 0x0000000084d00000, 0x0000000084c00000| Untracked 
|  77|0x0000000084d00000, 0x0000000084e00000, 0x0000000084e00000|100%| O|  |TAMS 0x0000000084e00000, 0x0000000084d00000| Untracked 
|  78|0x0000000084e00000, 0x0000000084f00000, 0x0000000084f00000|100%| O|  |TAMS 0x0000000084f00000, 0x0000000084e00000| Untracked 
|  79|0x0000000084f00000, 0x0000000085000000, 0x0000000085000000|100%| O|  |TAMS 0x0000000085000000, 0x0000000084f00000| Untracked 
|  80|0x0000000085000000, 0x0000000085100000, 0x0000000085100000|100%| O|  |TAMS 0x0000000085100000, 0x0000000085000000| Untracked 
|  81|0x0000000085100000, 0x0000000085200000, 0x0000000085200000|100%| O|  |TAMS 0x0000000085200000, 0x0000000085100000| Untracked 
|  82|0x0000000085200000, 0x0000000085300000, 0x0000000085300000|100%| O|  |TAMS 0x0000000085300000, 0x0000000085200000| Complete 
|  83|0x0000000085300000, 0x0000000085400000, 0x0000000085400000|100%| O|  |TAMS 0x0000000085400000, 0x0000000085300000| Complete 
|  84|0x0000000085400000, 0x0000000085500000, 0x0000000085500000|100%| O|  |TAMS 0x0000000085500000, 0x0000000085400000| Complete 
|  85|0x0000000085500000, 0x0000000085600000, 0x0000000085600000|100%| O|  |TAMS 0x0000000085600000, 0x0000000085500000| Complete 
|  86|0x0000000085600000, 0x0000000085700000, 0x0000000085700000|100%| O|  |TAMS 0x0000000085700000, 0x0000000085600000| Untracked 
|  87|0x0000000085700000, 0x0000000085800000, 0x0000000085800000|100%| O|  |TAMS 0x0000000085800000, 0x0000000085700000| Untracked 
|  88|0x0000000085800000, 0x0000000085900000, 0x0000000085900000|100%| O|  |TAMS 0x0000000085900000, 0x0000000085800000| Untracked 
|  89|0x0000000085900000, 0x0000000085a00000, 0x0000000085a00000|100%| O|  |TAMS 0x0000000085a00000, 0x0000000085900000| Untracked 
|  90|0x0000000085a00000, 0x0000000085b00000, 0x0000000085b00000|100%| O|  |TAMS 0x0000000085b00000, 0x0000000085a00000| Untracked 
|  91|0x0000000085b00000, 0x0000000085c00000, 0x0000000085c00000|100%| O|  |TAMS 0x0000000085c00000, 0x0000000085b00000| Untracked 
|  92|0x0000000085c00000, 0x0000000085d00000, 0x0000000085d00000|100%| O|  |TAMS 0x0000000085d00000, 0x0000000085c00000| Untracked 
|  93|0x0000000085d00000, 0x0000000085e00000, 0x0000000085e00000|100%| O|  |TAMS 0x0000000085e00000, 0x0000000085d00000| Complete 
|  94|0x0000000085e00000, 0x0000000085f00000, 0x0000000085f00000|100%| O|  |TAMS 0x0000000085f00000, 0x0000000085e00000| Complete 
|  95|0x0000000085f00000, 0x0000000086000000, 0x0000000086000000|100%| O|  |TAMS 0x0000000086000000, 0x0000000085f00000| Complete 
|  96|0x0000000086000000, 0x0000000086100000, 0x0000000086100000|100%| O|  |TAMS 0x0000000086100000, 0x0000000086000000| Complete 
|  97|0x0000000086100000, 0x0000000086200000, 0x0000000086200000|100%| O|  |TAMS 0x0000000086200000, 0x0000000086100000| Complete 
|  98|0x0000000086200000, 0x0000000086300000, 0x0000000086300000|100%| O|  |TAMS 0x0000000086300000, 0x0000000086200000| Complete 
|  99|0x0000000086300000, 0x0000000086400000, 0x0000000086400000|100%| O|  |TAMS 0x0000000086400000, 0x0000000086300000| Complete 
| 100|0x0000000086400000, 0x0000000086500000, 0x0000000086500000|100%| O|  |TAMS 0x0000000086500000, 0x0000000086400000| Complete 
| 101|0x0000000086500000, 0x0000000086600000, 0x0000000086600000|100%| O|  |TAMS 0x0000000086600000, 0x0000000086500000| Complete 
| 102|0x0000000086600000, 0x0000000086700000, 0x0000000086700000|100%| O|  |TAMS 0x0000000086700000, 0x0000000086600000| Complete 
| 103|0x0000000086700000, 0x0000000086800000, 0x0000000086800000|100%| O|  |TAMS 0x0000000086800000, 0x0000000086700000| Complete 
| 104|0x0000000086800000, 0x0000000086900000, 0x0000000086900000|100%| O|  |TAMS 0x0000000086900000, 0x0000000086800000| Complete 
| 105|0x0000000086900000, 0x0000000086a00000, 0x0000000086a00000|100%| O|  |TAMS 0x0000000086a00000, 0x0000000086900000| Complete 
| 106|0x0000000086a00000, 0x0000000086b00000, 0x0000000086b00000|100%| O|  |TAMS 0x0000000086b00000, 0x0000000086a00000| Complete 
| 107|0x0000000086b00000, 0x0000000086c00000, 0x0000000086c00000|100%| O|  |TAMS 0x0000000086c00000, 0x0000000086b00000| Complete 
| 108|0x0000000086c00000, 0x0000000086d00000, 0x0000000086d00000|100%| O|  |TAMS 0x0000000086d00000, 0x0000000086c00000| Complete 
| 109|0x0000000086d00000, 0x0000000086e00000, 0x0000000086e00000|100%| O|  |TAMS 0x0000000086e00000, 0x0000000086d00000| Complete 
| 110|0x0000000086e00000, 0x0000000086f00000, 0x0000000086f00000|100%| O|  |TAMS 0x0000000086f00000, 0x0000000086e00000| Complete 
| 111|0x0000000086f00000, 0x0000000087000000, 0x0000000087000000|100%| O|  |TAMS 0x0000000087000000, 0x0000000086f00000| Complete 
| 112|0x0000000087000000, 0x0000000087100000, 0x0000000087100000|100%| O|  |TAMS 0x0000000087100000, 0x0000000087000000| Complete 
| 113|0x0000000087100000, 0x0000000087200000, 0x0000000087200000|100%| O|  |TAMS 0x0000000087200000, 0x0000000087100000| Untracked 
| 114|0x0000000087200000, 0x0000000087300000, 0x0000000087300000|100%| O|  |TAMS 0x0000000087300000, 0x0000000087200000| Untracked 
| 115|0x0000000087300000, 0x0000000087400000, 0x0000000087400000|100%| O|  |TAMS 0x0000000087400000, 0x0000000087300000| Untracked 
| 116|0x0000000087400000, 0x0000000087500000, 0x0000000087500000|100%| O|  |TAMS 0x0000000087500000, 0x0000000087400000| Untracked 
| 117|0x0000000087500000, 0x0000000087600000, 0x0000000087600000|100%| O|  |TAMS 0x0000000087600000, 0x0000000087500000| Complete 
| 118|0x0000000087600000, 0x0000000087700000, 0x0000000087700000|100%| O|  |TAMS 0x0000000087700000, 0x0000000087600000| Complete 
| 119|0x0000000087700000, 0x0000000087800000, 0x0000000087800000|100%| O|  |TAMS 0x0000000087800000, 0x0000000087700000| Untracked 
| 120|0x0000000087800000, 0x0000000087900000, 0x0000000087900000|100%| O|  |TAMS 0x0000000087900000, 0x0000000087800000| Untracked 
| 121|0x0000000087900000, 0x0000000087995800, 0x0000000087a00000| 58%| O|  |TAMS 0x0000000087995800, 0x0000000087900000| Untracked 
| 122|0x0000000087a00000, 0x0000000087a00000, 0x0000000087b00000|  0%| F|  |TAMS 0x0000000087a00000, 0x0000000087a00000| Untracked 
| 123|0x0000000087b00000, 0x0000000087b00000, 0x0000000087c00000|  0%| F|  |TAMS 0x0000000087b00000, 0x0000000087b00000| Untracked 
| 124|0x0000000087c00000, 0x0000000087c00000, 0x0000000087d00000|  0%| F|  |TAMS 0x0000000087c00000, 0x0000000087c00000| Untracked 
| 125|0x0000000087d00000, 0x0000000087d00000, 0x0000000087e00000|  0%| F|  |TAMS 0x0000000087d00000, 0x0000000087d00000| Untracked 
| 126|0x0000000087e00000, 0x0000000087e00000, 0x0000000087f00000|  0%| F|  |TAMS 0x0000000087e00000, 0x0000000087e00000| Untracked 
| 127|0x0000000087f00000, 0x0000000087f00000, 0x0000000088000000|  0%| F|  |TAMS 0x0000000087f00000, 0x0000000087f00000| Untracked 
| 128|0x0000000088000000, 0x0000000088000000, 0x0000000088100000|  0%| F|  |TAMS 0x0000000088000000, 0x0000000088000000| Untracked 
| 129|0x0000000088100000, 0x0000000088100000, 0x0000000088200000|  0%| F|  |TAMS 0x0000000088100000, 0x0000000088100000| Untracked 
| 130|0x0000000088200000, 0x0000000088200000, 0x0000000088300000|  0%| F|  |TAMS 0x0000000088200000, 0x0000000088200000| Untracked 
| 131|0x0000000088300000, 0x0000000088300000, 0x0000000088400000|  0%| F|  |TAMS 0x0000000088300000, 0x0000000088300000| Untracked 
| 132|0x0000000088400000, 0x0000000088400000, 0x0000000088500000|  0%| F|  |TAMS 0x0000000088400000, 0x0000000088400000| Untracked 
| 133|0x0000000088500000, 0x0000000088500000, 0x0000000088600000|  0%| F|  |TAMS 0x0000000088500000, 0x0000000088500000| Untracked 
| 134|0x0000000088600000, 0x0000000088600000, 0x0000000088700000|  0%| F|  |TAMS 0x0000000088600000, 0x0000000088600000| Untracked 
| 135|0x0000000088700000, 0x0000000088700000, 0x0000000088800000|  0%| F|  |TAMS 0x0000000088700000, 0x0000000088700000| Untracked 
| 136|0x0000000088800000, 0x0000000088800000, 0x0000000088900000|  0%| F|  |TAMS 0x0000000088800000, 0x0000000088800000| Untracked 
| 137|0x0000000088900000, 0x0000000088900000, 0x0000000088a00000|  0%| F|  |TAMS 0x0000000088900000, 0x0000000088900000| Untracked 
| 138|0x0000000088a00000, 0x0000000088a00000, 0x0000000088b00000|  0%| F|  |TAMS 0x0000000088a00000, 0x0000000088a00000| Untracked 
| 139|0x0000000088b00000, 0x0000000088b00000, 0x0000000088c00000|  0%| F|  |TAMS 0x0000000088b00000, 0x0000000088b00000| Untracked 
| 140|0x0000000088c00000, 0x0000000088c00000, 0x0000000088d00000|  0%| F|  |TAMS 0x0000000088c00000, 0x0000000088c00000| Untracked 
| 141|0x0000000088d00000, 0x0000000088d00000, 0x0000000088e00000|  0%| F|  |TAMS 0x0000000088d00000, 0x0000000088d00000| Untracked 
| 142|0x0000000088e00000, 0x0000000088e00000, 0x0000000088f00000|  0%| F|  |TAMS 0x0000000088e00000, 0x0000000088e00000| Untracked 
| 143|0x0000000088f00000, 0x0000000088f00000, 0x0000000089000000|  0%| F|  |TAMS 0x0000000088f00000, 0x0000000088f00000| Untracked 
| 144|0x0000000089000000, 0x0000000089000000, 0x0000000089100000|  0%| F|  |TAMS 0x0000000089000000, 0x0000000089000000| Untracked 
| 145|0x0000000089100000, 0x0000000089100000, 0x0000000089200000|  0%| F|  |TAMS 0x0000000089100000, 0x0000000089100000| Untracked 
| 146|0x0000000089200000, 0x0000000089200000, 0x0000000089300000|  0%| F|  |TAMS 0x0000000089200000, 0x0000000089200000| Untracked 
| 147|0x0000000089300000, 0x0000000089300000, 0x0000000089400000|  0%| F|  |TAMS 0x0000000089300000, 0x0000000089300000| Untracked 
| 148|0x0000000089400000, 0x0000000089400000, 0x0000000089500000|  0%| F|  |TAMS 0x0000000089400000, 0x0000000089400000| Untracked 
| 149|0x0000000089500000, 0x0000000089500000, 0x0000000089600000|  0%| F|  |TAMS 0x0000000089500000, 0x0000000089500000| Untracked 
| 150|0x0000000089600000, 0x0000000089600000, 0x0000000089700000|  0%| F|  |TAMS 0x0000000089600000, 0x0000000089600000| Untracked 
| 151|0x0000000089700000, 0x0000000089700000, 0x0000000089800000|  0%| F|  |TAMS 0x0000000089700000, 0x0000000089700000| Untracked 
| 152|0x0000000089800000, 0x0000000089800000, 0x0000000089900000|  0%| F|  |TAMS 0x0000000089800000, 0x0000000089800000| Untracked 
| 153|0x0000000089900000, 0x0000000089900000, 0x0000000089a00000|  0%| F|  |TAMS 0x0000000089900000, 0x0000000089900000| Untracked 
| 154|0x0000000089a00000, 0x0000000089a00000, 0x0000000089b00000|  0%| F|  |TAMS 0x0000000089a00000, 0x0000000089a00000| Untracked 
| 155|0x0000000089b00000, 0x0000000089b00000, 0x0000000089c00000|  0%| F|  |TAMS 0x0000000089b00000, 0x0000000089b00000| Untracked 
| 156|0x0000000089c00000, 0x0000000089c00000, 0x0000000089d00000|  0%| F|  |TAMS 0x0000000089c00000, 0x0000000089c00000| Untracked 
| 157|0x0000000089d00000, 0x0000000089d00000, 0x0000000089e00000|  0%| F|  |TAMS 0x0000000089d00000, 0x0000000089d00000| Untracked 
| 158|0x0000000089e00000, 0x0000000089e00000, 0x0000000089f00000|  0%| F|  |TAMS 0x0000000089e00000, 0x0000000089e00000| Untracked 
| 159|0x0000000089f00000, 0x0000000089f00000, 0x000000008a000000|  0%| F|  |TAMS 0x0000000089f00000, 0x0000000089f00000| Untracked 
| 160|0x000000008a000000, 0x000000008a000000, 0x000000008a100000|  0%| F|  |TAMS 0x000000008a000000, 0x000000008a000000| Untracked 
| 161|0x000000008a100000, 0x000000008a1bf6d0, 0x000000008a200000| 74%| S|CS|TAMS 0x000000008a100000, 0x000000008a100000| Complete 
| 162|0x000000008a200000, 0x000000008a300000, 0x000000008a300000|100%| S|CS|TAMS 0x000000008a200000, 0x000000008a200000| Complete 
| 163|0x000000008a300000, 0x000000008a300000, 0x000000008a400000|  0%| F|  |TAMS 0x000000008a300000, 0x000000008a300000| Untracked 
| 164|0x000000008a400000, 0x000000008a400000, 0x000000008a500000|  0%| F|  |TAMS 0x000000008a400000, 0x000000008a400000| Untracked 
| 165|0x000000008a500000, 0x000000008a500000, 0x000000008a600000|  0%| F|  |TAMS 0x000000008a500000, 0x000000008a500000| Untracked 
| 166|0x000000008a600000, 0x000000008a600000, 0x000000008a700000|  0%| F|  |TAMS 0x000000008a600000, 0x000000008a600000| Untracked 
| 167|0x000000008a700000, 0x000000008a700000, 0x000000008a800000|  0%| F|  |TAMS 0x000000008a700000, 0x000000008a700000| Untracked 
| 168|0x000000008a800000, 0x000000008a800000, 0x000000008a900000|  0%| F|  |TAMS 0x000000008a800000, 0x000000008a800000| Untracked 
| 169|0x000000008a900000, 0x000000008a900000, 0x000000008aa00000|  0%| F|  |TAMS 0x000000008a900000, 0x000000008a900000| Untracked 
| 170|0x000000008aa00000, 0x000000008aa00000, 0x000000008ab00000|  0%| F|  |TAMS 0x000000008aa00000, 0x000000008aa00000| Untracked 
| 171|0x000000008ab00000, 0x000000008ab00000, 0x000000008ac00000|  0%| F|  |TAMS 0x000000008ab00000, 0x000000008ab00000| Untracked 
| 172|0x000000008ac00000, 0x000000008ac00000, 0x000000008ad00000|  0%| F|  |TAMS 0x000000008ac00000, 0x000000008ac00000| Untracked 
| 173|0x000000008ad00000, 0x000000008ad00000, 0x000000008ae00000|  0%| F|  |TAMS 0x000000008ad00000, 0x000000008ad00000| Untracked 
| 174|0x000000008ae00000, 0x000000008ae00000, 0x000000008af00000|  0%| F|  |TAMS 0x000000008ae00000, 0x000000008ae00000| Untracked 
| 175|0x000000008af00000, 0x000000008af00000, 0x000000008b000000|  0%| F|  |TAMS 0x000000008af00000, 0x000000008af00000| Untracked 
| 176|0x000000008b000000, 0x000000008b000000, 0x000000008b100000|  0%| F|  |TAMS 0x000000008b000000, 0x000000008b000000| Untracked 
| 177|0x000000008b100000, 0x000000008b100000, 0x000000008b200000|  0%| F|  |TAMS 0x000000008b100000, 0x000000008b100000| Untracked 
| 178|0x000000008b200000, 0x000000008b200000, 0x000000008b300000|  0%| F|  |TAMS 0x000000008b200000, 0x000000008b200000| Untracked 
| 179|0x000000008b300000, 0x000000008b300000, 0x000000008b400000|  0%| F|  |TAMS 0x000000008b300000, 0x000000008b300000| Untracked 
| 180|0x000000008b400000, 0x000000008b400000, 0x000000008b500000|  0%| F|  |TAMS 0x000000008b400000, 0x000000008b400000| Untracked 
| 181|0x000000008b500000, 0x000000008b500000, 0x000000008b600000|  0%| F|  |TAMS 0x000000008b500000, 0x000000008b500000| Untracked 
| 182|0x000000008b600000, 0x000000008b600000, 0x000000008b700000|  0%| F|  |TAMS 0x000000008b600000, 0x000000008b600000| Untracked 
| 183|0x000000008b700000, 0x000000008b700000, 0x000000008b800000|  0%| F|  |TAMS 0x000000008b700000, 0x000000008b700000| Untracked 
| 184|0x000000008b800000, 0x000000008b800000, 0x000000008b900000|  0%| F|  |TAMS 0x000000008b800000, 0x000000008b800000| Untracked 
| 185|0x000000008b900000, 0x000000008b900000, 0x000000008ba00000|  0%| F|  |TAMS 0x000000008b900000, 0x000000008b900000| Untracked 
| 186|0x000000008ba00000, 0x000000008ba00000, 0x000000008bb00000|  0%| F|  |TAMS 0x000000008ba00000, 0x000000008ba00000| Untracked 
| 187|0x000000008bb00000, 0x000000008bb00000, 0x000000008bc00000|  0%| F|  |TAMS 0x000000008bb00000, 0x000000008bb00000| Untracked 
| 188|0x000000008bc00000, 0x000000008bc00000, 0x000000008bd00000|  0%| F|  |TAMS 0x000000008bc00000, 0x000000008bc00000| Untracked 
| 189|0x000000008bd00000, 0x000000008bd00000, 0x000000008be00000|  0%| F|  |TAMS 0x000000008bd00000, 0x000000008bd00000| Untracked 
| 190|0x000000008be00000, 0x000000008be00000, 0x000000008bf00000|  0%| F|  |TAMS 0x000000008be00000, 0x000000008be00000| Untracked 
| 191|0x000000008bf00000, 0x000000008bf00000, 0x000000008c000000|  0%| F|  |TAMS 0x000000008bf00000, 0x000000008bf00000| Untracked 
| 192|0x000000008c000000, 0x000000008c000000, 0x000000008c100000|  0%| F|  |TAMS 0x000000008c000000, 0x000000008c000000| Untracked 
| 193|0x000000008c100000, 0x000000008c100000, 0x000000008c200000|  0%| F|  |TAMS 0x000000008c100000, 0x000000008c100000| Untracked 
| 194|0x000000008c200000, 0x000000008c200000, 0x000000008c300000|  0%| F|  |TAMS 0x000000008c200000, 0x000000008c200000| Untracked 
| 195|0x000000008c300000, 0x000000008c300000, 0x000000008c400000|  0%| F|  |TAMS 0x000000008c300000, 0x000000008c300000| Untracked 
| 196|0x000000008c400000, 0x000000008c400000, 0x000000008c500000|  0%| F|  |TAMS 0x000000008c400000, 0x000000008c400000| Untracked 
| 197|0x000000008c500000, 0x000000008c500000, 0x000000008c600000|  0%| F|  |TAMS 0x000000008c500000, 0x000000008c500000| Untracked 
| 198|0x000000008c600000, 0x000000008c600000, 0x000000008c700000|  0%| F|  |TAMS 0x000000008c600000, 0x000000008c600000| Untracked 
| 199|0x000000008c700000, 0x000000008c700000, 0x000000008c800000|  0%| F|  |TAMS 0x000000008c700000, 0x000000008c700000| Untracked 
| 200|0x000000008c800000, 0x000000008c800000, 0x000000008c900000|  0%| F|  |TAMS 0x000000008c800000, 0x000000008c800000| Untracked 
| 201|0x000000008c900000, 0x000000008c900000, 0x000000008ca00000|  0%| F|  |TAMS 0x000000008c900000, 0x000000008c900000| Untracked 
| 202|0x000000008ca00000, 0x000000008ca00000, 0x000000008cb00000|  0%| F|  |TAMS 0x000000008ca00000, 0x000000008ca00000| Untracked 
| 203|0x000000008cb00000, 0x000000008cb00000, 0x000000008cc00000|  0%| F|  |TAMS 0x000000008cb00000, 0x000000008cb00000| Untracked 
| 204|0x000000008cc00000, 0x000000008cc00000, 0x000000008cd00000|  0%| F|  |TAMS 0x000000008cc00000, 0x000000008cc00000| Untracked 
| 205|0x000000008cd00000, 0x000000008cd00000, 0x000000008ce00000|  0%| F|  |TAMS 0x000000008cd00000, 0x000000008cd00000| Untracked 
| 206|0x000000008ce00000, 0x000000008ce00000, 0x000000008cf00000|  0%| F|  |TAMS 0x000000008ce00000, 0x000000008ce00000| Untracked 
| 207|0x000000008cf00000, 0x000000008cf00000, 0x000000008d000000|  0%| F|  |TAMS 0x000000008cf00000, 0x000000008cf00000| Untracked 
| 208|0x000000008d000000, 0x000000008d000000, 0x000000008d100000|  0%| F|  |TAMS 0x000000008d000000, 0x000000008d000000| Untracked 
| 209|0x000000008d100000, 0x000000008d100000, 0x000000008d200000|  0%| F|  |TAMS 0x000000008d100000, 0x000000008d100000| Untracked 
| 210|0x000000008d200000, 0x000000008d200000, 0x000000008d300000|  0%| F|  |TAMS 0x000000008d200000, 0x000000008d200000| Untracked 
| 211|0x000000008d300000, 0x000000008d300000, 0x000000008d400000|  0%| F|  |TAMS 0x000000008d300000, 0x000000008d300000| Untracked 
| 212|0x000000008d400000, 0x000000008d400000, 0x000000008d500000|  0%| F|  |TAMS 0x000000008d400000, 0x000000008d400000| Untracked 
| 213|0x000000008d500000, 0x000000008d500000, 0x000000008d600000|  0%| F|  |TAMS 0x000000008d500000, 0x000000008d500000| Untracked 
| 214|0x000000008d600000, 0x000000008d600000, 0x000000008d700000|  0%| F|  |TAMS 0x000000008d600000, 0x000000008d600000| Untracked 
| 215|0x000000008d700000, 0x000000008d700000, 0x000000008d800000|  0%| F|  |TAMS 0x000000008d700000, 0x000000008d700000| Untracked 
| 216|0x000000008d800000, 0x000000008d800000, 0x000000008d900000|  0%| F|  |TAMS 0x000000008d800000, 0x000000008d800000| Untracked 
| 217|0x000000008d900000, 0x000000008d900000, 0x000000008da00000|  0%| F|  |TAMS 0x000000008d900000, 0x000000008d900000| Untracked 
| 218|0x000000008da00000, 0x000000008da00000, 0x000000008db00000|  0%| F|  |TAMS 0x000000008da00000, 0x000000008da00000| Untracked 
| 219|0x000000008db00000, 0x000000008db00000, 0x000000008dc00000|  0%| F|  |TAMS 0x000000008db00000, 0x000000008db00000| Untracked 
| 220|0x000000008dc00000, 0x000000008dc00000, 0x000000008dd00000|  0%| F|  |TAMS 0x000000008dc00000, 0x000000008dc00000| Untracked 
| 221|0x000000008dd00000, 0x000000008dd00000, 0x000000008de00000|  0%| F|  |TAMS 0x000000008dd00000, 0x000000008dd00000| Untracked 
| 222|0x000000008de00000, 0x000000008de00000, 0x000000008df00000|  0%| F|  |TAMS 0x000000008de00000, 0x000000008de00000| Untracked 
| 223|0x000000008df00000, 0x000000008df00000, 0x000000008e000000|  0%| F|  |TAMS 0x000000008df00000, 0x000000008df00000| Untracked 
| 224|0x000000008e000000, 0x000000008e000000, 0x000000008e100000|  0%| F|  |TAMS 0x000000008e000000, 0x000000008e000000| Untracked 
| 225|0x000000008e100000, 0x000000008e100000, 0x000000008e200000|  0%| F|  |TAMS 0x000000008e100000, 0x000000008e100000| Untracked 
| 226|0x000000008e200000, 0x000000008e200000, 0x000000008e300000|  0%| F|  |TAMS 0x000000008e200000, 0x000000008e200000| Untracked 
| 227|0x000000008e300000, 0x000000008e300000, 0x000000008e400000|  0%| F|  |TAMS 0x000000008e300000, 0x000000008e300000| Untracked 
| 228|0x000000008e400000, 0x000000008e400000, 0x000000008e500000|  0%| F|  |TAMS 0x000000008e400000, 0x000000008e400000| Untracked 
| 229|0x000000008e500000, 0x000000008e500000, 0x000000008e600000|  0%| F|  |TAMS 0x000000008e500000, 0x000000008e500000| Untracked 
| 230|0x000000008e600000, 0x000000008e600000, 0x000000008e700000|  0%| F|  |TAMS 0x000000008e600000, 0x000000008e600000| Untracked 
| 231|0x000000008e700000, 0x000000008e700000, 0x000000008e800000|  0%| F|  |TAMS 0x000000008e700000, 0x000000008e700000| Untracked 
| 232|0x000000008e800000, 0x000000008e800000, 0x000000008e900000|  0%| F|  |TAMS 0x000000008e800000, 0x000000008e800000| Untracked 
| 233|0x000000008e900000, 0x000000008e900000, 0x000000008ea00000|  0%| F|  |TAMS 0x000000008e900000, 0x000000008e900000| Untracked 
| 234|0x000000008ea00000, 0x000000008ea00000, 0x000000008eb00000|  0%| F|  |TAMS 0x000000008ea00000, 0x000000008ea00000| Untracked 
| 235|0x000000008eb00000, 0x000000008eb00000, 0x000000008ec00000|  0%| F|  |TAMS 0x000000008eb00000, 0x000000008eb00000| Untracked 
| 236|0x000000008ec00000, 0x000000008ec00000, 0x000000008ed00000|  0%| F|  |TAMS 0x000000008ec00000, 0x000000008ec00000| Untracked 
| 237|0x000000008ed00000, 0x000000008ed00000, 0x000000008ee00000|  0%| F|  |TAMS 0x000000008ed00000, 0x000000008ed00000| Untracked 
| 238|0x000000008ee00000, 0x000000008ee00000, 0x000000008ef00000|  0%| F|  |TAMS 0x000000008ee00000, 0x000000008ee00000| Untracked 
| 239|0x000000008ef00000, 0x000000008ef00000, 0x000000008f000000|  0%| F|  |TAMS 0x000000008ef00000, 0x000000008ef00000| Untracked 
| 240|0x000000008f000000, 0x000000008f000000, 0x000000008f100000|  0%| F|  |TAMS 0x000000008f000000, 0x000000008f000000| Untracked 
| 241|0x000000008f100000, 0x000000008f100000, 0x000000008f200000|  0%| F|  |TAMS 0x000000008f100000, 0x000000008f100000| Untracked 
| 242|0x000000008f200000, 0x000000008f200000, 0x000000008f300000|  0%| F|  |TAMS 0x000000008f200000, 0x000000008f200000| Untracked 
| 243|0x000000008f300000, 0x000000008f300000, 0x000000008f400000|  0%| F|  |TAMS 0x000000008f300000, 0x000000008f300000| Untracked 
| 244|0x000000008f400000, 0x000000008f400000, 0x000000008f500000|  0%| F|  |TAMS 0x000000008f400000, 0x000000008f400000| Untracked 
| 245|0x000000008f500000, 0x000000008f500000, 0x000000008f600000|  0%| F|  |TAMS 0x000000008f500000, 0x000000008f500000| Untracked 
| 246|0x000000008f600000, 0x000000008f600000, 0x000000008f700000|  0%| F|  |TAMS 0x000000008f600000, 0x000000008f600000| Untracked 
| 247|0x000000008f700000, 0x000000008f700000, 0x000000008f800000|  0%| F|  |TAMS 0x000000008f700000, 0x000000008f700000| Untracked 
| 248|0x000000008f800000, 0x000000008f800000, 0x000000008f900000|  0%| F|  |TAMS 0x000000008f800000, 0x000000008f800000| Untracked 
| 249|0x000000008f900000, 0x000000008f900000, 0x000000008fa00000|  0%| F|  |TAMS 0x000000008f900000, 0x000000008f900000| Untracked 
| 250|0x000000008fa00000, 0x000000008fa00000, 0x000000008fb00000|  0%| F|  |TAMS 0x000000008fa00000, 0x000000008fa00000| Untracked 
| 251|0x000000008fb00000, 0x000000008fb00000, 0x000000008fc00000|  0%| F|  |TAMS 0x000000008fb00000, 0x000000008fb00000| Untracked 
| 252|0x000000008fc00000, 0x000000008fc00000, 0x000000008fd00000|  0%| F|  |TAMS 0x000000008fc00000, 0x000000008fc00000| Untracked 
| 253|0x000000008fd00000, 0x000000008fd82978, 0x000000008fe00000| 51%| E|  |TAMS 0x000000008fd00000, 0x000000008fd00000| Complete 
| 254|0x000000008fe00000, 0x000000008ff00000, 0x000000008ff00000|100%| E|CS|TAMS 0x000000008fe00000, 0x000000008fe00000| Complete 
| 255|0x000000008ff00000, 0x0000000090000000, 0x0000000090000000|100%| E|CS|TAMS 0x000000008ff00000, 0x000000008ff00000| Complete 
| 256|0x0000000090000000, 0x0000000090100000, 0x0000000090100000|100%| E|CS|TAMS 0x0000000090000000, 0x0000000090000000| Complete 
| 257|0x0000000090100000, 0x0000000090200000, 0x0000000090200000|100%| E|CS|TAMS 0x0000000090100000, 0x0000000090100000| Complete 
| 258|0x0000000090200000, 0x0000000090300000, 0x0000000090300000|100%| E|CS|TAMS 0x0000000090200000, 0x0000000090200000| Complete 
| 259|0x0000000090300000, 0x0000000090400000, 0x0000000090400000|100%| E|CS|TAMS 0x0000000090300000, 0x0000000090300000| Complete 
| 260|0x0000000090400000, 0x0000000090500000, 0x0000000090500000|100%| E|CS|TAMS 0x0000000090400000, 0x0000000090400000| Complete 
| 261|0x0000000090500000, 0x0000000090600000, 0x0000000090600000|100%| E|CS|TAMS 0x0000000090500000, 0x0000000090500000| Complete 
| 262|0x0000000090600000, 0x0000000090700000, 0x0000000090700000|100%| E|CS|TAMS 0x0000000090600000, 0x0000000090600000| Complete 
| 263|0x0000000090700000, 0x0000000090800000, 0x0000000090800000|100%| E|CS|TAMS 0x0000000090700000, 0x0000000090700000| Complete 

Card table byte_map: [0x0000026ec81f0000,0x0000026ec85f0000] _byte_map_base: 0x0000026ec7df0000

Marking Bits (Prev, Next): (CMBitMap*) 0x0000026eb500f0e8, (CMBitMap*) 0x0000026eb500f120
 Prev Bits: [0x0000026ec89f0000, 0x0000026eca9f0000)
 Next Bits: [0x0000026eca9f0000, 0x0000026ecc9f0000)

Polling page: 0x0000026eb2f60000

Metaspace:

Usage:
  Non-class:     91.35 MB capacity,    89.63 MB ( 98%) used,     1.38 MB (  2%) free+waste,   349.94 KB ( <1%) overhead. 
      Class:     14.37 MB capacity,    13.27 MB ( 92%) used,   969.94 KB (  7%) free+waste,   154.50 KB (  1%) overhead. 
       Both:    105.72 MB capacity,   102.90 MB ( 97%) used,     2.33 MB (  2%) free+waste,   504.44 KB ( <1%) overhead. 

Virtual space:
  Non-class space:       94.00 MB reserved,      92.42 MB ( 98%) committed 
      Class space:        1.00 GB reserved,      15.00 MB (  1%) committed 
             Both:        1.09 GB reserved,     107.42 MB ( 10%) committed 

Chunk freelists:
   Non-Class:  1.01 MB
       Class:  616.00 KB
        Both:  1.61 MB

MaxMetaspaceSize: 17179869184.00 GB
CompressedClassSpaceSize: 1.00 GB

CodeHeap 'non-profiled nmethods': size=120000Kb used=9468Kb max_used=9468Kb free=110531Kb
 bounds [0x0000026ec0590000, 0x0000026ec0ed0000, 0x0000026ec7ac0000]
CodeHeap 'profiled nmethods': size=120000Kb used=38198Kb max_used=38198Kb free=81802Kb
 bounds [0x0000026eb9060000, 0x0000026ebb5b0000, 0x0000026ec0590000]
CodeHeap 'non-nmethods': size=5760Kb used=2318Kb max_used=2379Kb free=3441Kb
 bounds [0x0000026eb8ac0000, 0x0000026eb8d30000, 0x0000026eb9060000]
 total_blobs=17027 nmethods=16100 adapters=836
 compilation: enabled
              stopped_count=0, restarted_count=0
 full_count=0

Compilation events (20 events):
Event: 20.528 Thread 0x0000026ecf461800 16350       1       com.android.tools.r8.graph.f0$r::hashCode (3 bytes)
Event: 20.529 Thread 0x0000026ecf461800 nmethod 16350 0x0000026ec0ecf090 code [0x0000026ec0ecf240, 0x0000026ec0ecf2f8]
Event: 20.529 Thread 0x0000026ecf461800 16364       2       java.util.TimSort::mergeAt (358 bytes)
Event: 20.529 Thread 0x0000026ecf461800 nmethod 16364 0x0000026ebb5aa210 code [0x0000026ebb5aa420, 0x0000026ebb5aa818]
Event: 20.532 Thread 0x0000026ecf461800 16370       3       com.android.tools.r8.internal.Nz::a (109 bytes)
Event: 20.533 Thread 0x0000026ecf461800 nmethod 16370 0x0000026ebb5aab10 code [0x0000026ebb5aad00, 0x0000026ebb5ab1e8]
Event: 20.537 Thread 0x0000026ecf461800 16371       2       com.android.tools.r8.internal.Uu$b::a (155 bytes)
Event: 20.538 Thread 0x0000026ecf461800 nmethod 16371 0x0000026ebb5ab490 code [0x0000026ebb5ab6c0, 0x0000026ebb5aba78]
Event: 20.538 Thread 0x0000026ecf461800 16372       2       com.android.tools.r8.internal.Uu$$Lambda$1959/0x0000000100e88040::compare (20 bytes)
Event: 20.538 Thread 0x0000026ecf461800 nmethod 16372 0x0000026ebb5abd10 code [0x0000026ebb5abec0, 0x0000026ebb5ac048]
Event: 20.538 Thread 0x0000026ecf461800 16373       2       com.android.tools.r8.internal.Uu::a (40 bytes)
Event: 20.539 Thread 0x0000026ecf461800 nmethod 16373 0x0000026ebb5ac110 code [0x0000026ebb5ac2e0, 0x0000026ebb5ac568]
Event: 20.539 Thread 0x0000026ecf461800 16374       2       com.android.tools.r8.internal.pa::a (8 bytes)
Event: 20.539 Thread 0x0000026ecf461800 nmethod 16374 0x0000026ebb5ac790 code [0x0000026ebb5ac940, 0x0000026ebb5aca68]
Event: 20.539 Thread 0x0000026ecf461800 16375       2       com.android.tools.r8.graph.Z::a (13 bytes)
Event: 20.539 Thread 0x0000026ecf461800 nmethod 16375 0x0000026ebb5acb10 code [0x0000026ebb5accc0, 0x0000026ebb5acde8]
Event: 20.540 Thread 0x0000026ecf461800 16376       2       com.android.tools.r8.graph.a0$$Lambda$1715/0x0000000100db2040::a (5 bytes)
Event: 20.541 Thread 0x0000026ecf461800 nmethod 16376 0x0000026ebb5ace90 code [0x0000026ebb5ad080, 0x0000026ebb5ad2a8]
Event: 20.566 Thread 0x0000026ecf461800 16379       2       com.android.tools.r8.internal.Uu$$Lambda$1954/0x0000000100e71c40::applyAsInt (12 bytes)
Event: 20.566 Thread 0x0000026ecf461800 nmethod 16379 0x0000026ebb5ad410 code [0x0000026ebb5ad5c0, 0x0000026ebb5ad708]

GC Heap History (20 events):
Event: 14.831 GC heap before
{Heap before GC invocations=26 (full 0):
 garbage-first heap   total 270336K, used 213591K [0x0000000080000000, 0x0000000100000000)
  region size 1024K, 100 young (102400K), 3 survivors (3072K)
 Metaspace       used 104743K, capacity 108215K, committed 108332K, reserved 1142784K
  class space    used 13815K, capacity 15197K, committed 15232K, reserved 1048576K
}
Event: 14.840 GC heap after
{Heap after GC invocations=27 (full 0):
 garbage-first heap   total 270336K, used 114119K [0x0000000080000000, 0x0000000100000000)
  region size 1024K, 3 young (3072K), 3 survivors (3072K)
 Metaspace       used 104743K, capacity 108215K, committed 108332K, reserved 1142784K
  class space    used 13815K, capacity 15197K, committed 15232K, reserved 1048576K
}
Event: 15.629 GC heap before
{Heap before GC invocations=27 (full 0):
 garbage-first heap   total 270336K, used 216519K [0x0000000080000000, 0x0000000100000000)
  region size 1024K, 103 young (105472K), 3 survivors (3072K)
 Metaspace       used 104944K, capacity 108490K, committed 108588K, reserved 1142784K
  class space    used 13818K, capacity 15198K, committed 15232K, reserved 1048576K
}
Event: 15.639 GC heap after
{Heap after GC invocations=28 (full 0):
 garbage-first heap   total 270336K, used 114336K [0x0000000080000000, 0x0000000100000000)
  region size 1024K, 4 young (4096K), 4 survivors (4096K)
 Metaspace       used 104944K, capacity 108490K, committed 108588K, reserved 1142784K
  class space    used 13818K, capacity 15198K, committed 15232K, reserved 1048576K
}
Event: 16.200 GC heap before
{Heap before GC invocations=28 (full 0):
 garbage-first heap   total 270336K, used 218784K [0x0000000080000000, 0x0000000100000000)
  region size 1024K, 106 young (108544K), 4 survivors (4096K)
 Metaspace       used 105032K, capacity 108512K, committed 108588K, reserved 1142784K
  class space    used 13823K, capacity 15204K, committed 15232K, reserved 1048576K
}
Event: 16.210 GC heap after
{Heap after GC invocations=29 (full 0):
 garbage-first heap   total 270336K, used 114534K [0x0000000080000000, 0x0000000100000000)
  region size 1024K, 4 young (4096K), 4 survivors (4096K)
 Metaspace       used 105032K, capacity 108512K, committed 108588K, reserved 1142784K
  class space    used 13823K, capacity 15204K, committed 15232K, reserved 1048576K
}
Event: 16.767 GC heap before
{Heap before GC invocations=29 (full 0):
 garbage-first heap   total 270336K, used 221030K [0x0000000080000000, 0x0000000100000000)
  region size 1024K, 108 young (110592K), 4 survivors (4096K)
 Metaspace       used 105116K, capacity 108641K, committed 108844K, reserved 1142784K
  class space    used 13824K, capacity 15204K, committed 15232K, reserved 1048576K
}
Event: 16.778 GC heap after
{Heap after GC invocations=30 (full 0):
 garbage-first heap   total 270336K, used 115216K [0x0000000080000000, 0x0000000100000000)
  region size 1024K, 4 young (4096K), 4 survivors (4096K)
 Metaspace       used 105116K, capacity 108641K, committed 108844K, reserved 1142784K
  class space    used 13824K, capacity 15204K, committed 15232K, reserved 1048576K
}
Event: 17.372 GC heap before
{Heap before GC invocations=30 (full 0):
 garbage-first heap   total 270336K, used 224784K [0x0000000080000000, 0x0000000100000000)
  region size 1024K, 111 young (113664K), 4 survivors (4096K)
 Metaspace       used 105147K, capacity 108644K, committed 108844K, reserved 1142784K
  class space    used 13824K, capacity 15204K, committed 15232K, reserved 1048576K
}
Event: 17.383 GC heap after
{Heap after GC invocations=31 (full 0):
 garbage-first heap   total 270336K, used 115711K [0x0000000080000000, 0x0000000100000000)
  region size 1024K, 5 young (5120K), 5 survivors (5120K)
 Metaspace       used 105147K, capacity 108644K, committed 108844K, reserved 1142784K
  class space    used 13824K, capacity 15204K, committed 15232K, reserved 1048576K
}
Event: 18.087 GC heap before
{Heap before GC invocations=31 (full 0):
 garbage-first heap   total 270336K, used 226303K [0x0000000080000000, 0x0000000100000000)
  region size 1024K, 113 young (115712K), 5 survivors (5120K)
 Metaspace       used 105540K, capacity 109045K, committed 109228K, reserved 1142784K
  class space    used 13869K, capacity 15274K, committed 15360K, reserved 1048576K
}
Event: 18.096 GC heap after
{Heap after GC invocations=32 (full 0):
 garbage-first heap   total 270336K, used 116311K [0x0000000080000000, 0x0000000100000000)
  region size 1024K, 5 young (5120K), 5 survivors (5120K)
 Metaspace       used 105540K, capacity 109045K, committed 109228K, reserved 1142784K
  class space    used 13869K, capacity 15274K, committed 15360K, reserved 1048576K
}
Event: 18.466 GC heap before
{Heap before GC invocations=32 (full 0):
 garbage-first heap   total 270336K, used 227927K [0x0000000080000000, 0x0000000100000000)
  region size 1024K, 114 young (116736K), 5 survivors (5120K)
 Metaspace       used 105840K, capacity 109303K, committed 109484K, reserved 1142784K
  class space    used 13898K, capacity 15274K, committed 15360K, reserved 1048576K
}
Event: 18.479 GC heap after
{Heap after GC invocations=33 (full 0):
 garbage-first heap   total 270336K, used 124945K [0x0000000080000000, 0x0000000100000000)
  region size 1024K, 14 young (14336K), 14 survivors (14336K)
 Metaspace       used 105840K, capacity 109303K, committed 109484K, reserved 1142784K
  class space    used 13898K, capacity 15274K, committed 15360K, reserved 1048576K
}
Event: 18.603 GC heap before
{Heap before GC invocations=33 (full 0):
 garbage-first heap   total 270336K, used 172049K [0x0000000080000000, 0x0000000100000000)
  region size 1024K, 61 young (62464K), 14 survivors (14336K)
 Metaspace       used 105957K, capacity 109411K, committed 109484K, reserved 1142784K
  class space    used 13910K, capacity 15310K, committed 15360K, reserved 1048576K
}
Event: 18.619 GC heap after
{Heap after GC invocations=34 (full 0):
 garbage-first heap   total 270336K, used 129889K [0x0000000080000000, 0x0000000100000000)
  region size 1024K, 6 young (6144K), 6 survivors (6144K)
 Metaspace       used 105957K, capacity 109411K, committed 109484K, reserved 1142784K
  class space    used 13910K, capacity 15310K, committed 15360K, reserved 1048576K
}
Event: 19.074 GC heap before
{Heap before GC invocations=35 (full 0):
 garbage-first heap   total 270336K, used 224097K [0x0000000080000000, 0x0000000100000000)
  region size 1024K, 99 young (101376K), 6 survivors (6144K)
 Metaspace       used 105203K, capacity 108072K, committed 109740K, reserved 1144832K
  class space    used 13613K, capacity 14756K, committed 15360K, reserved 1048576K
}
Event: 19.080 GC heap after
{Heap after GC invocations=36 (full 0):
 garbage-first heap   total 270336K, used 126114K [0x0000000080000000, 0x0000000100000000)
  region size 1024K, 2 young (2048K), 2 survivors (2048K)
 Metaspace       used 105203K, capacity 108072K, committed 109740K, reserved 1144832K
  class space    used 13613K, capacity 14756K, committed 15360K, reserved 1048576K
}
Event: 20.166 GC heap before
{Heap before GC invocations=36 (full 0):
 garbage-first heap   total 270336K, used 227490K [0x0000000080000000, 0x0000000100000000)
  region size 1024K, 101 young (103424K), 2 survivors (2048K)
 Metaspace       used 105325K, capacity 108195K, committed 109740K, reserved 1144832K
  class space    used 13618K, capacity 14766K, committed 15360K, reserved 1048576K
}
Event: 20.175 GC heap after
{Heap after GC invocations=37 (full 0):
 garbage-first heap   total 270336K, used 126291K [0x0000000080000000, 0x0000000100000000)
  region size 1024K, 2 young (2048K), 2 survivors (2048K)
 Metaspace       used 105325K, capacity 108195K, committed 109740K, reserved 1144832K
  class space    used 13618K, capacity 14766K, committed 15360K, reserved 1048576K
}

Deoptimization events (20 events):
Event: 20.056 Thread 0x0000026ed5444000 Uncommon trap: trap_request=0xffffffc6 fr.pc=0x0000026ec0cad620 relative=0x00000000000002c0
Event: 20.056 Thread 0x0000026ed5444000 Uncommon trap: reason=bimorphic_or_optimized_type_check action=maybe_recompile pc=0x0000026ec0cad620 method=com.android.tools.r8.internal.h8.a(Ljava/util/function/Predicate;Ljava/util/function/Function;Lcom/android/tools/r8/internal/EE$a;Lcom/android/tool
Event: 20.056 Thread 0x0000026ed5444000 DEOPT PACKING pc=0x0000026ec0cad620 sp=0x000000de4a5fa260
Event: 20.056 Thread 0x0000026ed5444000 DEOPT UNPACKING pc=0x0000026eb8ae662f sp=0x000000de4a5fa218 mode 2
Event: 20.056 Thread 0x0000026ed5444000 Uncommon trap: trap_request=0xffffffc6 fr.pc=0x0000026ec0cad620 relative=0x00000000000002c0
Event: 20.056 Thread 0x0000026ed5444000 Uncommon trap: reason=bimorphic_or_optimized_type_check action=maybe_recompile pc=0x0000026ec0cad620 method=com.android.tools.r8.internal.h8.a(Ljava/util/function/Predicate;Ljava/util/function/Function;Lcom/android/tools/r8/internal/EE$a;Lcom/android/tool
Event: 20.056 Thread 0x0000026ed5444000 DEOPT PACKING pc=0x0000026ec0cad620 sp=0x000000de4a5fa260
Event: 20.056 Thread 0x0000026ed5444000 DEOPT UNPACKING pc=0x0000026eb8ae662f sp=0x000000de4a5fa218 mode 2
Event: 20.153 Thread 0x0000026ed5444000 DEOPT PACKING pc=0x0000026ebb54ac62 sp=0x000000de4a5fa470
Event: 20.153 Thread 0x0000026ed5444000 DEOPT UNPACKING pc=0x0000026eb8ae6dde sp=0x000000de4a5f9920 mode 0
Event: 20.498 Thread 0x0000026ed5444000 DEOPT PACKING pc=0x0000026ebb5865b8 sp=0x000000de4a5fa9e0
Event: 20.498 Thread 0x0000026ed5444000 DEOPT UNPACKING pc=0x0000026eb8ae6dde sp=0x000000de4a5f9f00 mode 0
Event: 20.499 Thread 0x0000026ed5444000 DEOPT PACKING pc=0x0000026ebb5865b8 sp=0x000000de4a5fa960
Event: 20.499 Thread 0x0000026ed5444000 DEOPT UNPACKING pc=0x0000026eb8ae6dde sp=0x000000de4a5f9e80 mode 0
Event: 20.524 Thread 0x0000026ed5444000 DEOPT PACKING pc=0x0000026ebb2e283b sp=0x000000de4a5f9dc0
Event: 20.524 Thread 0x0000026ed5444000 DEOPT UNPACKING pc=0x0000026eb8ae6dde sp=0x000000de4a5f92d0 mode 0
Event: 20.525 Thread 0x0000026ed5444000 DEOPT PACKING pc=0x0000026ebb580bbc sp=0x000000de4a5f9db0
Event: 20.525 Thread 0x0000026ed5444000 DEOPT UNPACKING pc=0x0000026eb8ae6dde sp=0x000000de4a5f92c8 mode 0
Event: 20.527 Thread 0x0000026ed5444000 DEOPT PACKING pc=0x0000026ebb580bbc sp=0x000000de4a5f9db0
Event: 20.527 Thread 0x0000026ed5444000 DEOPT UNPACKING pc=0x0000026eb8ae6dde sp=0x000000de4a5f92c8 mode 0

Classes redefined (0 events):
No events

Internal exceptions (20 events):
Event: 12.912 Thread 0x0000026ed5c24000 Exception <a 'java/lang/IncompatibleClassChangeError'{0x000000008fe69c28}: Found class java.lang.Object, but interface was expected> (0x000000008fe69c28) thrown at [./src/hotspot/share/interpreter/linkResolver.cpp, line 839]
Event: 12.989 Thread 0x0000026ed5e96000 Exception <a 'java/lang/IncompatibleClassChangeError'{0x000000008f0f71c0}: Found class java.lang.Object, but interface was expected> (0x000000008f0f71c0) thrown at [./src/hotspot/share/interpreter/linkResolver.cpp, line 839]
Event: 13.107 Thread 0x0000026ed5e96000 Exception <a 'java/lang/NoSuchMethodError'{0x000000008dbab680}: 'void java.lang.invoke.DirectMethodHandle$Holder.invokeVirtual(java.lang.Object, java.lang.Object, int)'> (0x000000008dbab680) thrown at [./src/hotspot/share/interpreter/linkResolver.cpp, line 773]
Event: 13.136 Thread 0x0000026ed5443000 Exception <a 'sun/nio/fs/WindowsException'{0x000000008d792390}> (0x000000008d792390) thrown at [./src/hotspot/share/prims/jni.cpp, line 615]
Event: 13.138 Thread 0x0000026ed5c24000 Exception <a 'sun/nio/fs/WindowsException'{0x000000008d752318}> (0x000000008d752318) thrown at [./src/hotspot/share/prims/jni.cpp, line 615]
Event: 13.138 Thread 0x0000026ed5e96000 Exception <a 'sun/nio/fs/WindowsException'{0x000000008d6e2c10}> (0x000000008d6e2c10) thrown at [./src/hotspot/share/prims/jni.cpp, line 615]
Event: 13.139 Thread 0x0000026ed243b800 Exception <a 'sun/nio/fs/WindowsException'{0x000000008d616b88}> (0x000000008d616b88) thrown at [./src/hotspot/share/prims/jni.cpp, line 615]
Event: 13.184 Thread 0x0000026ed5c24000 Exception <a 'java/lang/NoSuchMethodError'{0x000000008d1e94d8}: 'java.lang.Object java.lang.invoke.DirectMethodHandle$Holder.newInvokeSpecial(java.lang.Object, java.lang.Object, java.lang.Object, java.lang.Object)'> (0x000000008d1e94d8) thrown at [./src/hotspot/share/interpreter/linkResolver.cpp, line 773]
Event: 13.185 Thread 0x0000026ed5443000 Exception <a 'java/lang/NoSuchMethodError'{0x000000008d40fe80}: 'java.lang.Object java.lang.invoke.DirectMethodHandle$Holder.newInvokeSpecial(java.lang.Object, java.lang.Object, java.lang.Object, java.lang.Object)'> (0x000000008d40fe80) thrown at [./src/hotspot/share/interpreter/linkResolver.cpp, line 773]
Event: 13.255 Thread 0x0000026ed3d0a800 Exception <a 'sun/nio/fs/WindowsException'{0x000000008cbf6918}> (0x000000008cbf6918) thrown at [./src/hotspot/share/prims/jni.cpp, line 615]
Event: 13.674 Thread 0x0000026ed3638000 Exception <a 'sun/nio/fs/WindowsException'{0x00000000904af288}> (0x00000000904af288) thrown at [./src/hotspot/share/prims/jni.cpp, line 615]
Event: 14.462 Thread 0x0000026ed5444000 Implicit null exception at 0x0000026ec0d54330 to 0x0000026ec0d54df0
Event: 14.627 Thread 0x0000026ed5444000 Implicit null exception at 0x0000026ec0d5d3d0 to 0x0000026ec0d62cb0
Event: 15.558 Thread 0x0000026ed5444000 Implicit null exception at 0x0000026ec0dbc110 to 0x0000026ec0dbcf58
Event: 16.080 Thread 0x0000026ed5444000 Exception <a 'java/lang/NoSuchMethodError'{0x000000008b5bedb0}: 'int java.lang.invoke.DirectMethodHandle$Holder.invokeInterface(java.lang.Object, java.lang.Object, int)'> (0x000000008b5bedb0) thrown at [./src/hotspot/share/interpreter/linkResolver.cpp, line 773]
Event: 18.598 Thread 0x0000026ed139c800 Exception <a 'sun/nio/fs/WindowsException'{0x000000008db616f8}> (0x000000008db616f8) thrown at [./src/hotspot/share/prims/jni.cpp, line 615]
Event: 18.600 Thread 0x0000026ed139c800 Exception <a 'sun/nio/fs/WindowsException'{0x000000008d917330}> (0x000000008d917330) thrown at [./src/hotspot/share/prims/jni.cpp, line 615]
Event: 18.600 Thread 0x0000026ed139c800 Exception <a 'sun/nio/fs/WindowsException'{0x000000008d917418}> (0x000000008d917418) thrown at [./src/hotspot/share/prims/jni.cpp, line 615]
Event: 19.048 Thread 0x0000026ed3d0d000 Exception <a 'sun/nio/fs/WindowsException'{0x000000008aa39918}> (0x000000008aa39918) thrown at [./src/hotspot/share/prims/jni.cpp, line 615]
Event: 19.106 Thread 0x0000026ed3d0d000 Exception <a 'sun/nio/fs/WindowsException'{0x00000000903f68b0}> (0x00000000903f68b0) thrown at [./src/hotspot/share/prims/jni.cpp, line 615]

Events (20 events):
Event: 20.054 loading class com/android/tools/r8/internal/EE$a
Event: 20.054 loading class com/android/tools/r8/internal/EE$a done
Event: 20.071 loading class com/android/tools/r8/internal/qr
Event: 20.071 loading class com/android/tools/r8/internal/qr done
Event: 20.073 loading class com/android/tools/r8/internal/qr
Event: 20.073 loading class com/android/tools/r8/internal/qr done
Event: 20.073 loading class com/android/tools/r8/graph/P
Event: 20.073 loading class com/android/tools/r8/graph/P done
Event: 20.073 loading class com/android/tools/r8/internal/qr
Event: 20.073 loading class com/android/tools/r8/internal/qr done
Event: 20.083 loading class com/android/tools/r8/internal/qr
Event: 20.083 loading class com/android/tools/r8/internal/qr done
Event: 20.158 Executing VM operation: ICBufferFull
Event: 20.159 Executing VM operation: ICBufferFull done
Event: 20.166 Executing VM operation: G1CollectForAllocation
Event: 20.175 Executing VM operation: G1CollectForAllocation done
Event: 20.413 Executing VM operation: CGC_Operation
Event: 20.439 Executing VM operation: CGC_Operation done
Event: 20.554 Executing VM operation: CGC_Operation
Event: 20.558 Executing VM operation: CGC_Operation done


Dynamic libraries:
0x00007ff706d50000 - 0x00007ff706d5a000 	C:\Program Files\Android\Android Studio1\jre\bin\java.exe
0x00007ffacb2c0000 - 0x00007ffacb4b0000 	C:\Windows\SYSTEM32\ntdll.dll
0x00007ffac9560000 - 0x00007ffac9612000 	C:\Windows\System32\KERNEL32.DLL
0x00007ffac90d0000 - 0x00007ffac9373000 	C:\Windows\System32\KERNELBASE.dll
0x00007ffac85c0000 - 0x00007ffac86ba000 	C:\Windows\System32\ucrtbase.dll
0x00007ffac2680000 - 0x00007ffac2697000 	C:\Program Files\Android\Android Studio1\jre\bin\VCRUNTIME140.dll
0x00007ffac3540000 - 0x00007ffac3559000 	C:\Program Files\Android\Android Studio1\jre\bin\jli.dll
0x00007ffacad60000 - 0x00007ffacaef3000 	C:\Windows\System32\USER32.dll
0x00007ffab5fa0000 - 0x00007ffab6225000 	C:\Windows\WinSxS\amd64_microsoft.windows.common-controls_6595b64144ccf1df_6.0.18362.175_none_e6c3ab1f131014c9\COMCTL32.dll
0x00007ffac83f0000 - 0x00007ffac8411000 	C:\Windows\System32\win32u.dll
0x00007ffacb060000 - 0x00007ffacb0fe000 	C:\Windows\System32\msvcrt.dll
0x00007ffac97a0000 - 0x00007ffac97c6000 	C:\Windows\System32\GDI32.dll
0x00007ffac8250000 - 0x00007ffac83e4000 	C:\Windows\System32\gdi32full.dll
0x00007ffacaa20000 - 0x00007ffacad56000 	C:\Windows\System32\combase.dll
0x00007ffac8440000 - 0x00007ffac84de000 	C:\Windows\System32\msvcp_win.dll
0x00007ffac9430000 - 0x00007ffac9550000 	C:\Windows\System32\RPCRT4.dll
0x00007ffac86c0000 - 0x00007ffac8741000 	C:\Windows\System32\bcryptPrimitives.dll
0x00007ffaca970000 - 0x00007ffaca99e000 	C:\Windows\System32\IMM32.DLL
0x00007ffa8c6a0000 - 0x00007ffa8c73d000 	C:\Program Files\Android\Android Studio1\jre\bin\msvcp140.dll
0x00007ffa6a5d0000 - 0x00007ffa6b0a5000 	C:\Program Files\Android\Android Studio1\jre\bin\server\jvm.dll
0x00007ffac9380000 - 0x00007ffac9423000 	C:\Windows\System32\ADVAPI32.dll
0x00007ffacb1e0000 - 0x00007ffacb277000 	C:\Windows\System32\sechost.dll
0x00007ffac9830000 - 0x00007ffac9838000 	C:\Windows\System32\PSAPI.DLL
0x00007ffac5f00000 - 0x00007ffac5f09000 	C:\Windows\SYSTEM32\WSOCK32.dll
0x00007ffac5da0000 - 0x00007ffac5dc4000 	C:\Windows\SYSTEM32\WINMM.dll
0x00007ffac1540000 - 0x00007ffac154a000 	C:\Windows\SYSTEM32\VERSION.dll
0x00007ffacb170000 - 0x00007ffacb1df000 	C:\Windows\System32\WS2_32.dll
0x00007ffac5920000 - 0x00007ffac594d000 	C:\Windows\SYSTEM32\WINMMBASE.dll
0x00007ffac8570000 - 0x00007ffac85ba000 	C:\Windows\System32\cfgmgr32.dll
0x00007ffac81e0000 - 0x00007ffac81f1000 	C:\Windows\System32\kernel.appcore.dll
0x00007ffac4740000 - 0x00007ffac4751000 	C:\Program Files\Android\Android Studio1\jre\bin\verify.dll
0x00007ffac6970000 - 0x00007ffac6b64000 	C:\Windows\SYSTEM32\DBGHELP.DLL
0x00007ffab4680000 - 0x00007ffab46aa000 	C:\Windows\SYSTEM32\dbgcore.DLL
0x00007ffac3850000 - 0x00007ffac3879000 	C:\Program Files\Android\Android Studio1\jre\bin\java.dll
0x00007ffac4730000 - 0x00007ffac473b000 	C:\Program Files\Android\Android Studio1\jre\bin\jimage.dll
0x00007ffac3000000 - 0x00007ffac3018000 	C:\Program Files\Android\Android Studio1\jre\bin\zip.dll
0x00007ffac98a0000 - 0x00007ffac9f80000 	C:\Windows\System32\SHELL32.dll
0x00007ffaca840000 - 0x00007ffaca8e9000 	C:\Windows\System32\shcore.dll
0x00007ffac88a0000 - 0x00007ffac901b000 	C:\Windows\System32\windows.storage.dll
0x00007ffac81a0000 - 0x00007ffac81bf000 	C:\Windows\System32\profapi.dll
0x00007ffac8200000 - 0x00007ffac824a000 	C:\Windows\System32\powrprof.dll
0x00007ffac8190000 - 0x00007ffac81a0000 	C:\Windows\System32\UMPDC.dll
0x00007ffaca9c0000 - 0x00007ffacaa12000 	C:\Windows\System32\shlwapi.dll
0x00007ffac8420000 - 0x00007ffac8437000 	C:\Windows\System32\cryptsp.dll
0x00007ffac2f40000 - 0x00007ffac2f5a000 	C:\Program Files\Android\Android Studio1\jre\bin\net.dll
0x00007ffab7330000 - 0x00007ffab741f000 	C:\Windows\SYSTEM32\WINHTTP.dll
0x00007ffac7a00000 - 0x00007ffac7a67000 	C:\Windows\system32\mswsock.dll
0x00007ffabf650000 - 0x00007ffabf664000 	C:\Program Files\Android\Android Studio1\jre\bin\nio.dll
0x00007ffab50c0000 - 0x00007ffab50e7000 	C:\Program Files\Android\Android Studio1\jre\native\e1d6ef7f7dcc3fd88c89a11ec53ec762bb8ba0a96d01ffa2cd45eb1d1d8dd5c5\windows-amd64\native-platform.dll
0x00007ffa62520000 - 0x00007ffa62664000 	C:\Program Files\Android\Android Studio1\jre\native\5664cfc778a61ccfe75a443a1ab52a65af34e5dc3c78e0209fed803814484fcb\windows-amd64\native-platform-file-events.dll
0x00007ffac2ff0000 - 0x00007ffac2ffa000 	C:\Program Files\Android\Android Studio1\jre\bin\management.dll
0x00007ffabf640000 - 0x00007ffabf64d000 	C:\Program Files\Android\Android Studio1\jre\bin\management_ext.dll
0x00007ffac75c0000 - 0x00007ffac75f3000 	C:\Windows\system32\rsaenh.dll
0x00007ffac84e0000 - 0x00007ffac8506000 	C:\Windows\System32\bcrypt.dll
0x00007ffac8080000 - 0x00007ffac80a5000 	C:\Windows\SYSTEM32\USERENV.dll
0x00007ffac7bd0000 - 0x00007ffac7bdc000 	C:\Windows\SYSTEM32\CRYPTBASE.dll
0x00007ffac7760000 - 0x00007ffac779a000 	C:\Windows\SYSTEM32\IPHLPAPI.DLL
0x00007ffac9550000 - 0x00007ffac9558000 	C:\Windows\System32\NSI.dll
0x00007ffabfd70000 - 0x00007ffabfd86000 	C:\Windows\SYSTEM32\dhcpcsvc6.DLL
0x00007ffabfe80000 - 0x00007ffabfe9c000 	C:\Windows\SYSTEM32\dhcpcsvc.DLL
0x00007ffac77a0000 - 0x00007ffac786a000 	C:\Windows\SYSTEM32\DNSAPI.dll

dbghelp: loaded successfully - version: 4.0.5 - missing functions: none
symbol engine: initialized successfully - sym options: 0x614 - pdb path: .;C:\Program Files\Android\Android Studio1\jre\bin;C:\Windows\SYSTEM32;C:\Windows\WinSxS\amd64_microsoft.windows.common-controls_6595b64144ccf1df_6.0.18362.175_none_e6c3ab1f131014c9;C:\Program Files\Android\Android Studio1\jre\bin\server;C:\Program Files\Android\Android Studio1\jre\native\e1d6ef7f7dcc3fd88c89a11ec53ec762bb8ba0a96d01ffa2cd45eb1d1d8dd5c5\windows-amd64;C:\Program Files\Android\Android Studio1\jre\native\5664cfc778a61ccfe75a443a1ab52a65af34e5dc3c78e0209fed803814484fcb\windows-amd64

VM Arguments:
jvm_args: --add-opens=java.base/java.util=ALL-UNNAMED --add-opens=java.base/java.lang=ALL-UNNAMED --add-opens=java.base/java.lang.invoke=ALL-UNNAMED --add-opens=java.base/java.util=ALL-UNNAMED --add-opens=java.prefs/java.util.prefs=ALL-UNNAMED --add-opens=java.prefs/java.util.prefs=ALL-UNNAMED --add-opens=java.base/java.nio.charset=ALL-UNNAMED --add-opens=java.base/java.net=ALL-UNNAMED --add-opens=java.base/java.util.concurrent.atomic=ALL-UNNAMED -Xmx2048m -Dfile.encoding=UTF-8 -Duser.country=US -Duser.language=en -Duser.variant 
java_command: org.gradle.launcher.daemon.bootstrap.GradleDaemon 7.3.3
java_class_path (initial): C:\Program Files\Android\Android Studio1\jre\wrapper\dists\gradle-7.3.3-bin\6a41zxkdtcxs8rphpq6y0069z\gradle-7.3.3\lib\gradle-launcher-7.3.3.jar
Launcher Type: SUN_STANDARD

[Global flags]
     intx CICompilerCount                          = 4                                         {product} {ergonomic}
     uint ConcGCThreads                            = 2                                         {product} {ergonomic}
     uint G1ConcRefinementThreads                  = 8                                         {product} {ergonomic}
   size_t G1HeapRegionSize                         = 1048576                                   {product} {ergonomic}
    uintx GCDrainStackTargetSize                   = 64                                        {product} {ergonomic}
   size_t InitialHeapSize                          = 132120576                                 {product} {ergonomic}
   size_t MarkStackSize                            = 4194304                                   {product} {ergonomic}
   size_t MaxHeapSize                              = 2147483648                                {product} {command line}
   size_t MaxNewSize                               = 1287651328                                {product} {ergonomic}
   size_t MinHeapDeltaBytes                        = 1048576                                   {product} {ergonomic}
    uintx NonNMethodCodeHeapSize                   = 5836300                                {pd product} {ergonomic}
    uintx NonProfiledCodeHeapSize                  = 122910970                              {pd product} {ergonomic}
    uintx ProfiledCodeHeapSize                     = 122910970                              {pd product} {ergonomic}
    uintx ReservedCodeCacheSize                    = 251658240                              {pd product} {ergonomic}
     bool SegmentedCodeCache                       = true                                      {product} {ergonomic}
     bool UseCompressedClassPointers               = true                                 {lp64_product} {ergonomic}
     bool UseCompressedOops                        = true                                 {lp64_product} {ergonomic}
     bool UseG1GC                                  = true                                      {product} {ergonomic}
     bool UseLargePagesIndividualAllocation        = false                                  {pd product} {ergonomic}

Logging:
Log output configuration:
 #0: stdout all=warning uptime,level,tags
 #1: stderr all=off uptime,level,tags

Environment Variables:
JAVA_HOME=C:\Program Files\Java\jdk-17.0.1
PATH=C:\Program Files\Common Files\Oracle\Java\javapath;C:\Windows\system32;C:\Windows;C:\Windows\System32\Wbem;C:\Windows\System32\WindowsPowerShell\v1.0\;C:\Windows\System32\OpenSSH\;C:\Program Files (x86)\NVIDIA Corporation\PhysX\Common;C:\Program Files\7-Zip;C:\Program Files\dotnet\;C:\Program Files\Microsoft SQL Server\130\Tools\Binn\;C:\Program Files\Microsoft SQL Server\Client SDK\ODBC\170\Tools\Binn\;C:\Program Files\Java\jdk-17.0.1\bin;C:\Program Files\Git\cmd;C:\Users\user\AppData\Local\Microsoft\WindowsApps;C:\Users\user\AppData\Local\Programs\Microsoft VS Code\bin;C:\MinGW\bin;C:\Users\user\.dotnet\tools;C:\Program Files\JetBrains\IntelliJ IDEA 2021.2.3\bin;;C:\Program Files\JetBrains\IntelliJ IDEA Community Edition 2021.2.3\bin;
USERNAME=user
OS=Windows_NT
PROCESSOR_IDENTIFIER=Intel64 Family 6 Model 165 Stepping 2, GenuineIntel



---------------  S Y S T E M  ---------------

OS: Windows 10 , 64 bit Build 18362 (10.0.18362.86)
OS uptime: 2 days 20:14 hours

CPU:total 8 (initial active 8) (4 cores per cpu, 2 threads per core) family 6 model 165 stepping 2 microcode 0xe0, cmov, cx8, fxsr, mmx, sse, sse2, sse3, ssse3, sse4.1, sse4.2, popcnt, avx, avx2, aes, clmul, erms, 3dnowpref, lzcnt, ht, tsc, tscinvbit, bmi1, bmi2, adx, fma

Memory: 4k page, system-wide physical 7993M (487M free)
TotalPageFile size 18517M (AvailPageFile size 11M)
current process WorkingSet (physical memory assigned to process): 630M, peak: 652M
current process commit charge ("private bytes"): 685M, peak: 704M

vm_info: OpenJDK 64-Bit Server VM (11.0.11+9-b60-7590822) for windows-amd64 JRE (11.0.11+9-b60-7590822), built on Jul 29 2021 21:43:44 by "builder" with MS VC++ 14.0 (VS2015)

END.
