#
# There is insufficient memory for the Java Runtime Environment to continue.
# Native memory allocation (malloc) failed to allocate 1232496 bytes for Chunk::new
# Possible reasons:
#   The system is out of physical RAM or swap space
#   The process is running with CompressedOops enabled, and the Java Heap may be blocking the growth of the native heap
# Possible solutions:
#   Reduce memory load on the system
#   Increase physical memory or swap space
#   Check if swap backing store is full
#   Decrease Java heap size (-Xmx/-Xms)
#   Decrease number of Java threads
#   Decrease Java thread stack sizes (-Xss)
#   Set larger code cache with -XX:ReservedCodeCacheSize=
#   JVM is running with Unscaled Compressed Oops mode in which the Java heap is
#     placed in the first 4GB address space. The Java Heap base address is the
#     maximum limit for the native heap growth. Please use -XX:HeapBaseMinAddress
#     to set the Java Heap base and to place the Java Heap above 4GB virtual address.
# This output file may be truncated or incomplete.
#
#  Out of Memory Error (./src/hotspot/share/memory/arena.cpp:197), pid=19044, tid=4080
#
# JRE version: OpenJDK Runtime Environment (11.0.11+9) (build 11.0.11+9-b60-7590822)
# Java VM: OpenJDK 64-Bit Server VM (11.0.11+9-b60-7590822, mixed mode, tiered, compressed oops, g1 gc, windows-amd64)
# No core dump will be written. Minidumps are not enabled by default on client versions of Windows
#

---------------  S U M M A R Y ------------

Command Line: --add-opens=java.base/java.util=ALL-UNNAMED --add-opens=java.base/java.lang=ALL-UNNAMED --add-opens=java.base/java.lang.invoke=ALL-UNNAMED --add-opens=java.base/java.util=ALL-UNNAMED --add-opens=java.prefs/java.util.prefs=ALL-UNNAMED --add-opens=java.prefs/java.util.prefs=ALL-UNNAMED --add-opens=java.base/java.nio.charset=ALL-UNNAMED --add-opens=java.base/java.net=ALL-UNNAMED --add-opens=java.base/java.util.concurrent.atomic=ALL-UNNAMED -Xmx2048m -Dfile.encoding=UTF-8 -Duser.country=US -Duser.language=en -Duser.variant org.gradle.launcher.daemon.bootstrap.GradleDaemon 7.3.3

Host: Intel(R) Core(TM) i5-10300H CPU @ 2.50GHz, 8 cores, 7G,  Windows 10 , 64 bit Build 18362 (10.0.18362.86)
Time: Wed Jun 22 13:51:24 2022 West Asia Standard Time elapsed time: 3.764900 seconds (0d 0h 0m 3s)

---------------  T H R E A D  ---------------

Current thread (0x0000022f3d2d6000):  JavaThread "C2 CompilerThread1" daemon [_thread_in_native, id=4080, stack(0x0000007083800000,0x0000007083900000)]


Current CompileTask:
C2:   3764 2789  s!   4       jdk.internal.loader.URLClassPath::getLoader (194 bytes)

Stack: [0x0000007083800000,0x0000007083900000]
Native frames: (J=compiled Java code, j=interpreted, Vv=VM code, C=native code)
V  [jvm.dll+0x5f214a]
V  [jvm.dll+0x726fb5]
V  [jvm.dll+0x7285cd]
V  [jvm.dll+0x728c83]
V  [jvm.dll+0x243278]
V  [jvm.dll+0xbc53c]
V  [jvm.dll+0xbca3c]
V  [jvm.dll+0x353e3b]
V  [jvm.dll+0x321893]
V  [jvm.dll+0x320d8a]
V  [jvm.dll+0x1fc1e2]
V  [jvm.dll+0x1fb3d4]
V  [jvm.dll+0x183d6c]
V  [jvm.dll+0x209a57]
V  [jvm.dll+0x2082a1]
V  [jvm.dll+0x6ef58f]
V  [jvm.dll+0x6e80b5]
V  [jvm.dll+0x5f1036]
C  [ucrtbase.dll+0x1d912]
C  [KERNEL32.DLL+0x17bd4]
C  [ntdll.dll+0x6ce71]


---------------  P R O C E S S  ---------------

Threads class SMR info:
_java_thread_list=0x0000022f3e700560, length=39, elements={
0x0000022f2210f000, 0x0000022f3c586000, 0x0000022f3c589000, 0x0000022f3c5a4800,
0x0000022f3c5a6800, 0x0000022f3c5a7800, 0x0000022f3cf23000, 0x0000022f3cf27000,
0x0000022f3cf32800, 0x0000022f3d0b1000, 0x0000022f3d2d6000, 0x0000022f3ea42000,
0x0000022f3f25f000, 0x0000022f3efe4000, 0x0000022f3f0f4800, 0x0000022f3ee6b800,
0x0000022f3e046000, 0x0000022f3f1e7000, 0x0000022f3f0f1000, 0x0000022f3e942000,
0x0000022f3ffdb000, 0x0000022f3ffdf800, 0x0000022f3ffde000, 0x0000022f3ffdf000,
0x0000022f3ffe0800, 0x0000022f3ffe1800, 0x0000022f3ffdd000, 0x0000022f3ffdc800,
0x0000022f3ffdb800, 0x0000022f4093b000, 0x0000022f40938800, 0x0000022f40939000,
0x0000022f4093a000, 0x0000022f4093c800, 0x0000022f4093b800, 0x0000022f4093d800,
0x0000022f40937800, 0x0000022f4093f000, 0x0000022f40941800
}

Java Threads: ( => current thread )
  0x0000022f2210f000 JavaThread "main" [_thread_blocked, id=2776, stack(0x0000007082700000,0x0000007082800000)]
  0x0000022f3c586000 JavaThread "Reference Handler" daemon [_thread_blocked, id=6148, stack(0x0000007082e00000,0x0000007082f00000)]
  0x0000022f3c589000 JavaThread "Finalizer" daemon [_thread_blocked, id=20804, stack(0x0000007082f00000,0x0000007083000000)]
  0x0000022f3c5a4800 JavaThread "Signal Dispatcher" daemon [_thread_blocked, id=5096, stack(0x0000007083000000,0x0000007083100000)]
  0x0000022f3c5a6800 JavaThread "Attach Listener" daemon [_thread_blocked, id=17204, stack(0x0000007083100000,0x0000007083200000)]
  0x0000022f3c5a7800 JavaThread "Service Thread" daemon [_thread_blocked, id=17608, stack(0x0000007083200000,0x0000007083300000)]
  0x0000022f3cf23000 JavaThread "C2 CompilerThread0" daemon [_thread_in_native, id=15216, stack(0x0000007083300000,0x0000007083400000)]
  0x0000022f3cf27000 JavaThread "C1 CompilerThread0" daemon [_thread_blocked, id=6516, stack(0x0000007083400000,0x0000007083500000)]
  0x0000022f3cf32800 JavaThread "Sweeper thread" daemon [_thread_blocked, id=8304, stack(0x0000007083500000,0x0000007083600000)]
  0x0000022f3d0b1000 JavaThread "Common-Cleaner" daemon [_thread_blocked, id=17268, stack(0x0000007083600000,0x0000007083700000)]
=>0x0000022f3d2d6000 JavaThread "C2 CompilerThread1" daemon [_thread_in_native, id=4080, stack(0x0000007083800000,0x0000007083900000)]
  0x0000022f3ea42000 JavaThread "Daemon health stats" [_thread_blocked, id=6036, stack(0x0000007083c00000,0x0000007083d00000)]
  0x0000022f3f25f000 JavaThread "Incoming local TCP Connector on port 57063" [_thread_in_native, id=9180, stack(0x0000007083900000,0x0000007083a00000)]
  0x0000022f3efe4000 JavaThread "Daemon periodic checks" [_thread_blocked, id=15696, stack(0x0000007083d00000,0x0000007083e00000)]
  0x0000022f3f0f4800 JavaThread "Daemon" [_thread_blocked, id=16808, stack(0x0000007083e00000,0x0000007083f00000)]
  0x0000022f3ee6b800 JavaThread "Handler for socket connection from /127.0.0.1:57063 to /127.0.0.1:57064" [_thread_in_native, id=2592, stack(0x0000007083f00000,0x0000007084000000)]
  0x0000022f3e046000 JavaThread "Cancel handler" [_thread_blocked, id=16668, stack(0x0000007084000000,0x0000007084100000)]
  0x0000022f3f1e7000 JavaThread "Daemon worker" [_thread_in_Java, id=12968, stack(0x0000007084100000,0x0000007084200000)]
  0x0000022f3f0f1000 JavaThread "Asynchronous log dispatcher for DefaultDaemonConnection: socket connection from /127.0.0.1:57063 to /127.0.0.1:57064" [_thread_blocked, id=13004, stack(0x0000007084200000,0x0000007084300000)]
  0x0000022f3e942000 JavaThread "Stdin handler" [_thread_blocked, id=19084, stack(0x0000007084300000,0x0000007084400000)]
  0x0000022f3ffdb000 JavaThread "Daemon client event forwarder" [_thread_blocked, id=13252, stack(0x0000007084400000,0x0000007084500000)]
  0x0000022f3ffdf800 JavaThread "Cache worker for journal cache (C:\Users\user\.gradle\caches\journal-1)" [_thread_blocked, id=20000, stack(0x0000007084a00000,0x0000007084b00000)]
  0x0000022f3ffde000 JavaThread "File lock request listener" [_thread_in_native, id=21020, stack(0x0000007084b00000,0x0000007084c00000)]
  0x0000022f3ffdf000 JavaThread "Cache worker for file hash cache (C:\Users\user\.gradle\caches\7.3.3\fileHashes)" [_thread_blocked, id=10280, stack(0x0000007084d00000,0x0000007084e00000)]
  0x0000022f3ffe0800 JavaThread "Cache worker for file hash cache (C:\Users\user\3D Objects\RealProjects\GulBazar1\.gradle\7.3.3\fileHashes)" [_thread_blocked, id=14896, stack(0x0000007084e00000,0x0000007084f00000)]
  0x0000022f3ffe1800 JavaThread "File watcher server" daemon [_thread_in_native, id=17636, stack(0x0000007085000000,0x0000007085100000)]
  0x0000022f3ffdd000 JavaThread "File watcher consumer" daemon [_thread_blocked, id=15972, stack(0x0000007085100000,0x0000007085200000)]
  0x0000022f3ffdc800 JavaThread "jar transforms" [_thread_blocked, id=20328, stack(0x0000007085200000,0x0000007085300000)]
  0x0000022f3ffdb800 JavaThread "jar transforms Thread 2" [_thread_blocked, id=18748, stack(0x0000007085300000,0x0000007085400000)]
  0x0000022f4093b000 JavaThread "jar transforms Thread 3" [_thread_blocked, id=3420, stack(0x0000007085400000,0x0000007085500000)]
  0x0000022f40938800 JavaThread "jar transforms Thread 4" [_thread_blocked, id=14652, stack(0x0000007085500000,0x0000007085600000)]
  0x0000022f40939000 JavaThread "jar transforms Thread 5" [_thread_blocked, id=10512, stack(0x0000007085600000,0x0000007085700000)]
  0x0000022f4093a000 JavaThread "jar transforms Thread 6" [_thread_blocked, id=15552, stack(0x0000007085700000,0x0000007085800000)]
  0x0000022f4093c800 JavaThread "jar transforms Thread 7" [_thread_blocked, id=15064, stack(0x0000007085800000,0x0000007085900000)]
  0x0000022f4093b800 JavaThread "jar transforms Thread 8" [_thread_blocked, id=15192, stack(0x0000007085900000,0x0000007085a00000)]
  0x0000022f4093d800 JavaThread "Cache worker for checksums cache (C:\Users\user\3D Objects\RealProjects\GulBazar1\.gradle\7.3.3\checksums)" [_thread_blocked, id=16724, stack(0x0000007085a00000,0x0000007085b00000)]
  0x0000022f40937800 JavaThread "Cache worker for cache directory md-supplier (C:\Users\user\.gradle\caches\7.3.3\md-supplier)" [_thread_blocked, id=16984, stack(0x0000007085b00000,0x0000007085c00000)]
  0x0000022f4093f000 JavaThread "Cache worker for cache directory md-rule (C:\Users\user\.gradle\caches\7.3.3\md-rule)" [_thread_blocked, id=11572, stack(0x0000007085c00000,0x0000007085d00000)]
  0x0000022f40941800 JavaThread "Cache worker for execution history cache (C:\Users\user\.gradle\caches\7.3.3\executionHistory)" [_thread_blocked, id=19764, stack(0x0000007084f00000,0x0000007085000000)]

Other Threads:
  0x0000022f3c584000 VMThread "VM Thread" [stack: 0x0000007082d00000,0x0000007082e00000] [id=20272]
  0x0000022f3d0c3800 WatcherThread [stack: 0x0000007083700000,0x0000007083800000] [id=3688]
  0x0000022f22125000 GCTaskThread "GC Thread#0" [stack: 0x0000007082800000,0x0000007082900000] [id=14472]
  0x0000022f3e16e000 GCTaskThread "GC Thread#1" [stack: 0x0000007083a00000,0x0000007083b00000] [id=21344]
  0x0000022f3daef000 GCTaskThread "GC Thread#2" [stack: 0x0000007083b00000,0x0000007083c00000] [id=13484]
  0x0000022f3e046800 GCTaskThread "GC Thread#3" [stack: 0x0000007084500000,0x0000007084600000] [id=3920]
  0x0000022f3f704000 GCTaskThread "GC Thread#4" [stack: 0x0000007084600000,0x0000007084700000] [id=2588]
  0x0000022f4056c800 GCTaskThread "GC Thread#5" [stack: 0x0000007084700000,0x0000007084800000] [id=4516]
  0x0000022f4056d000 GCTaskThread "GC Thread#6" [stack: 0x0000007084800000,0x0000007084900000] [id=14708]
  0x0000022f3ff54000 GCTaskThread "GC Thread#7" [stack: 0x0000007084900000,0x0000007084a00000] [id=12980]
  0x0000022f2215a000 ConcurrentGCThread "G1 Main Marker" [stack: 0x0000007082900000,0x0000007082a00000] [id=10636]
  0x0000022f2215b800 ConcurrentGCThread "G1 Conc#0" [stack: 0x0000007082a00000,0x0000007082b00000] [id=19296]
  0x0000022f3de90000 ConcurrentGCThread "G1 Conc#1" [stack: 0x0000007084c00000,0x0000007084d00000] [id=6484]
  0x0000022f3c3d2800 ConcurrentGCThread "G1 Refine#0" [stack: 0x0000007082b00000,0x0000007082c00000] [id=4140]
  0x0000022f221db800 ConcurrentGCThread "G1 Young RemSet Sampling" [stack: 0x0000007082c00000,0x0000007082d00000] [id=7908]

Threads with active compile tasks:
C2 CompilerThread0   3786 2928       4       jdk.internal.loader.URLClassPath::getResource (74 bytes)
C2 CompilerThread1   3786 2789  s!   4       jdk.internal.loader.URLClassPath::getLoader (194 bytes)

VM state:not at safepoint (normal execution)

VM Mutex/Monitor currently owned by a thread: None

Heap address: 0x0000000080000000, size: 2048 MB, Compressed Oops mode: 32-bit
Narrow klass base: 0x0000000000000000, Narrow klass shift: 3
Compressed class space size: 1073741824 Address: 0x0000000100000000

Heap:
 garbage-first heap   total 129024K, used 60503K [0x0000000080000000, 0x0000000100000000)
  region size 1024K, 35 young (35840K), 8 survivors (8192K)
 Metaspace       used 34563K, capacity 35448K, committed 35712K, reserved 1079296K
  class space    used 4619K, capacity 4922K, committed 4992K, reserved 1048576K
Heap Regions: E=young(eden), S=young(survivor), O=old, HS=humongous(starts), HC=humongous(continues), CS=collection set, F=free, A=archive, TAMS=top-at-mark-start (previous, next)
|   0|0x0000000080000000, 0x0000000080100000, 0x0000000080100000|100%| O|  |TAMS 0x0000000080100000, 0x0000000080000000| Untracked 
|   1|0x0000000080100000, 0x0000000080200000, 0x0000000080200000|100%| O|  |TAMS 0x0000000080200000, 0x0000000080100000| Untracked 
|   2|0x0000000080200000, 0x0000000080300000, 0x0000000080300000|100%| O|  |TAMS 0x0000000080300000, 0x0000000080200000| Untracked 
|   3|0x0000000080300000, 0x0000000080400000, 0x0000000080400000|100%|HS|  |TAMS 0x0000000080400000, 0x0000000080300000| Complete 
|   4|0x0000000080400000, 0x0000000080500000, 0x0000000080500000|100%|HC|  |TAMS 0x0000000080500000, 0x0000000080400000| Complete 
|   5|0x0000000080500000, 0x0000000080600000, 0x0000000080600000|100%|HC|  |TAMS 0x0000000080600000, 0x0000000080500000| Complete 
|   6|0x0000000080600000, 0x0000000080700000, 0x0000000080700000|100%| O|  |TAMS 0x0000000080700000, 0x0000000080600000| Untracked 
|   7|0x0000000080700000, 0x0000000080800000, 0x0000000080800000|100%| O|  |TAMS 0x0000000080800000, 0x0000000080700000| Untracked 
|   8|0x0000000080800000, 0x0000000080900000, 0x0000000080900000|100%| O|  |TAMS 0x0000000080900000, 0x0000000080800000| Untracked 
|   9|0x0000000080900000, 0x0000000080a00000, 0x0000000080a00000|100%| O|  |TAMS 0x0000000080a00000, 0x0000000080900000| Untracked 
|  10|0x0000000080a00000, 0x0000000080b00000, 0x0000000080b00000|100%| O|  |TAMS 0x0000000080b00000, 0x0000000080a00000| Untracked 
|  11|0x0000000080b00000, 0x0000000080c00000, 0x0000000080c00000|100%| O|  |TAMS 0x0000000080c00000, 0x0000000080b00000| Untracked 
|  12|0x0000000080c00000, 0x0000000080d00000, 0x0000000080d00000|100%| O|  |TAMS 0x0000000080d00000, 0x0000000080c00000| Untracked 
|  13|0x0000000080d00000, 0x0000000080e00000, 0x0000000080e00000|100%| O|  |TAMS 0x0000000080e00000, 0x0000000080d00000| Untracked 
|  14|0x0000000080e00000, 0x0000000080f00000, 0x0000000080f00000|100%| O|  |TAMS 0x0000000080f00000, 0x0000000080e00000| Untracked 
|  15|0x0000000080f00000, 0x0000000081000000, 0x0000000081000000|100%| O|  |TAMS 0x0000000081000000, 0x0000000080f00000| Untracked 
|  16|0x0000000081000000, 0x000000008103f400, 0x0000000081100000| 24%| O|  |TAMS 0x000000008103f400, 0x0000000081000000| Untracked 
|  17|0x0000000081100000, 0x0000000081200000, 0x0000000081200000|100%|HS|  |TAMS 0x0000000081100000, 0x0000000081100000| Complete 
|  18|0x0000000081200000, 0x0000000081300000, 0x0000000081300000|100%|HC|  |TAMS 0x0000000081200000, 0x0000000081200000| Complete 
|  19|0x0000000081300000, 0x0000000081400000, 0x0000000081400000|100%|HS|  |TAMS 0x0000000081300000, 0x0000000081300000| Complete 
|  20|0x0000000081400000, 0x0000000081500000, 0x0000000081500000|100%|HC|  |TAMS 0x0000000081400000, 0x0000000081400000| Complete 
|  21|0x0000000081500000, 0x0000000081600000, 0x0000000081600000|100%|HC|  |TAMS 0x0000000081500000, 0x0000000081500000| Complete 
|  22|0x0000000081600000, 0x0000000081700000, 0x0000000081700000|100%|HS|  |TAMS 0x0000000081600000, 0x0000000081600000| Complete 
|  23|0x0000000081700000, 0x0000000081800000, 0x0000000081800000|100%|HC|  |TAMS 0x0000000081700000, 0x0000000081700000| Complete 
|  24|0x0000000081800000, 0x0000000081900000, 0x0000000081900000|100%|HC|  |TAMS 0x0000000081800000, 0x0000000081800000| Complete 
|  25|0x0000000081900000, 0x0000000081a00000, 0x0000000081a00000|100%|HC|  |TAMS 0x0000000081900000, 0x0000000081900000| Complete 
|  26|0x0000000081a00000, 0x0000000081a00000, 0x0000000081b00000|  0%| F|  |TAMS 0x0000000081a00000, 0x0000000081a00000| Untracked 
|  27|0x0000000081b00000, 0x0000000081b00000, 0x0000000081c00000|  0%| F|  |TAMS 0x0000000081b00000, 0x0000000081b00000| Untracked 
|  28|0x0000000081c00000, 0x0000000081c00000, 0x0000000081d00000|  0%| F|  |TAMS 0x0000000081c00000, 0x0000000081c00000| Untracked 
|  29|0x0000000081d00000, 0x0000000081d00000, 0x0000000081e00000|  0%| F|  |TAMS 0x0000000081d00000, 0x0000000081d00000| Untracked 
|  30|0x0000000081e00000, 0x0000000081e00000, 0x0000000081f00000|  0%| F|  |TAMS 0x0000000081e00000, 0x0000000081e00000| Untracked 
|  31|0x0000000081f00000, 0x0000000081f00000, 0x0000000082000000|  0%| F|  |TAMS 0x0000000081f00000, 0x0000000081f00000| Untracked 
|  32|0x0000000082000000, 0x0000000082000000, 0x0000000082100000|  0%| F|  |TAMS 0x0000000082000000, 0x0000000082000000| Untracked 
|  33|0x0000000082100000, 0x0000000082100000, 0x0000000082200000|  0%| F|  |TAMS 0x0000000082100000, 0x0000000082100000| Untracked 
|  34|0x0000000082200000, 0x0000000082200000, 0x0000000082300000|  0%| F|  |TAMS 0x0000000082200000, 0x0000000082200000| Untracked 
|  35|0x0000000082300000, 0x0000000082300000, 0x0000000082400000|  0%| F|  |TAMS 0x0000000082300000, 0x0000000082300000| Untracked 
|  36|0x0000000082400000, 0x0000000082400000, 0x0000000082500000|  0%| F|  |TAMS 0x0000000082400000, 0x0000000082400000| Untracked 
|  37|0x0000000082500000, 0x0000000082500000, 0x0000000082600000|  0%| F|  |TAMS 0x0000000082500000, 0x0000000082500000| Untracked 
|  38|0x0000000082600000, 0x0000000082600000, 0x0000000082700000|  0%| F|  |TAMS 0x0000000082600000, 0x0000000082600000| Untracked 
|  39|0x0000000082700000, 0x0000000082700000, 0x0000000082800000|  0%| F|  |TAMS 0x0000000082700000, 0x0000000082700000| Untracked 
|  40|0x0000000082800000, 0x0000000082800000, 0x0000000082900000|  0%| F|  |TAMS 0x0000000082800000, 0x0000000082800000| Untracked 
|  41|0x0000000082900000, 0x0000000082900000, 0x0000000082a00000|  0%| F|  |TAMS 0x0000000082900000, 0x0000000082900000| Untracked 
|  42|0x0000000082a00000, 0x0000000082a00000, 0x0000000082b00000|  0%| F|  |TAMS 0x0000000082a00000, 0x0000000082a00000| Untracked 
|  43|0x0000000082b00000, 0x0000000082b00000, 0x0000000082c00000|  0%| F|  |TAMS 0x0000000082b00000, 0x0000000082b00000| Untracked 
|  44|0x0000000082c00000, 0x0000000082c00000, 0x0000000082d00000|  0%| F|  |TAMS 0x0000000082c00000, 0x0000000082c00000| Untracked 
|  45|0x0000000082d00000, 0x0000000082d00000, 0x0000000082e00000|  0%| F|  |TAMS 0x0000000082d00000, 0x0000000082d00000| Untracked 
|  46|0x0000000082e00000, 0x0000000082e00000, 0x0000000082f00000|  0%| F|  |TAMS 0x0000000082e00000, 0x0000000082e00000| Untracked 
|  47|0x0000000082f00000, 0x0000000082f00000, 0x0000000083000000|  0%| F|  |TAMS 0x0000000082f00000, 0x0000000082f00000| Untracked 
|  48|0x0000000083000000, 0x0000000083000000, 0x0000000083100000|  0%| F|  |TAMS 0x0000000083000000, 0x0000000083000000| Untracked 
|  49|0x0000000083100000, 0x0000000083100000, 0x0000000083200000|  0%| F|  |TAMS 0x0000000083100000, 0x0000000083100000| Untracked 
|  50|0x0000000083200000, 0x0000000083200000, 0x0000000083300000|  0%| F|  |TAMS 0x0000000083200000, 0x0000000083200000| Untracked 
|  51|0x0000000083300000, 0x0000000083300000, 0x0000000083400000|  0%| F|  |TAMS 0x0000000083300000, 0x0000000083300000| Untracked 
|  52|0x0000000083400000, 0x0000000083400000, 0x0000000083500000|  0%| F|  |TAMS 0x0000000083400000, 0x0000000083400000| Untracked 
|  53|0x0000000083500000, 0x0000000083500000, 0x0000000083600000|  0%| F|  |TAMS 0x0000000083500000, 0x0000000083500000| Untracked 
|  54|0x0000000083600000, 0x0000000083600000, 0x0000000083700000|  0%| F|  |TAMS 0x0000000083600000, 0x0000000083600000| Untracked 
|  55|0x0000000083700000, 0x0000000083700000, 0x0000000083800000|  0%| F|  |TAMS 0x0000000083700000, 0x0000000083700000| Untracked 
|  56|0x0000000083800000, 0x0000000083800000, 0x0000000083900000|  0%| F|  |TAMS 0x0000000083800000, 0x0000000083800000| Untracked 
|  57|0x0000000083900000, 0x0000000083900000, 0x0000000083a00000|  0%| F|  |TAMS 0x0000000083900000, 0x0000000083900000| Untracked 
|  58|0x0000000083a00000, 0x0000000083a00000, 0x0000000083b00000|  0%| F|  |TAMS 0x0000000083a00000, 0x0000000083a00000| Untracked 
|  59|0x0000000083b00000, 0x0000000083b00000, 0x0000000083c00000|  0%| F|  |TAMS 0x0000000083b00000, 0x0000000083b00000| Untracked 
|  60|0x0000000083c00000, 0x0000000083cd69d0, 0x0000000083d00000| 83%| S|CS|TAMS 0x0000000083c00000, 0x0000000083c00000| Complete 
|  61|0x0000000083d00000, 0x0000000083e00000, 0x0000000083e00000|100%| S|CS|TAMS 0x0000000083d00000, 0x0000000083d00000| Complete 
|  62|0x0000000083e00000, 0x0000000083f00000, 0x0000000083f00000|100%| S|CS|TAMS 0x0000000083e00000, 0x0000000083e00000| Complete 
|  63|0x0000000083f00000, 0x0000000084000000, 0x0000000084000000|100%| S|CS|TAMS 0x0000000083f00000, 0x0000000083f00000| Complete 
|  64|0x0000000084000000, 0x0000000084100000, 0x0000000084100000|100%| S|CS|TAMS 0x0000000084000000, 0x0000000084000000| Complete 
|  65|0x0000000084100000, 0x0000000084200000, 0x0000000084200000|100%| S|CS|TAMS 0x0000000084100000, 0x0000000084100000| Complete 
|  66|0x0000000084200000, 0x0000000084300000, 0x0000000084300000|100%| S|CS|TAMS 0x0000000084200000, 0x0000000084200000| Complete 
|  67|0x0000000084300000, 0x0000000084400000, 0x0000000084400000|100%| S|CS|TAMS 0x0000000084300000, 0x0000000084300000| Complete 
|  68|0x0000000084400000, 0x0000000084400000, 0x0000000084500000|  0%| F|  |TAMS 0x0000000084400000, 0x0000000084400000| Untracked 
|  69|0x0000000084500000, 0x0000000084500000, 0x0000000084600000|  0%| F|  |TAMS 0x0000000084500000, 0x0000000084500000| Untracked 
|  70|0x0000000084600000, 0x0000000084600000, 0x0000000084700000|  0%| F|  |TAMS 0x0000000084600000, 0x0000000084600000| Untracked 
|  71|0x0000000084700000, 0x0000000084700000, 0x0000000084800000|  0%| F|  |TAMS 0x0000000084700000, 0x0000000084700000| Untracked 
|  72|0x0000000084800000, 0x0000000084800000, 0x0000000084900000|  0%| F|  |TAMS 0x0000000084800000, 0x0000000084800000| Untracked 
|  73|0x0000000084900000, 0x0000000084900000, 0x0000000084a00000|  0%| F|  |TAMS 0x0000000084900000, 0x0000000084900000| Untracked 
|  74|0x0000000084a00000, 0x0000000084a00000, 0x0000000084b00000|  0%| F|  |TAMS 0x0000000084a00000, 0x0000000084a00000| Untracked 
|  75|0x0000000084b00000, 0x0000000084b00000, 0x0000000084c00000|  0%| F|  |TAMS 0x0000000084b00000, 0x0000000084b00000| Untracked 
|  76|0x0000000084c00000, 0x0000000084c00000, 0x0000000084d00000|  0%| F|  |TAMS 0x0000000084c00000, 0x0000000084c00000| Untracked 
|  77|0x0000000084d00000, 0x0000000084d00000, 0x0000000084e00000|  0%| F|  |TAMS 0x0000000084d00000, 0x0000000084d00000| Untracked 
|  78|0x0000000084e00000, 0x0000000084e00000, 0x0000000084f00000|  0%| F|  |TAMS 0x0000000084e00000, 0x0000000084e00000| Untracked 
|  79|0x0000000084f00000, 0x0000000084f00000, 0x0000000085000000|  0%| F|  |TAMS 0x0000000084f00000, 0x0000000084f00000| Untracked 
|  80|0x0000000085000000, 0x0000000085000000, 0x0000000085100000|  0%| F|  |TAMS 0x0000000085000000, 0x0000000085000000| Untracked 
|  81|0x0000000085100000, 0x0000000085100000, 0x0000000085200000|  0%| F|  |TAMS 0x0000000085100000, 0x0000000085100000| Untracked 
|  82|0x0000000085200000, 0x0000000085200000, 0x0000000085300000|  0%| F|  |TAMS 0x0000000085200000, 0x0000000085200000| Untracked 
|  83|0x0000000085300000, 0x0000000085300000, 0x0000000085400000|  0%| F|  |TAMS 0x0000000085300000, 0x0000000085300000| Untracked 
|  84|0x0000000085400000, 0x0000000085400000, 0x0000000085500000|  0%| F|  |TAMS 0x0000000085400000, 0x0000000085400000| Untracked 
|  85|0x0000000085500000, 0x0000000085500000, 0x0000000085600000|  0%| F|  |TAMS 0x0000000085500000, 0x0000000085500000| Untracked 
|  86|0x0000000085600000, 0x0000000085600000, 0x0000000085700000|  0%| F|  |TAMS 0x0000000085600000, 0x0000000085600000| Untracked 
|  87|0x0000000085700000, 0x0000000085700000, 0x0000000085800000|  0%| F|  |TAMS 0x0000000085700000, 0x0000000085700000| Untracked 
|  88|0x0000000085800000, 0x0000000085800000, 0x0000000085900000|  0%| F|  |TAMS 0x0000000085800000, 0x0000000085800000| Untracked 
|  89|0x0000000085900000, 0x0000000085900000, 0x0000000085a00000|  0%| F|  |TAMS 0x0000000085900000, 0x0000000085900000| Untracked 
|  90|0x0000000085a00000, 0x0000000085a00000, 0x0000000085b00000|  0%| F|  |TAMS 0x0000000085a00000, 0x0000000085a00000| Untracked 
|  91|0x0000000085b00000, 0x0000000085b00000, 0x0000000085c00000|  0%| F|  |TAMS 0x0000000085b00000, 0x0000000085b00000| Untracked 
|  92|0x0000000085c00000, 0x0000000085c00000, 0x0000000085d00000|  0%| F|  |TAMS 0x0000000085c00000, 0x0000000085c00000| Untracked 
|  93|0x0000000085d00000, 0x0000000085d00000, 0x0000000085e00000|  0%| F|  |TAMS 0x0000000085d00000, 0x0000000085d00000| Untracked 
|  94|0x0000000085e00000, 0x0000000085e00000, 0x0000000085f00000|  0%| F|  |TAMS 0x0000000085e00000, 0x0000000085e00000| Untracked 
|  95|0x0000000085f00000, 0x0000000085f00000, 0x0000000086000000|  0%| F|  |TAMS 0x0000000085f00000, 0x0000000085f00000| Untracked 
|  96|0x0000000086000000, 0x0000000086000000, 0x0000000086100000|  0%| F|  |TAMS 0x0000000086000000, 0x0000000086000000| Untracked 
|  97|0x0000000086100000, 0x0000000086100000, 0x0000000086200000|  0%| F|  |TAMS 0x0000000086100000, 0x0000000086100000| Untracked 
|  98|0x0000000086200000, 0x0000000086200000, 0x0000000086300000|  0%| F|  |TAMS 0x0000000086200000, 0x0000000086200000| Untracked 
|  99|0x0000000086300000, 0x0000000086400000, 0x0000000086400000|100%| E|  |TAMS 0x0000000086300000, 0x0000000086300000| Complete 
| 100|0x0000000086400000, 0x0000000086500000, 0x0000000086500000|100%| E|CS|TAMS 0x0000000086400000, 0x0000000086400000| Complete 
| 101|0x0000000086500000, 0x0000000086600000, 0x0000000086600000|100%| E|CS|TAMS 0x0000000086500000, 0x0000000086500000| Complete 
| 102|0x0000000086600000, 0x0000000086700000, 0x0000000086700000|100%| E|CS|TAMS 0x0000000086600000, 0x0000000086600000| Complete 
| 103|0x0000000086700000, 0x0000000086800000, 0x0000000086800000|100%| E|CS|TAMS 0x0000000086700000, 0x0000000086700000| Complete 
| 104|0x0000000086800000, 0x0000000086900000, 0x0000000086900000|100%| E|CS|TAMS 0x0000000086800000, 0x0000000086800000| Complete 
| 105|0x0000000086900000, 0x0000000086a00000, 0x0000000086a00000|100%| E|CS|TAMS 0x0000000086900000, 0x0000000086900000| Complete 
| 106|0x0000000086a00000, 0x0000000086b00000, 0x0000000086b00000|100%| E|CS|TAMS 0x0000000086a00000, 0x0000000086a00000| Complete 
| 107|0x0000000086b00000, 0x0000000086c00000, 0x0000000086c00000|100%| E|CS|TAMS 0x0000000086b00000, 0x0000000086b00000| Complete 
| 108|0x0000000086c00000, 0x0000000086d00000, 0x0000000086d00000|100%| E|CS|TAMS 0x0000000086c00000, 0x0000000086c00000| Complete 
| 109|0x0000000086d00000, 0x0000000086e00000, 0x0000000086e00000|100%| E|CS|TAMS 0x0000000086d00000, 0x0000000086d00000| Complete 
| 110|0x0000000086e00000, 0x0000000086f00000, 0x0000000086f00000|100%| E|CS|TAMS 0x0000000086e00000, 0x0000000086e00000| Complete 
| 111|0x0000000086f00000, 0x0000000087000000, 0x0000000087000000|100%| E|CS|TAMS 0x0000000086f00000, 0x0000000086f00000| Complete 
| 112|0x0000000087000000, 0x0000000087100000, 0x0000000087100000|100%| E|CS|TAMS 0x0000000087000000, 0x0000000087000000| Complete 
| 113|0x0000000087100000, 0x0000000087200000, 0x0000000087200000|100%| E|CS|TAMS 0x0000000087100000, 0x0000000087100000| Complete 
| 114|0x0000000087200000, 0x0000000087300000, 0x0000000087300000|100%| E|CS|TAMS 0x0000000087200000, 0x0000000087200000| Complete 
| 115|0x0000000087300000, 0x0000000087400000, 0x0000000087400000|100%| E|CS|TAMS 0x0000000087300000, 0x0000000087300000| Complete 
| 116|0x0000000087400000, 0x0000000087500000, 0x0000000087500000|100%| E|CS|TAMS 0x0000000087400000, 0x0000000087400000| Complete 
| 117|0x0000000087500000, 0x0000000087600000, 0x0000000087600000|100%| E|CS|TAMS 0x0000000087500000, 0x0000000087500000| Complete 
| 118|0x0000000087600000, 0x0000000087700000, 0x0000000087700000|100%| E|CS|TAMS 0x0000000087600000, 0x0000000087600000| Complete 
| 119|0x0000000087700000, 0x0000000087800000, 0x0000000087800000|100%| E|CS|TAMS 0x0000000087700000, 0x0000000087700000| Complete 
| 120|0x0000000087800000, 0x0000000087900000, 0x0000000087900000|100%| E|CS|TAMS 0x0000000087800000, 0x0000000087800000| Complete 
| 121|0x0000000087900000, 0x0000000087a00000, 0x0000000087a00000|100%| E|CS|TAMS 0x0000000087900000, 0x0000000087900000| Complete 
| 122|0x0000000087a00000, 0x0000000087b00000, 0x0000000087b00000|100%| E|CS|TAMS 0x0000000087a00000, 0x0000000087a00000| Complete 
| 123|0x0000000087b00000, 0x0000000087c00000, 0x0000000087c00000|100%| E|CS|TAMS 0x0000000087b00000, 0x0000000087b00000| Complete 
| 124|0x0000000087c00000, 0x0000000087d00000, 0x0000000087d00000|100%| E|CS|TAMS 0x0000000087c00000, 0x0000000087c00000| Complete 
| 125|0x0000000087d00000, 0x0000000087e00000, 0x0000000087e00000|100%| E|CS|TAMS 0x0000000087d00000, 0x0000000087d00000| Complete 

Card table byte_map: [0x0000022f35330000,0x0000022f35730000] _byte_map_base: 0x0000022f34f30000

Marking Bits (Prev, Next): (CMBitMap*) 0x0000022f2214f490, (CMBitMap*) 0x0000022f2214f458
 Prev Bits: [0x0000022f37b30000, 0x0000022f39b30000)
 Next Bits: [0x0000022f35b30000, 0x0000022f37b30000)

Polling page: 0x0000022f218e0000

Metaspace:

Usage:
  Non-class:     29.87 MB capacity,    29.26 MB ( 98%) used,   543.73 KB (  2%) free+waste,    84.13 KB ( <1%) overhead. 
      Class:      4.81 MB capacity,     4.52 MB ( 94%) used,   256.79 KB (  5%) free+waste,    41.81 KB ( <1%) overhead. 
       Both:     34.68 MB capacity,    33.77 MB ( 97%) used,   800.52 KB (  2%) free+waste,   125.94 KB ( <1%) overhead. 

Virtual space:
  Non-class space:       30.00 MB reserved,      30.00 MB (100%) committed 
      Class space:        1.00 GB reserved,       4.88 MB ( <1%) committed 
             Both:        1.03 GB reserved,      34.88 MB (  3%) committed 

Chunk freelists:
   Non-Class:  2.00 KB
       Class:  6.00 KB
        Both:  8.00 KB

MaxMetaspaceSize: 17179869184.00 GB
CompressedClassSpaceSize: 1.00 GB

CodeHeap 'non-profiled nmethods': size=120000Kb used=1605Kb max_used=1605Kb free=118394Kb
 bounds [0x0000022f2d6d0000, 0x0000022f2d940000, 0x0000022f34c00000]
CodeHeap 'profiled nmethods': size=120000Kb used=6097Kb max_used=6097Kb free=113902Kb
 bounds [0x0000022f261a0000, 0x0000022f267a0000, 0x0000022f2d6d0000]
CodeHeap 'non-nmethods': size=5760Kb used=1171Kb max_used=1209Kb free=4588Kb
 bounds [0x0000022f25c00000, 0x0000022f25e70000, 0x0000022f261a0000]
 total_blobs=3442 nmethods=2925 adapters=427
 compilation: enabled
              stopped_count=0, restarted_count=0
 full_count=0

Compilation events (20 events):
Event: 3.760 Thread 0x0000022f3cf27000 2888       3       java.lang.SecurityManager$$Lambda$345/0x00000001004c4440::accept (8 bytes)
Event: 3.760 Thread 0x0000022f3cf27000 nmethod 2888 0x0000022f26783d10 code [0x0000022f26783ee0, 0x0000022f267841e8]
Event: 3.760 Thread 0x0000022f3cf27000 2889       3       java.lang.SecurityManager::lambda$addNonExportedPackages$1 (14 bytes)
Event: 3.760 Thread 0x0000022f3cf27000 nmethod 2889 0x0000022f26784310 code [0x0000022f267844e0, 0x0000022f26784688]
Event: 3.761 Thread 0x0000022f3cf27000 2892       3       org.codehaus.groovy.reflection.CachedMethod::getName (8 bytes)
Event: 3.761 Thread 0x0000022f3cf27000 nmethod 2892 0x0000022f26784790 code [0x0000022f26784940, 0x0000022f26784a58]
Event: 3.761 Thread 0x0000022f3cf27000 2891       1       java.lang.ClassValue$ClassValueMap::getCache (5 bytes)
Event: 3.761 Thread 0x0000022f3cf27000 nmethod 2891 0x0000022f2d85e990 code [0x0000022f2d85eb40, 0x0000022f2d85ebf8]
Event: 3.761 Thread 0x0000022f3cf27000 2893       3       java.lang.WeakPairMap$Pair::equals (34 bytes)
Event: 3.762 Thread 0x0000022f3cf27000 nmethod 2893 0x0000022f26784b10 code [0x0000022f26784ce0, 0x0000022f26785058]
Event: 3.762 Thread 0x0000022f3cf23000 nmethod 2890 0x0000022f2d85ec90 code [0x0000022f2d85ee20, 0x0000022f2d85efb8]
Event: 3.762 Thread 0x0000022f3cf23000 2894       4       java.util.HashMap::hash (20 bytes)
Event: 3.762 Thread 0x0000022f3cf27000 2895       1       org.codehaus.groovy.reflection.GeneratedMetaMethod::getDeclaringClass (5 bytes)
Event: 3.762 Thread 0x0000022f3cf27000 nmethod 2895 0x0000022f2d85f110 code [0x0000022f2d85f2c0, 0x0000022f2d85f378]
Event: 3.762 Thread 0x0000022f3cf27000 2896       3       org.codehaus.groovy.reflection.CachedClass::hashCode (33 bytes)
Event: 3.762 Thread 0x0000022f3cf27000 nmethod 2896 0x0000022f26785190 code [0x0000022f26785340, 0x0000022f26785508]
Event: 3.762 Thread 0x0000022f3cf27000 2897       3       java.util.HashMap::afterNodeAccess (1 bytes)
Event: 3.762 Thread 0x0000022f3cf27000 nmethod 2897 0x0000022f26785590 code [0x0000022f26785740, 0x0000022f26785838]
Event: 3.762 Thread 0x0000022f3cf27000 2898       3       java.lang.ClassValue::get (31 bytes)
Event: 3.763 Thread 0x0000022f3cf23000 nmethod 2894 0x0000022f2d85f410 code [0x0000022f2d85f5a0, 0x0000022f2d85f658]

GC Heap History (10 events):
Event: 0.558 GC heap before
{Heap before GC invocations=0 (full 0):
 garbage-first heap   total 129024K, used 30720K [0x0000000080000000, 0x0000000100000000)
  region size 1024K, 24 young (24576K), 0 survivors (0K)
 Metaspace       used 9852K, capacity 10058K, committed 10112K, reserved 1058816K
  class space    used 1030K, capacity 1102K, committed 1152K, reserved 1048576K
}
Event: 0.563 GC heap after
{Heap after GC invocations=1 (full 0):
 garbage-first heap   total 129024K, used 9562K [0x0000000080000000, 0x0000000100000000)
  region size 1024K, 3 young (3072K), 3 survivors (3072K)
 Metaspace       used 9852K, capacity 10058K, committed 10112K, reserved 1058816K
  class space    used 1030K, capacity 1102K, committed 1152K, reserved 1048576K
}
Event: 1.811 GC heap before
{Heap before GC invocations=1 (full 0):
 garbage-first heap   total 129024K, used 83290K [0x0000000080000000, 0x0000000100000000)
  region size 1024K, 75 young (76800K), 3 survivors (3072K)
 Metaspace       used 17907K, capacity 18312K, committed 18432K, reserved 1064960K
  class space    used 2117K, capacity 2290K, committed 2304K, reserved 1048576K
}
Event: 1.818 GC heap after
{Heap after GC invocations=2 (full 0):
 garbage-first heap   total 129024K, used 16730K [0x0000000080000000, 0x0000000100000000)
  region size 1024K, 10 young (10240K), 10 survivors (10240K)
 Metaspace       used 17907K, capacity 18312K, committed 18432K, reserved 1064960K
  class space    used 2117K, capacity 2290K, committed 2304K, reserved 1048576K
}
Event: 2.085 GC heap before
{Heap before GC invocations=2 (full 0):
 garbage-first heap   total 129024K, used 43354K [0x0000000080000000, 0x0000000100000000)
  region size 1024K, 37 young (37888K), 10 survivors (10240K)
 Metaspace       used 20691K, capacity 21156K, committed 21248K, reserved 1067008K
  class space    used 2545K, capacity 2727K, committed 2816K, reserved 1048576K
}
Event: 2.097 GC heap after
{Heap after GC invocations=3 (full 0):
 garbage-first heap   total 129024K, used 17831K [0x0000000080000000, 0x0000000100000000)
  region size 1024K, 2 young (2048K), 2 survivors (2048K)
 Metaspace       used 20691K, capacity 21156K, committed 21248K, reserved 1067008K
  class space    used 2545K, capacity 2727K, committed 2816K, reserved 1048576K
}
Event: 2.677 GC heap before
{Heap before GC invocations=4 (full 0):
 garbage-first heap   total 129024K, used 68007K [0x0000000080000000, 0x0000000100000000)
  region size 1024K, 51 young (52224K), 2 survivors (2048K)
 Metaspace       used 25818K, capacity 26376K, committed 26624K, reserved 1073152K
  class space    used 3334K, capacity 3536K, committed 3584K, reserved 1048576K
}
Event: 2.681 GC heap after
{Heap after GC invocations=5 (full 0):
 garbage-first heap   total 129024K, used 19477K [0x0000000080000000, 0x0000000100000000)
  region size 1024K, 3 young (3072K), 3 survivors (3072K)
 Metaspace       used 25818K, capacity 26376K, committed 26624K, reserved 1073152K
  class space    used 3334K, capacity 3536K, committed 3584K, reserved 1048576K
}
Event: 3.401 GC heap before
{Heap before GC invocations=5 (full 0):
 garbage-first heap   total 129024K, used 85013K [0x0000000080000000, 0x0000000100000000)
  region size 1024K, 58 young (59392K), 3 survivors (3072K)
 Metaspace       used 30672K, capacity 31392K, committed 31616K, reserved 1077248K
  class space    used 4093K, capacity 4359K, committed 4480K, reserved 1048576K
}
Event: 3.406 GC heap after
{Heap after GC invocations=6 (full 0):
 garbage-first heap   total 129024K, used 33879K [0x0000000080000000, 0x0000000100000000)
  region size 1024K, 8 young (8192K), 8 survivors (8192K)
 Metaspace       used 30672K, capacity 31392K, committed 31616K, reserved 1077248K
  class space    used 4093K, capacity 4359K, committed 4480K, reserved 1048576K
}

Deoptimization events (20 events):
Event: 3.630 Thread 0x0000022f3f1e7000 Uncommon trap: trap_request=0xffffff4d fr.pc=0x0000022f2d83a7f4 relative=0x0000000000000714
Event: 3.630 Thread 0x0000022f3f1e7000 Uncommon trap: reason=unstable_if action=reinterpret pc=0x0000022f2d83a7f4 method=java.lang.Class.getPackageName()Ljava/lang/String; @ 55 c2
Event: 3.630 Thread 0x0000022f3f1e7000 DEOPT PACKING pc=0x0000022f2d83a7f4 sp=0x00000070841f7eb0
Event: 3.630 Thread 0x0000022f3f1e7000 DEOPT UNPACKING pc=0x0000022f25c2662f sp=0x00000070841f7e70 mode 2
Event: 3.667 Thread 0x0000022f3f1e7000 Uncommon trap: trap_request=0xffffffc6 fr.pc=0x0000022f2d802e14 relative=0x0000000000000214
Event: 3.667 Thread 0x0000022f3f1e7000 Uncommon trap: reason=bimorphic_or_optimized_type_check action=maybe_recompile pc=0x0000022f2d802e14 method=java.io.BufferedInputStream.read([BII)I @ 101 c2
Event: 3.667 Thread 0x0000022f3f1e7000 DEOPT PACKING pc=0x0000022f2d802e14 sp=0x00000070841f75a0
Event: 3.667 Thread 0x0000022f3f1e7000 DEOPT UNPACKING pc=0x0000022f25c2662f sp=0x00000070841f7558 mode 2
Event: 3.668 Thread 0x0000022f3f1e7000 Uncommon trap: trap_request=0xffffffc6 fr.pc=0x0000022f2d802e14 relative=0x0000000000000214
Event: 3.668 Thread 0x0000022f3f1e7000 Uncommon trap: reason=bimorphic_or_optimized_type_check action=maybe_recompile pc=0x0000022f2d802e14 method=java.io.BufferedInputStream.read([BII)I @ 101 c2
Event: 3.668 Thread 0x0000022f3f1e7000 DEOPT PACKING pc=0x0000022f2d802e14 sp=0x00000070841f75a0
Event: 3.668 Thread 0x0000022f3f1e7000 DEOPT UNPACKING pc=0x0000022f25c2662f sp=0x00000070841f7558 mode 2
Event: 3.668 Thread 0x0000022f3f1e7000 Uncommon trap: trap_request=0xffffffc6 fr.pc=0x0000022f2d802e14 relative=0x0000000000000214
Event: 3.668 Thread 0x0000022f3f1e7000 Uncommon trap: reason=bimorphic_or_optimized_type_check action=maybe_recompile pc=0x0000022f2d802e14 method=java.io.BufferedInputStream.read([BII)I @ 101 c2
Event: 3.668 Thread 0x0000022f3f1e7000 DEOPT PACKING pc=0x0000022f2d802e14 sp=0x00000070841f75a0
Event: 3.668 Thread 0x0000022f3f1e7000 DEOPT UNPACKING pc=0x0000022f25c2662f sp=0x00000070841f7558 mode 2
Event: 3.669 Thread 0x0000022f3f1e7000 Uncommon trap: trap_request=0xffffffc6 fr.pc=0x0000022f2d802e14 relative=0x0000000000000214
Event: 3.669 Thread 0x0000022f3f1e7000 Uncommon trap: reason=bimorphic_or_optimized_type_check action=maybe_recompile pc=0x0000022f2d802e14 method=java.io.BufferedInputStream.read([BII)I @ 101 c2
Event: 3.669 Thread 0x0000022f3f1e7000 DEOPT PACKING pc=0x0000022f2d802e14 sp=0x00000070841f75a0
Event: 3.669 Thread 0x0000022f3f1e7000 DEOPT UNPACKING pc=0x0000022f25c2662f sp=0x00000070841f7558 mode 2

Classes redefined (0 events):
No events

Internal exceptions (20 events):
Event: 3.033 Thread 0x0000022f3f1e7000 Exception <a 'java/lang/NoSuchMethodError'{0x0000000086a27fc0}: <clinit>> (0x0000000086a27fc0) thrown at [./src/hotspot/share/prims/jni.cpp, line 1362]
Event: 3.033 Thread 0x0000022f3f1e7000 Exception <a 'java/lang/NoSuchMethodError'{0x0000000086a29658}: <clinit>> (0x0000000086a29658) thrown at [./src/hotspot/share/prims/jni.cpp, line 1362]
Event: 3.033 Thread 0x0000022f3f1e7000 Exception <a 'java/lang/NoSuchMethodError'{0x0000000086a2ab90}: <clinit>> (0x0000000086a2ab90) thrown at [./src/hotspot/share/prims/jni.cpp, line 1362]
Event: 3.206 Thread 0x0000022f3f1e7000 Exception <a 'java/lang/NoSuchMethodError'{0x0000000085958898}: 'java.lang.Object java.lang.invoke.DirectMethodHandle$Holder.invokeSpecialIFC(java.lang.Object, java.lang.Object, java.lang.Object, java.lang.Object)'> (0x0000000085958898) thrown at [./src/hotspot/share/interpreter/linkResolver.cpp, line 773]
Event: 3.213 Thread 0x0000022f3f1e7000 Exception <a 'java/lang/NoSuchMethodError'{0x000000008586f318}: 'java.lang.Object java.lang.invoke.DirectMethodHandle$Holder.invokeSpecial(java.lang.Object, java.lang.Object, java.lang.Object, java.lang.Object, java.lang.Object, java.lang.Object, java.lang.Object, java.lang.Object, java.lang.Object, java.lang.Object, java.lang.Object, java.lang.Object, java.lang.Object)'> (0x000000008586f318) thrown at [./src/hotspot/share/interpreter/linkResolver.cpp, line 773]
Event: 3.215 Thread 0x0000022f3f1e7000 Exception <a 'java/lang/NoSuchMethodError'{0x0000000085880420}: 'java.lang.Object java.lang.invoke.DirectMethodHandle$Holder.invokeSpecial(java.lang.Object, java.lang.Object, java.lang.Object, java.lang.Object, java.lang.Object, java.lang.Object, java.lang.Object, java.lang.Object, java.lang.Object, java.lang.Object, java.lang.Object, java.lang.Object)'> (0x0000000085880420) thrown at [./src/hotspot/share/interpreter/linkResolver.cpp, line 773]
Event: 3.216 Thread 0x0000022f3f1e7000 Exception <a 'java/lang/NoSuchMethodError'{0x0000000085885aa0}: 'java.lang.Object java.lang.invoke.Invokers$Holder.linkToTargetMethod(java.lang.Object, java.lang.Object, java.lang.Object, java.lang.Object, java.lang.Object, java.lang.Object, java.lang.Object, java.lang.Object, java.lang.Object, java.lang.Object, java.lang.Object)'> (0x0000000085885aa0) thrown at [./src/hotspot/share/interpreter/linkResolver.cpp, line 773]
Event: 3.228 Thread 0x0000022f3f1e7000 Exception <a 'java/lang/NoSuchMethodError'{0x00000000857d86f8}: 'java.lang.Object java.lang.invoke.DirectMethodHandle$Holder.invokeSpecial(java.lang.Object, java.lang.Object, java.lang.Object, java.lang.Object, java.lang.Object, java.lang.Object, java.lang.Object, java.lang.Object, java.lang.Object, java.lang.Object, java.lang.Object, java.lang.Object, java.lang.Object, java.lang.Object)'> (0x00000000857d86f8) thrown at [./src/hotspot/share/interpreter/linkResolver.cpp, line 773]
Event: 3.228 Thread 0x0000022f3f1e7000 Exception <a 'java/lang/NoSuchMethodError'{0x00000000857ea018}: 'java.lang.Object java.lang.invoke.Invokers$Holder.linkToTargetMethod(java.lang.Object, java.lang.Object, java.lang.Object, java.lang.Object, java.lang.Object, java.lang.Object, java.lang.Object, java.lang.Object, java.lang.Object, java.lang.Object, java.lang.Object, java.lang.Object)'> (0x00000000857ea018) thrown at [./src/hotspot/share/interpreter/linkResolver.cpp, line 773]
Event: 3.237 Thread 0x0000022f3f1e7000 Exception <a 'java/lang/NoSuchMethodError'{0x00000000856d9bf0}: 'java.lang.Object java.lang.invoke.DirectMethodHandle$Holder.invokeStaticInit(java.lang.Object, java.lang.Object, java.lang.Object, java.lang.Object)'> (0x00000000856d9bf0) thrown at [./src/hotspot/share/interpreter/linkResolver.cpp, line 773]
Event: 3.317 Thread 0x0000022f3f1e7000 Implicit null exception at 0x0000022f2d7b4b75 to 0x0000022f2d7b4d3c
Event: 3.317 Thread 0x0000022f3f1e7000 Implicit null exception at 0x0000022f2d783a2f to 0x0000022f2d783a9d
Event: 3.430 Thread 0x0000022f3f1e7000 Exception <a 'java/lang/NoSuchMethodError'{0x0000000087b94e38}: 'java.lang.Object java.lang.invoke.Invokers$Holder.linkToTargetMethod(java.lang.Object, java.lang.Object, java.lang.Object, java.lang.Object, java.lang.Object, java.lang.Object, java.lang.Object, java.lang.Object)'> (0x0000000087b94e38) thrown at [./src/hotspot/share/interpreter/linkResolver.cpp, line 773]
Event: 3.433 Thread 0x0000022f3f1e7000 Exception <a 'java/lang/NoSuchMethodError'{0x0000000087be1450}: 'java.lang.Object java.lang.invoke.Invokers$Holder.linkToTargetMethod(java.lang.Object, java.lang.Object, java.lang.Object, java.lang.Object, java.lang.Object, java.lang.Object, java.lang.Object)'> (0x0000000087be1450) thrown at [./src/hotspot/share/interpreter/linkResolver.cpp, line 773]
Event: 3.435 Thread 0x0000022f3f1e7000 Exception <a 'java/lang/IncompatibleClassChangeError'{0x0000000087a1ffd8}: Found class java.lang.Object, but interface was expected> (0x0000000087a1ffd8) thrown at [./src/hotspot/share/interpreter/linkResolver.cpp, line 839]
Event: 3.601 Thread 0x0000022f3f1e7000 Exception <a 'java/lang/NoSuchMethodError'{0x0000000086b2f1b0}: 'int java.lang.invoke.DirectMethodHandle$Holder.invokeStatic(java.lang.Object, java.lang.Object, java.lang.Object, java.lang.Object, java.lang.Object)'> (0x0000000086b2f1b0) thrown at [./src/hotspot/share/interpreter/linkResolver.cpp, line 773]
Event: 3.644 Thread 0x0000022f3f1e7000 Exception <a 'java/lang/NoSuchMethodError'{0x00000000869429d8}: 'void java.lang.invoke.DirectMethodHandle$Holder.invokeStaticInit(java.lang.Object, java.lang.Object, java.lang.Object, java.lang.Object)'> (0x00000000869429d8) thrown at [./src/hotspot/share/interpreter/linkResolver.cpp, line 773]
Event: 3.721 Thread 0x0000022f3f1e7000 Exception <a 'java/lang/NoSuchMethodError'{0x0000000086591590}: 'void java.lang.invoke.DirectMethodHandle$Holder.invokeStaticInit(java.lang.Object, java.lang.Object, java.lang.Object)'> (0x0000000086591590) thrown at [./src/hotspot/share/interpreter/linkResolver.cpp, line 773]
Event: 3.724 Thread 0x0000022f3f1e7000 Exception <a 'java/lang/NoSuchMethodError'{0x00000000865b7768}: 'void java.lang.invoke.DirectMethodHandle$Holder.invokeStaticInit(java.lang.Object, java.lang.Object, java.lang.Object, java.lang.Object, java.lang.Object)'> (0x00000000865b7768) thrown at [./src/hotspot/share/interpreter/linkResolver.cpp, line 773]
Event: 3.756 Thread 0x0000022f3f1e7000 Exception <a 'java/lang/NoSuchMethodError'{0x000000008642fd78}: 'int java.lang.invoke.DirectMethodHandle$Holder.invokeStaticInit(java.lang.Object, java.lang.Object, java.lang.Object, java.lang.Object)'> (0x000000008642fd78) thrown at [./src/hotspot/share/interpreter/linkResolver.cpp, line 773]

Events (20 events):
Event: 3.713 loading class org/codehaus/groovy/vmplugin/v8/PluginDefaultGroovyMethods
Event: 3.713 loading class org/codehaus/groovy/vmplugin/v8/PluginDefaultGroovyMethods done
Event: 3.714 loading class org/codehaus/groovy/runtime/DefaultGroovyMethodsSupport
Event: 3.714 loading class org/codehaus/groovy/runtime/DefaultGroovyMethodsSupport done
Event: 3.715 loading class jdk/internal/module/SystemModules$all
Event: 3.718 loading class jdk/internal/module/SystemModules$all done
Event: 3.720 loading class java/util/Spliterators$IteratorSpliterator
Event: 3.721 loading class java/util/Spliterators$IteratorSpliterator done
Event: 3.752 loading class groovy/lang/Tuple
Event: 3.752 loading class groovy/lang/Tuple done
Event: 3.753 loading class groovy/lang/Tuple2
Event: 3.753 loading class groovy/lang/Tuple2 done
Event: 3.755 loading class org/codehaus/groovy/reflection/ReflectionUtils$ClassContextHelper
Event: 3.755 loading class org/codehaus/groovy/reflection/ReflectionUtils$ClassContextHelper done
Event: 3.760 loading class org/codehaus/groovy/reflection/CacheAccessControlException
Event: 3.760 loading class org/codehaus/groovy/reflection/CacheAccessControlException done
Event: 3.760 loading class org/codehaus/groovy/reflection/CachedMethod$MyComparator
Event: 3.760 loading class org/codehaus/groovy/reflection/CachedMethod$MyComparator done
Event: 3.761 loading class org/codehaus/groovy/reflection/CachedClass$CachedMethodComparatorByName
Event: 3.761 loading class org/codehaus/groovy/reflection/CachedClass$CachedMethodComparatorByName done


Dynamic libraries:
0x00007ff66a280000 - 0x00007ff66a28a000 	C:\Program Files\Android\Android Studio1\jre\bin\java.exe
0x00007ff985600000 - 0x00007ff9857f0000 	C:\Windows\SYSTEM32\ntdll.dll
0x00007ff9840f0000 - 0x00007ff9841a2000 	C:\Windows\System32\KERNEL32.DLL
0x00007ff9828f0000 - 0x00007ff982b93000 	C:\Windows\System32\KERNELBASE.dll
0x00007ff9827a0000 - 0x00007ff98289a000 	C:\Windows\System32\ucrtbase.dll
0x00007ff97c900000 - 0x00007ff97c917000 	C:\Program Files\Android\Android Studio1\jre\bin\VCRUNTIME140.dll
0x00007ff97c8d0000 - 0x00007ff97c8e9000 	C:\Program Files\Android\Android Studio1\jre\bin\jli.dll
0x00007ff984490000 - 0x00007ff984623000 	C:\Windows\System32\USER32.dll
0x00007ff96f620000 - 0x00007ff96f8a5000 	C:\Windows\WinSxS\amd64_microsoft.windows.common-controls_6595b64144ccf1df_6.0.18362.175_none_e6c3ab1f131014c9\COMCTL32.dll
0x00007ff982590000 - 0x00007ff9825b1000 	C:\Windows\System32\win32u.dll
0x00007ff984390000 - 0x00007ff98442e000 	C:\Windows\System32\msvcrt.dll
0x00007ff9850f0000 - 0x00007ff985116000 	C:\Windows\System32\GDI32.dll
0x00007ff9836f0000 - 0x00007ff983a26000 	C:\Windows\System32\combase.dll
0x00007ff9833d0000 - 0x00007ff983564000 	C:\Windows\System32\gdi32full.dll
0x00007ff9854a0000 - 0x00007ff9855c0000 	C:\Windows\System32\RPCRT4.dll
0x00007ff982700000 - 0x00007ff98279e000 	C:\Windows\System32\msvcp_win.dll
0x00007ff982670000 - 0x00007ff9826f1000 	C:\Windows\System32\bcryptPrimitives.dll
0x00007ff9836c0000 - 0x00007ff9836ee000 	C:\Windows\System32\IMM32.DLL
0x00007ff92c590000 - 0x00007ff92c62d000 	C:\Program Files\Android\Android Studio1\jre\bin\msvcp140.dll
0x00007ff925960000 - 0x00007ff926435000 	C:\Program Files\Android\Android Studio1\jre\bin\server\jvm.dll
0x00007ff984d10000 - 0x00007ff984db3000 	C:\Windows\System32\ADVAPI32.dll
0x00007ff984dc0000 - 0x00007ff984e57000 	C:\Windows\System32\sechost.dll
0x00007ff984300000 - 0x00007ff984308000 	C:\Windows\System32\PSAPI.DLL
0x00007ff96ae10000 - 0x00007ff96ae19000 	C:\Windows\SYSTEM32\WSOCK32.dll
0x00007ff9841c0000 - 0x00007ff98422f000 	C:\Windows\System32\WS2_32.dll
0x00007ff97ab50000 - 0x00007ff97ab5a000 	C:\Windows\SYSTEM32\VERSION.dll
0x00007ff97fd70000 - 0x00007ff97fd94000 	C:\Windows\SYSTEM32\WINMM.dll
0x00007ff97fc60000 - 0x00007ff97fc8d000 	C:\Windows\SYSTEM32\winmmbase.dll
0x00007ff9828a0000 - 0x00007ff9828ea000 	C:\Windows\System32\cfgmgr32.dll
0x00007ff982550000 - 0x00007ff982561000 	C:\Windows\System32\kernel.appcore.dll
0x00007ff979c60000 - 0x00007ff979c71000 	C:\Program Files\Android\Android Studio1\jre\bin\verify.dll
0x00007ff980cd0000 - 0x00007ff980ec4000 	C:\Windows\SYSTEM32\DBGHELP.DLL
0x00007ff96eb60000 - 0x00007ff96eb8a000 	C:\Windows\SYSTEM32\dbgcore.DLL
0x00007ff979c30000 - 0x00007ff979c59000 	C:\Program Files\Android\Android Studio1\jre\bin\java.dll
0x00007ff97c560000 - 0x00007ff97c56b000 	C:\Program Files\Android\Android Studio1\jre\bin\jimage.dll
0x00007ff977e90000 - 0x00007ff977ea8000 	C:\Program Files\Android\Android Studio1\jre\bin\zip.dll
0x00007ff984630000 - 0x00007ff984d10000 	C:\Windows\System32\SHELL32.dll
0x00007ff983b20000 - 0x00007ff983bc9000 	C:\Windows\System32\shcore.dll
0x00007ff982c00000 - 0x00007ff98337b000 	C:\Windows\System32\windows.storage.dll
0x00007ff982570000 - 0x00007ff98258f000 	C:\Windows\System32\profapi.dll
0x00007ff9824e0000 - 0x00007ff98252a000 	C:\Windows\System32\powrprof.dll
0x00007ff9824d0000 - 0x00007ff9824e0000 	C:\Windows\System32\UMPDC.dll
0x00007ff984430000 - 0x00007ff984482000 	C:\Windows\System32\shlwapi.dll
0x00007ff9833b0000 - 0x00007ff9833c7000 	C:\Windows\System32\cryptsp.dll
0x00007ff977e70000 - 0x00007ff977e8a000 	C:\Program Files\Android\Android Studio1\jre\bin\net.dll
0x00007ff97b870000 - 0x00007ff97b95f000 	C:\Windows\SYSTEM32\WINHTTP.dll
0x00007ff981d40000 - 0x00007ff981da7000 	C:\Windows\system32\mswsock.dll
0x00007ff971e60000 - 0x00007ff971e74000 	C:\Program Files\Android\Android Studio1\jre\bin\nio.dll
0x00007ff95e900000 - 0x00007ff95e927000 	C:\Users\user\.gradle\native\e1d6ef7f7dcc3fd88c89a11ec53ec762bb8ba0a96d01ffa2cd45eb1d1d8dd5c5\windows-amd64\native-platform.dll
0x00007ff928490000 - 0x00007ff9285d4000 	C:\Users\user\.gradle\native\5664cfc778a61ccfe75a443a1ab52a65af34e5dc3c78e0209fed803814484fcb\windows-amd64\native-platform-file-events.dll
0x00007ff971e50000 - 0x00007ff971e5a000 	C:\Program Files\Android\Android Studio1\jre\bin\management.dll
0x00007ff971e40000 - 0x00007ff971e4d000 	C:\Program Files\Android\Android Studio1\jre\bin\management_ext.dll
0x00007ff981900000 - 0x00007ff981933000 	C:\Windows\system32\rsaenh.dll
0x00007ff983380000 - 0x00007ff9833a6000 	C:\Windows\System32\bcrypt.dll
0x00007ff9823c0000 - 0x00007ff9823e5000 	C:\Windows\SYSTEM32\USERENV.dll
0x00007ff981f10000 - 0x00007ff981f1c000 	C:\Windows\SYSTEM32\CRYPTBASE.dll
0x00007ff981aa0000 - 0x00007ff981ada000 	C:\Windows\SYSTEM32\IPHLPAPI.DLL
0x00007ff985010000 - 0x00007ff985018000 	C:\Windows\System32\NSI.dll
0x00007ff977b70000 - 0x00007ff977b86000 	C:\Windows\SYSTEM32\dhcpcsvc6.DLL
0x00007ff9795b0000 - 0x00007ff9795cc000 	C:\Windows\SYSTEM32\dhcpcsvc.DLL
0x00007ff981ae0000 - 0x00007ff981baa000 	C:\Windows\SYSTEM32\DNSAPI.dll

dbghelp: loaded successfully - version: 4.0.5 - missing functions: none
symbol engine: initialized successfully - sym options: 0x614 - pdb path: .;C:\Program Files\Android\Android Studio1\jre\bin;C:\Windows\SYSTEM32;C:\Windows\WinSxS\amd64_microsoft.windows.common-controls_6595b64144ccf1df_6.0.18362.175_none_e6c3ab1f131014c9;C:\Program Files\Android\Android Studio1\jre\bin\server;C:\Users\user\.gradle\native\e1d6ef7f7dcc3fd88c89a11ec53ec762bb8ba0a96d01ffa2cd45eb1d1d8dd5c5\windows-amd64;C:\Users\user\.gradle\native\5664cfc778a61ccfe75a443a1ab52a65af34e5dc3c78e0209fed803814484fcb\windows-amd64

VM Arguments:
jvm_args: --add-opens=java.base/java.util=ALL-UNNAMED --add-opens=java.base/java.lang=ALL-UNNAMED --add-opens=java.base/java.lang.invoke=ALL-UNNAMED --add-opens=java.base/java.util=ALL-UNNAMED --add-opens=java.prefs/java.util.prefs=ALL-UNNAMED --add-opens=java.prefs/java.util.prefs=ALL-UNNAMED --add-opens=java.base/java.nio.charset=ALL-UNNAMED --add-opens=java.base/java.net=ALL-UNNAMED --add-opens=java.base/java.util.concurrent.atomic=ALL-UNNAMED -Xmx2048m -Dfile.encoding=UTF-8 -Duser.country=US -Duser.language=en -Duser.variant 
java_command: org.gradle.launcher.daemon.bootstrap.GradleDaemon 7.3.3
java_class_path (initial): C:\Users\user\.gradle\wrapper\dists\gradle-7.3.3-bin\6a41zxkdtcxs8rphpq6y0069z\gradle-7.3.3\lib\gradle-launcher-7.3.3.jar
Launcher Type: SUN_STANDARD

[Global flags]
     intx CICompilerCount                          = 4                                         {product} {ergonomic}
     uint ConcGCThreads                            = 2                                         {product} {ergonomic}
     uint G1ConcRefinementThreads                  = 8                                         {product} {ergonomic}
   size_t G1HeapRegionSize                         = 1048576                                   {product} {ergonomic}
    uintx GCDrainStackTargetSize                   = 64                                        {product} {ergonomic}
   size_t InitialHeapSize                          = 132120576                                 {product} {ergonomic}
   size_t MarkStackSize                            = 4194304                                   {product} {ergonomic}
   size_t MaxHeapSize                              = 2147483648                                {product} {command line}
   size_t MaxNewSize                               = 1287651328                                {product} {ergonomic}
   size_t MinHeapDeltaBytes                        = 1048576                                   {product} {ergonomic}
    uintx NonNMethodCodeHeapSize                   = 5836300                                {pd product} {ergonomic}
    uintx NonProfiledCodeHeapSize                  = 122910970                              {pd product} {ergonomic}
    uintx ProfiledCodeHeapSize                     = 122910970                              {pd product} {ergonomic}
    uintx ReservedCodeCacheSize                    = 251658240                              {pd product} {ergonomic}
     bool SegmentedCodeCache                       = true                                      {product} {ergonomic}
     bool UseCompressedClassPointers               = true                                 {lp64_product} {ergonomic}
     bool UseCompressedOops                        = true                                 {lp64_product} {ergonomic}
     bool UseG1GC                                  = true                                      {product} {ergonomic}
     bool UseLargePagesIndividualAllocation        = false                                  {pd product} {ergonomic}

Logging:
Log output configuration:
 #0: stdout all=warning uptime,level,tags
 #1: stderr all=off uptime,level,tags

Environment Variables:
JAVA_HOME=C:\Program Files\Java\jdk-17.0.1
PATH=C:\Program Files\Common Files\Oracle\Java\javapath;C:\Windows\system32;C:\Windows;C:\Windows\System32\Wbem;C:\Windows\System32\WindowsPowerShell\v1.0\;C:\Windows\System32\OpenSSH\;C:\Program Files (x86)\NVIDIA Corporation\PhysX\Common;C:\Program Files\7-Zip;C:\Program Files\dotnet\;C:\Program Files\Microsoft SQL Server\130\Tools\Binn\;C:\Program Files\Microsoft SQL Server\Client SDK\ODBC\170\Tools\Binn\;C:\Program Files\Java\jdk-17.0.1\bin;C:\Program Files\Git\cmd;C:\Users\user\AppData\Local\Microsoft\WindowsApps;C:\Users\user\AppData\Local\Programs\Microsoft VS Code\bin;C:\MinGW\bin;C:\Users\user\.dotnet\tools;C:\Program Files\JetBrains\IntelliJ IDEA 2021.2.3\bin;;C:\Program Files\JetBrains\IntelliJ IDEA Community Edition 2021.2.3\bin;
USERNAME=user
OS=Windows_NT
PROCESSOR_IDENTIFIER=Intel64 Family 6 Model 165 Stepping 2, GenuineIntel



---------------  S Y S T E M  ---------------

OS: Windows 10 , 64 bit Build 18362 (10.0.18362.86)
OS uptime: 2 days 16:18 hours

CPU:total 8 (initial active 8) (4 cores per cpu, 2 threads per core) family 6 model 165 stepping 2 microcode 0xe0, cmov, cx8, fxsr, mmx, sse, sse2, sse3, ssse3, sse4.1, sse4.2, popcnt, avx, avx2, aes, clmul, erms, 3dnowpref, lzcnt, ht, tsc, tscinvbit, bmi1, bmi2, adx, fma

Memory: 4k page, system-wide physical 7993M (1006M free)
TotalPageFile size 19446M (AvailPageFile size 5M)
current process WorkingSet (physical memory assigned to process): 244M, peak: 244M
current process commit charge ("private bytes"): 299M, peak: 300M

vm_info: OpenJDK 64-Bit Server VM (11.0.11+9-b60-7590822) for windows-amd64 JRE (11.0.11+9-b60-7590822), built on Jul 29 2021 21:43:44 by "builder" with MS VC++ 14.0 (VS2015)

END.
