#
# There is insufficient memory for the Java Runtime Environment to continue.
# Native memory allocation (malloc) failed to allocate 131088 bytes for Chunk::new
# Possible reasons:
#   The system is out of physical RAM or swap space
#   The process is running with CompressedOops enabled, and the Java Heap may be blocking the growth of the native heap
# Possible solutions:
#   Reduce memory load on the system
#   Increase physical memory or swap space
#   Check if swap backing store is full
#   Decrease Java heap size (-Xmx/-Xms)
#   Decrease number of Java threads
#   Decrease Java thread stack sizes (-Xss)
#   Set larger code cache with -XX:ReservedCodeCacheSize=
#   JVM is running with Unscaled Compressed Oops mode in which the Java heap is
#     placed in the first 4GB address space. The Java Heap base address is the
#     maximum limit for the native heap growth. Please use -XX:HeapBaseMinAddress
#     to set the Java Heap base and to place the Java Heap above 4GB virtual address.
# This output file may be truncated or incomplete.
#
#  Out of Memory Error (./src/hotspot/share/memory/arena.cpp:197), pid=19936, tid=21196
#
# JRE version: OpenJDK Runtime Environment (11.0.11+9) (build 11.0.11+9-b60-7590822)
# Java VM: OpenJDK 64-Bit Server VM (11.0.11+9-b60-7590822, mixed mode, tiered, compressed oops, g1 gc, windows-amd64)
# No core dump will be written. Minidumps are not enabled by default on client versions of Windows
#

---------------  S U M M A R Y ------------

Command Line: --add-opens=java.base/java.util=ALL-UNNAMED --add-opens=java.base/java.lang=ALL-UNNAMED --add-opens=java.base/java.lang.invoke=ALL-UNNAMED --add-opens=java.base/java.util=ALL-UNNAMED --add-opens=java.prefs/java.util.prefs=ALL-UNNAMED --add-opens=java.prefs/java.util.prefs=ALL-UNNAMED --add-opens=java.base/java.nio.charset=ALL-UNNAMED --add-opens=java.base/java.net=ALL-UNNAMED --add-opens=java.base/java.util.concurrent.atomic=ALL-UNNAMED -Xmx2048m -Dfile.encoding=UTF-8 -Duser.country=US -Duser.language=en -Duser.variant org.gradle.launcher.daemon.bootstrap.GradleDaemon 7.3.3

Host: Intel(R) Core(TM) i5-10300H CPU @ 2.50GHz, 8 cores, 7G,  Windows 10 , 64 bit Build 18362 (10.0.18362.86)
Time: Wed Jun 22 13:55:46 2022 West Asia Standard Time elapsed time: 25.679295 seconds (0d 0h 0m 25s)

---------------  T H R E A D  ---------------

Current thread (0x00000131cad7a800):  JavaThread "C2 CompilerThread0" daemon [_thread_in_native, id=21196, stack(0x00000011dc100000,0x00000011dc200000)]


Current CompileTask:
C2:  25679 12243       4       org.objectweb.asm.signature.SignatureReader::parseType (411 bytes)

Stack: [0x00000011dc100000,0x00000011dc200000]
Native frames: (J=compiled Java code, j=interpreted, Vv=VM code, C=native code)
V  [jvm.dll+0x5f214a]
V  [jvm.dll+0x726fb5]
V  [jvm.dll+0x7285cd]
V  [jvm.dll+0x728c83]
V  [jvm.dll+0x243278]
V  [jvm.dll+0xbc53c]
V  [jvm.dll+0xbca3c]
V  [jvm.dll+0xbc638]
V  [jvm.dll+0x5d14e0]
V  [jvm.dll+0x61ca69]
V  [jvm.dll+0x203c0e]
V  [jvm.dll+0x1fdbac]
V  [jvm.dll+0x1fb35f]
V  [jvm.dll+0x183d6c]
V  [jvm.dll+0x209a57]
V  [jvm.dll+0x2082a1]
V  [jvm.dll+0x6ef58f]
V  [jvm.dll+0x6e80b5]
V  [jvm.dll+0x5f1036]
C  [ucrtbase.dll+0x1d912]
C  [KERNEL32.DLL+0x17bd4]
C  [ntdll.dll+0x6ce71]


---------------  P R O C E S S  ---------------

Threads class SMR info:
_java_thread_list=0x00000131cb879bb0, length=122, elements={
0x00000131b08df800, 0x00000131cad52800, 0x00000131cad5f800, 0x00000131cad74000,
0x00000131cad76800, 0x00000131cad77800, 0x00000131cad7a800, 0x00000131cb6dd800,
0x00000131cb6de800, 0x00000131cb846000, 0x00000131cd750000, 0x00000131ccc02800,
0x00000131cbaa0800, 0x00000131ccfef800, 0x00000131ce22d000, 0x00000131cd6d8000,
0x00000131cd861800, 0x00000131cd6d9000, 0x00000131cd88e800, 0x00000131cdc9a800,
0x00000131cdc95000, 0x00000131cdc98000, 0x00000131cdc9b800, 0x00000131cdc96800,
0x00000131cdc96000, 0x00000131cdc99000, 0x00000131cdc97800, 0x00000131cdc9a000,
0x00000131cf309000, 0x00000131cf30f000, 0x00000131cf30f800, 0x00000131cf30b000,
0x00000131cf30a000, 0x00000131cf30b800, 0x00000131cf30d000, 0x00000131cf30c800,
0x00000131cf30e000, 0x00000131d07ae000, 0x00000131d07a8000, 0x00000131d07ac000,
0x00000131d07ae800, 0x00000131d07a9000, 0x00000131d07aa000, 0x00000131cef46800,
0x00000131cef4d000, 0x00000131cef4a800, 0x00000131cef4c800, 0x00000131cef47800,
0x00000131cef4b800, 0x00000131cef4e000, 0x00000131cef49000, 0x00000131cef48000,
0x00000131cef4f000, 0x00000131cef4f800, 0x00000131cef4a000, 0x00000131cef52000,
0x00000131cef53800, 0x00000131cef50800, 0x00000131cef54800, 0x00000131cef53000,
0x00000131cef55800, 0x00000131cef51000, 0x00000131cbb66000, 0x00000131cbb67800,
0x00000131cbb66800, 0x00000131cbb63800, 0x00000131cbb68800, 0x00000131cbb64800,
0x00000131cbb62800, 0x00000131cbb6b000, 0x00000131cbb69000, 0x00000131cbb6a000,
0x00000131cbb65000, 0x00000131cbb6f000, 0x00000131cbb6f800, 0x00000131cbb70800,
0x00000131cbb6b800, 0x00000131cbb71800, 0x00000131cbb6c800, 0x00000131cbb6d800,
0x00000131cbb6e000, 0x00000131d0b2e000, 0x00000131d0b2b800, 0x00000131d0b2c800,
0x00000131d0b33000, 0x00000131d0b2f000, 0x00000131d0b32000, 0x00000131d0b2f800,
0x00000131d0b30800, 0x00000131d0b2d000, 0x00000131d0b31800, 0x00000131d0b34800,
0x00000131d0b36000, 0x00000131d0b34000, 0x00000131d0b35800, 0x00000131d0b38800,
0x00000131d0b3a800, 0x00000131d0b39800, 0x00000131d0b37000, 0x00000131d0b38000,
0x00000131d0cb2000, 0x00000131d0cb8800, 0x00000131d0cb3800, 0x00000131d0cb4000,
0x00000131d0cb5000, 0x00000131d0cb7800, 0x00000131d0cb2800, 0x00000131d0cb9000,
0x00000131d0cba000, 0x00000131d0cb6000, 0x00000131d0cbb000, 0x00000131d0cbb800,
0x00000131d0cbc800, 0x00000131d0cb6800, 0x00000131d0cbf800, 0x00000131d0cc0800,
0x00000131d0cbd000, 0x00000131d0cbe000, 0x00000131d0cbf000, 0x00000131d143a800,
0x00000131d143b000, 0x00000131d143d800
}

Java Threads: ( => current thread )
  0x00000131b08df800 JavaThread "main" [_thread_blocked, id=3828, stack(0x00000011db500000,0x00000011db600000)]
  0x00000131cad52800 JavaThread "Reference Handler" daemon [_thread_blocked, id=2008, stack(0x00000011dbc00000,0x00000011dbd00000)]
  0x00000131cad5f800 JavaThread "Finalizer" daemon [_thread_blocked, id=14996, stack(0x00000011dbd00000,0x00000011dbe00000)]
  0x00000131cad74000 JavaThread "Signal Dispatcher" daemon [_thread_blocked, id=10972, stack(0x00000011dbe00000,0x00000011dbf00000)]
  0x00000131cad76800 JavaThread "Attach Listener" daemon [_thread_blocked, id=14656, stack(0x00000011dbf00000,0x00000011dc000000)]
  0x00000131cad77800 JavaThread "Service Thread" daemon [_thread_blocked, id=20956, stack(0x00000011dc000000,0x00000011dc100000)]
=>0x00000131cad7a800 JavaThread "C2 CompilerThread0" daemon [_thread_in_native, id=21196, stack(0x00000011dc100000,0x00000011dc200000)]
  0x00000131cb6dd800 JavaThread "C1 CompilerThread0" daemon [_thread_blocked, id=14144, stack(0x00000011dc200000,0x00000011dc300000)]
  0x00000131cb6de800 JavaThread "Sweeper thread" daemon [_thread_blocked, id=16448, stack(0x00000011dc300000,0x00000011dc400000)]
  0x00000131cb846000 JavaThread "Common-Cleaner" daemon [_thread_blocked, id=16352, stack(0x00000011dc400000,0x00000011dc500000)]
  0x00000131cd750000 JavaThread "Daemon health stats" [_thread_blocked, id=15256, stack(0x00000011dc900000,0x00000011dca00000)]
  0x00000131ccc02800 JavaThread "Incoming local TCP Connector on port 54832" [_thread_in_native, id=13360, stack(0x00000011dc600000,0x00000011dc700000)]
  0x00000131cbaa0800 JavaThread "Daemon periodic checks" [_thread_blocked, id=1556, stack(0x00000011dcb00000,0x00000011dcc00000)]
  0x00000131ccfef800 JavaThread "Daemon" [_thread_blocked, id=5424, stack(0x00000011dcc00000,0x00000011dcd00000)]
  0x00000131ce22d000 JavaThread "Handler for socket connection from /127.0.0.1:54832 to /127.0.0.1:54833" [_thread_in_native, id=8328, stack(0x00000011dcd00000,0x00000011dce00000)]
  0x00000131cd6d8000 JavaThread "Cancel handler" [_thread_blocked, id=13324, stack(0x00000011dcf00000,0x00000011dd000000)]
  0x00000131cd861800 JavaThread "Daemon worker" [_thread_in_vm, id=13464, stack(0x00000011dd000000,0x00000011dd100000)]
  0x00000131cd6d9000 JavaThread "Asynchronous log dispatcher for DefaultDaemonConnection: socket connection from /127.0.0.1:54832 to /127.0.0.1:54833" [_thread_blocked, id=14108, stack(0x00000011dd100000,0x00000011dd200000)]
  0x00000131cd88e800 JavaThread "Stdin handler" [_thread_blocked, id=21088, stack(0x00000011dd200000,0x00000011dd300000)]
  0x00000131cdc9a800 JavaThread "Daemon client event forwarder" [_thread_blocked, id=18336, stack(0x00000011dd300000,0x00000011dd400000)]
  0x00000131cdc95000 JavaThread "Cache worker for journal cache (C:\Users\user\.gradle\caches\journal-1)" [_thread_blocked, id=17044, stack(0x00000011dd400000,0x00000011dd500000)]
  0x00000131cdc98000 JavaThread "File lock request listener" [_thread_in_native, id=6188, stack(0x00000011dd500000,0x00000011dd600000)]
  0x00000131cdc9b800 JavaThread "Cache worker for file hash cache (C:\Users\user\.gradle\caches\7.3.3\fileHashes)" [_thread_blocked, id=18248, stack(0x00000011ddb00000,0x00000011ddc00000)]
  0x00000131cdc96800 JavaThread "Cache worker for file hash cache (C:\Users\user\3D Objects\RealProjects\GulBazar1\.gradle\7.3.3\fileHashes)" [_thread_blocked, id=11672, stack(0x00000011ddc00000,0x00000011ddd00000)]
  0x00000131cdc96000 JavaThread "File watcher server" daemon [_thread_in_native, id=10160, stack(0x00000011ddd00000,0x00000011dde00000)]
  0x00000131cdc99000 JavaThread "File watcher consumer" daemon [_thread_blocked, id=19200, stack(0x00000011dde00000,0x00000011ddf00000)]
  0x00000131cdc97800 JavaThread "jar transforms" [_thread_blocked, id=20404, stack(0x00000011ddf00000,0x00000011de000000)]
  0x00000131cdc9a000 JavaThread "jar transforms Thread 2" [_thread_blocked, id=21392, stack(0x00000011de000000,0x00000011de100000)]
  0x00000131cf309000 JavaThread "jar transforms Thread 3" [_thread_blocked, id=11736, stack(0x00000011de100000,0x00000011de200000)]
  0x00000131cf30f000 JavaThread "jar transforms Thread 4" [_thread_blocked, id=5196, stack(0x00000011de200000,0x00000011de300000)]
  0x00000131cf30f800 JavaThread "jar transforms Thread 5" [_thread_blocked, id=21140, stack(0x00000011de300000,0x00000011de400000)]
  0x00000131cf30b000 JavaThread "jar transforms Thread 6" [_thread_blocked, id=15780, stack(0x00000011de400000,0x00000011de500000)]
  0x00000131cf30a000 JavaThread "jar transforms Thread 7" [_thread_blocked, id=21168, stack(0x00000011de500000,0x00000011de600000)]
  0x00000131cf30b800 JavaThread "jar transforms Thread 8" [_thread_blocked, id=16292, stack(0x00000011de600000,0x00000011de700000)]
  0x00000131cf30d000 JavaThread "Cache worker for checksums cache (C:\Users\user\3D Objects\RealProjects\GulBazar1\.gradle\7.3.3\checksums)" [_thread_blocked, id=13296, stack(0x00000011de700000,0x00000011de800000)]
  0x00000131cf30c800 JavaThread "Cache worker for cache directory md-supplier (C:\Users\user\.gradle\caches\7.3.3\md-supplier)" [_thread_blocked, id=14396, stack(0x00000011de800000,0x00000011de900000)]
  0x00000131cf30e000 JavaThread "Cache worker for cache directory md-rule (C:\Users\user\.gradle\caches\7.3.3\md-rule)" [_thread_blocked, id=14948, stack(0x00000011de900000,0x00000011dea00000)]
  0x00000131d07ae000 JavaThread "Cache worker for execution history cache (C:\Users\user\.gradle\caches\7.3.3\executionHistory)" [_thread_blocked, id=17772, stack(0x00000011dea00000,0x00000011deb00000)]
  0x00000131d07a8000 JavaThread "Cache worker for file content cache (C:\Users\user\.gradle\caches\7.3.3\fileContent)" [_thread_blocked, id=15820, stack(0x00000011deb00000,0x00000011dec00000)]
  0x00000131d07ac000 JavaThread "Cache worker for dependencies-accessors (C:\Users\user\3D Objects\RealProjects\GulBazar1\.gradle\7.3.3\dependencies-accessors)" [_thread_blocked, id=17336, stack(0x00000011dec00000,0x00000011ded00000)]
  0x00000131d07ae800 JavaThread "Cache worker for Build Output Cleanup Cache (C:\Users\user\3D Objects\RealProjects\GulBazar1\.gradle\buildOutputCleanup)" [_thread_blocked, id=18076, stack(0x00000011ded00000,0x00000011dee00000)]
  0x00000131d07a9000 JavaThread "Unconstrained build operations" [_thread_blocked, id=20252, stack(0x00000011dee00000,0x00000011def00000)]
  0x00000131d07aa000 JavaThread "Unconstrained build operations Thread 2" [_thread_blocked, id=14384, stack(0x00000011def00000,0x00000011df000000)]
  0x00000131cef46800 JavaThread "Unconstrained build operations Thread 3" [_thread_blocked, id=19040, stack(0x00000011df000000,0x00000011df100000)]
  0x00000131cef4d000 JavaThread "Unconstrained build operations Thread 4" [_thread_blocked, id=19128, stack(0x00000011df100000,0x00000011df200000)]
  0x00000131cef4a800 JavaThread "Unconstrained build operations Thread 5" [_thread_blocked, id=15964, stack(0x00000011df200000,0x00000011df300000)]
  0x00000131cef4c800 JavaThread "Unconstrained build operations Thread 6" [_thread_blocked, id=6404, stack(0x00000011df300000,0x00000011df400000)]
  0x00000131cef47800 JavaThread "Unconstrained build operations Thread 7" [_thread_blocked, id=9172, stack(0x00000011df400000,0x00000011df500000)]
  0x00000131cef4b800 JavaThread "Unconstrained build operations Thread 8" [_thread_blocked, id=17696, stack(0x00000011df500000,0x00000011df600000)]
  0x00000131cef4e000 JavaThread "Unconstrained build operations Thread 9" [_thread_blocked, id=6660, stack(0x00000011df600000,0x00000011df700000)]
  0x00000131cef49000 JavaThread "Unconstrained build operations Thread 10" [_thread_blocked, id=16028, stack(0x00000011df700000,0x00000011df800000)]
  0x00000131cef48000 JavaThread "Unconstrained build operations Thread 11" [_thread_blocked, id=13096, stack(0x00000011df800000,0x00000011df900000)]
  0x00000131cef4f000 JavaThread "Unconstrained build operations Thread 12" [_thread_blocked, id=17780, stack(0x00000011df900000,0x00000011dfa00000)]
  0x00000131cef4f800 JavaThread "Unconstrained build operations Thread 13" [_thread_blocked, id=8956, stack(0x00000011dfa00000,0x00000011dfb00000)]
  0x00000131cef4a000 JavaThread "Unconstrained build operations Thread 14" [_thread_blocked, id=20092, stack(0x00000011dfb00000,0x00000011dfc00000)]
  0x00000131cef52000 JavaThread "Unconstrained build operations Thread 15" [_thread_blocked, id=13120, stack(0x00000011dfc00000,0x00000011dfd00000)]
  0x00000131cef53800 JavaThread "Unconstrained build operations Thread 16" [_thread_blocked, id=12868, stack(0x00000011dfd00000,0x00000011dfe00000)]
  0x00000131cef50800 JavaThread "Unconstrained build operations Thread 17" [_thread_blocked, id=14000, stack(0x00000011dfe00000,0x00000011dff00000)]
  0x00000131cef54800 JavaThread "Unconstrained build operations Thread 18" [_thread_blocked, id=19516, stack(0x00000011dff00000,0x00000011e0000000)]
  0x00000131cef53000 JavaThread "Unconstrained build operations Thread 19" [_thread_blocked, id=16860, stack(0x00000011e0000000,0x00000011e0100000)]
  0x00000131cef55800 JavaThread "Unconstrained build operations Thread 20" [_thread_blocked, id=4632, stack(0x00000011e0100000,0x00000011e0200000)]
  0x00000131cef51000 JavaThread "Unconstrained build operations Thread 21" [_thread_blocked, id=19788, stack(0x00000011e0200000,0x00000011e0300000)]
  0x00000131cbb66000 JavaThread "Unconstrained build operations Thread 22" [_thread_blocked, id=7064, stack(0x00000011e0300000,0x00000011e0400000)]
  0x00000131cbb67800 JavaThread "Unconstrained build operations Thread 23" [_thread_blocked, id=17008, stack(0x00000011e0400000,0x00000011e0500000)]
  0x00000131cbb66800 JavaThread "Unconstrained build operations Thread 24" [_thread_blocked, id=20592, stack(0x00000011e0500000,0x00000011e0600000)]
  0x00000131cbb63800 JavaThread "Unconstrained build operations Thread 25" [_thread_blocked, id=16916, stack(0x00000011e0600000,0x00000011e0700000)]
  0x00000131cbb68800 JavaThread "Unconstrained build operations Thread 26" [_thread_blocked, id=20072, stack(0x00000011e0700000,0x00000011e0800000)]
  0x00000131cbb64800 JavaThread "Unconstrained build operations Thread 27" [_thread_blocked, id=6652, stack(0x00000011e0800000,0x00000011e0900000)]
  0x00000131cbb62800 JavaThread "Unconstrained build operations Thread 28" [_thread_blocked, id=15284, stack(0x00000011e0900000,0x00000011e0a00000)]
  0x00000131cbb6b000 JavaThread "Unconstrained build operations Thread 29" [_thread_blocked, id=14408, stack(0x00000011e0a00000,0x00000011e0b00000)]
  0x00000131cbb69000 JavaThread "Unconstrained build operations Thread 30" [_thread_blocked, id=16472, stack(0x00000011e0b00000,0x00000011e0c00000)]
  0x00000131cbb6a000 JavaThread "Unconstrained build operations Thread 31" [_thread_blocked, id=10632, stack(0x00000011e0c00000,0x00000011e0d00000)]
  0x00000131cbb65000 JavaThread "Unconstrained build operations Thread 32" [_thread_blocked, id=2940, stack(0x00000011e0d00000,0x00000011e0e00000)]
  0x00000131cbb6f000 JavaThread "Unconstrained build operations Thread 33" [_thread_blocked, id=19284, stack(0x00000011e0e00000,0x00000011e0f00000)]
  0x00000131cbb6f800 JavaThread "Unconstrained build operations Thread 34" [_thread_blocked, id=12344, stack(0x00000011e0f00000,0x00000011e1000000)]
  0x00000131cbb70800 JavaThread "Unconstrained build operations Thread 35" [_thread_blocked, id=864, stack(0x00000011e1000000,0x00000011e1100000)]
  0x00000131cbb6b800 JavaThread "Unconstrained build operations Thread 36" [_thread_blocked, id=15332, stack(0x00000011e1100000,0x00000011e1200000)]
  0x00000131cbb71800 JavaThread "Unconstrained build operations Thread 37" [_thread_blocked, id=4840, stack(0x00000011e1200000,0x00000011e1300000)]
  0x00000131cbb6c800 JavaThread "Unconstrained build operations Thread 38" [_thread_blocked, id=13648, stack(0x00000011e1300000,0x00000011e1400000)]
  0x00000131cbb6d800 JavaThread "Unconstrained build operations Thread 39" [_thread_blocked, id=20288, stack(0x00000011e1400000,0x00000011e1500000)]
  0x00000131cbb6e000 JavaThread "Unconstrained build operations Thread 40" [_thread_blocked, id=16856, stack(0x00000011e1500000,0x00000011e1600000)]
  0x00000131d0b2e000 JavaThread "Unconstrained build operations Thread 41" [_thread_blocked, id=1936, stack(0x00000011e1600000,0x00000011e1700000)]
  0x00000131d0b2b800 JavaThread "Unconstrained build operations Thread 42" [_thread_blocked, id=16840, stack(0x00000011e1700000,0x00000011e1800000)]
  0x00000131d0b2c800 JavaThread "Unconstrained build operations Thread 43" [_thread_blocked, id=15140, stack(0x00000011e1800000,0x00000011e1900000)]
  0x00000131d0b33000 JavaThread "Unconstrained build operations Thread 44" [_thread_blocked, id=18660, stack(0x00000011e1900000,0x00000011e1a00000)]
  0x00000131d0b2f000 JavaThread "Unconstrained build operations Thread 45" [_thread_blocked, id=236, stack(0x00000011e1a00000,0x00000011e1b00000)]
  0x00000131d0b32000 JavaThread "Unconstrained build operations Thread 46" [_thread_blocked, id=17848, stack(0x00000011e1b00000,0x00000011e1c00000)]
  0x00000131d0b2f800 JavaThread "Unconstrained build operations Thread 47" [_thread_blocked, id=20752, stack(0x00000011e1c00000,0x00000011e1d00000)]
  0x00000131d0b30800 JavaThread "Unconstrained build operations Thread 48" [_thread_blocked, id=7676, stack(0x00000011e1d00000,0x00000011e1e00000)]
  0x00000131d0b2d000 JavaThread "Unconstrained build operations Thread 49" [_thread_blocked, id=19856, stack(0x00000011e1e00000,0x00000011e1f00000)]
  0x00000131d0b31800 JavaThread "Unconstrained build operations Thread 50" [_thread_blocked, id=17240, stack(0x00000011e1f00000,0x00000011e2000000)]
  0x00000131d0b34800 JavaThread "Unconstrained build operations Thread 51" [_thread_blocked, id=17360, stack(0x00000011e2000000,0x00000011e2100000)]
  0x00000131d0b36000 JavaThread "Unconstrained build operations Thread 52" [_thread_blocked, id=15768, stack(0x00000011e2100000,0x00000011e2200000)]
  0x00000131d0b34000 JavaThread "Unconstrained build operations Thread 53" [_thread_blocked, id=4176, stack(0x00000011e2200000,0x00000011e2300000)]
  0x00000131d0b35800 JavaThread "Unconstrained build operations Thread 54" [_thread_blocked, id=16088, stack(0x00000011e2300000,0x00000011e2400000)]
  0x00000131d0b38800 JavaThread "Unconstrained build operations Thread 55" [_thread_blocked, id=2900, stack(0x00000011e2400000,0x00000011e2500000)]
  0x00000131d0b3a800 JavaThread "Unconstrained build operations Thread 56" [_thread_blocked, id=21420, stack(0x00000011e2500000,0x00000011e2600000)]
  0x00000131d0b39800 JavaThread "Unconstrained build operations Thread 57" [_thread_blocked, id=14528, stack(0x00000011e2600000,0x00000011e2700000)]
  0x00000131d0b37000 JavaThread "Unconstrained build operations Thread 58" [_thread_blocked, id=14556, stack(0x00000011e2700000,0x00000011e2800000)]
  0x00000131d0b38000 JavaThread "Unconstrained build operations Thread 59" [_thread_blocked, id=17040, stack(0x00000011e2800000,0x00000011e2900000)]
  0x00000131d0cb2000 JavaThread "Unconstrained build operations Thread 60" [_thread_blocked, id=3212, stack(0x00000011e2900000,0x00000011e2a00000)]
  0x00000131d0cb8800 JavaThread "Unconstrained build operations Thread 61" [_thread_blocked, id=10372, stack(0x00000011e2a00000,0x00000011e2b00000)]
  0x00000131d0cb3800 JavaThread "Unconstrained build operations Thread 62" [_thread_blocked, id=13628, stack(0x00000011e2b00000,0x00000011e2c00000)]
  0x00000131d0cb4000 JavaThread "Unconstrained build operations Thread 63" [_thread_blocked, id=4188, stack(0x00000011e2c00000,0x00000011e2d00000)]
  0x00000131d0cb5000 JavaThread "Unconstrained build operations Thread 64" [_thread_blocked, id=12568, stack(0x00000011e2d00000,0x00000011e2e00000)]
  0x00000131d0cb7800 JavaThread "Unconstrained build operations Thread 65" [_thread_blocked, id=19884, stack(0x00000011e2e00000,0x00000011e2f00000)]
  0x00000131d0cb2800 JavaThread "Unconstrained build operations Thread 66" [_thread_blocked, id=4668, stack(0x00000011e2f00000,0x00000011e3000000)]
  0x00000131d0cb9000 JavaThread "Unconstrained build operations Thread 67" [_thread_blocked, id=10704, stack(0x00000011e3000000,0x00000011e3100000)]
  0x00000131d0cba000 JavaThread "Unconstrained build operations Thread 68" [_thread_blocked, id=7220, stack(0x00000011e3100000,0x00000011e3200000)]
  0x00000131d0cb6000 JavaThread "Unconstrained build operations Thread 69" [_thread_blocked, id=15244, stack(0x00000011e3200000,0x00000011e3300000)]
  0x00000131d0cbb000 JavaThread "Unconstrained build operations Thread 70" [_thread_blocked, id=9060, stack(0x00000011e3300000,0x00000011e3400000)]
  0x00000131d0cbb800 JavaThread "Unconstrained build operations Thread 71" [_thread_blocked, id=8168, stack(0x00000011e3400000,0x00000011e3500000)]
  0x00000131d0cbc800 JavaThread "Unconstrained build operations Thread 72" [_thread_blocked, id=8316, stack(0x00000011e3500000,0x00000011e3600000)]
  0x00000131d0cb6800 JavaThread "Unconstrained build operations Thread 73" [_thread_blocked, id=4168, stack(0x00000011e3600000,0x00000011e3700000)]
  0x00000131d0cbf800 JavaThread "Unconstrained build operations Thread 74" [_thread_blocked, id=2160, stack(0x00000011e3700000,0x00000011e3800000)]
  0x00000131d0cc0800 JavaThread "Unconstrained build operations Thread 75" [_thread_blocked, id=12452, stack(0x00000011e3800000,0x00000011e3900000)]
  0x00000131d0cbd000 JavaThread "Unconstrained build operations Thread 76" [_thread_blocked, id=10568, stack(0x00000011e3900000,0x00000011e3a00000)]
  0x00000131d0cbe000 JavaThread "Unconstrained build operations Thread 77" [_thread_blocked, id=13520, stack(0x00000011e3a00000,0x00000011e3b00000)]
  0x00000131d0cbf000 JavaThread "Unconstrained build operations Thread 78" [_thread_blocked, id=1472, stack(0x00000011e3b00000,0x00000011e3c00000)]
  0x00000131d143a800 JavaThread "Unconstrained build operations Thread 79" [_thread_blocked, id=21000, stack(0x00000011e3c00000,0x00000011e3d00000)]
  0x00000131d143b000 JavaThread "Unconstrained build operations Thread 80" [_thread_blocked, id=7532, stack(0x00000011e3d00000,0x00000011e3e00000)]
  0x00000131d143d800 JavaThread "Memory manager" [_thread_blocked, id=13872, stack(0x00000011e3e00000,0x00000011e3f00000)]

Other Threads:
  0x00000131cad4f800 VMThread "VM Thread" [stack: 0x00000011dbb00000,0x00000011dbc00000] [id=12436]
  0x00000131cb851000 WatcherThread [stack: 0x00000011dc500000,0x00000011dc600000] [id=18912]
  0x00000131b08f6000 GCTaskThread "GC Thread#0" [stack: 0x00000011db600000,0x00000011db700000] [id=6808]
  0x00000131cc5c1800 GCTaskThread "GC Thread#1" [stack: 0x00000011dc700000,0x00000011dc800000] [id=8308]
  0x00000131cc189800 GCTaskThread "GC Thread#2" [stack: 0x00000011dc800000,0x00000011dc900000] [id=18988]
  0x00000131cc6ee800 GCTaskThread "GC Thread#3" [stack: 0x00000011dca00000,0x00000011dcb00000] [id=12672]
  0x00000131ce129000 GCTaskThread "GC Thread#4" [stack: 0x00000011dd600000,0x00000011dd700000] [id=12508]
  0x00000131cd21d800 GCTaskThread "GC Thread#5" [stack: 0x00000011dd700000,0x00000011dd800000] [id=7992]
  0x00000131cd128800 GCTaskThread "GC Thread#6" [stack: 0x00000011dd800000,0x00000011dd900000] [id=16148]
  0x00000131cddc1000 GCTaskThread "GC Thread#7" [stack: 0x00000011dd900000,0x00000011dda00000] [id=7632]
  0x00000131b092b000 ConcurrentGCThread "G1 Main Marker" [stack: 0x00000011db700000,0x00000011db800000] [id=4712]
  0x00000131b092c000 ConcurrentGCThread "G1 Conc#0" [stack: 0x00000011db800000,0x00000011db900000] [id=15536]
  0x00000131ce08d800 ConcurrentGCThread "G1 Conc#1" [stack: 0x00000011dda00000,0x00000011ddb00000] [id=18964]
  0x00000131b09ac800 ConcurrentGCThread "G1 Refine#0" [stack: 0x00000011db900000,0x00000011dba00000] [id=20596]
  0x00000131b09ad800 ConcurrentGCThread "G1 Young RemSet Sampling" [stack: 0x00000011dba00000,0x00000011dbb00000] [id=16252]

Threads with active compile tasks:
C2 CompilerThread0  25704 12243       4       org.objectweb.asm.signature.SignatureReader::parseType (411 bytes)

VM state:not at safepoint (normal execution)

VM Mutex/Monitor currently owned by a thread: None

Heap address: 0x0000000080000000, size: 2048 MB, Compressed Oops mode: 32-bit
Narrow klass base: 0x0000000000000000, Narrow klass shift: 3
Compressed class space size: 1073741824 Address: 0x0000000100000000

Heap:
 garbage-first heap   total 187392K, used 147181K [0x0000000080000000, 0x0000000100000000)
  region size 1024K, 24 young (24576K), 4 survivors (4096K)
 Metaspace       used 105667K, capacity 108464K, committed 109396K, reserved 1144832K
  class space    used 13511K, capacity 14508K, committed 14848K, reserved 1048576K
Heap Regions: E=young(eden), S=young(survivor), O=old, HS=humongous(starts), HC=humongous(continues), CS=collection set, F=free, A=archive, TAMS=top-at-mark-start (previous, next)
|   0|0x0000000080000000, 0x0000000080100000, 0x0000000080100000|100%| O|  |TAMS 0x0000000080100000, 0x0000000080000000| Untracked 
|   1|0x0000000080100000, 0x0000000080200000, 0x0000000080200000|100%| O|  |TAMS 0x0000000080200000, 0x0000000080100000| Untracked 
|   2|0x0000000080200000, 0x0000000080300000, 0x0000000080300000|100%| O|  |TAMS 0x0000000080300000, 0x0000000080200000| Untracked 
|   3|0x0000000080300000, 0x0000000080400000, 0x0000000080400000|100%|HS|  |TAMS 0x0000000080400000, 0x0000000080300000| Complete 
|   4|0x0000000080400000, 0x0000000080500000, 0x0000000080500000|100%|HC|  |TAMS 0x0000000080500000, 0x0000000080400000| Complete 
|   5|0x0000000080500000, 0x0000000080600000, 0x0000000080600000|100%|HC|  |TAMS 0x0000000080600000, 0x0000000080500000| Complete 
|   6|0x0000000080600000, 0x0000000080700000, 0x0000000080700000|100%| O|  |TAMS 0x0000000080700000, 0x0000000080600000| Untracked 
|   7|0x0000000080700000, 0x0000000080800000, 0x0000000080800000|100%| O|  |TAMS 0x0000000080800000, 0x0000000080700000| Untracked 
|   8|0x0000000080800000, 0x0000000080900000, 0x0000000080900000|100%| O|  |TAMS 0x0000000080900000, 0x0000000080800000| Untracked 
|   9|0x0000000080900000, 0x0000000080a00000, 0x0000000080a00000|100%| O|  |TAMS 0x0000000080a00000, 0x0000000080900000| Untracked 
|  10|0x0000000080a00000, 0x0000000080b00000, 0x0000000080b00000|100%| O|  |TAMS 0x0000000080b00000, 0x0000000080a00000| Untracked 
|  11|0x0000000080b00000, 0x0000000080c00000, 0x0000000080c00000|100%| O|  |TAMS 0x0000000080c00000, 0x0000000080b00000| Untracked 
|  12|0x0000000080c00000, 0x0000000080d00000, 0x0000000080d00000|100%| O|  |TAMS 0x0000000080d00000, 0x0000000080c00000| Untracked 
|  13|0x0000000080d00000, 0x0000000080e00000, 0x0000000080e00000|100%| O|  |TAMS 0x0000000080e00000, 0x0000000080d00000| Untracked 
|  14|0x0000000080e00000, 0x0000000080f00000, 0x0000000080f00000|100%| O|  |TAMS 0x0000000080f00000, 0x0000000080e00000| Untracked 
|  15|0x0000000080f00000, 0x0000000081000000, 0x0000000081000000|100%|HS|  |TAMS 0x0000000081000000, 0x0000000080f00000| Complete 
|  16|0x0000000081000000, 0x0000000081100000, 0x0000000081100000|100%|HC|  |TAMS 0x0000000081100000, 0x0000000081000000| Complete 
|  17|0x0000000081100000, 0x0000000081200000, 0x0000000081200000|100%|HS|  |TAMS 0x0000000081200000, 0x0000000081100000| Complete 
|  18|0x0000000081200000, 0x0000000081300000, 0x0000000081300000|100%|HC|  |TAMS 0x0000000081300000, 0x0000000081200000| Complete 
|  19|0x0000000081300000, 0x0000000081400000, 0x0000000081400000|100%|HC|  |TAMS 0x0000000081400000, 0x0000000081300000| Complete 
|  20|0x0000000081400000, 0x0000000081500000, 0x0000000081500000|100%|HS|  |TAMS 0x0000000081500000, 0x0000000081400000| Complete 
|  21|0x0000000081500000, 0x0000000081600000, 0x0000000081600000|100%|HC|  |TAMS 0x0000000081600000, 0x0000000081500000| Complete 
|  22|0x0000000081600000, 0x0000000081700000, 0x0000000081700000|100%|HC|  |TAMS 0x0000000081700000, 0x0000000081600000| Complete 
|  23|0x0000000081700000, 0x0000000081800000, 0x0000000081800000|100%|HC|  |TAMS 0x0000000081800000, 0x0000000081700000| Complete 
|  24|0x0000000081800000, 0x0000000081900000, 0x0000000081900000|100%|HS|  |TAMS 0x0000000081900000, 0x0000000081800000| Complete 
|  25|0x0000000081900000, 0x0000000081a00000, 0x0000000081a00000|100%|HC|  |TAMS 0x0000000081a00000, 0x0000000081900000| Complete 
|  26|0x0000000081a00000, 0x0000000081b00000, 0x0000000081b00000|100%|HC|  |TAMS 0x0000000081b00000, 0x0000000081a00000| Complete 
|  27|0x0000000081b00000, 0x0000000081c00000, 0x0000000081c00000|100%| O|  |TAMS 0x0000000081c00000, 0x0000000081b00000| Untracked 
|  28|0x0000000081c00000, 0x0000000081d00000, 0x0000000081d00000|100%| O|  |TAMS 0x0000000081d00000, 0x0000000081c00000| Untracked 
|  29|0x0000000081d00000, 0x0000000081e00000, 0x0000000081e00000|100%| O|  |TAMS 0x0000000081e00000, 0x0000000081d00000| Untracked 
|  30|0x0000000081e00000, 0x0000000081f00000, 0x0000000081f00000|100%| O|  |TAMS 0x0000000081f00000, 0x0000000081e00000| Untracked 
|  31|0x0000000081f00000, 0x0000000082000000, 0x0000000082000000|100%| O|  |TAMS 0x0000000082000000, 0x0000000081f00000| Untracked 
|  32|0x0000000082000000, 0x0000000082100000, 0x0000000082100000|100%| O|  |TAMS 0x0000000082100000, 0x0000000082000000| Untracked 
|  33|0x0000000082100000, 0x0000000082200000, 0x0000000082200000|100%| O|  |TAMS 0x0000000082200000, 0x0000000082100000| Untracked 
|  34|0x0000000082200000, 0x0000000082300000, 0x0000000082300000|100%| O|  |TAMS 0x0000000082300000, 0x0000000082200000| Untracked 
|  35|0x0000000082300000, 0x0000000082400000, 0x0000000082400000|100%| O|  |TAMS 0x0000000082400000, 0x0000000082300000| Untracked 
|  36|0x0000000082400000, 0x0000000082500000, 0x0000000082500000|100%| O|  |TAMS 0x0000000082500000, 0x0000000082400000| Untracked 
|  37|0x0000000082500000, 0x0000000082600000, 0x0000000082600000|100%| O|  |TAMS 0x0000000082600000, 0x0000000082500000| Untracked 
|  38|0x0000000082600000, 0x0000000082700000, 0x0000000082700000|100%|HS|  |TAMS 0x0000000082700000, 0x0000000082600000| Complete 
|  39|0x0000000082700000, 0x0000000082800000, 0x0000000082800000|100%|HC|  |TAMS 0x0000000082800000, 0x0000000082700000| Complete 
|  40|0x0000000082800000, 0x0000000082900000, 0x0000000082900000|100%|HC|  |TAMS 0x0000000082900000, 0x0000000082800000| Complete 
|  41|0x0000000082900000, 0x0000000082a00000, 0x0000000082a00000|100%|HC|  |TAMS 0x0000000082a00000, 0x0000000082900000| Complete 
|  42|0x0000000082a00000, 0x0000000082b00000, 0x0000000082b00000|100%| O|  |TAMS 0x0000000082b00000, 0x0000000082a00000| Untracked 
|  43|0x0000000082b00000, 0x0000000082c00000, 0x0000000082c00000|100%| O|  |TAMS 0x0000000082c00000, 0x0000000082b00000| Untracked 
|  44|0x0000000082c00000, 0x0000000082d00000, 0x0000000082d00000|100%| O|  |TAMS 0x0000000082d00000, 0x0000000082c00000| Untracked 
|  45|0x0000000082d00000, 0x0000000082e00000, 0x0000000082e00000|100%| O|  |TAMS 0x0000000082e00000, 0x0000000082d00000| Untracked 
|  46|0x0000000082e00000, 0x0000000082f00000, 0x0000000082f00000|100%| O|  |TAMS 0x0000000082f00000, 0x0000000082e00000| Untracked 
|  47|0x0000000082f00000, 0x0000000083000000, 0x0000000083000000|100%| O|  |TAMS 0x0000000083000000, 0x0000000082f00000| Untracked 
|  48|0x0000000083000000, 0x0000000083100000, 0x0000000083100000|100%| O|  |TAMS 0x0000000083100000, 0x0000000083000000| Untracked 
|  49|0x0000000083100000, 0x0000000083200000, 0x0000000083200000|100%| O|  |TAMS 0x0000000083200000, 0x0000000083100000| Untracked 
|  50|0x0000000083200000, 0x0000000083300000, 0x0000000083300000|100%| O|  |TAMS 0x0000000083300000, 0x0000000083200000| Untracked 
|  51|0x0000000083300000, 0x0000000083400000, 0x0000000083400000|100%| O|  |TAMS 0x0000000083400000, 0x0000000083300000| Untracked 
|  52|0x0000000083400000, 0x0000000083500000, 0x0000000083500000|100%| O|  |TAMS 0x0000000083500000, 0x0000000083400000| Untracked 
|  53|0x0000000083500000, 0x0000000083600000, 0x0000000083600000|100%| O|  |TAMS 0x0000000083600000, 0x0000000083500000| Untracked 
|  54|0x0000000083600000, 0x0000000083700000, 0x0000000083700000|100%|HS|  |TAMS 0x0000000083700000, 0x0000000083600000| Complete 
|  55|0x0000000083700000, 0x0000000083800000, 0x0000000083800000|100%|HS|  |TAMS 0x0000000083800000, 0x0000000083700000| Complete 
|  56|0x0000000083800000, 0x0000000083900000, 0x0000000083900000|100%|HS|  |TAMS 0x0000000083900000, 0x0000000083800000| Complete 
|  57|0x0000000083900000, 0x0000000083a00000, 0x0000000083a00000|100%|HS|  |TAMS 0x0000000083a00000, 0x0000000083900000| Complete 
|  58|0x0000000083a00000, 0x0000000083b00000, 0x0000000083b00000|100%|HC|  |TAMS 0x0000000083b00000, 0x0000000083a00000| Complete 
|  59|0x0000000083b00000, 0x0000000083c00000, 0x0000000083c00000|100%|HC|  |TAMS 0x0000000083c00000, 0x0000000083b00000| Complete 
|  60|0x0000000083c00000, 0x0000000083d00000, 0x0000000083d00000|100%|HS|  |TAMS 0x0000000083d00000, 0x0000000083c00000| Complete 
|  61|0x0000000083d00000, 0x0000000083e00000, 0x0000000083e00000|100%|HC|  |TAMS 0x0000000083e00000, 0x0000000083d00000| Complete 
|  62|0x0000000083e00000, 0x0000000083f00000, 0x0000000083f00000|100%| O|  |TAMS 0x0000000083f00000, 0x0000000083e00000| Untracked 
|  63|0x0000000083f00000, 0x0000000084000000, 0x0000000084000000|100%| O|  |TAMS 0x0000000084000000, 0x0000000083f00000| Untracked 
|  64|0x0000000084000000, 0x0000000084100000, 0x0000000084100000|100%| O|  |TAMS 0x0000000084100000, 0x0000000084000000| Untracked 
|  65|0x0000000084100000, 0x0000000084200000, 0x0000000084200000|100%| O|  |TAMS 0x0000000084200000, 0x0000000084100000| Untracked 
|  66|0x0000000084200000, 0x0000000084300000, 0x0000000084300000|100%| O|  |TAMS 0x0000000084300000, 0x0000000084200000| Untracked 
|  67|0x0000000084300000, 0x0000000084400000, 0x0000000084400000|100%| O|  |TAMS 0x0000000084400000, 0x0000000084300000| Untracked 
|  68|0x0000000084400000, 0x0000000084500000, 0x0000000084500000|100%| O|  |TAMS 0x0000000084500000, 0x0000000084400000| Untracked 
|  69|0x0000000084500000, 0x0000000084600000, 0x0000000084600000|100%| O|  |TAMS 0x0000000084600000, 0x0000000084500000| Untracked 
|  70|0x0000000084600000, 0x0000000084700000, 0x0000000084700000|100%| O|  |TAMS 0x0000000084700000, 0x0000000084600000| Untracked 
|  71|0x0000000084700000, 0x0000000084800000, 0x0000000084800000|100%| O|  |TAMS 0x0000000084800000, 0x0000000084700000| Untracked 
|  72|0x0000000084800000, 0x0000000084900000, 0x0000000084900000|100%| O|  |TAMS 0x0000000084900000, 0x0000000084800000| Untracked 
|  73|0x0000000084900000, 0x0000000084a00000, 0x0000000084a00000|100%| O|  |TAMS 0x0000000084a00000, 0x0000000084900000| Untracked 
|  74|0x0000000084a00000, 0x0000000084b00000, 0x0000000084b00000|100%| O|  |TAMS 0x0000000084b00000, 0x0000000084a00000| Untracked 
|  75|0x0000000084b00000, 0x0000000084c00000, 0x0000000084c00000|100%| O|  |TAMS 0x0000000084c00000, 0x0000000084b00000| Untracked 
|  76|0x0000000084c00000, 0x0000000084d00000, 0x0000000084d00000|100%| O|  |TAMS 0x0000000084d00000, 0x0000000084c00000| Untracked 
|  77|0x0000000084d00000, 0x0000000084e00000, 0x0000000084e00000|100%| O|  |TAMS 0x0000000084e00000, 0x0000000084d00000| Untracked 
|  78|0x0000000084e00000, 0x0000000084f00000, 0x0000000084f00000|100%| O|  |TAMS 0x0000000084f00000, 0x0000000084e00000| Untracked 
|  79|0x0000000084f00000, 0x0000000085000000, 0x0000000085000000|100%| O|  |TAMS 0x0000000085000000, 0x0000000084f00000| Untracked 
|  80|0x0000000085000000, 0x0000000085100000, 0x0000000085100000|100%| O|  |TAMS 0x0000000085100000, 0x0000000085000000| Untracked 
|  81|0x0000000085100000, 0x0000000085200000, 0x0000000085200000|100%| O|  |TAMS 0x0000000085200000, 0x0000000085100000| Untracked 
|  82|0x0000000085200000, 0x0000000085300000, 0x0000000085300000|100%| O|  |TAMS 0x0000000085300000, 0x0000000085200000| Untracked 
|  83|0x0000000085300000, 0x0000000085400000, 0x0000000085400000|100%| O|  |TAMS 0x0000000085400000, 0x0000000085300000| Untracked 
|  84|0x0000000085400000, 0x0000000085500000, 0x0000000085500000|100%| O|  |TAMS 0x0000000085500000, 0x0000000085400000| Untracked 
|  85|0x0000000085500000, 0x0000000085600000, 0x0000000085600000|100%| O|  |TAMS 0x0000000085600000, 0x0000000085500000| Untracked 
|  86|0x0000000085600000, 0x0000000085700000, 0x0000000085700000|100%| O|  |TAMS 0x0000000085700000, 0x0000000085600000| Untracked 
|  87|0x0000000085700000, 0x0000000085800000, 0x0000000085800000|100%|HS|  |TAMS 0x0000000085800000, 0x0000000085700000| Complete 
|  88|0x0000000085800000, 0x0000000085900000, 0x0000000085900000|100%|HC|  |TAMS 0x0000000085900000, 0x0000000085800000| Complete 
|  89|0x0000000085900000, 0x0000000085a00000, 0x0000000085a00000|100%|HS|  |TAMS 0x0000000085a00000, 0x0000000085900000| Complete 
|  90|0x0000000085a00000, 0x0000000085b00000, 0x0000000085b00000|100%|HC|  |TAMS 0x0000000085b00000, 0x0000000085a00000| Complete 
|  91|0x0000000085b00000, 0x0000000085c00000, 0x0000000085c00000|100%|HC|  |TAMS 0x0000000085c00000, 0x0000000085b00000| Complete 
|  92|0x0000000085c00000, 0x0000000085d00000, 0x0000000085d00000|100%|HS|  |TAMS 0x0000000085d00000, 0x0000000085c00000| Complete 
|  93|0x0000000085d00000, 0x0000000085e00000, 0x0000000085e00000|100%|HC|  |TAMS 0x0000000085e00000, 0x0000000085d00000| Complete 
|  94|0x0000000085e00000, 0x0000000085f00000, 0x0000000085f00000|100%|HC|  |TAMS 0x0000000085f00000, 0x0000000085e00000| Complete 
|  95|0x0000000085f00000, 0x0000000086000000, 0x0000000086000000|100%|HC|  |TAMS 0x0000000086000000, 0x0000000085f00000| Complete 
|  96|0x0000000086000000, 0x0000000086100000, 0x0000000086100000|100%| O|  |TAMS 0x0000000086100000, 0x0000000086000000| Untracked 
|  97|0x0000000086100000, 0x0000000086200000, 0x0000000086200000|100%| O|  |TAMS 0x0000000086200000, 0x0000000086100000| Untracked 
|  98|0x0000000086200000, 0x0000000086300000, 0x0000000086300000|100%| O|  |TAMS 0x0000000086300000, 0x0000000086200000| Untracked 
|  99|0x0000000086300000, 0x0000000086400000, 0x0000000086400000|100%| O|  |TAMS 0x0000000086400000, 0x0000000086300000| Untracked 
| 100|0x0000000086400000, 0x0000000086500000, 0x0000000086500000|100%| O|  |TAMS 0x0000000086500000, 0x0000000086400000| Untracked 
| 101|0x0000000086500000, 0x0000000086600000, 0x0000000086600000|100%| O|  |TAMS 0x0000000086600000, 0x0000000086500000| Untracked 
| 102|0x0000000086600000, 0x0000000086700000, 0x0000000086700000|100%| O|  |TAMS 0x0000000086700000, 0x0000000086600000| Untracked 
| 103|0x0000000086700000, 0x0000000086800000, 0x0000000086800000|100%| O|  |TAMS 0x0000000086800000, 0x0000000086700000| Untracked 
| 104|0x0000000086800000, 0x0000000086900000, 0x0000000086900000|100%| O|  |TAMS 0x0000000086900000, 0x0000000086800000| Untracked 
| 105|0x0000000086900000, 0x0000000086a00000, 0x0000000086a00000|100%| O|  |TAMS 0x0000000086a00000, 0x0000000086900000| Untracked 
| 106|0x0000000086a00000, 0x0000000086b00000, 0x0000000086b00000|100%| O|  |TAMS 0x0000000086b00000, 0x0000000086a00000| Untracked 
| 107|0x0000000086b00000, 0x0000000086c00000, 0x0000000086c00000|100%| O|  |TAMS 0x0000000086c00000, 0x0000000086b00000| Untracked 
| 108|0x0000000086c00000, 0x0000000086d00000, 0x0000000086d00000|100%| O|  |TAMS 0x0000000086d00000, 0x0000000086c00000| Untracked 
| 109|0x0000000086d00000, 0x0000000086e00000, 0x0000000086e00000|100%| O|  |TAMS 0x0000000086e00000, 0x0000000086d00000| Untracked 
| 110|0x0000000086e00000, 0x0000000086f00000, 0x0000000086f00000|100%| O|  |TAMS 0x0000000086f00000, 0x0000000086e00000| Untracked 
| 111|0x0000000086f00000, 0x0000000087000000, 0x0000000087000000|100%| O|  |TAMS 0x0000000087000000, 0x0000000086f00000| Untracked 
| 112|0x0000000087000000, 0x0000000087100000, 0x0000000087100000|100%| O|  |TAMS 0x0000000087100000, 0x0000000087000000| Untracked 
| 113|0x0000000087100000, 0x0000000087200000, 0x0000000087200000|100%| O|  |TAMS 0x0000000087200000, 0x0000000087100000| Untracked 
| 114|0x0000000087200000, 0x0000000087300000, 0x0000000087300000|100%| O|  |TAMS 0x0000000087300000, 0x0000000087200000| Untracked 
| 115|0x0000000087300000, 0x0000000087400000, 0x0000000087400000|100%| O|  |TAMS 0x0000000087400000, 0x0000000087300000| Untracked 
| 116|0x0000000087400000, 0x0000000087500000, 0x0000000087500000|100%| O|  |TAMS 0x0000000087500000, 0x0000000087400000| Untracked 
| 117|0x0000000087500000, 0x0000000087600000, 0x0000000087600000|100%| O|  |TAMS 0x0000000087600000, 0x0000000087500000| Untracked 
| 118|0x0000000087600000, 0x0000000087700000, 0x0000000087700000|100%| O|  |TAMS 0x0000000087700000, 0x0000000087600000| Untracked 
| 119|0x0000000087700000, 0x0000000087800000, 0x0000000087800000|100%| O|  |TAMS 0x0000000087723c00, 0x0000000087700000| Untracked 
| 120|0x0000000087800000, 0x0000000087900000, 0x0000000087900000|100%| O|  |TAMS 0x0000000087800000, 0x0000000087800000| Untracked 
| 121|0x0000000087900000, 0x000000008798dc00, 0x0000000087a00000| 55%| O|  |TAMS 0x0000000087900000, 0x0000000087900000| Untracked 
| 122|0x0000000087a00000, 0x0000000087a00000, 0x0000000087b00000|  0%| F|  |TAMS 0x0000000087a00000, 0x0000000087a00000| Untracked 
| 123|0x0000000087b00000, 0x0000000087b00000, 0x0000000087c00000|  0%| F|  |TAMS 0x0000000087b00000, 0x0000000087b00000| Untracked 
| 124|0x0000000087c00000, 0x0000000087c00000, 0x0000000087d00000|  0%| F|  |TAMS 0x0000000087c00000, 0x0000000087c00000| Untracked 
| 125|0x0000000087d00000, 0x0000000087d00000, 0x0000000087e00000|  0%| F|  |TAMS 0x0000000087d00000, 0x0000000087d00000| Untracked 
| 126|0x0000000087e00000, 0x0000000087e00000, 0x0000000087f00000|  0%| F|  |TAMS 0x0000000087e00000, 0x0000000087e00000| Untracked 
| 127|0x0000000087f00000, 0x0000000087f00000, 0x0000000088000000|  0%| F|  |TAMS 0x0000000087f00000, 0x0000000087f00000| Untracked 
| 128|0x0000000088000000, 0x0000000088000000, 0x0000000088100000|  0%| F|  |TAMS 0x0000000088000000, 0x0000000088000000| Untracked 
| 129|0x0000000088100000, 0x0000000088100000, 0x0000000088200000|  0%| F|  |TAMS 0x0000000088100000, 0x0000000088100000| Untracked 
| 130|0x0000000088200000, 0x0000000088200000, 0x0000000088300000|  0%| F|  |TAMS 0x0000000088200000, 0x0000000088200000| Untracked 
| 131|0x0000000088300000, 0x0000000088300000, 0x0000000088400000|  0%| F|  |TAMS 0x0000000088300000, 0x0000000088300000| Untracked 
| 132|0x0000000088400000, 0x0000000088400000, 0x0000000088500000|  0%| F|  |TAMS 0x0000000088400000, 0x0000000088400000| Untracked 
| 133|0x0000000088500000, 0x0000000088500000, 0x0000000088600000|  0%| F|  |TAMS 0x0000000088500000, 0x0000000088500000| Untracked 
| 134|0x0000000088600000, 0x0000000088600000, 0x0000000088700000|  0%| F|  |TAMS 0x0000000088600000, 0x0000000088600000| Untracked 
| 135|0x0000000088700000, 0x0000000088700000, 0x0000000088800000|  0%| F|  |TAMS 0x0000000088700000, 0x0000000088700000| Untracked 
| 136|0x0000000088800000, 0x0000000088800000, 0x0000000088900000|  0%| F|  |TAMS 0x0000000088800000, 0x0000000088800000| Untracked 
| 137|0x0000000088900000, 0x0000000088900000, 0x0000000088a00000|  0%| F|  |TAMS 0x0000000088900000, 0x0000000088900000| Untracked 
| 138|0x0000000088a00000, 0x0000000088a00000, 0x0000000088b00000|  0%| F|  |TAMS 0x0000000088a00000, 0x0000000088a00000| Untracked 
| 139|0x0000000088b00000, 0x0000000088b00000, 0x0000000088c00000|  0%| F|  |TAMS 0x0000000088b00000, 0x0000000088b00000| Untracked 
| 140|0x0000000088c00000, 0x0000000088c00000, 0x0000000088d00000|  0%| F|  |TAMS 0x0000000088c00000, 0x0000000088c00000| Untracked 
| 141|0x0000000088d00000, 0x0000000088d00000, 0x0000000088e00000|  0%| F|  |TAMS 0x0000000088d00000, 0x0000000088d00000| Untracked 
| 142|0x0000000088e00000, 0x0000000088e00000, 0x0000000088f00000|  0%| F|  |TAMS 0x0000000088e00000, 0x0000000088e00000| Untracked 
| 143|0x0000000088f00000, 0x0000000088f00000, 0x0000000089000000|  0%| F|  |TAMS 0x0000000088f00000, 0x0000000088f00000| Untracked 
| 144|0x0000000089000000, 0x0000000089000000, 0x0000000089100000|  0%| F|  |TAMS 0x0000000089000000, 0x0000000089000000| Untracked 
| 145|0x0000000089100000, 0x000000008912dac0, 0x0000000089200000| 17%| S|CS|TAMS 0x0000000089100000, 0x0000000089100000| Complete 
| 146|0x0000000089200000, 0x0000000089300000, 0x0000000089300000|100%| S|CS|TAMS 0x0000000089200000, 0x0000000089200000| Complete 
| 147|0x0000000089300000, 0x0000000089400000, 0x0000000089400000|100%| S|CS|TAMS 0x0000000089300000, 0x0000000089300000| Complete 
| 148|0x0000000089400000, 0x0000000089400000, 0x0000000089500000|  0%| F|  |TAMS 0x0000000089400000, 0x0000000089400000| Untracked 
| 149|0x0000000089500000, 0x0000000089500000, 0x0000000089600000|  0%| F|  |TAMS 0x0000000089500000, 0x0000000089500000| Untracked 
| 150|0x0000000089600000, 0x0000000089700000, 0x0000000089700000|100%| S|CS|TAMS 0x0000000089600000, 0x0000000089600000| Complete 
| 151|0x0000000089700000, 0x0000000089700000, 0x0000000089800000|  0%| F|  |TAMS 0x0000000089700000, 0x0000000089700000| Untracked 
| 152|0x0000000089800000, 0x0000000089800000, 0x0000000089900000|  0%| F|  |TAMS 0x0000000089800000, 0x0000000089800000| Untracked 
| 153|0x0000000089900000, 0x0000000089900000, 0x0000000089a00000|  0%| F|  |TAMS 0x0000000089900000, 0x0000000089900000| Untracked 
| 154|0x0000000089a00000, 0x0000000089a00000, 0x0000000089b00000|  0%| F|  |TAMS 0x0000000089a00000, 0x0000000089a00000| Untracked 
| 155|0x0000000089b00000, 0x0000000089b00000, 0x0000000089c00000|  0%| F|  |TAMS 0x0000000089b00000, 0x0000000089b00000| Untracked 
| 156|0x0000000089c00000, 0x0000000089c00000, 0x0000000089d00000|  0%| F|  |TAMS 0x0000000089c00000, 0x0000000089c00000| Untracked 
| 157|0x0000000089d00000, 0x0000000089d00000, 0x0000000089e00000|  0%| F|  |TAMS 0x0000000089d00000, 0x0000000089d00000| Untracked 
| 158|0x0000000089e00000, 0x0000000089e00000, 0x0000000089f00000|  0%| F|  |TAMS 0x0000000089e00000, 0x0000000089e00000| Untracked 
| 159|0x0000000089f00000, 0x0000000089f00000, 0x000000008a000000|  0%| F|  |TAMS 0x0000000089f00000, 0x0000000089f00000| Untracked 
| 160|0x000000008a000000, 0x000000008a000000, 0x000000008a100000|  0%| F|  |TAMS 0x000000008a000000, 0x000000008a000000| Untracked 
| 161|0x000000008a100000, 0x000000008a100000, 0x000000008a200000|  0%| F|  |TAMS 0x000000008a100000, 0x000000008a100000| Untracked 
| 162|0x000000008a200000, 0x000000008a200000, 0x000000008a300000|  0%| F|  |TAMS 0x000000008a200000, 0x000000008a200000| Untracked 
| 163|0x000000008a300000, 0x000000008a3ad200, 0x000000008a400000| 67%| E|  |TAMS 0x000000008a300000, 0x000000008a300000| Complete 
| 164|0x000000008a400000, 0x000000008a500000, 0x000000008a500000|100%| E|CS|TAMS 0x000000008a400000, 0x000000008a400000| Complete 
| 165|0x000000008a500000, 0x000000008a600000, 0x000000008a600000|100%| E|CS|TAMS 0x000000008a500000, 0x000000008a500000| Complete 
| 166|0x000000008a600000, 0x000000008a700000, 0x000000008a700000|100%| E|CS|TAMS 0x000000008a600000, 0x000000008a600000| Complete 
| 167|0x000000008a700000, 0x000000008a800000, 0x000000008a800000|100%| E|CS|TAMS 0x000000008a700000, 0x000000008a700000| Complete 
| 168|0x000000008a800000, 0x000000008a900000, 0x000000008a900000|100%| E|CS|TAMS 0x000000008a800000, 0x000000008a800000| Complete 
| 169|0x000000008a900000, 0x000000008aa00000, 0x000000008aa00000|100%| E|CS|TAMS 0x000000008a900000, 0x000000008a900000| Complete 
| 170|0x000000008aa00000, 0x000000008ab00000, 0x000000008ab00000|100%| E|CS|TAMS 0x000000008aa00000, 0x000000008aa00000| Complete 
| 171|0x000000008ab00000, 0x000000008ac00000, 0x000000008ac00000|100%| E|CS|TAMS 0x000000008ab00000, 0x000000008ab00000| Complete 
| 172|0x000000008ac00000, 0x000000008ad00000, 0x000000008ad00000|100%| E|CS|TAMS 0x000000008ac00000, 0x000000008ac00000| Complete 
| 173|0x000000008ad00000, 0x000000008ae00000, 0x000000008ae00000|100%| E|CS|TAMS 0x000000008ad00000, 0x000000008ad00000| Complete 
| 174|0x000000008ae00000, 0x000000008af00000, 0x000000008af00000|100%| E|CS|TAMS 0x000000008ae00000, 0x000000008ae00000| Complete 
| 175|0x000000008af00000, 0x000000008b000000, 0x000000008b000000|100%| E|CS|TAMS 0x000000008af00000, 0x000000008af00000| Complete 
| 176|0x000000008b000000, 0x000000008b100000, 0x000000008b100000|100%| E|CS|TAMS 0x000000008b000000, 0x000000008b000000| Complete 
| 177|0x000000008b100000, 0x000000008b200000, 0x000000008b200000|100%| E|CS|TAMS 0x000000008b100000, 0x000000008b100000| Complete 
| 178|0x000000008b200000, 0x000000008b300000, 0x000000008b300000|100%| E|CS|TAMS 0x000000008b200000, 0x000000008b200000| Complete 
| 179|0x000000008b300000, 0x000000008b400000, 0x000000008b400000|100%| E|CS|TAMS 0x000000008b300000, 0x000000008b300000| Complete 
| 180|0x000000008b400000, 0x000000008b500000, 0x000000008b500000|100%| E|CS|TAMS 0x000000008b400000, 0x000000008b400000| Complete 
| 181|0x000000008b500000, 0x000000008b600000, 0x000000008b600000|100%| E|CS|TAMS 0x000000008b500000, 0x000000008b500000| Complete 
| 182|0x000000008b600000, 0x000000008b700000, 0x000000008b700000|100%| E|CS|TAMS 0x000000008b600000, 0x000000008b600000| Complete 

Card table byte_map: [0x00000131c3b00000,0x00000131c3f00000] _byte_map_base: 0x00000131c3700000

Marking Bits (Prev, Next): (CMBitMap*) 0x00000131b0921fd8, (CMBitMap*) 0x00000131b0922010
 Prev Bits: [0x00000131c4300000, 0x00000131c6300000)
 Next Bits: [0x00000131c6300000, 0x00000131c8300000)

Polling page: 0x00000131ae7a0000

Metaspace:

Usage:
  Non-class:     91.75 MB capacity,    90.01 MB ( 98%) used,     1.46 MB (  2%) free+waste,   288.13 KB ( <1%) overhead. 
      Class:     14.17 MB capacity,    13.20 MB ( 93%) used,   863.59 KB (  6%) free+waste,   129.31 KB ( <1%) overhead. 
       Both:    105.92 MB capacity,   103.21 MB ( 97%) used,     2.30 MB (  2%) free+waste,   417.44 KB ( <1%) overhead. 

Virtual space:
  Non-class space:       94.00 MB reserved,      92.33 MB ( 98%) committed 
      Class space:        1.00 GB reserved,      14.50 MB (  1%) committed 
             Both:        1.09 GB reserved,     106.83 MB ( 10%) committed 

Chunk freelists:
   Non-Class:  528.00 KB
       Class:  276.00 KB
        Both:  804.00 KB

MaxMetaspaceSize: 17179869184.00 GB
CompressedClassSpaceSize: 1.00 GB

CodeHeap 'non-profiled nmethods': size=120000Kb used=6421Kb max_used=6421Kb free=113578Kb
 bounds [0x00000131bbea0000, 0x00000131bc4f0000, 0x00000131c33d0000]
CodeHeap 'profiled nmethods': size=120000Kb used=26514Kb max_used=26514Kb free=93486Kb
 bounds [0x00000131b4970000, 0x00000131b6360000, 0x00000131bbea0000]
CodeHeap 'non-nmethods': size=5760Kb used=2324Kb max_used=2372Kb free=3436Kb
 bounds [0x00000131b43d0000, 0x00000131b4640000, 0x00000131b4970000]
 total_blobs=13023 nmethods=12078 adapters=856
 compilation: enabled
              stopped_count=0, restarted_count=0
 full_count=0

Compilation events (20 events):
Event: 25.634 Thread 0x00000131cb6dd800 12273       2       org.gradle.workers.internal.WorkerDaemonClientsManager$LogLevelChangeEventListener::onOutput (25 bytes)
Event: 25.634 Thread 0x00000131cb6dd800 nmethod 12273 0x00000131b6350f90 code [0x00000131b6351140, 0x00000131b6351318]
Event: 25.638 Thread 0x00000131cb6dd800 12274       2       com.google.common.io.Files::getFileExtension (42 bytes)
Event: 25.638 Thread 0x00000131cb6dd800 nmethod 12274 0x00000131b6351490 code [0x00000131b63516a0, 0x00000131b63519b8]
Event: 25.638 Thread 0x00000131cb6dd800 12275       2       org.gradle.api.internal.artifacts.PreResolvedResolvableArtifact::<init> (38 bytes)
Event: 25.639 Thread 0x00000131cb6dd800 nmethod 12275 0x00000131b6351c10 code [0x00000131b6351de0, 0x00000131b6352118]
Event: 25.639 Thread 0x00000131cb6dd800 12277       2       org.gradle.internal.component.model.DefaultIvyArtifactName::forFile (11 bytes)
Event: 25.639 Thread 0x00000131cb6dd800 nmethod 12277 0x00000131b6352210 code [0x00000131b63523e0, 0x00000131b63525b8]
Event: 25.639 Thread 0x00000131cb6dd800 12279       2       org.gradle.api.internal.artifacts.ivyservice.resolveengine.artifact.EndCollection::visit (11 bytes)
Event: 25.639 Thread 0x00000131cb6dd800 nmethod 12279 0x00000131b6352710 code [0x00000131b63528c0, 0x00000131b63529e8]
Event: 25.639 Thread 0x00000131cb6dd800 12278       2       org.gradle.api.internal.artifacts.PreResolvedResolvableArtifact::getFile (22 bytes)
Event: 25.639 Thread 0x00000131cb6dd800 nmethod 12278 0x00000131b6352a90 code [0x00000131b6352c80, 0x00000131b6352ea8]
Event: 25.639 Thread 0x00000131cb6dd800 12280       2       com.google.common.collect.ImmutableCollection::<init> (5 bytes)
Event: 25.639 Thread 0x00000131cb6dd800 nmethod 12280 0x00000131b6353090 code [0x00000131b6353240, 0x00000131b6353338]
Event: 25.646 Thread 0x00000131cb6dd800 12281       2       java.lang.Class::asSubclass (22 bytes)
Event: 25.646 Thread 0x00000131cb6dd800 nmethod 12281 0x00000131b6353410 code [0x00000131b63535e0, 0x00000131b63537e8]
Event: 25.671 Thread 0x00000131cb6dd800 12282       2       java.util.HashMap$HashIterator::<init> (79 bytes)
Event: 25.672 Thread 0x00000131cb6dd800 nmethod 12282 0x00000131b6353910 code [0x00000131b6353ae0, 0x00000131b6353dd8]
Event: 25.675 Thread 0x00000131cb6dd800 12283       2       org.objectweb.asm.AnnotationWriter::visitArray (62 bytes)
Event: 25.676 Thread 0x00000131cb6dd800 nmethod 12283 0x00000131b6353f10 code [0x00000131b6354100, 0x00000131b6354338]

GC Heap History (20 events):
Event: 12.404 GC heap before
{Heap before GC invocations=22 (full 0):
 garbage-first heap   total 187392K, used 140419K [0x0000000080000000, 0x0000000100000000)
  region size 1024K, 41 young (41984K), 7 survivors (7168K)
 Metaspace       used 87417K, capacity 89804K, committed 90068K, reserved 1128448K
  class space    used 11330K, capacity 12148K, committed 12160K, reserved 1048576K
}
Event: 12.411 GC heap after
{Heap after GC invocations=23 (full 0):
 garbage-first heap   total 187392K, used 109420K [0x0000000080000000, 0x0000000100000000)
  region size 1024K, 3 young (3072K), 3 survivors (3072K)
 Metaspace       used 87417K, capacity 89804K, committed 90068K, reserved 1128448K
  class space    used 11330K, capacity 12148K, committed 12160K, reserved 1048576K
}
Event: 13.025 GC heap before
{Heap before GC invocations=24 (full 0):
 garbage-first heap   total 187392K, used 152428K [0x0000000080000000, 0x0000000100000000)
  region size 1024K, 44 young (45056K), 3 survivors (3072K)
 Metaspace       used 92875K, capacity 95403K, committed 95572K, reserved 1132544K
  class space    used 12029K, capacity 12930K, committed 13056K, reserved 1048576K
}
Event: 13.030 GC heap after
{Heap after GC invocations=25 (full 0):
 garbage-first heap   total 187392K, used 110701K [0x0000000080000000, 0x0000000100000000)
  region size 1024K, 4 young (4096K), 4 survivors (4096K)
 Metaspace       used 92875K, capacity 95403K, committed 95572K, reserved 1132544K
  class space    used 12029K, capacity 12930K, committed 13056K, reserved 1048576K
}
Event: 13.640 GC heap before
{Heap before GC invocations=25 (full 0):
 garbage-first heap   total 187392K, used 153709K [0x0000000080000000, 0x0000000100000000)
  region size 1024K, 46 young (47104K), 4 survivors (4096K)
 Metaspace       used 96922K, capacity 99546K, committed 99668K, reserved 1136640K
  class space    used 12489K, capacity 13465K, committed 13568K, reserved 1048576K
}
Event: 13.652 GC heap after
{Heap after GC invocations=26 (full 0):
 garbage-first heap   total 187392K, used 113970K [0x0000000080000000, 0x0000000100000000)
  region size 1024K, 6 young (6144K), 6 survivors (6144K)
 Metaspace       used 96922K, capacity 99546K, committed 99668K, reserved 1136640K
  class space    used 12489K, capacity 13465K, committed 13568K, reserved 1048576K
}
Event: 21.371 GC heap before
{Heap before GC invocations=27 (full 0):
 garbage-first heap   total 187392K, used 154930K [0x0000000080000000, 0x0000000100000000)
  region size 1024K, 46 young (47104K), 6 survivors (6144K)
 Metaspace       used 101916K, capacity 104607K, committed 104788K, reserved 1140736K
  class space    used 13116K, capacity 14072K, committed 14080K, reserved 1048576K
}
Event: 21.390 GC heap after
{Heap after GC invocations=28 (full 0):
 garbage-first heap   total 187392K, used 117677K [0x0000000080000000, 0x0000000100000000)
  region size 1024K, 4 young (4096K), 4 survivors (4096K)
 Metaspace       used 101916K, capacity 104607K, committed 104788K, reserved 1140736K
  class space    used 13116K, capacity 14072K, committed 14080K, reserved 1048576K
}
Event: 22.366 GC heap before
{Heap before GC invocations=28 (full 0):
 garbage-first heap   total 187392K, used 144301K [0x0000000080000000, 0x0000000100000000)
  region size 1024K, 31 young (31744K), 4 survivors (4096K)
 Metaspace       used 103529K, capacity 106550K, committed 106836K, reserved 1142784K
  class space    used 13442K, capacity 14546K, committed 14592K, reserved 1048576K
}
Event: 22.376 GC heap after
{Heap after GC invocations=29 (full 0):
 garbage-first heap   total 187392K, used 120023K [0x0000000080000000, 0x0000000100000000)
  region size 1024K, 3 young (3072K), 3 survivors (3072K)
 Metaspace       used 103529K, capacity 106550K, committed 106836K, reserved 1142784K
  class space    used 13442K, capacity 14546K, committed 14592K, reserved 1048576K
}
Event: 22.894 GC heap before
{Heap before GC invocations=30 (full 0):
 garbage-first heap   total 187392K, used 154839K [0x0000000080000000, 0x0000000100000000)
  region size 1024K, 37 young (37888K), 3 survivors (3072K)
 Metaspace       used 104008K, capacity 107099K, committed 107348K, reserved 1142784K
  class space    used 13494K, capacity 14580K, committed 14592K, reserved 1048576K
}
Event: 22.902 GC heap after
{Heap after GC invocations=31 (full 0):
 garbage-first heap   total 187392K, used 123230K [0x0000000080000000, 0x0000000100000000)
  region size 1024K, 5 young (5120K), 5 survivors (5120K)
 Metaspace       used 104008K, capacity 107099K, committed 107348K, reserved 1142784K
  class space    used 13494K, capacity 14580K, committed 14592K, reserved 1048576K
}
Event: 23.058 GC heap before
{Heap before GC invocations=31 (full 0):
 garbage-first heap   total 187392K, used 155998K [0x0000000080000000, 0x0000000100000000)
  region size 1024K, 38 young (38912K), 5 survivors (5120K)
 Metaspace       used 104364K, capacity 107465K, committed 107732K, reserved 1142784K
  class space    used 13531K, capacity 14659K, committed 14720K, reserved 1048576K
}
Event: 23.066 GC heap after
{Heap after GC invocations=32 (full 0):
 garbage-first heap   total 187392K, used 123323K [0x0000000080000000, 0x0000000100000000)
  region size 1024K, 2 young (2048K), 2 survivors (2048K)
 Metaspace       used 104364K, capacity 107465K, committed 107732K, reserved 1142784K
  class space    used 13531K, capacity 14659K, committed 14720K, reserved 1048576K
}
Event: 24.841 GC heap before
{Heap before GC invocations=33 (full 0):
 garbage-first heap   total 187392K, used 156091K [0x0000000080000000, 0x0000000100000000)
  region size 1024K, 35 young (35840K), 2 survivors (2048K)
 Metaspace       used 104820K, capacity 107956K, committed 108244K, reserved 1142784K
  class space    used 13548K, capacity 14664K, committed 14720K, reserved 1048576K
}
Event: 24.846 GC heap after
{Heap after GC invocations=34 (full 0):
 garbage-first heap   total 187392K, used 124728K [0x0000000080000000, 0x0000000100000000)
  region size 1024K, 3 young (3072K), 3 survivors (3072K)
 Metaspace       used 104820K, capacity 107956K, committed 108244K, reserved 1142784K
  class space    used 13548K, capacity 14664K, committed 14720K, reserved 1048576K
}
Event: 25.269 GC heap before
{Heap before GC invocations=34 (full 0):
 garbage-first heap   total 187392K, used 157496K [0x0000000080000000, 0x0000000100000000)
  region size 1024K, 36 young (36864K), 3 survivors (3072K)
 Metaspace       used 105247K, capacity 108284K, committed 108500K, reserved 1142784K
  class space    used 13564K, capacity 14669K, committed 14720K, reserved 1048576K
}
Event: 25.276 GC heap after
{Heap after GC invocations=35 (full 0):
 garbage-first heap   total 187392K, used 126500K [0x0000000080000000, 0x0000000100000000)
  region size 1024K, 5 young (5120K), 5 survivors (5120K)
 Metaspace       used 105247K, capacity 108284K, committed 108500K, reserved 1142784K
  class space    used 13564K, capacity 14669K, committed 14720K, reserved 1048576K
}
Event: 25.560 GC heap before
{Heap before GC invocations=36 (full 0):
 garbage-first heap   total 187392K, used 158244K [0x0000000080000000, 0x0000000100000000)
  region size 1024K, 37 young (37888K), 5 survivors (5120K)
 Metaspace       used 105257K, capacity 108108K, committed 109140K, reserved 1144832K
  class space    used 13467K, capacity 14475K, committed 14848K, reserved 1048576K
}
Event: 25.566 GC heap after
{Heap after GC invocations=37 (full 0):
 garbage-first heap   total 187392K, used 127725K [0x0000000080000000, 0x0000000100000000)
  region size 1024K, 4 young (4096K), 4 survivors (4096K)
 Metaspace       used 105257K, capacity 108108K, committed 109140K, reserved 1144832K
  class space    used 13467K, capacity 14475K, committed 14848K, reserved 1048576K
}

Deoptimization events (20 events):
Event: 25.351 Thread 0x00000131cef46800 DEOPT PACKING pc=0x00000131b4b9ab27 sp=0x00000011df0fb4b0
Event: 25.351 Thread 0x00000131cef46800 DEOPT UNPACKING pc=0x00000131b43f6dde sp=0x00000011df0fa970 mode 0
Event: 25.352 Thread 0x00000131cef46800 DEOPT PACKING pc=0x00000131b4b9ab27 sp=0x00000011df0fb4b0
Event: 25.352 Thread 0x00000131cef46800 DEOPT UNPACKING pc=0x00000131b43f6dde sp=0x00000011df0fa970 mode 0
Event: 25.355 Thread 0x00000131d07ae800 DEOPT PACKING pc=0x00000131b6173cc6 sp=0x00000011dedfe760
Event: 25.355 Thread 0x00000131d07ae800 DEOPT UNPACKING pc=0x00000131b43f6dde sp=0x00000011dedfdc00 mode 0
Event: 25.417 Thread 0x00000131cef46800 DEOPT PACKING pc=0x00000131b60415e7 sp=0x00000011df0fa750
Event: 25.417 Thread 0x00000131cef46800 DEOPT UNPACKING pc=0x00000131b43f6dde sp=0x00000011df0f9c78 mode 0
Event: 25.454 Thread 0x00000131cef46800 DEOPT PACKING pc=0x00000131b60415e7 sp=0x00000011df0fab10
Event: 25.454 Thread 0x00000131cef46800 DEOPT UNPACKING pc=0x00000131b43f6dde sp=0x00000011df0fa038 mode 0
Event: 25.457 Thread 0x00000131cad5f800 Uncommon trap: trap_request=0xffffff4d fr.pc=0x00000131bc2c61e4 relative=0x0000000000000664
Event: 25.457 Thread 0x00000131cad5f800 Uncommon trap: reason=unstable_if action=reinterpret pc=0x00000131bc2c61e4 method=java.util.HashMap$HashIterator.<init>(Ljava/util/HashMap;)V @ 45 c2
Event: 25.457 Thread 0x00000131cad5f800 DEOPT PACKING pc=0x00000131bc2c61e4 sp=0x00000011dbdfee30
Event: 25.457 Thread 0x00000131cad5f800 DEOPT UNPACKING pc=0x00000131b43f662f sp=0x00000011dbdfecc0 mode 2
Event: 25.462 Thread 0x00000131cad5f800 Uncommon trap: trap_request=0xffffff4d fr.pc=0x00000131bc236de0 relative=0x0000000000000340
Event: 25.462 Thread 0x00000131cad5f800 Uncommon trap: reason=unstable_if action=reinterpret pc=0x00000131bc236de0 method=java.util.HashMap$HashIterator.<init>(Ljava/util/HashMap;)V @ 45 c2
Event: 25.462 Thread 0x00000131cad5f800 DEOPT PACKING pc=0x00000131bc236de0 sp=0x00000011dbdfede0
Event: 25.462 Thread 0x00000131cad5f800 DEOPT UNPACKING pc=0x00000131b43f662f sp=0x00000011dbdfed98 mode 2
Event: 25.479 Thread 0x00000131cef46800 DEOPT PACKING pc=0x00000131b602423e sp=0x00000011df0faa80
Event: 25.479 Thread 0x00000131cef46800 DEOPT UNPACKING pc=0x00000131b43f6dde sp=0x00000011df0fa0f0 mode 0

Classes redefined (0 events):
No events

Internal exceptions (20 events):
Event: 22.284 Thread 0x00000131d0cbc800 Exception <a 'java/lang/NoSuchMethodError'{0x000000008a7e97a8}: 'java.lang.Object java.lang.invoke.DirectMethodHandle$Holder.invokeSpecialIFC(java.lang.Object, java.lang.Object, java.lang.Object)'> (0x000000008a7e97a8) thrown at [./src/hotspot/share/interpreter/linkResolver.cpp, line 773]
Event: 22.284 Thread 0x00000131d0b2c800 Exception <a 'java/lang/NoSuchMethodError'{0x000000008a7e5168}: 'java.lang.Object java.lang.invoke.DirectMethodHandle$Holder.invokeSpecialIFC(java.lang.Object, java.lang.Object, java.lang.Object)'> (0x000000008a7e5168) thrown at [./src/hotspot/share/interpreter/linkResolver.cpp, line 773]
Event: 22.284 Thread 0x00000131cbb65000 Exception <a 'java/lang/NoSuchMethodError'{0x000000008a7c1ab8}: 'java.lang.Object java.lang.invoke.DirectMethodHandle$Holder.invokeSpecialIFC(java.lang.Object, java.lang.Object, java.lang.Object)'> (0x000000008a7c1ab8) thrown at [./src/hotspot/share/interpreter/linkResolver.cpp, line 773]
Event: 22.284 Thread 0x00000131d07aa000 Exception <a 'java/lang/NoSuchMethodError'{0x000000008a7ddd08}: 'java.lang.Object java.lang.invoke.DirectMethodHandle$Holder.invokeSpecialIFC(java.lang.Object, java.lang.Object, java.lang.Object)'> (0x000000008a7ddd08) thrown at [./src/hotspot/share/interpreter/linkResolver.cpp, line 773]
Event: 22.284 Thread 0x00000131cef4a800 Exception <a 'java/lang/NoSuchMethodError'{0x000000008a7efcf8}: 'java.lang.Object java.lang.invoke.DirectMethodHandle$Holder.invokeSpecialIFC(java.lang.Object, java.lang.Object, java.lang.Object)'> (0x000000008a7efcf8) thrown at [./src/hotspot/share/interpreter/linkResolver.cpp, line 773]
Event: 22.284 Thread 0x00000131d07a9000 Exception <a 'java/lang/NoSuchMethodError'{0x000000008a7db568}: 'java.lang.Object java.lang.invoke.DirectMethodHandle$Holder.invokeSpecialIFC(java.lang.Object, java.lang.Object, java.lang.Object)'> (0x000000008a7db568) thrown at [./src/hotspot/share/interpreter/linkResolver.cpp, line 773]
Event: 22.320 Thread 0x00000131cef4a800 Exception <a 'java/lang/IncompatibleClassChangeError'{0x000000008a48f548}: Found class java.lang.Object, but interface was expected> (0x000000008a48f548) thrown at [./src/hotspot/share/interpreter/linkResolver.cpp, line 839]
Event: 22.320 Thread 0x00000131cef4f800 Exception <a 'java/lang/IncompatibleClassChangeError'{0x000000008a4b1410}: Found class java.lang.Object, but interface was expected> (0x000000008a4b1410) thrown at [./src/hotspot/share/interpreter/linkResolver.cpp, line 839]
Event: 22.320 Thread 0x00000131d07aa000 Exception <a 'java/lang/IncompatibleClassChangeError'{0x000000008a4a5830}: Found class java.lang.Object, but interface was expected> (0x000000008a4a5830) thrown at [./src/hotspot/share/interpreter/linkResolver.cpp, line 839]
Event: 22.320 Thread 0x00000131cbb65000 Exception <a 'java/lang/IncompatibleClassChangeError'{0x000000008a498a18}: Found class java.lang.Object, but interface was expected> (0x000000008a498a18) thrown at [./src/hotspot/share/interpreter/linkResolver.cpp, line 839]
Event: 22.320 Thread 0x00000131d0b2c800 Exception <a 'java/lang/IncompatibleClassChangeError'{0x000000008a4cb798}: Found class java.lang.Object, but interface was expected> (0x000000008a4cb798) thrown at [./src/hotspot/share/interpreter/linkResolver.cpp, line 839]
Event: 22.348 Thread 0x00000131d07a9000 Exception <a 'java/lang/NoSuchMethodError'{0x0000000089f0b330}: 'int java.lang.invoke.DirectMethodHandle$Holder.invokeStaticInit(java.lang.Object, java.lang.Object, java.lang.Object, java.lang.Object, java.lang.Object)'> (0x0000000089f0b330) thrown at [./src/hotspot/share/interpreter/linkResolver.cpp, line 773]
Event: 22.849 Thread 0x00000131cef4a800 Exception <a 'sun/nio/fs/WindowsException'{0x0000000089648ca8}> (0x0000000089648ca8) thrown at [./src/hotspot/share/prims/jni.cpp, line 615]
Event: 22.911 Thread 0x00000131cef4a800 Exception <a 'java/lang/NoSuchMethodError'{0x000000008b5d52c0}: 'java.lang.Object java.lang.invoke.DirectMethodHandle$Holder.newInvokeSpecial(java.lang.Object, java.lang.Object, java.lang.Object, java.lang.Object)'> (0x000000008b5d52c0) thrown at [./src/hotspot/share/interpreter/linkResolver.cpp, line 773]
Event: 22.945 Thread 0x00000131d0cbd000 Exception <a 'sun/nio/fs/WindowsException'{0x000000008ac91d08}> (0x000000008ac91d08) thrown at [./src/hotspot/share/prims/jni.cpp, line 615]
Event: 23.046 Thread 0x00000131cef46800 Exception <a 'sun/nio/fs/WindowsException'{0x00000000897ac6c8}> (0x00000000897ac6c8) thrown at [./src/hotspot/share/prims/jni.cpp, line 615]
Event: 24.767 Thread 0x00000131cbb62800 Exception <a 'sun/nio/fs/WindowsException'{0x00000000898ddb00}> (0x00000000898ddb00) thrown at [./src/hotspot/share/prims/jni.cpp, line 615]
Event: 24.923 Thread 0x00000131d0b35800 Exception <a 'sun/nio/fs/WindowsException'{0x000000008b06cea0}> (0x000000008b06cea0) thrown at [./src/hotspot/share/prims/jni.cpp, line 615]
Event: 25.108 Thread 0x00000131cef53000 Exception <a 'sun/nio/fs/WindowsException'{0x0000000089f6daa8}> (0x0000000089f6daa8) thrown at [./src/hotspot/share/prims/jni.cpp, line 615]
Event: 25.631 Thread 0x00000131cef46800 Exception <a 'sun/nio/fs/WindowsException'{0x000000008a7427c0}> (0x000000008a7427c0) thrown at [./src/hotspot/share/prims/jni.cpp, line 615]

Events (20 events):
Event: 25.662 loading class org/jetbrains/kotlin/gradle/tasks/KotlinCompilerExecutionStrategy
Event: 25.662 loading class org/jetbrains/kotlin/gradle/tasks/KotlinCompilerExecutionStrategy done
Event: 25.663 loading class org/jetbrains/kotlin/compilerRunner/GradleCompilerRunner
Event: 25.663 loading class org/jetbrains/kotlin/compilerRunner/GradleCompilerRunner done
Event: 25.665 loading class org/jetbrains/kotlin/gradle/tasks/DefaultKotlinJavaToolchain
Event: 25.665 loading class org/jetbrains/kotlin/gradle/tasks/DefaultKotlinJavaToolchain done
Event: 25.667 loading class org/jetbrains/kotlin/gradle/tasks/GradleCompileTaskProvider
Event: 25.667 loading class org/jetbrains/kotlin/gradle/tasks/GradleCompileTaskProvider done
Event: 25.667 loading class org/jetbrains/kotlin/gradle/plugin/PropertiesProvider$JvmTargetValidationMode
Event: 25.667 loading class org/jetbrains/kotlin/gradle/plugin/PropertiesProvider$JvmTargetValidationMode done
Event: 25.668 loading class org/jetbrains/kotlin/gradle/tasks/KotlinCompilerPluginData
Event: 25.668 loading class org/jetbrains/kotlin/gradle/tasks/KotlinCompilerPluginData done
Event: 25.669 loading class org/jetbrains/kotlin/build/report/metrics/BuildMetricsReporter
Event: 25.669 loading class org/jetbrains/kotlin/build/report/metrics/BuildMetricsReporter done
Event: 25.672 loading class org/gradle/api/tasks/LocalState
Event: 25.672 loading class org/gradle/api/tasks/LocalState done
Event: 25.674 loading class org/gradle/api/tasks/IgnoreEmptyDirectories
Event: 25.674 loading class org/gradle/api/tasks/IgnoreEmptyDirectories done
Event: 25.674 loading class org/gradle/api/model/ReplacedBy
Event: 25.674 loading class org/gradle/api/model/ReplacedBy done


Dynamic libraries:
0x00007ff66a280000 - 0x00007ff66a28a000 	C:\Program Files\Android\Android Studio1\jre\bin\java.exe
0x00007ff985600000 - 0x00007ff9857f0000 	C:\Windows\SYSTEM32\ntdll.dll
0x00007ff9840f0000 - 0x00007ff9841a2000 	C:\Windows\System32\KERNEL32.DLL
0x00007ff9828f0000 - 0x00007ff982b93000 	C:\Windows\System32\KERNELBASE.dll
0x00007ff9827a0000 - 0x00007ff98289a000 	C:\Windows\System32\ucrtbase.dll
0x00007ff97c8d0000 - 0x00007ff97c8e9000 	C:\Program Files\Android\Android Studio1\jre\bin\jli.dll
0x00007ff97c900000 - 0x00007ff97c917000 	C:\Program Files\Android\Android Studio1\jre\bin\VCRUNTIME140.dll
0x00007ff984490000 - 0x00007ff984623000 	C:\Windows\System32\USER32.dll
0x00007ff96f620000 - 0x00007ff96f8a5000 	C:\Windows\WinSxS\amd64_microsoft.windows.common-controls_6595b64144ccf1df_6.0.18362.175_none_e6c3ab1f131014c9\COMCTL32.dll
0x00007ff982590000 - 0x00007ff9825b1000 	C:\Windows\System32\win32u.dll
0x00007ff9850f0000 - 0x00007ff985116000 	C:\Windows\System32\GDI32.dll
0x00007ff984390000 - 0x00007ff98442e000 	C:\Windows\System32\msvcrt.dll
0x00007ff9833d0000 - 0x00007ff983564000 	C:\Windows\System32\gdi32full.dll
0x00007ff9836f0000 - 0x00007ff983a26000 	C:\Windows\System32\combase.dll
0x00007ff982700000 - 0x00007ff98279e000 	C:\Windows\System32\msvcp_win.dll
0x00007ff9854a0000 - 0x00007ff9855c0000 	C:\Windows\System32\RPCRT4.dll
0x00007ff982670000 - 0x00007ff9826f1000 	C:\Windows\System32\bcryptPrimitives.dll
0x00007ff9836c0000 - 0x00007ff9836ee000 	C:\Windows\System32\IMM32.DLL
0x00007ff92c590000 - 0x00007ff92c62d000 	C:\Program Files\Android\Android Studio1\jre\bin\msvcp140.dll
0x00007ff925960000 - 0x00007ff926435000 	C:\Program Files\Android\Android Studio1\jre\bin\server\jvm.dll
0x00007ff984d10000 - 0x00007ff984db3000 	C:\Windows\System32\ADVAPI32.dll
0x00007ff984dc0000 - 0x00007ff984e57000 	C:\Windows\System32\sechost.dll
0x00007ff984300000 - 0x00007ff984308000 	C:\Windows\System32\PSAPI.DLL
0x00007ff96ae10000 - 0x00007ff96ae19000 	C:\Windows\SYSTEM32\WSOCK32.dll
0x00007ff9841c0000 - 0x00007ff98422f000 	C:\Windows\System32\WS2_32.dll
0x00007ff97ab50000 - 0x00007ff97ab5a000 	C:\Windows\SYSTEM32\VERSION.dll
0x00007ff97fd70000 - 0x00007ff97fd94000 	C:\Windows\SYSTEM32\WINMM.dll
0x00007ff97fc60000 - 0x00007ff97fc8d000 	C:\Windows\SYSTEM32\winmmbase.dll
0x00007ff9828a0000 - 0x00007ff9828ea000 	C:\Windows\System32\cfgmgr32.dll
0x00007ff982550000 - 0x00007ff982561000 	C:\Windows\System32\kernel.appcore.dll
0x00007ff979c60000 - 0x00007ff979c71000 	C:\Program Files\Android\Android Studio1\jre\bin\verify.dll
0x00007ff980cd0000 - 0x00007ff980ec4000 	C:\Windows\SYSTEM32\DBGHELP.DLL
0x00007ff96eb60000 - 0x00007ff96eb8a000 	C:\Windows\SYSTEM32\dbgcore.DLL
0x00007ff979c30000 - 0x00007ff979c59000 	C:\Program Files\Android\Android Studio1\jre\bin\java.dll
0x00007ff97c560000 - 0x00007ff97c56b000 	C:\Program Files\Android\Android Studio1\jre\bin\jimage.dll
0x00007ff977e90000 - 0x00007ff977ea8000 	C:\Program Files\Android\Android Studio1\jre\bin\zip.dll
0x00007ff984630000 - 0x00007ff984d10000 	C:\Windows\System32\SHELL32.dll
0x00007ff983b20000 - 0x00007ff983bc9000 	C:\Windows\System32\shcore.dll
0x00007ff982c00000 - 0x00007ff98337b000 	C:\Windows\System32\windows.storage.dll
0x00007ff982570000 - 0x00007ff98258f000 	C:\Windows\System32\profapi.dll
0x00007ff9824e0000 - 0x00007ff98252a000 	C:\Windows\System32\powrprof.dll
0x00007ff9824d0000 - 0x00007ff9824e0000 	C:\Windows\System32\UMPDC.dll
0x00007ff984430000 - 0x00007ff984482000 	C:\Windows\System32\shlwapi.dll
0x00007ff9833b0000 - 0x00007ff9833c7000 	C:\Windows\System32\cryptsp.dll
0x00007ff977e70000 - 0x00007ff977e8a000 	C:\Program Files\Android\Android Studio1\jre\bin\net.dll
0x00007ff97b870000 - 0x00007ff97b95f000 	C:\Windows\SYSTEM32\WINHTTP.dll
0x00007ff981d40000 - 0x00007ff981da7000 	C:\Windows\system32\mswsock.dll
0x00007ff971e60000 - 0x00007ff971e74000 	C:\Program Files\Android\Android Studio1\jre\bin\nio.dll
0x00007ff95e900000 - 0x00007ff95e927000 	C:\Users\user\.gradle\native\e1d6ef7f7dcc3fd88c89a11ec53ec762bb8ba0a96d01ffa2cd45eb1d1d8dd5c5\windows-amd64\native-platform.dll
0x00007ff9332f0000 - 0x00007ff933434000 	C:\Users\user\.gradle\native\5664cfc778a61ccfe75a443a1ab52a65af34e5dc3c78e0209fed803814484fcb\windows-amd64\native-platform-file-events.dll
0x00007ff971e50000 - 0x00007ff971e5a000 	C:\Program Files\Android\Android Studio1\jre\bin\management.dll
0x00007ff971e40000 - 0x00007ff971e4d000 	C:\Program Files\Android\Android Studio1\jre\bin\management_ext.dll
0x00007ff981900000 - 0x00007ff981933000 	C:\Windows\system32\rsaenh.dll
0x00007ff983380000 - 0x00007ff9833a6000 	C:\Windows\System32\bcrypt.dll
0x00007ff9823c0000 - 0x00007ff9823e5000 	C:\Windows\SYSTEM32\USERENV.dll
0x00007ff981f10000 - 0x00007ff981f1c000 	C:\Windows\SYSTEM32\CRYPTBASE.dll
0x00007ff981aa0000 - 0x00007ff981ada000 	C:\Windows\SYSTEM32\IPHLPAPI.DLL
0x00007ff985010000 - 0x00007ff985018000 	C:\Windows\System32\NSI.dll
0x00007ff977b70000 - 0x00007ff977b86000 	C:\Windows\SYSTEM32\dhcpcsvc6.DLL
0x00007ff9795b0000 - 0x00007ff9795cc000 	C:\Windows\SYSTEM32\dhcpcsvc.DLL
0x00007ff981ae0000 - 0x00007ff981baa000 	C:\Windows\SYSTEM32\DNSAPI.dll
0x00007ff95d840000 - 0x00007ff95d867000 	C:\Program Files\Android\Android Studio1\jre\bin\sunec.dll
0x00007ff97ace0000 - 0x00007ff97acea000 	C:\Windows\System32\rasadhlp.dll
0x00007ff977200000 - 0x00007ff977277000 	C:\Windows\System32\fwpuclnt.dll
0x00007ff981580000 - 0x00007ff9815b1000 	C:\Windows\SYSTEM32\ntmarta.dll

dbghelp: loaded successfully - version: 4.0.5 - missing functions: none
symbol engine: initialized successfully - sym options: 0x614 - pdb path: .;C:\Program Files\Android\Android Studio1\jre\bin;C:\Windows\SYSTEM32;C:\Windows\WinSxS\amd64_microsoft.windows.common-controls_6595b64144ccf1df_6.0.18362.175_none_e6c3ab1f131014c9;C:\Program Files\Android\Android Studio1\jre\bin\server;C:\Users\user\.gradle\native\e1d6ef7f7dcc3fd88c89a11ec53ec762bb8ba0a96d01ffa2cd45eb1d1d8dd5c5\windows-amd64;C:\Users\user\.gradle\native\5664cfc778a61ccfe75a443a1ab52a65af34e5dc3c78e0209fed803814484fcb\windows-amd64

VM Arguments:
jvm_args: --add-opens=java.base/java.util=ALL-UNNAMED --add-opens=java.base/java.lang=ALL-UNNAMED --add-opens=java.base/java.lang.invoke=ALL-UNNAMED --add-opens=java.base/java.util=ALL-UNNAMED --add-opens=java.prefs/java.util.prefs=ALL-UNNAMED --add-opens=java.prefs/java.util.prefs=ALL-UNNAMED --add-opens=java.base/java.nio.charset=ALL-UNNAMED --add-opens=java.base/java.net=ALL-UNNAMED --add-opens=java.base/java.util.concurrent.atomic=ALL-UNNAMED -Xmx2048m -Dfile.encoding=UTF-8 -Duser.country=US -Duser.language=en -Duser.variant 
java_command: org.gradle.launcher.daemon.bootstrap.GradleDaemon 7.3.3
java_class_path (initial): C:\Users\user\.gradle\wrapper\dists\gradle-7.3.3-bin\6a41zxkdtcxs8rphpq6y0069z\gradle-7.3.3\lib\gradle-launcher-7.3.3.jar
Launcher Type: SUN_STANDARD

[Global flags]
     intx CICompilerCount                          = 4                                         {product} {ergonomic}
     uint ConcGCThreads                            = 2                                         {product} {ergonomic}
     uint G1ConcRefinementThreads                  = 8                                         {product} {ergonomic}
   size_t G1HeapRegionSize                         = 1048576                                   {product} {ergonomic}
    uintx GCDrainStackTargetSize                   = 64                                        {product} {ergonomic}
   size_t InitialHeapSize                          = 132120576                                 {product} {ergonomic}
   size_t MarkStackSize                            = 4194304                                   {product} {ergonomic}
   size_t MaxHeapSize                              = 2147483648                                {product} {command line}
   size_t MaxNewSize                               = 1287651328                                {product} {ergonomic}
   size_t MinHeapDeltaBytes                        = 1048576                                   {product} {ergonomic}
    uintx NonNMethodCodeHeapSize                   = 5836300                                {pd product} {ergonomic}
    uintx NonProfiledCodeHeapSize                  = 122910970                              {pd product} {ergonomic}
    uintx ProfiledCodeHeapSize                     = 122910970                              {pd product} {ergonomic}
    uintx ReservedCodeCacheSize                    = 251658240                              {pd product} {ergonomic}
     bool SegmentedCodeCache                       = true                                      {product} {ergonomic}
     bool UseCompressedClassPointers               = true                                 {lp64_product} {ergonomic}
     bool UseCompressedOops                        = true                                 {lp64_product} {ergonomic}
     bool UseG1GC                                  = true                                      {product} {ergonomic}
     bool UseLargePagesIndividualAllocation        = false                                  {pd product} {ergonomic}

Logging:
Log output configuration:
 #0: stdout all=warning uptime,level,tags
 #1: stderr all=off uptime,level,tags

Environment Variables:
JAVA_HOME=C:\Program Files\Java\jdk-17.0.1
PATH=C:\Program Files\Common Files\Oracle\Java\javapath;C:\Windows\system32;C:\Windows;C:\Windows\System32\Wbem;C:\Windows\System32\WindowsPowerShell\v1.0\;C:\Windows\System32\OpenSSH\;C:\Program Files (x86)\NVIDIA Corporation\PhysX\Common;C:\Program Files\7-Zip;C:\Program Files\dotnet\;C:\Program Files\Microsoft SQL Server\130\Tools\Binn\;C:\Program Files\Microsoft SQL Server\Client SDK\ODBC\170\Tools\Binn\;C:\Program Files\Java\jdk-17.0.1\bin;C:\Program Files\Git\cmd;C:\Users\user\AppData\Local\Microsoft\WindowsApps;C:\Users\user\AppData\Local\Programs\Microsoft VS Code\bin;C:\MinGW\bin;C:\Users\user\.dotnet\tools;C:\Program Files\JetBrains\IntelliJ IDEA 2021.2.3\bin;;C:\Program Files\JetBrains\IntelliJ IDEA Community Edition 2021.2.3\bin;
USERNAME=user
OS=Windows_NT
PROCESSOR_IDENTIFIER=Intel64 Family 6 Model 165 Stepping 2, GenuineIntel



---------------  S Y S T E M  ---------------

OS: Windows 10 , 64 bit Build 18362 (10.0.18362.86)
OS uptime: 2 days 16:23 hours

CPU:total 8 (initial active 8) (4 cores per cpu, 2 threads per core) family 6 model 165 stepping 2 microcode 0xe0, cmov, cx8, fxsr, mmx, sse, sse2, sse3, ssse3, sse4.1, sse4.2, popcnt, avx, avx2, aes, clmul, erms, 3dnowpref, lzcnt, ht, tsc, tscinvbit, bmi1, bmi2, adx, fma

Memory: 4k page, system-wide physical 7993M (264M free)
TotalPageFile size 19446M (AvailPageFile size 24M)
current process WorkingSet (physical memory assigned to process): 382M, peak: 466M
current process commit charge ("private bytes"): 496M, peak: 513M

vm_info: OpenJDK 64-Bit Server VM (11.0.11+9-b60-7590822) for windows-amd64 JRE (11.0.11+9-b60-7590822), built on Jul 29 2021 21:43:44 by "builder" with MS VC++ 14.0 (VS2015)

END.
