#
# There is insufficient memory for the Java Runtime Environment to continue.
# Native memory allocation (malloc) failed to allocate 1999216 bytes for Chunk::new
# Possible reasons:
#   The system is out of physical RAM or swap space
#   The process is running with CompressedOops enabled, and the Java Heap may be blocking the growth of the native heap
# Possible solutions:
#   Reduce memory load on the system
#   Increase physical memory or swap space
#   Check if swap backing store is full
#   Decrease Java heap size (-Xmx/-Xms)
#   Decrease number of Java threads
#   Decrease Java thread stack sizes (-Xss)
#   Set larger code cache with -XX:ReservedCodeCacheSize=
#   JVM is running with Unscaled Compressed Oops mode in which the Java heap is
#     placed in the first 4GB address space. The Java Heap base address is the
#     maximum limit for the native heap growth. Please use -XX:HeapBaseMinAddress
#     to set the Java Heap base and to place the Java Heap above 4GB virtual address.
# This output file may be truncated or incomplete.
#
#  Out of Memory Error (./src/hotspot/share/memory/arena.cpp:197), pid=19876, tid=16516
#
# JRE version: OpenJDK Runtime Environment (11.0.11+9) (build 11.0.11+9-b60-7590822)
# Java VM: OpenJDK 64-Bit Server VM (11.0.11+9-b60-7590822, mixed mode, tiered, compressed oops, g1 gc, windows-amd64)
# No core dump will be written. Minidumps are not enabled by default on client versions of Windows
#

---------------  S U M M A R Y ------------

Command Line: --add-opens=java.base/java.util=ALL-UNNAMED --add-opens=java.base/java.lang=ALL-UNNAMED --add-opens=java.base/java.lang.invoke=ALL-UNNAMED --add-opens=java.base/java.util=ALL-UNNAMED --add-opens=java.prefs/java.util.prefs=ALL-UNNAMED --add-opens=java.prefs/java.util.prefs=ALL-UNNAMED --add-opens=java.base/java.nio.charset=ALL-UNNAMED --add-opens=java.base/java.net=ALL-UNNAMED --add-opens=java.base/java.util.concurrent.atomic=ALL-UNNAMED -Xmx2048m -Dfile.encoding=UTF-8 -Duser.country=US -Duser.language=en -Duser.variant org.gradle.launcher.daemon.bootstrap.GradleDaemon 7.3.3

Host: Intel(R) Core(TM) i5-10300H CPU @ 2.50GHz, 8 cores, 7G,  Windows 10 , 64 bit Build 18362 (10.0.18362.86)
Time: Wed Jun 22 13:56:43 2022 West Asia Standard Time elapsed time: 20.201812 seconds (0d 0h 0m 20s)

---------------  T H R E A D  ---------------

Current thread (0x000001b7a7594000):  JavaThread "C2 CompilerThread1" daemon [_thread_in_native, id=16516, stack(0x0000008269200000,0x0000008269300000)]


Current CompileTask:
C2:  20201 9764   !   4       org.gradle.internal.instantiation.generator.AsmBackedClassGenerator$InvokeConstructorStrategy::newInstance (66 bytes)

Stack: [0x0000008269200000,0x0000008269300000]
Native frames: (J=compiled Java code, j=interpreted, Vv=VM code, C=native code)
V  [jvm.dll+0x5f214a]
V  [jvm.dll+0x726fb5]
V  [jvm.dll+0x7285cd]
V  [jvm.dll+0x728c83]
V  [jvm.dll+0x243278]
V  [jvm.dll+0xbc53c]
V  [jvm.dll+0xbca3c]
V  [jvm.dll+0x353e7d]
V  [jvm.dll+0x19895c]
V  [jvm.dll+0x1fc2ee]
V  [jvm.dll+0x1fb3d4]
V  [jvm.dll+0x183d6c]
V  [jvm.dll+0x209a57]
V  [jvm.dll+0x2082a1]
V  [jvm.dll+0x6ef58f]
V  [jvm.dll+0x6e80b5]
V  [jvm.dll+0x5f1036]
C  [ucrtbase.dll+0x1d912]
C  [KERNEL32.DLL+0x17bd4]
C  [ntdll.dll+0x6ce71]


---------------  P R O C E S S  ---------------

Threads class SMR info:
_java_thread_list=0x000001b7ae9648f0, length=124, elements={
0x000001b789cc0000, 0x000001b7a4135000, 0x000001b7a4140800, 0x000001b7a4154800,
0x000001b7a4156800, 0x000001b7a4159800, 0x000001b7a4ad2800, 0x000001b7a4adf000,
0x000001b7a4ae0000, 0x000001b7a4c40000, 0x000001b7a7477000, 0x000001b7a73a0000,
0x000001b7a6627000, 0x000001b7a68a8000, 0x000001b7a5339000, 0x000001b7a7fd9800,
0x000001b7a65b2800, 0x000001b7a65ad000, 0x000001b7a65ad800, 0x000001b7a65b1000,
0x000001b7a65b1800, 0x000001b7a65b3800, 0x000001b7a65af000, 0x000001b7a65ae800,
0x000001b7a65b0000, 0x000001b7a9f37000, 0x000001b7a9f38000, 0x000001b7a9f35800,
0x000001b7a9f38800, 0x000001b7a9f33800, 0x000001b7a9f39800, 0x000001b7a9f3a800,
0x000001b7a9f34800, 0x000001b7a9f3b000, 0x000001b7a9f3c000, 0x000001b7a9f36000,
0x000001b7a9f3c800, 0x000001b7a9f3f000, 0x000001b7a9f40000, 0x000001b7a9f41800,
0x000001b7a9f42800, 0x000001b7aa54b000, 0x000001b7aa54c000, 0x000001b7aa54a800,
0x000001b7aa548800, 0x000001b7aa546800, 0x000001b7aa54d000, 0x000001b7aa547000,
0x000001b7aa54d800, 0x000001b7aa548000, 0x000001b7aa54e800, 0x000001b7aa54f800,
0x000001b7aa549800, 0x000001b7aa554000, 0x000001b7aa551800, 0x000001b7aa555000,
0x000001b7aa550000, 0x000001b7aa551000, 0x000001b7aa553800, 0x000001b7aa552800,
0x000001b7ab5e3800, 0x000001b7ab5e1000, 0x000001b7ab5e5800, 0x000001b7ab5e6000,
0x000001b7ab5e0800, 0x000001b7ab5e3000, 0x000001b7ab5e7000, 0x000001b7ab5e8000,
0x000001b7ab5e4800, 0x000001b7ab5e2000, 0x000001b7ab5ec000, 0x000001b7ab5ea000,
0x000001b7ab5ec800, 0x000001b7ab5e8800, 0x000001b7ab5ee800, 0x000001b7ab5e9800,
0x000001b7ab5eb000, 0x000001b7ab5ed800, 0x000001b7ab5ef000, 0x000001b7aaad3000,
0x000001b7aaad2000, 0x000001b7aaace000, 0x000001b7aaad4800, 0x000001b7aaacf000,
0x000001b7aaacf800, 0x000001b7aaad5800, 0x000001b7aaad0800, 0x000001b7aaad1800,
0x000001b7aaad7000, 0x000001b7aaad6000, 0x000001b7aaad8800, 0x000001b7aaad9800,
0x000001b7aaad4000, 0x000001b7aaada800, 0x000001b7aaadb000, 0x000001b7aaadc000,
0x000001b7aaadd000, 0x000001b7aaad8000, 0x000001b7aa5f9800, 0x000001b7aa5fb800,
0x000001b7aa5fc800, 0x000001b7aa5fe000, 0x000001b7aa5fb000, 0x000001b7aa5fa000,
0x000001b7aa5f8800, 0x000001b7aa600000, 0x000001b7aa5ff000, 0x000001b7aa5fd800,
0x000001b7aa601800, 0x000001b7aa605800, 0x000001b7aa600800, 0x000001b7aa606800,
0x000001b7aa607000, 0x000001b7aa604800, 0x000001b7aa603000, 0x000001b7aa604000,
0x000001b7aa602800, 0x000001b7aa45d000, 0x000001b7aa45b800, 0x000001b7aa458000,
0x000001b7aa457800, 0x000001b7aa45a000, 0x000001b7a7594000, 0x000001b7a5275800
}

Java Threads: ( => current thread )
  0x000001b789cc0000 JavaThread "main" [_thread_blocked, id=19556, stack(0x0000008267500000,0x0000008267600000)]
  0x000001b7a4135000 JavaThread "Reference Handler" daemon [_thread_blocked, id=14588, stack(0x0000008267c00000,0x0000008267d00000)]
  0x000001b7a4140800 JavaThread "Finalizer" daemon [_thread_blocked, id=18712, stack(0x0000008267d00000,0x0000008267e00000)]
  0x000001b7a4154800 JavaThread "Signal Dispatcher" daemon [_thread_blocked, id=7896, stack(0x0000008267e00000,0x0000008267f00000)]
  0x000001b7a4156800 JavaThread "Attach Listener" daemon [_thread_blocked, id=11504, stack(0x0000008267f00000,0x0000008268000000)]
  0x000001b7a4159800 JavaThread "Service Thread" daemon [_thread_blocked, id=8496, stack(0x0000008268000000,0x0000008268100000)]
  0x000001b7a4ad2800 JavaThread "C2 CompilerThread0" daemon [_thread_in_native, id=16868, stack(0x0000008268100000,0x0000008268200000)]
  0x000001b7a4adf000 JavaThread "C1 CompilerThread0" daemon [_thread_blocked, id=18304, stack(0x0000008268200000,0x0000008268300000)]
  0x000001b7a4ae0000 JavaThread "Sweeper thread" daemon [_thread_blocked, id=11696, stack(0x0000008268300000,0x0000008268400000)]
  0x000001b7a4c40000 JavaThread "Common-Cleaner" daemon [_thread_blocked, id=16744, stack(0x0000008268400000,0x0000008268500000)]
  0x000001b7a7477000 JavaThread "Daemon health stats" [_thread_blocked, id=13184, stack(0x0000008268a00000,0x0000008268b00000)]
  0x000001b7a73a0000 JavaThread "Incoming local TCP Connector on port 54871" [_thread_in_native, id=11304, stack(0x0000008268600000,0x0000008268700000)]
  0x000001b7a6627000 JavaThread "Daemon periodic checks" [_thread_blocked, id=4056, stack(0x0000008268700000,0x0000008268800000)]
  0x000001b7a68a8000 JavaThread "Daemon" [_thread_blocked, id=20828, stack(0x0000008268b00000,0x0000008268c00000)]
  0x000001b7a5339000 JavaThread "Handler for socket connection from /127.0.0.1:54871 to /127.0.0.1:54872" [_thread_in_native, id=15428, stack(0x0000008268c00000,0x0000008268d00000)]
  0x000001b7a7fd9800 JavaThread "Cancel handler" [_thread_blocked, id=15756, stack(0x0000008268d00000,0x0000008268e00000)]
  0x000001b7a65b2800 JavaThread "Daemon worker" [_thread_blocked, id=8424, stack(0x0000008268e00000,0x0000008268f00000)]
  0x000001b7a65ad000 JavaThread "Asynchronous log dispatcher for DefaultDaemonConnection: socket connection from /127.0.0.1:54871 to /127.0.0.1:54872" [_thread_blocked, id=15408, stack(0x0000008268f00000,0x0000008269000000)]
  0x000001b7a65ad800 JavaThread "Stdin handler" [_thread_blocked, id=3940, stack(0x0000008269000000,0x0000008269100000)]
  0x000001b7a65b1000 JavaThread "Daemon client event forwarder" [_thread_blocked, id=1724, stack(0x0000008269100000,0x0000008269200000)]
  0x000001b7a65b1800 JavaThread "Cache worker for journal cache (C:\Users\user\.gradle\caches\journal-1)" [_thread_blocked, id=9360, stack(0x0000008269800000,0x0000008269900000)]
  0x000001b7a65b3800 JavaThread "File lock request listener" [_thread_in_native, id=13512, stack(0x0000008269900000,0x0000008269a00000)]
  0x000001b7a65af000 JavaThread "Cache worker for file hash cache (C:\Users\user\.gradle\caches\7.3.3\fileHashes)" [_thread_in_vm, id=4072, stack(0x0000008269b00000,0x0000008269c00000)]
  0x000001b7a65ae800 JavaThread "Cache worker for file hash cache (C:\Users\user\3D Objects\RealProjects\GulBazar1\.gradle\7.3.3\fileHashes)" [_thread_blocked, id=17368, stack(0x0000008269c00000,0x0000008269d00000)]
  0x000001b7a65b0000 JavaThread "File watcher server" daemon [_thread_in_native, id=13624, stack(0x0000008269e00000,0x0000008269f00000)]
  0x000001b7a9f37000 JavaThread "File watcher consumer" daemon [_thread_blocked, id=12212, stack(0x0000008269f00000,0x000000826a000000)]
  0x000001b7a9f38000 JavaThread "jar transforms" [_thread_blocked, id=19312, stack(0x000000826a000000,0x000000826a100000)]
  0x000001b7a9f35800 JavaThread "jar transforms Thread 2" [_thread_blocked, id=17872, stack(0x000000826a100000,0x000000826a200000)]
  0x000001b7a9f38800 JavaThread "jar transforms Thread 3" [_thread_blocked, id=6296, stack(0x000000826a200000,0x000000826a300000)]
  0x000001b7a9f33800 JavaThread "jar transforms Thread 4" [_thread_blocked, id=8860, stack(0x000000826a300000,0x000000826a400000)]
  0x000001b7a9f39800 JavaThread "jar transforms Thread 5" [_thread_blocked, id=13356, stack(0x000000826a400000,0x000000826a500000)]
  0x000001b7a9f3a800 JavaThread "jar transforms Thread 6" [_thread_blocked, id=17388, stack(0x000000826a500000,0x000000826a600000)]
  0x000001b7a9f34800 JavaThread "jar transforms Thread 7" [_thread_blocked, id=516, stack(0x000000826a600000,0x000000826a700000)]
  0x000001b7a9f3b000 JavaThread "jar transforms Thread 8" [_thread_blocked, id=448, stack(0x000000826a700000,0x000000826a800000)]
  0x000001b7a9f3c000 JavaThread "Cache worker for checksums cache (C:\Users\user\3D Objects\RealProjects\GulBazar1\.gradle\7.3.3\checksums)" [_thread_blocked, id=984, stack(0x000000826a800000,0x000000826a900000)]
  0x000001b7a9f36000 JavaThread "Cache worker for cache directory md-supplier (C:\Users\user\.gradle\caches\7.3.3\md-supplier)" [_thread_blocked, id=15896, stack(0x000000826a900000,0x000000826aa00000)]
  0x000001b7a9f3c800 JavaThread "Cache worker for cache directory md-rule (C:\Users\user\.gradle\caches\7.3.3\md-rule)" [_thread_blocked, id=3164, stack(0x000000826aa00000,0x000000826ab00000)]
  0x000001b7a9f3f000 JavaThread "Cache worker for execution history cache (C:\Users\user\.gradle\caches\7.3.3\executionHistory)" [_thread_in_native, id=10904, stack(0x000000826ab00000,0x000000826ac00000)]
  0x000001b7a9f40000 JavaThread "Cache worker for file content cache (C:\Users\user\.gradle\caches\7.3.3\fileContent)" [_thread_blocked, id=15520, stack(0x000000826ac00000,0x000000826ad00000)]
  0x000001b7a9f41800 JavaThread "Cache worker for dependencies-accessors (C:\Users\user\3D Objects\RealProjects\GulBazar1\.gradle\7.3.3\dependencies-accessors)" [_thread_blocked, id=18404, stack(0x000000826ad00000,0x000000826ae00000)]
  0x000001b7a9f42800 JavaThread "Cache worker for Build Output Cleanup Cache (C:\Users\user\3D Objects\RealProjects\GulBazar1\.gradle\buildOutputCleanup)" [_thread_blocked, id=15608, stack(0x000000826ae00000,0x000000826af00000)]
  0x000001b7aa54b000 JavaThread "Unconstrained build operations" [_thread_blocked, id=17196, stack(0x000000826af00000,0x000000826b000000)]
  0x000001b7aa54c000 JavaThread "Unconstrained build operations Thread 2" [_thread_blocked, id=5500, stack(0x000000826b000000,0x000000826b100000)]
  0x000001b7aa54a800 JavaThread "Unconstrained build operations Thread 3" [_thread_blocked, id=7264, stack(0x000000826b100000,0x000000826b200000)]
  0x000001b7aa548800 JavaThread "Unconstrained build operations Thread 4" [_thread_blocked, id=17556, stack(0x000000826b200000,0x000000826b300000)]
  0x000001b7aa546800 JavaThread "Unconstrained build operations Thread 5" [_thread_blocked, id=8356, stack(0x000000826b300000,0x000000826b400000)]
  0x000001b7aa54d000 JavaThread "Unconstrained build operations Thread 6" [_thread_in_vm, id=7556, stack(0x000000826b400000,0x000000826b500000)]
  0x000001b7aa547000 JavaThread "Unconstrained build operations Thread 7" [_thread_blocked, id=17104, stack(0x000000826b500000,0x000000826b600000)]
  0x000001b7aa54d800 JavaThread "Unconstrained build operations Thread 8" [_thread_blocked, id=1356, stack(0x000000826b600000,0x000000826b700000)]
  0x000001b7aa548000 JavaThread "Unconstrained build operations Thread 9" [_thread_blocked, id=280, stack(0x000000826b700000,0x000000826b800000)]
  0x000001b7aa54e800 JavaThread "Unconstrained build operations Thread 10" [_thread_blocked, id=16904, stack(0x000000826b800000,0x000000826b900000)]
  0x000001b7aa54f800 JavaThread "Unconstrained build operations Thread 11" [_thread_blocked, id=14804, stack(0x000000826b900000,0x000000826ba00000)]
  0x000001b7aa549800 JavaThread "Unconstrained build operations Thread 12" [_thread_blocked, id=2692, stack(0x000000826ba00000,0x000000826bb00000)]
  0x000001b7aa554000 JavaThread "Unconstrained build operations Thread 13" [_thread_blocked, id=16960, stack(0x000000826bb00000,0x000000826bc00000)]
  0x000001b7aa551800 JavaThread "Unconstrained build operations Thread 14" [_thread_blocked, id=15844, stack(0x000000826bc00000,0x000000826bd00000)]
  0x000001b7aa555000 JavaThread "Unconstrained build operations Thread 15" [_thread_blocked, id=20984, stack(0x000000826bd00000,0x000000826be00000)]
  0x000001b7aa550000 JavaThread "Unconstrained build operations Thread 16" [_thread_blocked, id=19624, stack(0x000000826be00000,0x000000826bf00000)]
  0x000001b7aa551000 JavaThread "Unconstrained build operations Thread 17" [_thread_blocked, id=14060, stack(0x000000826bf00000,0x000000826c000000)]
  0x000001b7aa553800 JavaThread "Unconstrained build operations Thread 18" [_thread_blocked, id=21048, stack(0x000000826c000000,0x000000826c100000)]
  0x000001b7aa552800 JavaThread "Unconstrained build operations Thread 19" [_thread_blocked, id=15880, stack(0x000000826c100000,0x000000826c200000)]
  0x000001b7ab5e3800 JavaThread "Unconstrained build operations Thread 20" [_thread_blocked, id=18996, stack(0x000000826c200000,0x000000826c300000)]
  0x000001b7ab5e1000 JavaThread "Unconstrained build operations Thread 21" [_thread_blocked, id=17292, stack(0x000000826c300000,0x000000826c400000)]
  0x000001b7ab5e5800 JavaThread "Unconstrained build operations Thread 22" [_thread_blocked, id=14092, stack(0x000000826c400000,0x000000826c500000)]
  0x000001b7ab5e6000 JavaThread "Unconstrained build operations Thread 23" [_thread_blocked, id=20864, stack(0x000000826c500000,0x000000826c600000)]
  0x000001b7ab5e0800 JavaThread "Unconstrained build operations Thread 24" [_thread_blocked, id=15728, stack(0x000000826c600000,0x000000826c700000)]
  0x000001b7ab5e3000 JavaThread "Unconstrained build operations Thread 25" [_thread_blocked, id=4728, stack(0x000000826c700000,0x000000826c800000)]
  0x000001b7ab5e7000 JavaThread "Unconstrained build operations Thread 26" [_thread_blocked, id=17112, stack(0x000000826c800000,0x000000826c900000)]
  0x000001b7ab5e8000 JavaThread "Unconstrained build operations Thread 27" [_thread_blocked, id=17212, stack(0x000000826c900000,0x000000826ca00000)]
  0x000001b7ab5e4800 JavaThread "Unconstrained build operations Thread 28" [_thread_blocked, id=6400, stack(0x000000826ca00000,0x000000826cb00000)]
  0x000001b7ab5e2000 JavaThread "Unconstrained build operations Thread 29" [_thread_blocked, id=6584, stack(0x000000826cb00000,0x000000826cc00000)]
  0x000001b7ab5ec000 JavaThread "Unconstrained build operations Thread 30" [_thread_blocked, id=15012, stack(0x000000826cc00000,0x000000826cd00000)]
  0x000001b7ab5ea000 JavaThread "Unconstrained build operations Thread 31" [_thread_blocked, id=18588, stack(0x000000826cd00000,0x000000826ce00000)]
  0x000001b7ab5ec800 JavaThread "Unconstrained build operations Thread 32" [_thread_blocked, id=20460, stack(0x000000826ce00000,0x000000826cf00000)]
  0x000001b7ab5e8800 JavaThread "Unconstrained build operations Thread 33" [_thread_blocked, id=7792, stack(0x000000826cf00000,0x000000826d000000)]
  0x000001b7ab5ee800 JavaThread "Unconstrained build operations Thread 34" [_thread_blocked, id=15832, stack(0x000000826d000000,0x000000826d100000)]
  0x000001b7ab5e9800 JavaThread "Unconstrained build operations Thread 35" [_thread_blocked, id=19728, stack(0x000000826d100000,0x000000826d200000)]
  0x000001b7ab5eb000 JavaThread "Unconstrained build operations Thread 36" [_thread_blocked, id=12040, stack(0x000000826d200000,0x000000826d300000)]
  0x000001b7ab5ed800 JavaThread "Unconstrained build operations Thread 37" [_thread_blocked, id=17452, stack(0x000000826d300000,0x000000826d400000)]
  0x000001b7ab5ef000 JavaThread "Unconstrained build operations Thread 38" [_thread_blocked, id=19008, stack(0x000000826d400000,0x000000826d500000)]
  0x000001b7aaad3000 JavaThread "Unconstrained build operations Thread 39" [_thread_blocked, id=14664, stack(0x000000826d500000,0x000000826d600000)]
  0x000001b7aaad2000 JavaThread "Unconstrained build operations Thread 40" [_thread_blocked, id=11024, stack(0x000000826d600000,0x000000826d700000)]
  0x000001b7aaace000 JavaThread "Unconstrained build operations Thread 41" [_thread_blocked, id=6688, stack(0x000000826d700000,0x000000826d800000)]
  0x000001b7aaad4800 JavaThread "Unconstrained build operations Thread 42" [_thread_blocked, id=772, stack(0x000000826d800000,0x000000826d900000)]
  0x000001b7aaacf000 JavaThread "Unconstrained build operations Thread 43" [_thread_blocked, id=6800, stack(0x000000826d900000,0x000000826da00000)]
  0x000001b7aaacf800 JavaThread "Unconstrained build operations Thread 44" [_thread_blocked, id=7372, stack(0x000000826da00000,0x000000826db00000)]
  0x000001b7aaad5800 JavaThread "Unconstrained build operations Thread 45" [_thread_blocked, id=20748, stack(0x000000826db00000,0x000000826dc00000)]
  0x000001b7aaad0800 JavaThread "Unconstrained build operations Thread 46" [_thread_blocked, id=14328, stack(0x000000826dc00000,0x000000826dd00000)]
  0x000001b7aaad1800 JavaThread "Unconstrained build operations Thread 47" [_thread_blocked, id=2088, stack(0x000000826dd00000,0x000000826de00000)]
  0x000001b7aaad7000 JavaThread "Unconstrained build operations Thread 48" [_thread_blocked, id=20516, stack(0x000000826de00000,0x000000826df00000)]
  0x000001b7aaad6000 JavaThread "Unconstrained build operations Thread 49" [_thread_blocked, id=15584, stack(0x000000826df00000,0x000000826e000000)]
  0x000001b7aaad8800 JavaThread "Unconstrained build operations Thread 50" [_thread_blocked, id=19848, stack(0x000000826e000000,0x000000826e100000)]
  0x000001b7aaad9800 JavaThread "Unconstrained build operations Thread 51" [_thread_blocked, id=5208, stack(0x000000826e100000,0x000000826e200000)]
  0x000001b7aaad4000 JavaThread "Unconstrained build operations Thread 52" [_thread_blocked, id=9604, stack(0x000000826e200000,0x000000826e300000)]
  0x000001b7aaada800 JavaThread "Unconstrained build operations Thread 53" [_thread_blocked, id=14788, stack(0x000000826e300000,0x000000826e400000)]
  0x000001b7aaadb000 JavaThread "Unconstrained build operations Thread 54" [_thread_blocked, id=18728, stack(0x000000826e400000,0x000000826e500000)]
  0x000001b7aaadc000 JavaThread "Unconstrained build operations Thread 55" [_thread_blocked, id=18580, stack(0x000000826e500000,0x000000826e600000)]
  0x000001b7aaadd000 JavaThread "Unconstrained build operations Thread 56" [_thread_blocked, id=13960, stack(0x000000826e600000,0x000000826e700000)]
  0x000001b7aaad8000 JavaThread "Unconstrained build operations Thread 57" [_thread_blocked, id=20976, stack(0x000000826e700000,0x000000826e800000)]
  0x000001b7aa5f9800 JavaThread "Unconstrained build operations Thread 58" [_thread_blocked, id=11008, stack(0x000000826e800000,0x000000826e900000)]
  0x000001b7aa5fb800 JavaThread "Unconstrained build operations Thread 59" [_thread_blocked, id=17808, stack(0x000000826e900000,0x000000826ea00000)]
  0x000001b7aa5fc800 JavaThread "Unconstrained build operations Thread 60" [_thread_blocked, id=13524, stack(0x000000826ea00000,0x000000826eb00000)]
  0x000001b7aa5fe000 JavaThread "Unconstrained build operations Thread 61" [_thread_blocked, id=9392, stack(0x000000826eb00000,0x000000826ec00000)]
  0x000001b7aa5fb000 JavaThread "Unconstrained build operations Thread 62" [_thread_blocked, id=20112, stack(0x000000826ec00000,0x000000826ed00000)]
  0x000001b7aa5fa000 JavaThread "Unconstrained build operations Thread 63" [_thread_blocked, id=1396, stack(0x000000826ed00000,0x000000826ee00000)]
  0x000001b7aa5f8800 JavaThread "Unconstrained build operations Thread 64" [_thread_blocked, id=16964, stack(0x000000826ee00000,0x000000826ef00000)]
  0x000001b7aa600000 JavaThread "Unconstrained build operations Thread 65" [_thread_blocked, id=18856, stack(0x000000826ef00000,0x000000826f000000)]
  0x000001b7aa5ff000 JavaThread "Unconstrained build operations Thread 66" [_thread_blocked, id=17952, stack(0x000000826f000000,0x000000826f100000)]
  0x000001b7aa5fd800 JavaThread "Unconstrained build operations Thread 67" [_thread_blocked, id=16312, stack(0x000000826f100000,0x000000826f200000)]
  0x000001b7aa601800 JavaThread "Unconstrained build operations Thread 68" [_thread_blocked, id=18072, stack(0x000000826f200000,0x000000826f300000)]
  0x000001b7aa605800 JavaThread "Unconstrained build operations Thread 69" [_thread_blocked, id=13608, stack(0x000000826f300000,0x000000826f400000)]
  0x000001b7aa600800 JavaThread "Unconstrained build operations Thread 70" [_thread_blocked, id=15704, stack(0x000000826f400000,0x000000826f500000)]
  0x000001b7aa606800 JavaThread "Unconstrained build operations Thread 71" [_thread_blocked, id=18208, stack(0x000000826f500000,0x000000826f600000)]
  0x000001b7aa607000 JavaThread "Unconstrained build operations Thread 72" [_thread_blocked, id=11824, stack(0x000000826f600000,0x000000826f700000)]
  0x000001b7aa604800 JavaThread "Unconstrained build operations Thread 73" [_thread_blocked, id=21076, stack(0x000000826f700000,0x000000826f800000)]
  0x000001b7aa603000 JavaThread "Unconstrained build operations Thread 74" [_thread_blocked, id=20848, stack(0x000000826f800000,0x000000826f900000)]
  0x000001b7aa604000 JavaThread "Unconstrained build operations Thread 75" [_thread_blocked, id=13220, stack(0x000000826f900000,0x000000826fa00000)]
  0x000001b7aa602800 JavaThread "Unconstrained build operations Thread 76" [_thread_blocked, id=19276, stack(0x000000826fa00000,0x000000826fb00000)]
  0x000001b7aa45d000 JavaThread "Unconstrained build operations Thread 77" [_thread_blocked, id=5240, stack(0x000000826fb00000,0x000000826fc00000)]
  0x000001b7aa45b800 JavaThread "Unconstrained build operations Thread 78" [_thread_in_native, id=12588, stack(0x000000826fc00000,0x000000826fd00000)]
  0x000001b7aa458000 JavaThread "Unconstrained build operations Thread 79" [_thread_blocked, id=19580, stack(0x000000826fd00000,0x000000826fe00000)]
  0x000001b7aa457800 JavaThread "Unconstrained build operations Thread 80" [_thread_blocked, id=5428, stack(0x000000826fe00000,0x000000826ff00000)]
  0x000001b7aa45a000 JavaThread "Memory manager" [_thread_blocked, id=19832, stack(0x0000008269d00000,0x0000008269e00000)]
=>0x000001b7a7594000 JavaThread "C2 CompilerThread1" daemon [_thread_in_native, id=16516, stack(0x0000008269200000,0x0000008269300000)]
  0x000001b7a5275800 JavaThread "C2 CompilerThread2" daemon [_thread_in_native, id=20688, stack(0x000000826ff00000,0x0000008270000000)]

Other Threads:
  0x000001b7a4130800 VMThread "VM Thread" [stack: 0x0000008267b00000,0x0000008267c00000] [id=17412]
  0x000001b7a4c5a000 WatcherThread [stack: 0x0000008268500000,0x0000008268600000] [id=20496]
  0x000001b789cd6800 GCTaskThread "GC Thread#0" [stack: 0x0000008267600000,0x0000008267700000] [id=7716]
  0x000001b7a5db1000 GCTaskThread "GC Thread#1" [stack: 0x0000008268800000,0x0000008268900000] [id=20744]
  0x000001b7a5821000 GCTaskThread "GC Thread#2" [stack: 0x0000008268900000,0x0000008268a00000] [id=10264]
  0x000001b7a5a9c800 GCTaskThread "GC Thread#3" [stack: 0x0000008269300000,0x0000008269400000] [id=19572]
  0x000001b7a6cc4000 GCTaskThread "GC Thread#4" [stack: 0x0000008269400000,0x0000008269500000] [id=20852]
  0x000001b7a6cc5000 GCTaskThread "GC Thread#5" [stack: 0x0000008269500000,0x0000008269600000] [id=15232]
  0x000001b7a5e7f800 GCTaskThread "GC Thread#6" [stack: 0x0000008269600000,0x0000008269700000] [id=12776]
  0x000001b7a5e80000 GCTaskThread "GC Thread#7" [stack: 0x0000008269700000,0x0000008269800000] [id=21044]
  0x000001b789d09800 ConcurrentGCThread "G1 Main Marker" [stack: 0x0000008267700000,0x0000008267800000] [id=21144]
  0x000001b789d0a800 ConcurrentGCThread "G1 Conc#0" [stack: 0x0000008267800000,0x0000008267900000] [id=16848]
  0x000001b7a6f0a000 ConcurrentGCThread "G1 Conc#1" [stack: 0x0000008269a00000,0x0000008269b00000] [id=18444]
  0x000001b7a3f82800 ConcurrentGCThread "G1 Refine#0" [stack: 0x0000008267900000,0x0000008267a00000] [id=12840]
  0x000001b7a3f83000 ConcurrentGCThread "G1 Young RemSet Sampling" [stack: 0x0000008267a00000,0x0000008267b00000] [id=14640]

Threads with active compile tasks:
C2 CompilerThread0  20225 9762   !   4       org.gradle.internal.instantiation.generator.DependencyInjectingInstantiator::doCreate (64 bytes)
C1 CompilerThread0  20225 10418       3       java.util.stream.ReduceOps$6::makeSink (16 bytes)
C2 CompilerThread1  20225 9764   !   4       org.gradle.internal.instantiation.generator.AsmBackedClassGenerator$InvokeConstructorStrategy::newInstance (66 bytes)
C2 CompilerThread2  20225 10361       4       org.gradle.cache.internal.btree.CachingBlockStore::read (56 bytes)

VM state:not at safepoint (normal execution)

VM Mutex/Monitor currently owned by a thread: None

Heap address: 0x0000000080000000, size: 2048 MB, Compressed Oops mode: 32-bit
Narrow klass base: 0x0000000000000000, Narrow klass shift: 3
Compressed class space size: 1073741824 Address: 0x0000000100000000

Heap:
 garbage-first heap   total 187392K, used 119828K [0x0000000080000000, 0x0000000100000000)
  region size 1024K, 10 young (10240K), 5 survivors (5120K)
 Metaspace       used 97532K, capacity 100504K, committed 100812K, reserved 1136640K
  class space    used 12645K, capacity 13754K, committed 13824K, reserved 1048576K
Heap Regions: E=young(eden), S=young(survivor), O=old, HS=humongous(starts), HC=humongous(continues), CS=collection set, F=free, A=archive, TAMS=top-at-mark-start (previous, next)
|   0|0x0000000080000000, 0x0000000080100000, 0x0000000080100000|100%| O|  |TAMS 0x0000000080100000, 0x0000000080000000| Untracked 
|   1|0x0000000080100000, 0x0000000080200000, 0x0000000080200000|100%| O|  |TAMS 0x0000000080200000, 0x0000000080100000| Untracked 
|   2|0x0000000080200000, 0x0000000080300000, 0x0000000080300000|100%| O|  |TAMS 0x0000000080300000, 0x0000000080200000| Untracked 
|   3|0x0000000080300000, 0x0000000080400000, 0x0000000080400000|100%|HS|  |TAMS 0x0000000080400000, 0x0000000080300000| Complete 
|   4|0x0000000080400000, 0x0000000080500000, 0x0000000080500000|100%|HC|  |TAMS 0x0000000080500000, 0x0000000080400000| Complete 
|   5|0x0000000080500000, 0x0000000080600000, 0x0000000080600000|100%|HC|  |TAMS 0x0000000080600000, 0x0000000080500000| Complete 
|   6|0x0000000080600000, 0x0000000080700000, 0x0000000080700000|100%| O|  |TAMS 0x0000000080700000, 0x0000000080600000| Untracked 
|   7|0x0000000080700000, 0x0000000080800000, 0x0000000080800000|100%| O|  |TAMS 0x0000000080800000, 0x0000000080700000| Untracked 
|   8|0x0000000080800000, 0x0000000080900000, 0x0000000080900000|100%| O|  |TAMS 0x0000000080900000, 0x0000000080800000| Untracked 
|   9|0x0000000080900000, 0x0000000080a00000, 0x0000000080a00000|100%| O|  |TAMS 0x0000000080a00000, 0x0000000080900000| Untracked 
|  10|0x0000000080a00000, 0x0000000080b00000, 0x0000000080b00000|100%| O|  |TAMS 0x0000000080b00000, 0x0000000080a00000| Untracked 
|  11|0x0000000080b00000, 0x0000000080c00000, 0x0000000080c00000|100%| O|  |TAMS 0x0000000080c00000, 0x0000000080b00000| Untracked 
|  12|0x0000000080c00000, 0x0000000080d00000, 0x0000000080d00000|100%| O|  |TAMS 0x0000000080d00000, 0x0000000080c00000| Untracked 
|  13|0x0000000080d00000, 0x0000000080e00000, 0x0000000080e00000|100%| O|  |TAMS 0x0000000080e00000, 0x0000000080d00000| Untracked 
|  14|0x0000000080e00000, 0x0000000080f00000, 0x0000000080f00000|100%| O|  |TAMS 0x0000000080f00000, 0x0000000080e00000| Untracked 
|  15|0x0000000080f00000, 0x0000000081000000, 0x0000000081000000|100%| O|  |TAMS 0x0000000081000000, 0x0000000080f00000| Untracked 
|  16|0x0000000081000000, 0x0000000081100000, 0x0000000081100000|100%|HS|  |TAMS 0x0000000081100000, 0x0000000081000000| Complete 
|  17|0x0000000081100000, 0x0000000081200000, 0x0000000081200000|100%|HC|  |TAMS 0x0000000081200000, 0x0000000081100000| Complete 
|  18|0x0000000081200000, 0x0000000081300000, 0x0000000081300000|100%|HS|  |TAMS 0x0000000081300000, 0x0000000081200000| Complete 
|  19|0x0000000081300000, 0x0000000081400000, 0x0000000081400000|100%|HC|  |TAMS 0x0000000081400000, 0x0000000081300000| Complete 
|  20|0x0000000081400000, 0x0000000081500000, 0x0000000081500000|100%|HC|  |TAMS 0x0000000081500000, 0x0000000081400000| Complete 
|  21|0x0000000081500000, 0x0000000081600000, 0x0000000081600000|100%|HS|  |TAMS 0x0000000081600000, 0x0000000081500000| Complete 
|  22|0x0000000081600000, 0x0000000081700000, 0x0000000081700000|100%|HC|  |TAMS 0x0000000081700000, 0x0000000081600000| Complete 
|  23|0x0000000081700000, 0x0000000081800000, 0x0000000081800000|100%|HC|  |TAMS 0x0000000081800000, 0x0000000081700000| Complete 
|  24|0x0000000081800000, 0x0000000081900000, 0x0000000081900000|100%|HC|  |TAMS 0x0000000081900000, 0x0000000081800000| Complete 
|  25|0x0000000081900000, 0x0000000081a00000, 0x0000000081a00000|100%| O|  |TAMS 0x0000000081a00000, 0x0000000081900000| Untracked 
|  26|0x0000000081a00000, 0x0000000081b00000, 0x0000000081b00000|100%| O|  |TAMS 0x0000000081b00000, 0x0000000081a00000| Untracked 
|  27|0x0000000081b00000, 0x0000000081c00000, 0x0000000081c00000|100%| O|  |TAMS 0x0000000081c00000, 0x0000000081b00000| Untracked 
|  28|0x0000000081c00000, 0x0000000081d00000, 0x0000000081d00000|100%| O|  |TAMS 0x0000000081d00000, 0x0000000081c00000| Untracked 
|  29|0x0000000081d00000, 0x0000000081e00000, 0x0000000081e00000|100%| O|  |TAMS 0x0000000081e00000, 0x0000000081d00000| Untracked 
|  30|0x0000000081e00000, 0x0000000081f00000, 0x0000000081f00000|100%| O|  |TAMS 0x0000000081f00000, 0x0000000081e00000| Untracked 
|  31|0x0000000081f00000, 0x0000000082000000, 0x0000000082000000|100%| O|  |TAMS 0x0000000082000000, 0x0000000081f00000| Untracked 
|  32|0x0000000082000000, 0x0000000082100000, 0x0000000082100000|100%| O|  |TAMS 0x0000000082100000, 0x0000000082000000| Untracked 
|  33|0x0000000082100000, 0x0000000082200000, 0x0000000082200000|100%|HS|  |TAMS 0x0000000082200000, 0x0000000082100000| Complete 
|  34|0x0000000082200000, 0x0000000082300000, 0x0000000082300000|100%|HC|  |TAMS 0x0000000082300000, 0x0000000082200000| Complete 
|  35|0x0000000082300000, 0x0000000082400000, 0x0000000082400000|100%|HC|  |TAMS 0x0000000082400000, 0x0000000082300000| Complete 
|  36|0x0000000082400000, 0x0000000082500000, 0x0000000082500000|100%| O|  |TAMS 0x0000000082500000, 0x0000000082400000| Untracked 
|  37|0x0000000082500000, 0x0000000082600000, 0x0000000082600000|100%| O|  |TAMS 0x0000000082600000, 0x0000000082500000| Untracked 
|  38|0x0000000082600000, 0x0000000082700000, 0x0000000082700000|100%| O|  |TAMS 0x0000000082700000, 0x0000000082600000| Untracked 
|  39|0x0000000082700000, 0x0000000082800000, 0x0000000082800000|100%|HS|  |TAMS 0x0000000082800000, 0x0000000082700000| Complete 
|  40|0x0000000082800000, 0x0000000082900000, 0x0000000082900000|100%|HS|  |TAMS 0x0000000082900000, 0x0000000082800000| Complete 
|  41|0x0000000082900000, 0x0000000082a00000, 0x0000000082a00000|100%|HC|  |TAMS 0x0000000082a00000, 0x0000000082900000| Complete 
|  42|0x0000000082a00000, 0x0000000082b00000, 0x0000000082b00000|100%|HC|  |TAMS 0x0000000082b00000, 0x0000000082a00000| Complete 
|  43|0x0000000082b00000, 0x0000000082c00000, 0x0000000082c00000|100%|HC|  |TAMS 0x0000000082c00000, 0x0000000082b00000| Complete 
|  44|0x0000000082c00000, 0x0000000082d00000, 0x0000000082d00000|100%| O|  |TAMS 0x0000000082d00000, 0x0000000082c00000| Untracked 
|  45|0x0000000082d00000, 0x0000000082e00000, 0x0000000082e00000|100%| O|  |TAMS 0x0000000082e00000, 0x0000000082d00000| Untracked 
|  46|0x0000000082e00000, 0x0000000082f00000, 0x0000000082f00000|100%| O|  |TAMS 0x0000000082f00000, 0x0000000082e00000| Untracked 
|  47|0x0000000082f00000, 0x0000000083000000, 0x0000000083000000|100%| O|  |TAMS 0x0000000083000000, 0x0000000082f00000| Untracked 
|  48|0x0000000083000000, 0x0000000083100000, 0x0000000083100000|100%| O|  |TAMS 0x0000000083100000, 0x0000000083000000| Untracked 
|  49|0x0000000083100000, 0x0000000083200000, 0x0000000083200000|100%| O|  |TAMS 0x0000000083200000, 0x0000000083100000| Untracked 
|  50|0x0000000083200000, 0x0000000083300000, 0x0000000083300000|100%| O|  |TAMS 0x0000000083300000, 0x0000000083200000| Untracked 
|  51|0x0000000083300000, 0x0000000083400000, 0x0000000083400000|100%| O|  |TAMS 0x0000000083400000, 0x0000000083300000| Untracked 
|  52|0x0000000083400000, 0x0000000083500000, 0x0000000083500000|100%|HS|  |TAMS 0x0000000083500000, 0x0000000083400000| Complete 
|  53|0x0000000083500000, 0x0000000083600000, 0x0000000083600000|100%|HS|  |TAMS 0x0000000083600000, 0x0000000083500000| Complete 
|  54|0x0000000083600000, 0x0000000083700000, 0x0000000083700000|100%|HS|  |TAMS 0x0000000083700000, 0x0000000083600000| Complete 
|  55|0x0000000083700000, 0x0000000083800000, 0x0000000083800000|100%|HC|  |TAMS 0x0000000083800000, 0x0000000083700000| Complete 
|  56|0x0000000083800000, 0x0000000083900000, 0x0000000083900000|100%|HC|  |TAMS 0x0000000083900000, 0x0000000083800000| Complete 
|  57|0x0000000083900000, 0x0000000083a00000, 0x0000000083a00000|100%|HS|  |TAMS 0x0000000083a00000, 0x0000000083900000| Complete 
|  58|0x0000000083a00000, 0x0000000083b00000, 0x0000000083b00000|100%|HC|  |TAMS 0x0000000083b00000, 0x0000000083a00000| Complete 
|  59|0x0000000083b00000, 0x0000000083c00000, 0x0000000083c00000|100%| O|  |TAMS 0x0000000083c00000, 0x0000000083b00000| Untracked 
|  60|0x0000000083c00000, 0x0000000083d00000, 0x0000000083d00000|100%| O|  |TAMS 0x0000000083d00000, 0x0000000083c00000| Untracked 
|  61|0x0000000083d00000, 0x0000000083e00000, 0x0000000083e00000|100%| O|  |TAMS 0x0000000083e00000, 0x0000000083d00000| Untracked 
|  62|0x0000000083e00000, 0x0000000083f00000, 0x0000000083f00000|100%| O|  |TAMS 0x0000000083f00000, 0x0000000083e00000| Untracked 
|  63|0x0000000083f00000, 0x0000000084000000, 0x0000000084000000|100%| O|  |TAMS 0x0000000084000000, 0x0000000083f00000| Untracked 
|  64|0x0000000084000000, 0x0000000084100000, 0x0000000084100000|100%| O|  |TAMS 0x0000000084100000, 0x0000000084000000| Untracked 
|  65|0x0000000084100000, 0x0000000084200000, 0x0000000084200000|100%| O|  |TAMS 0x0000000084200000, 0x0000000084100000| Untracked 
|  66|0x0000000084200000, 0x0000000084300000, 0x0000000084300000|100%| O|  |TAMS 0x0000000084300000, 0x0000000084200000| Untracked 
|  67|0x0000000084300000, 0x0000000084400000, 0x0000000084400000|100%| O|  |TAMS 0x0000000084400000, 0x0000000084300000| Untracked 
|  68|0x0000000084400000, 0x0000000084500000, 0x0000000084500000|100%| O|  |TAMS 0x0000000084500000, 0x0000000084400000| Untracked 
|  69|0x0000000084500000, 0x0000000084600000, 0x0000000084600000|100%| O|  |TAMS 0x0000000084600000, 0x0000000084500000| Untracked 
|  70|0x0000000084600000, 0x0000000084700000, 0x0000000084700000|100%| O|  |TAMS 0x0000000084700000, 0x0000000084600000| Untracked 
|  71|0x0000000084700000, 0x0000000084800000, 0x0000000084800000|100%| O|  |TAMS 0x0000000084800000, 0x0000000084700000| Untracked 
|  72|0x0000000084800000, 0x0000000084900000, 0x0000000084900000|100%| O|  |TAMS 0x0000000084900000, 0x0000000084800000| Untracked 
|  73|0x0000000084900000, 0x0000000084a00000, 0x0000000084a00000|100%| O|  |TAMS 0x0000000084a00000, 0x0000000084900000| Untracked 
|  74|0x0000000084a00000, 0x0000000084b00000, 0x0000000084b00000|100%| O|  |TAMS 0x0000000084b00000, 0x0000000084a00000| Untracked 
|  75|0x0000000084b00000, 0x0000000084c00000, 0x0000000084c00000|100%| O|  |TAMS 0x0000000084c00000, 0x0000000084b00000| Untracked 
|  76|0x0000000084c00000, 0x0000000084d00000, 0x0000000084d00000|100%| O|  |TAMS 0x0000000084d00000, 0x0000000084c00000| Untracked 
|  77|0x0000000084d00000, 0x0000000084e00000, 0x0000000084e00000|100%| O|  |TAMS 0x0000000084e00000, 0x0000000084d00000| Untracked 
|  78|0x0000000084e00000, 0x0000000084f00000, 0x0000000084f00000|100%| O|  |TAMS 0x0000000084f00000, 0x0000000084e00000| Untracked 
|  79|0x0000000084f00000, 0x0000000085000000, 0x0000000085000000|100%| O|  |TAMS 0x0000000085000000, 0x0000000084f00000| Untracked 
|  80|0x0000000085000000, 0x0000000085100000, 0x0000000085100000|100%| O|  |TAMS 0x0000000085100000, 0x0000000085000000| Untracked 
|  81|0x0000000085100000, 0x0000000085200000, 0x0000000085200000|100%| O|  |TAMS 0x0000000085200000, 0x0000000085100000| Untracked 
|  82|0x0000000085200000, 0x0000000085300000, 0x0000000085300000|100%| O|  |TAMS 0x0000000085300000, 0x0000000085200000| Untracked 
|  83|0x0000000085300000, 0x0000000085400000, 0x0000000085400000|100%| O|  |TAMS 0x0000000085400000, 0x0000000085300000| Untracked 
|  84|0x0000000085400000, 0x0000000085500000, 0x0000000085500000|100%| O|  |TAMS 0x0000000085500000, 0x0000000085400000| Untracked 
|  85|0x0000000085500000, 0x0000000085600000, 0x0000000085600000|100%| O|  |TAMS 0x0000000085600000, 0x0000000085500000| Untracked 
|  86|0x0000000085600000, 0x0000000085700000, 0x0000000085700000|100%| O|  |TAMS 0x0000000085700000, 0x0000000085600000| Untracked 
|  87|0x0000000085700000, 0x0000000085800000, 0x0000000085800000|100%|HS|  |TAMS 0x0000000085800000, 0x0000000085700000| Complete 
|  88|0x0000000085800000, 0x0000000085900000, 0x0000000085900000|100%|HC|  |TAMS 0x0000000085900000, 0x0000000085800000| Complete 
|  89|0x0000000085900000, 0x0000000085a00000, 0x0000000085a00000|100%|HS|  |TAMS 0x0000000085a00000, 0x0000000085900000| Complete 
|  90|0x0000000085a00000, 0x0000000085b00000, 0x0000000085b00000|100%|HC|  |TAMS 0x0000000085b00000, 0x0000000085a00000| Complete 
|  91|0x0000000085b00000, 0x0000000085c00000, 0x0000000085c00000|100%|HC|  |TAMS 0x0000000085c00000, 0x0000000085b00000| Complete 
|  92|0x0000000085c00000, 0x0000000085d00000, 0x0000000085d00000|100%|HS|  |TAMS 0x0000000085d00000, 0x0000000085c00000| Complete 
|  93|0x0000000085d00000, 0x0000000085e00000, 0x0000000085e00000|100%|HC|  |TAMS 0x0000000085e00000, 0x0000000085d00000| Complete 
|  94|0x0000000085e00000, 0x0000000085f00000, 0x0000000085f00000|100%|HC|  |TAMS 0x0000000085f00000, 0x0000000085e00000| Complete 
|  95|0x0000000085f00000, 0x0000000086000000, 0x0000000086000000|100%|HC|  |TAMS 0x0000000086000000, 0x0000000085f00000| Complete 
|  96|0x0000000086000000, 0x0000000086100000, 0x0000000086100000|100%| O|  |TAMS 0x0000000086100000, 0x0000000086000000| Untracked 
|  97|0x0000000086100000, 0x0000000086200000, 0x0000000086200000|100%| O|  |TAMS 0x0000000086200000, 0x0000000086100000| Untracked 
|  98|0x0000000086200000, 0x0000000086300000, 0x0000000086300000|100%| O|  |TAMS 0x0000000086300000, 0x0000000086200000| Untracked 
|  99|0x0000000086300000, 0x0000000086400000, 0x0000000086400000|100%| O|  |TAMS 0x0000000086400000, 0x0000000086300000| Untracked 
| 100|0x0000000086400000, 0x0000000086500000, 0x0000000086500000|100%| O|  |TAMS 0x0000000086500000, 0x0000000086400000| Untracked 
| 101|0x0000000086500000, 0x0000000086600000, 0x0000000086600000|100%| O|  |TAMS 0x0000000086600000, 0x0000000086500000| Untracked 
| 102|0x0000000086600000, 0x0000000086700000, 0x0000000086700000|100%| O|  |TAMS 0x0000000086700000, 0x0000000086600000| Untracked 
| 103|0x0000000086700000, 0x0000000086800000, 0x0000000086800000|100%| O|  |TAMS 0x0000000086800000, 0x0000000086700000| Untracked 
| 104|0x0000000086800000, 0x0000000086900000, 0x0000000086900000|100%| O|  |TAMS 0x0000000086900000, 0x0000000086800000| Untracked 
| 105|0x0000000086900000, 0x0000000086a00000, 0x0000000086a00000|100%| O|  |TAMS 0x000000008691ec00, 0x0000000086900000| Untracked 
| 106|0x0000000086a00000, 0x0000000086b00000, 0x0000000086b00000|100%| O|  |TAMS 0x0000000086a00000, 0x0000000086a00000| Untracked 
| 107|0x0000000086b00000, 0x0000000086c00000, 0x0000000086c00000|100%| O|  |TAMS 0x0000000086b00000, 0x0000000086b00000| Untracked 
| 108|0x0000000086c00000, 0x0000000086c19c00, 0x0000000086d00000| 10%| O|  |TAMS 0x0000000086c00000, 0x0000000086c00000| Untracked 
| 109|0x0000000086d00000, 0x0000000086d00000, 0x0000000086e00000|  0%| F|  |TAMS 0x0000000086d00000, 0x0000000086d00000| Untracked 
| 110|0x0000000086e00000, 0x0000000086e00000, 0x0000000086f00000|  0%| F|  |TAMS 0x0000000086e00000, 0x0000000086e00000| Untracked 
| 111|0x0000000086f00000, 0x0000000086f00000, 0x0000000087000000|  0%| F|  |TAMS 0x0000000086f00000, 0x0000000086f00000| Untracked 
| 112|0x0000000087000000, 0x0000000087000000, 0x0000000087100000|  0%| F|  |TAMS 0x0000000087000000, 0x0000000087000000| Untracked 
| 113|0x0000000087100000, 0x0000000087100000, 0x0000000087200000|  0%| F|  |TAMS 0x0000000087100000, 0x0000000087100000| Untracked 
| 114|0x0000000087200000, 0x0000000087200000, 0x0000000087300000|  0%| F|  |TAMS 0x0000000087200000, 0x0000000087200000| Untracked 
| 115|0x0000000087300000, 0x0000000087300000, 0x0000000087400000|  0%| F|  |TAMS 0x0000000087300000, 0x0000000087300000| Untracked 
| 116|0x0000000087400000, 0x0000000087400000, 0x0000000087500000|  0%| F|  |TAMS 0x0000000087400000, 0x0000000087400000| Untracked 
| 117|0x0000000087500000, 0x0000000087500000, 0x0000000087600000|  0%| F|  |TAMS 0x0000000087500000, 0x0000000087500000| Untracked 
| 118|0x0000000087600000, 0x0000000087600000, 0x0000000087700000|  0%| F|  |TAMS 0x0000000087600000, 0x0000000087600000| Untracked 
| 119|0x0000000087700000, 0x0000000087700000, 0x0000000087800000|  0%| F|  |TAMS 0x0000000087700000, 0x0000000087700000| Untracked 
| 120|0x0000000087800000, 0x0000000087800000, 0x0000000087900000|  0%| F|  |TAMS 0x0000000087800000, 0x0000000087800000| Untracked 
| 121|0x0000000087900000, 0x0000000087900000, 0x0000000087a00000|  0%| F|  |TAMS 0x0000000087900000, 0x0000000087900000| Untracked 
| 122|0x0000000087a00000, 0x0000000087a00000, 0x0000000087b00000|  0%| F|  |TAMS 0x0000000087a00000, 0x0000000087a00000| Untracked 
| 123|0x0000000087b00000, 0x0000000087b00000, 0x0000000087c00000|  0%| F|  |TAMS 0x0000000087b00000, 0x0000000087b00000| Untracked 
| 124|0x0000000087c00000, 0x0000000087c00000, 0x0000000087d00000|  0%| F|  |TAMS 0x0000000087c00000, 0x0000000087c00000| Untracked 
| 125|0x0000000087d00000, 0x0000000087d00000, 0x0000000087e00000|  0%| F|  |TAMS 0x0000000087d00000, 0x0000000087d00000| Untracked 
| 126|0x0000000087e00000, 0x0000000087e00000, 0x0000000087f00000|  0%| F|  |TAMS 0x0000000087e00000, 0x0000000087e00000| Untracked 
| 127|0x0000000087f00000, 0x0000000087f00000, 0x0000000088000000|  0%| F|  |TAMS 0x0000000087f00000, 0x0000000087f00000| Untracked 
| 128|0x0000000088000000, 0x0000000088000000, 0x0000000088100000|  0%| F|  |TAMS 0x0000000088000000, 0x0000000088000000| Untracked 
| 129|0x0000000088100000, 0x0000000088100000, 0x0000000088200000|  0%| F|  |TAMS 0x0000000088100000, 0x0000000088100000| Untracked 
| 130|0x0000000088200000, 0x0000000088200000, 0x0000000088300000|  0%| F|  |TAMS 0x0000000088200000, 0x0000000088200000| Untracked 
| 131|0x0000000088300000, 0x0000000088300000, 0x0000000088400000|  0%| F|  |TAMS 0x0000000088300000, 0x0000000088300000| Untracked 
| 132|0x0000000088400000, 0x0000000088400000, 0x0000000088500000|  0%| F|  |TAMS 0x0000000088400000, 0x0000000088400000| Untracked 
| 133|0x0000000088500000, 0x0000000088500000, 0x0000000088600000|  0%| F|  |TAMS 0x0000000088500000, 0x0000000088500000| Untracked 
| 134|0x0000000088600000, 0x00000000886eb400, 0x0000000088700000| 91%| S|CS|TAMS 0x0000000088600000, 0x0000000088600000| Complete 
| 135|0x0000000088700000, 0x0000000088700000, 0x0000000088800000|  0%| F|  |TAMS 0x0000000088700000, 0x0000000088700000| Untracked 
| 136|0x0000000088800000, 0x0000000088800000, 0x0000000088900000|  0%| F|  |TAMS 0x0000000088800000, 0x0000000088800000| Untracked 
| 137|0x0000000088900000, 0x0000000088900000, 0x0000000088a00000|  0%| F|  |TAMS 0x0000000088900000, 0x0000000088900000| Untracked 
| 138|0x0000000088a00000, 0x0000000088b00000, 0x0000000088b00000|100%| S|CS|TAMS 0x0000000088a00000, 0x0000000088a00000| Complete 
| 139|0x0000000088b00000, 0x0000000088c00000, 0x0000000088c00000|100%| S|CS|TAMS 0x0000000088b00000, 0x0000000088b00000| Complete 
| 140|0x0000000088c00000, 0x0000000088d00000, 0x0000000088d00000|100%| S|CS|TAMS 0x0000000088c00000, 0x0000000088c00000| Complete 
| 141|0x0000000088d00000, 0x0000000088e00000, 0x0000000088e00000|100%| S|CS|TAMS 0x0000000088d00000, 0x0000000088d00000| Complete 
| 142|0x0000000088e00000, 0x0000000088e00000, 0x0000000088f00000|  0%| F|  |TAMS 0x0000000088e00000, 0x0000000088e00000| Untracked 
| 143|0x0000000088f00000, 0x0000000088f00000, 0x0000000089000000|  0%| F|  |TAMS 0x0000000088f00000, 0x0000000088f00000| Untracked 
| 144|0x0000000089000000, 0x0000000089000000, 0x0000000089100000|  0%| F|  |TAMS 0x0000000089000000, 0x0000000089000000| Untracked 
| 145|0x0000000089100000, 0x0000000089100000, 0x0000000089200000|  0%| F|  |TAMS 0x0000000089100000, 0x0000000089100000| Untracked 
| 146|0x0000000089200000, 0x0000000089200000, 0x0000000089300000|  0%| F|  |TAMS 0x0000000089200000, 0x0000000089200000| Untracked 
| 147|0x0000000089300000, 0x0000000089300000, 0x0000000089400000|  0%| F|  |TAMS 0x0000000089300000, 0x0000000089300000| Untracked 
| 148|0x0000000089400000, 0x0000000089400000, 0x0000000089500000|  0%| F|  |TAMS 0x0000000089400000, 0x0000000089400000| Untracked 
| 149|0x0000000089500000, 0x0000000089500000, 0x0000000089600000|  0%| F|  |TAMS 0x0000000089500000, 0x0000000089500000| Untracked 
| 150|0x0000000089600000, 0x0000000089600000, 0x0000000089700000|  0%| F|  |TAMS 0x0000000089600000, 0x0000000089600000| Untracked 
| 151|0x0000000089700000, 0x0000000089700000, 0x0000000089800000|  0%| F|  |TAMS 0x0000000089700000, 0x0000000089700000| Untracked 
| 152|0x0000000089800000, 0x0000000089800000, 0x0000000089900000|  0%| F|  |TAMS 0x0000000089800000, 0x0000000089800000| Untracked 
| 153|0x0000000089900000, 0x0000000089900000, 0x0000000089a00000|  0%| F|  |TAMS 0x0000000089900000, 0x0000000089900000| Untracked 
| 154|0x0000000089a00000, 0x0000000089a00000, 0x0000000089b00000|  0%| F|  |TAMS 0x0000000089a00000, 0x0000000089a00000| Untracked 
| 155|0x0000000089b00000, 0x0000000089b00000, 0x0000000089c00000|  0%| F|  |TAMS 0x0000000089b00000, 0x0000000089b00000| Untracked 
| 156|0x0000000089c00000, 0x0000000089c00000, 0x0000000089d00000|  0%| F|  |TAMS 0x0000000089c00000, 0x0000000089c00000| Untracked 
| 157|0x0000000089d00000, 0x0000000089d00000, 0x0000000089e00000|  0%| F|  |TAMS 0x0000000089d00000, 0x0000000089d00000| Untracked 
| 158|0x0000000089e00000, 0x0000000089e00000, 0x0000000089f00000|  0%| F|  |TAMS 0x0000000089e00000, 0x0000000089e00000| Untracked 
| 159|0x0000000089f00000, 0x0000000089f00000, 0x000000008a000000|  0%| F|  |TAMS 0x0000000089f00000, 0x0000000089f00000| Untracked 
| 160|0x000000008a000000, 0x000000008a000000, 0x000000008a100000|  0%| F|  |TAMS 0x000000008a000000, 0x000000008a000000| Untracked 
| 161|0x000000008a100000, 0x000000008a100000, 0x000000008a200000|  0%| F|  |TAMS 0x000000008a100000, 0x000000008a100000| Untracked 
| 162|0x000000008a200000, 0x000000008a200000, 0x000000008a300000|  0%| F|  |TAMS 0x000000008a200000, 0x000000008a200000| Untracked 
| 163|0x000000008a300000, 0x000000008a300000, 0x000000008a400000|  0%| F|  |TAMS 0x000000008a300000, 0x000000008a300000| Untracked 
| 164|0x000000008a400000, 0x000000008a400000, 0x000000008a500000|  0%| F|  |TAMS 0x000000008a400000, 0x000000008a400000| Untracked 
| 165|0x000000008a500000, 0x000000008a500000, 0x000000008a600000|  0%| F|  |TAMS 0x000000008a500000, 0x000000008a500000| Untracked 
| 166|0x000000008a600000, 0x000000008a600000, 0x000000008a700000|  0%| F|  |TAMS 0x000000008a600000, 0x000000008a600000| Untracked 
| 167|0x000000008a700000, 0x000000008a700000, 0x000000008a800000|  0%| F|  |TAMS 0x000000008a700000, 0x000000008a700000| Untracked 
| 168|0x000000008a800000, 0x000000008a800000, 0x000000008a900000|  0%| F|  |TAMS 0x000000008a800000, 0x000000008a800000| Untracked 
| 169|0x000000008a900000, 0x000000008a900000, 0x000000008aa00000|  0%| F|  |TAMS 0x000000008a900000, 0x000000008a900000| Untracked 
| 170|0x000000008aa00000, 0x000000008aa00000, 0x000000008ab00000|  0%| F|  |TAMS 0x000000008aa00000, 0x000000008aa00000| Untracked 
| 171|0x000000008ab00000, 0x000000008ab00000, 0x000000008ac00000|  0%| F|  |TAMS 0x000000008ab00000, 0x000000008ab00000| Untracked 
| 172|0x000000008ac00000, 0x000000008ac00000, 0x000000008ad00000|  0%| F|  |TAMS 0x000000008ac00000, 0x000000008ac00000| Untracked 
| 173|0x000000008ad00000, 0x000000008ad00000, 0x000000008ae00000|  0%| F|  |TAMS 0x000000008ad00000, 0x000000008ad00000| Untracked 
| 174|0x000000008ae00000, 0x000000008ae00000, 0x000000008af00000|  0%| F|  |TAMS 0x000000008ae00000, 0x000000008ae00000| Untracked 
| 175|0x000000008af00000, 0x000000008af00000, 0x000000008b000000|  0%| F|  |TAMS 0x000000008af00000, 0x000000008af00000| Untracked 
| 176|0x000000008b000000, 0x000000008b000000, 0x000000008b100000|  0%| F|  |TAMS 0x000000008b000000, 0x000000008b000000| Untracked 
| 177|0x000000008b100000, 0x000000008b100000, 0x000000008b200000|  0%| F|  |TAMS 0x000000008b100000, 0x000000008b100000| Untracked 
| 178|0x000000008b200000, 0x000000008b2dce38, 0x000000008b300000| 86%| E|  |TAMS 0x000000008b200000, 0x000000008b200000| Complete 
| 179|0x000000008b300000, 0x000000008b400000, 0x000000008b400000|100%| E|CS|TAMS 0x000000008b300000, 0x000000008b300000| Complete 
| 180|0x000000008b400000, 0x000000008b500000, 0x000000008b500000|100%| E|CS|TAMS 0x000000008b400000, 0x000000008b400000| Complete 
| 181|0x000000008b500000, 0x000000008b600000, 0x000000008b600000|100%| E|CS|TAMS 0x000000008b500000, 0x000000008b500000| Complete 
| 182|0x000000008b600000, 0x000000008b700000, 0x000000008b700000|100%| E|CS|TAMS 0x000000008b600000, 0x000000008b600000| Complete 

Card table byte_map: [0x000001b79cee0000,0x000001b79d2e0000] _byte_map_base: 0x000001b79cae0000

Marking Bits (Prev, Next): (CMBitMap*) 0x000001b789d00850, (CMBitMap*) 0x000001b789d00818
 Prev Bits: [0x000001b79f6e0000, 0x000001b7a16e0000)
 Next Bits: [0x000001b79d6e0000, 0x000001b79f6e0000)

Polling page: 0x000001b789490000

Metaspace:

Usage:
  Non-class:     84.72 MB capacity,    82.91 MB ( 98%) used,     1.52 MB (  2%) free+waste,   293.00 KB ( <1%) overhead. 
      Class:     13.43 MB capacity,    12.35 MB ( 92%) used,   972.39 KB (  7%) free+waste,   136.44 KB ( <1%) overhead. 
       Both:     98.15 MB capacity,    95.26 MB ( 97%) used,     2.47 MB (  3%) free+waste,   429.44 KB ( <1%) overhead. 

Virtual space:
  Non-class space:       86.00 MB reserved,      84.95 MB ( 99%) committed 
      Class space:        1.00 GB reserved,      13.50 MB (  1%) committed 
             Both:        1.08 GB reserved,      98.45 MB (  9%) committed 

Chunk freelists:
   Non-Class:  46.00 KB
       Class:  0 bytes
        Both:  46.00 KB

MaxMetaspaceSize: 17179869184.00 GB
CompressedClassSpaceSize: 1.00 GB

CodeHeap 'non-profiled nmethods': size=120000Kb used=6482Kb max_used=6482Kb free=113517Kb
 bounds [0x000001b795280000, 0x000001b7958e0000, 0x000001b79c7b0000]
CodeHeap 'profiled nmethods': size=120000Kb used=22525Kb max_used=22525Kb free=97474Kb
 bounds [0x000001b78dd50000, 0x000001b78f350000, 0x000001b795280000]
CodeHeap 'non-nmethods': size=5760Kb used=2300Kb max_used=2359Kb free=3459Kb
 bounds [0x000001b78d7b0000, 0x000001b78da20000, 0x000001b78dd50000]
 total_blobs=11263 nmethods=10356 adapters=818
 compilation: enabled
              stopped_count=0, restarted_count=0
 full_count=0

Compilation events (20 events):
Event: 20.186 Thread 0x000001b7a4adf000 nmethod 10364 0x000001b78f329290 code [0x000001b78f329440, 0x000001b78f329558]
Event: 20.186 Thread 0x000001b7a4adf000 10365       3       org.gradle.api.internal.changedetection.state.SplitFileHasher::hash (44 bytes)
Event: 20.186 Thread 0x000001b7a4adf000 nmethod 10365 0x000001b78f329610 code [0x000001b78f329800, 0x000001b78f329ca8]
Event: 20.186 Thread 0x000001b7a4adf000 10366       1       org.gradle.api.internal.file.DefaultFileCollectionFactory$FixedFileCollection::getIntrinsicFiles (5 bytes)
Event: 20.186 Thread 0x000001b7a4adf000 nmethod 10366 0x000001b7958d2710 code [0x000001b7958d28c0, 0x000001b7958d2978]
Event: 20.186 Thread 0x000001b7a4adf000 10367       3       sun.nio.fs.WindowsFileAttributes::isRegularFile (27 bytes)
Event: 20.187 Thread 0x000001b7a4adf000 nmethod 10367 0x000001b78f329e90 code [0x000001b78f32a080, 0x000001b78f32a6d8]
Event: 20.187 Thread 0x000001b7a4adf000 10368       3       org.gradle.internal.snapshot.impl.DirectorySnapshotterStatistics$CollectingFileVisitor::visitFile (10 bytes)
Event: 20.187 Thread 0x000001b7a4adf000 nmethod 10368 0x000001b78f32a810 code [0x000001b78f32aa00, 0x000001b78f32ae08]
Event: 20.187 Thread 0x000001b7a4adf000 10369       3       org.gradle.internal.snapshot.impl.DirectorySnapshotterStatistics$CollectingFileVisitor::visitFile (14 bytes)
Event: 20.187 Thread 0x000001b7a4adf000 nmethod 10369 0x000001b78f32af90 code [0x000001b78f32b160, 0x000001b78f32b408]
Event: 20.187 Thread 0x000001b7a4adf000 10370       3       org.gradle.internal.snapshot.MerkleDirectorySnapshotBuilder::visitLeafElement (6 bytes)
Event: 20.188 Thread 0x000001b7a4adf000 nmethod 10370 0x000001b78f32b590 code [0x000001b78f32b740, 0x000001b78f32b868]
Event: 20.188 Thread 0x000001b7a4adf000 10371       3       org.gradle.internal.snapshot.RelativePathTracker::isRoot (10 bytes)
Event: 20.188 Thread 0x000001b7a4adf000 nmethod 10371 0x000001b78f32b910 code [0x000001b78f32bac0, 0x000001b78f32bc88]
Event: 20.188 Thread 0x000001b7a4adf000 10372       3       com.google.common.collect.ImmutableSortedMap::of (4 bytes)
Event: 20.188 Thread 0x000001b7a4adf000 nmethod 10372 0x000001b78f32bd90 code [0x000001b78f32bf40, 0x000001b78f32c038]
Event: 20.188 Thread 0x000001b7a4adf000 10373       3       com.google.common.collect.Iterators::emptyIterator (4 bytes)
Event: 20.188 Thread 0x000001b7a4adf000 nmethod 10373 0x000001b78f32c110 code [0x000001b78f32c2c0, 0x000001b78f32c3f8]
Event: 20.188 Thread 0x000001b7a4adf000 10374       3       com.google.common.collect.ImmutableSortedMap$Builder::build (87 bytes)

GC Heap History (20 events):
Event: 8.782 GC heap after
{Heap after GC invocations=15 (full 0):
 garbage-first heap   total 187392K, used 77722K [0x0000000080000000, 0x0000000100000000)
  region size 1024K, 3 young (3072K), 3 survivors (3072K)
 Metaspace       used 58203K, capacity 60003K, committed 60160K, reserved 1101824K
  class space    used 7554K, capacity 8180K, committed 8192K, reserved 1048576K
}
Event: 13.912 GC heap before
{Heap before GC invocations=16 (full 0):
 garbage-first heap   total 187392K, used 131994K [0x0000000080000000, 0x0000000100000000)
  region size 1024K, 56 young (57344K), 3 survivors (3072K)
 Metaspace       used 67906K, capacity 69864K, committed 70092K, reserved 1110016K
  class space    used 8704K, capacity 9417K, committed 9472K, reserved 1048576K
}
Event: 13.920 GC heap after
{Heap after GC invocations=17 (full 0):
 garbage-first heap   total 187392K, used 80152K [0x0000000080000000, 0x0000000100000000)
  region size 1024K, 5 young (5120K), 5 survivors (5120K)
 Metaspace       used 67906K, capacity 69864K, committed 70092K, reserved 1110016K
  class space    used 8704K, capacity 9417K, committed 9472K, reserved 1048576K
}
Event: 14.630 GC heap before
{Heap before GC invocations=18 (full 0):
 garbage-first heap   total 187392K, used 136472K [0x0000000080000000, 0x0000000100000000)
  region size 1024K, 60 young (61440K), 5 survivors (5120K)
 Metaspace       used 72240K, capacity 74298K, committed 74444K, reserved 1114112K
  class space    used 9241K, capacity 9966K, committed 9984K, reserved 1048576K
}
Event: 14.638 GC heap after
{Heap after GC invocations=19 (full 0):
 garbage-first heap   total 187392K, used 84139K [0x0000000080000000, 0x0000000100000000)
  region size 1024K, 7 young (7168K), 7 survivors (7168K)
 Metaspace       used 72240K, capacity 74298K, committed 74444K, reserved 1114112K
  class space    used 9241K, capacity 9966K, committed 9984K, reserved 1048576K
}
Event: 15.639 GC heap before
{Heap before GC invocations=19 (full 0):
 garbage-first heap   total 187392K, used 140459K [0x0000000080000000, 0x0000000100000000)
  region size 1024K, 62 young (63488K), 7 survivors (7168K)
 Metaspace       used 74864K, capacity 77100K, committed 77132K, reserved 1116160K
  class space    used 9552K, capacity 10343K, committed 10368K, reserved 1048576K
}
Event: 15.650 GC heap after
{Heap after GC invocations=20 (full 0):
 garbage-first heap   total 187392K, used 88430K [0x0000000080000000, 0x0000000100000000)
  region size 1024K, 8 young (8192K), 8 survivors (8192K)
 Metaspace       used 74864K, capacity 77100K, committed 77132K, reserved 1116160K
  class space    used 9552K, capacity 10343K, committed 10368K, reserved 1048576K
}
Event: 16.439 GC heap before
{Heap before GC invocations=20 (full 0):
 garbage-first heap   total 187392K, used 143726K [0x0000000080000000, 0x0000000100000000)
  region size 1024K, 62 young (63488K), 8 survivors (8192K)
 Metaspace       used 80232K, capacity 82458K, committed 82636K, reserved 1120256K
  class space    used 10406K, capacity 11206K, committed 11264K, reserved 1048576K
}
Event: 16.449 GC heap after
{Heap after GC invocations=21 (full 0):
 garbage-first heap   total 187392K, used 92045K [0x0000000080000000, 0x0000000100000000)
  region size 1024K, 4 young (4096K), 4 survivors (4096K)
 Metaspace       used 80232K, capacity 82458K, committed 82636K, reserved 1120256K
  class space    used 10406K, capacity 11206K, committed 11264K, reserved 1048576K
}
Event: 16.738 GC heap before
{Heap before GC invocations=21 (full 0):
 garbage-first heap   total 187392K, used 109453K [0x0000000080000000, 0x0000000100000000)
  region size 1024K, 22 young (22528K), 4 survivors (4096K)
 Metaspace       used 82223K, capacity 84462K, committed 84684K, reserved 1122304K
  class space    used 10665K, capacity 11489K, committed 11520K, reserved 1048576K
}
Event: 16.745 GC heap after
{Heap after GC invocations=22 (full 0):
 garbage-first heap   total 187392K, used 92710K [0x0000000080000000, 0x0000000100000000)
  region size 1024K, 5 young (5120K), 5 survivors (5120K)
 Metaspace       used 82223K, capacity 84462K, committed 84684K, reserved 1122304K
  class space    used 10665K, capacity 11489K, committed 11520K, reserved 1048576K
}
Event: 17.434 GC heap before
{Heap before GC invocations=23 (full 0):
 garbage-first heap   total 187392K, used 155174K [0x0000000080000000, 0x0000000100000000)
  region size 1024K, 58 young (59392K), 5 survivors (5120K)
 Metaspace       used 84881K, capacity 87205K, committed 87372K, reserved 1124352K
  class space    used 11014K, capacity 11816K, committed 11904K, reserved 1048576K
}
Event: 17.442 GC heap after
{Heap after GC invocations=24 (full 0):
 garbage-first heap   total 187392K, used 107684K [0x0000000080000000, 0x0000000100000000)
  region size 1024K, 8 young (8192K), 8 survivors (8192K)
 Metaspace       used 84881K, capacity 87205K, committed 87372K, reserved 1124352K
  class space    used 11014K, capacity 11816K, committed 11904K, reserved 1048576K
}
Event: 17.784 GC heap before
{Heap before GC invocations=24 (full 0):
 garbage-first heap   total 187392K, used 135332K [0x0000000080000000, 0x0000000100000000)
  region size 1024K, 37 young (37888K), 8 survivors (8192K)
 Metaspace       used 87168K, capacity 89467K, committed 89676K, reserved 1126400K
  class space    used 11305K, capacity 12143K, committed 12160K, reserved 1048576K
}
Event: 17.793 GC heap after
{Heap after GC invocations=25 (full 0):
 garbage-first heap   total 187392K, used 109805K [0x0000000080000000, 0x0000000100000000)
  region size 1024K, 3 young (3072K), 3 survivors (3072K)
 Metaspace       used 87168K, capacity 89467K, committed 89676K, reserved 1126400K
  class space    used 11305K, capacity 12143K, committed 12160K, reserved 1048576K
}
Event: 18.494 GC heap before
{Heap before GC invocations=26 (full 0):
 garbage-first heap   total 187392K, used 149741K [0x0000000080000000, 0x0000000100000000)
  region size 1024K, 41 young (41984K), 3 survivors (3072K)
 Metaspace       used 92085K, capacity 94490K, committed 94668K, reserved 1130496K
  class space    used 11929K, capacity 12797K, committed 12800K, reserved 1048576K
}
Event: 18.498 GC heap after
{Heap after GC invocations=27 (full 0):
 garbage-first heap   total 187392K, used 110817K [0x0000000080000000, 0x0000000100000000)
  region size 1024K, 4 young (4096K), 4 survivors (4096K)
 Metaspace       used 92085K, capacity 94490K, committed 94668K, reserved 1130496K
  class space    used 11929K, capacity 12797K, committed 12800K, reserved 1048576K
}
Event: 19.259 GC heap before
{Heap before GC invocations=27 (full 0):
 garbage-first heap   total 187392K, used 149729K [0x0000000080000000, 0x0000000100000000)
  region size 1024K, 42 young (43008K), 4 survivors (4096K)
 Metaspace       used 95687K, capacity 98234K, committed 98508K, reserved 1134592K
  class space    used 12338K, capacity 13263K, committed 13312K, reserved 1048576K
}
Event: 19.268 GC heap after
{Heap after GC invocations=28 (full 0):
 garbage-first heap   total 187392K, used 113492K [0x0000000080000000, 0x0000000100000000)
  region size 1024K, 6 young (6144K), 6 survivors (6144K)
 Metaspace       used 95687K, capacity 98234K, committed 98508K, reserved 1134592K
  class space    used 12338K, capacity 13263K, committed 13312K, reserved 1048576K
}
Event: 20.188 GC heap before
{Heap before GC invocations=29 (full 0):
 garbage-first heap   total 187392K, used 151380K [0x0000000080000000, 0x0000000100000000)
  region size 1024K, 44 young (45056K), 6 survivors (6144K)
 Metaspace       used 97497K, capacity 100503K, committed 100812K, reserved 1136640K
  class space    used 12645K, capacity 13754K, committed 13824K, reserved 1048576K
}

Deoptimization events (20 events):
Event: 20.111 Thread 0x000001b7a65b2800 Uncommon trap: trap_request=0xffffff4d fr.pc=0x000001b7952dd4b0 relative=0x00000000000004f0
Event: 20.111 Thread 0x000001b7a65b2800 Uncommon trap: reason=unstable_if action=reinterpret pc=0x000001b7952dd4b0 method=java.lang.StringLatin1.compareToCI([B[B)I @ 68 c2
Event: 20.111 Thread 0x000001b7a65b2800 DEOPT PACKING pc=0x000001b7952dd4b0 sp=0x0000008268ef6780
Event: 20.111 Thread 0x000001b7a65b2800 DEOPT UNPACKING pc=0x000001b78d7d662f sp=0x0000008268ef6678 mode 2
Event: 20.124 Thread 0x000001b7aa548000 Uncommon trap: trap_request=0xffffff4d fr.pc=0x000001b7952d6eb8 relative=0x0000000000000478
Event: 20.124 Thread 0x000001b7aa548000 Uncommon trap: reason=unstable_if action=reinterpret pc=0x000001b7952d6eb8 method=java.lang.StringLatin1.compareToCI([B[B)I @ 68 c2
Event: 20.124 Thread 0x000001b7aa548000 DEOPT PACKING pc=0x000001b7952d6eb8 sp=0x000000826b7fb830
Event: 20.124 Thread 0x000001b7aa548000 DEOPT UNPACKING pc=0x000001b78d7d662f sp=0x000000826b7fb7b8 mode 2
Event: 20.131 Thread 0x000001b7aa554000 DEOPT PACKING pc=0x000001b78f01b944 sp=0x000000826bbfcff0
Event: 20.131 Thread 0x000001b7aa554000 DEOPT UNPACKING pc=0x000001b78d7d6dde sp=0x000000826bbfc590 mode 0
Event: 20.136 Thread 0x000001b7a65b2800 Uncommon trap: trap_request=0xffffff4d fr.pc=0x000001b7956ff374 relative=0x00000000000003b4
Event: 20.136 Thread 0x000001b7a65b2800 Uncommon trap: reason=unstable_if action=reinterpret pc=0x000001b7956ff374 method=java.util.concurrent.ConcurrentHashMap.addCount(JI)V @ 97 c2
Event: 20.136 Thread 0x000001b7a65b2800 DEOPT PACKING pc=0x000001b7956ff374 sp=0x0000008268ef78d0
Event: 20.136 Thread 0x000001b7a65b2800 DEOPT UNPACKING pc=0x000001b78d7d662f sp=0x0000008268ef7788 mode 2
Event: 20.150 Thread 0x000001b7a65b2800 Uncommon trap: trap_request=0xffffff4d fr.pc=0x000001b7956049d8 relative=0x00000000000002f8
Event: 20.150 Thread 0x000001b7a65b2800 Uncommon trap: reason=unstable_if action=reinterpret pc=0x000001b7956049d8 method=java.util.concurrent.ConcurrentHashMap.addCount(JI)V @ 97 c2
Event: 20.150 Thread 0x000001b7a65b2800 DEOPT PACKING pc=0x000001b7956049d8 sp=0x0000008268ef7680
Event: 20.150 Thread 0x000001b7a65b2800 DEOPT UNPACKING pc=0x000001b78d7d662f sp=0x0000008268ef75c0 mode 2
Event: 20.185 Thread 0x000001b7aa54d000 DEOPT PACKING pc=0x000001b78f01b944 sp=0x000000826b4fcd60
Event: 20.185 Thread 0x000001b7aa54d000 DEOPT UNPACKING pc=0x000001b78d7d6dde sp=0x000000826b4fc300 mode 0

Classes redefined (0 events):
No events

Internal exceptions (20 events):
Event: 20.016 Thread 0x000001b7aa45b800 Exception <a 'java/lang/IncompatibleClassChangeError'{0x000000008a5a1d68}: Found class java.lang.Object, but interface was expected> (0x000000008a5a1d68) thrown at [./src/hotspot/share/interpreter/linkResolver.cpp, line 839]
Event: 20.016 Thread 0x000001b7aa548000 Exception <a 'java/lang/IncompatibleClassChangeError'{0x000000008a2abfa0}: Found class java.lang.Object, but interface was expected> (0x000000008a2abfa0) thrown at [./src/hotspot/share/interpreter/linkResolver.cpp, line 839]
Event: 20.016 Thread 0x000001b7aa54d000 Exception <a 'java/lang/IncompatibleClassChangeError'{0x000000008a28d538}: Found class java.lang.Object, but interface was expected> (0x000000008a28d538) thrown at [./src/hotspot/share/interpreter/linkResolver.cpp, line 839]
Event: 20.016 Thread 0x000001b7ab5e3800 Exception <a 'java/lang/IncompatibleClassChangeError'{0x000000008a5cfe00}: Found class java.lang.Object, but interface was expected> (0x000000008a5cfe00) thrown at [./src/hotspot/share/interpreter/linkResolver.cpp, line 839]
Event: 20.016 Thread 0x000001b7aa549800 Exception <a 'java/lang/IncompatibleClassChangeError'{0x000000008a27bcc8}: Found class java.lang.Object, but interface was expected> (0x000000008a27bcc8) thrown at [./src/hotspot/share/interpreter/linkResolver.cpp, line 839]
Event: 20.017 Thread 0x000001b7a65b2800 Exception <a 'java/lang/IncompatibleClassChangeError'{0x000000008a52aaa8}: Found class java.lang.Object, but interface was expected> (0x000000008a52aaa8) thrown at [./src/hotspot/share/interpreter/linkResolver.cpp, line 839]
Event: 20.027 Thread 0x000001b7aa54d000 Exception <a 'java/lang/NoSuchMethodError'{0x000000008a1bd820}: 'java.lang.Object java.lang.invoke.DirectMethodHandle$Holder.invokeSpecialIFC(java.lang.Object, java.lang.Object, java.lang.Object)'> (0x000000008a1bd820) thrown at [./src/hotspot/share/interpreter/linkResolver.cpp, line 773]
Event: 20.027 Thread 0x000001b7aa549800 Exception <a 'java/lang/NoSuchMethodError'{0x000000008a1dfd70}: 'java.lang.Object java.lang.invoke.DirectMethodHandle$Holder.invokeSpecialIFC(java.lang.Object, java.lang.Object, java.lang.Object)'> (0x000000008a1dfd70) thrown at [./src/hotspot/share/interpreter/linkResolver.cpp, line 773]
Event: 20.027 Thread 0x000001b7a65b2800 Exception <a 'java/lang/NoSuchMethodError'{0x000000008a5392d0}: 'java.lang.Object java.lang.invoke.DirectMethodHandle$Holder.invokeSpecialIFC(java.lang.Object, java.lang.Object, java.lang.Object)'> (0x000000008a5392d0) thrown at [./src/hotspot/share/interpreter/linkResolver.cpp, line 773]
Event: 20.027 Thread 0x000001b7aa554000 Exception <a 'java/lang/NoSuchMethodError'{0x000000008a190f38}: 'java.lang.Object java.lang.invoke.DirectMethodHandle$Holder.invokeSpecialIFC(java.lang.Object, java.lang.Object, java.lang.Object)'> (0x000000008a190f38) thrown at [./src/hotspot/share/interpreter/linkResolver.cpp, line 773]
Event: 20.027 Thread 0x000001b7ab5e3800 Exception <a 'java/lang/NoSuchMethodError'{0x000000008a1e96f0}: 'java.lang.Object java.lang.invoke.DirectMethodHandle$Holder.invokeSpecialIFC(java.lang.Object, java.lang.Object, java.lang.Object)'> (0x000000008a1e96f0) thrown at [./src/hotspot/share/interpreter/linkResolver.cpp, line 773]
Event: 20.027 Thread 0x000001b7aa45b800 Exception <a 'java/lang/NoSuchMethodError'{0x000000008a1d97e8}: 'java.lang.Object java.lang.invoke.DirectMethodHandle$Holder.invokeSpecialIFC(java.lang.Object, java.lang.Object, java.lang.Object)'> (0x000000008a1d97e8) thrown at [./src/hotspot/share/interpreter/linkResolver.cpp, line 773]
Event: 20.027 Thread 0x000001b7aa548000 Exception <a 'java/lang/NoSuchMethodError'{0x000000008a1c9220}: 'java.lang.Object java.lang.invoke.DirectMethodHandle$Holder.invokeSpecialIFC(java.lang.Object, java.lang.Object, java.lang.Object)'> (0x000000008a1c9220) thrown at [./src/hotspot/share/interpreter/linkResolver.cpp, line 773]
Event: 20.055 Thread 0x000001b7ab5e3800 Exception <a 'java/lang/IncompatibleClassChangeError'{0x0000000089e21ff0}: Found class java.lang.Object, but interface was expected> (0x0000000089e21ff0) thrown at [./src/hotspot/share/interpreter/linkResolver.cpp, line 839]
Event: 20.055 Thread 0x000001b7aa549800 Exception <a 'java/lang/IncompatibleClassChangeError'{0x0000000089e7d5d8}: Found class java.lang.Object, but interface was expected> (0x0000000089e7d5d8) thrown at [./src/hotspot/share/interpreter/linkResolver.cpp, line 839]
Event: 20.055 Thread 0x000001b7aa45b800 Exception <a 'java/lang/IncompatibleClassChangeError'{0x0000000089e69ac0}: Found class java.lang.Object, but interface was expected> (0x0000000089e69ac0) thrown at [./src/hotspot/share/interpreter/linkResolver.cpp, line 839]
Event: 20.056 Thread 0x000001b7aa54d000 Exception <a 'java/lang/IncompatibleClassChangeError'{0x0000000089e49f30}: Found class java.lang.Object, but interface was expected> (0x0000000089e49f30) thrown at [./src/hotspot/share/interpreter/linkResolver.cpp, line 839]
Event: 20.056 Thread 0x000001b7a65b2800 Exception <a 'java/lang/IncompatibleClassChangeError'{0x000000008a571ed0}: Found class java.lang.Object, but interface was expected> (0x000000008a571ed0) thrown at [./src/hotspot/share/interpreter/linkResolver.cpp, line 839]
Event: 20.056 Thread 0x000001b7aa554000 Exception <a 'java/lang/IncompatibleClassChangeError'{0x000000008a0827f0}: Found class java.lang.Object, but interface was expected> (0x000000008a0827f0) thrown at [./src/hotspot/share/interpreter/linkResolver.cpp, line 839]
Event: 20.083 Thread 0x000001b7aa548000 Exception <a 'java/lang/NoSuchMethodError'{0x0000000089b999f8}: 'int java.lang.invoke.DirectMethodHandle$Holder.invokeStaticInit(java.lang.Object, java.lang.Object, java.lang.Object, java.lang.Object, java.lang.Object)'> (0x0000000089b999f8) thrown at [./src/hotspot/share/interpreter/linkResolver.cpp, line 773]

Events (20 events):
Event: 20.126 loading class org/gradle/api/internal/artifacts/transform/TransformationResult$Builder$PartOfInputArtifact done
Event: 20.132 Executing VM operation: RevokeBias
Event: 20.134 Executing VM operation: RevokeBias done
Event: 20.138 Executing VM operation: RevokeBias
Event: 20.138 Executing VM operation: RevokeBias done
Event: 20.140 Executing VM operation: RevokeBias
Event: 20.141 Executing VM operation: RevokeBias done
Event: 20.143 Executing VM operation: RevokeBias
Event: 20.144 Executing VM operation: RevokeBias done
Event: 20.152 Executing VM operation: RevokeBias
Event: 20.153 Executing VM operation: RevokeBias done
Event: 20.159 Executing VM operation: RevokeBias
Event: 20.160 Executing VM operation: RevokeBias done
Event: 20.163 Executing VM operation: RevokeBias
Event: 20.164 Executing VM operation: RevokeBias done
Event: 20.183 Executing VM operation: RevokeBias
Event: 20.184 Executing coalesced safepoint VM operation: RevokeBias
Event: 20.184 Executing coalesced safepoint VM operation: RevokeBias done
Event: 20.184 Executing VM operation: RevokeBias done
Event: 20.188 Executing VM operation: G1CollectForAllocation


Dynamic libraries:
0x00007ff66a280000 - 0x00007ff66a28a000 	C:\Program Files\Android\Android Studio1\jre\bin\java.exe
0x00007ff985600000 - 0x00007ff9857f0000 	C:\Windows\SYSTEM32\ntdll.dll
0x00007ff9840f0000 - 0x00007ff9841a2000 	C:\Windows\System32\KERNEL32.DLL
0x00007ff9828f0000 - 0x00007ff982b93000 	C:\Windows\System32\KERNELBASE.dll
0x00007ff9827a0000 - 0x00007ff98289a000 	C:\Windows\System32\ucrtbase.dll
0x00007ff97c900000 - 0x00007ff97c917000 	C:\Program Files\Android\Android Studio1\jre\bin\VCRUNTIME140.dll
0x00007ff97c8d0000 - 0x00007ff97c8e9000 	C:\Program Files\Android\Android Studio1\jre\bin\jli.dll
0x00007ff984490000 - 0x00007ff984623000 	C:\Windows\System32\USER32.dll
0x00007ff982590000 - 0x00007ff9825b1000 	C:\Windows\System32\win32u.dll
0x00007ff96f620000 - 0x00007ff96f8a5000 	C:\Windows\WinSxS\amd64_microsoft.windows.common-controls_6595b64144ccf1df_6.0.18362.175_none_e6c3ab1f131014c9\COMCTL32.dll
0x00007ff9850f0000 - 0x00007ff985116000 	C:\Windows\System32\GDI32.dll
0x00007ff984390000 - 0x00007ff98442e000 	C:\Windows\System32\msvcrt.dll
0x00007ff9833d0000 - 0x00007ff983564000 	C:\Windows\System32\gdi32full.dll
0x00007ff982700000 - 0x00007ff98279e000 	C:\Windows\System32\msvcp_win.dll
0x00007ff9836f0000 - 0x00007ff983a26000 	C:\Windows\System32\combase.dll
0x00007ff9854a0000 - 0x00007ff9855c0000 	C:\Windows\System32\RPCRT4.dll
0x00007ff982670000 - 0x00007ff9826f1000 	C:\Windows\System32\bcryptPrimitives.dll
0x00007ff9836c0000 - 0x00007ff9836ee000 	C:\Windows\System32\IMM32.DLL
0x00007ff92c590000 - 0x00007ff92c62d000 	C:\Program Files\Android\Android Studio1\jre\bin\msvcp140.dll
0x00007ff925960000 - 0x00007ff926435000 	C:\Program Files\Android\Android Studio1\jre\bin\server\jvm.dll
0x00007ff984d10000 - 0x00007ff984db3000 	C:\Windows\System32\ADVAPI32.dll
0x00007ff984dc0000 - 0x00007ff984e57000 	C:\Windows\System32\sechost.dll
0x00007ff984300000 - 0x00007ff984308000 	C:\Windows\System32\PSAPI.DLL
0x00007ff96ae10000 - 0x00007ff96ae19000 	C:\Windows\SYSTEM32\WSOCK32.dll
0x00007ff97fd70000 - 0x00007ff97fd94000 	C:\Windows\SYSTEM32\WINMM.dll
0x00007ff97ab50000 - 0x00007ff97ab5a000 	C:\Windows\SYSTEM32\VERSION.dll
0x00007ff9841c0000 - 0x00007ff98422f000 	C:\Windows\System32\WS2_32.dll
0x00007ff97fc60000 - 0x00007ff97fc8d000 	C:\Windows\SYSTEM32\WINMMBASE.dll
0x00007ff9828a0000 - 0x00007ff9828ea000 	C:\Windows\System32\cfgmgr32.dll
0x00007ff982550000 - 0x00007ff982561000 	C:\Windows\System32\kernel.appcore.dll
0x00007ff979c60000 - 0x00007ff979c71000 	C:\Program Files\Android\Android Studio1\jre\bin\verify.dll
0x00007ff980cd0000 - 0x00007ff980ec4000 	C:\Windows\SYSTEM32\DBGHELP.DLL
0x00007ff96eb60000 - 0x00007ff96eb8a000 	C:\Windows\SYSTEM32\dbgcore.DLL
0x00007ff979c30000 - 0x00007ff979c59000 	C:\Program Files\Android\Android Studio1\jre\bin\java.dll
0x00007ff97c560000 - 0x00007ff97c56b000 	C:\Program Files\Android\Android Studio1\jre\bin\jimage.dll
0x00007ff977e90000 - 0x00007ff977ea8000 	C:\Program Files\Android\Android Studio1\jre\bin\zip.dll
0x00007ff984630000 - 0x00007ff984d10000 	C:\Windows\System32\SHELL32.dll
0x00007ff983b20000 - 0x00007ff983bc9000 	C:\Windows\System32\shcore.dll
0x00007ff982c00000 - 0x00007ff98337b000 	C:\Windows\System32\windows.storage.dll
0x00007ff982570000 - 0x00007ff98258f000 	C:\Windows\System32\profapi.dll
0x00007ff9824e0000 - 0x00007ff98252a000 	C:\Windows\System32\powrprof.dll
0x00007ff9824d0000 - 0x00007ff9824e0000 	C:\Windows\System32\UMPDC.dll
0x00007ff984430000 - 0x00007ff984482000 	C:\Windows\System32\shlwapi.dll
0x00007ff9833b0000 - 0x00007ff9833c7000 	C:\Windows\System32\cryptsp.dll
0x00007ff977e70000 - 0x00007ff977e8a000 	C:\Program Files\Android\Android Studio1\jre\bin\net.dll
0x00007ff97b870000 - 0x00007ff97b95f000 	C:\Windows\SYSTEM32\WINHTTP.dll
0x00007ff981d40000 - 0x00007ff981da7000 	C:\Windows\system32\mswsock.dll
0x00007ff971e60000 - 0x00007ff971e74000 	C:\Program Files\Android\Android Studio1\jre\bin\nio.dll
0x00007ff95e900000 - 0x00007ff95e927000 	C:\Users\user\.gradle\native\e1d6ef7f7dcc3fd88c89a11ec53ec762bb8ba0a96d01ffa2cd45eb1d1d8dd5c5\windows-amd64\native-platform.dll
0x00007ff9332f0000 - 0x00007ff933434000 	C:\Users\user\.gradle\native\5664cfc778a61ccfe75a443a1ab52a65af34e5dc3c78e0209fed803814484fcb\windows-amd64\native-platform-file-events.dll
0x00007ff971e50000 - 0x00007ff971e5a000 	C:\Program Files\Android\Android Studio1\jre\bin\management.dll
0x00007ff971e40000 - 0x00007ff971e4d000 	C:\Program Files\Android\Android Studio1\jre\bin\management_ext.dll
0x00007ff981900000 - 0x00007ff981933000 	C:\Windows\system32\rsaenh.dll
0x00007ff983380000 - 0x00007ff9833a6000 	C:\Windows\System32\bcrypt.dll
0x00007ff9823c0000 - 0x00007ff9823e5000 	C:\Windows\SYSTEM32\USERENV.dll
0x00007ff981f10000 - 0x00007ff981f1c000 	C:\Windows\SYSTEM32\CRYPTBASE.dll
0x00007ff981aa0000 - 0x00007ff981ada000 	C:\Windows\SYSTEM32\IPHLPAPI.DLL
0x00007ff985010000 - 0x00007ff985018000 	C:\Windows\System32\NSI.dll
0x00007ff977b70000 - 0x00007ff977b86000 	C:\Windows\SYSTEM32\dhcpcsvc6.DLL
0x00007ff9795b0000 - 0x00007ff9795cc000 	C:\Windows\SYSTEM32\dhcpcsvc.DLL
0x00007ff981ae0000 - 0x00007ff981baa000 	C:\Windows\SYSTEM32\DNSAPI.dll

dbghelp: loaded successfully - version: 4.0.5 - missing functions: none
symbol engine: initialized successfully - sym options: 0x614 - pdb path: .;C:\Program Files\Android\Android Studio1\jre\bin;C:\Windows\SYSTEM32;C:\Windows\WinSxS\amd64_microsoft.windows.common-controls_6595b64144ccf1df_6.0.18362.175_none_e6c3ab1f131014c9;C:\Program Files\Android\Android Studio1\jre\bin\server;C:\Users\user\.gradle\native\e1d6ef7f7dcc3fd88c89a11ec53ec762bb8ba0a96d01ffa2cd45eb1d1d8dd5c5\windows-amd64;C:\Users\user\.gradle\native\5664cfc778a61ccfe75a443a1ab52a65af34e5dc3c78e0209fed803814484fcb\windows-amd64

VM Arguments:
jvm_args: --add-opens=java.base/java.util=ALL-UNNAMED --add-opens=java.base/java.lang=ALL-UNNAMED --add-opens=java.base/java.lang.invoke=ALL-UNNAMED --add-opens=java.base/java.util=ALL-UNNAMED --add-opens=java.prefs/java.util.prefs=ALL-UNNAMED --add-opens=java.prefs/java.util.prefs=ALL-UNNAMED --add-opens=java.base/java.nio.charset=ALL-UNNAMED --add-opens=java.base/java.net=ALL-UNNAMED --add-opens=java.base/java.util.concurrent.atomic=ALL-UNNAMED -Xmx2048m -Dfile.encoding=UTF-8 -Duser.country=US -Duser.language=en -Duser.variant 
java_command: org.gradle.launcher.daemon.bootstrap.GradleDaemon 7.3.3
java_class_path (initial): C:\Users\user\.gradle\wrapper\dists\gradle-7.3.3-bin\6a41zxkdtcxs8rphpq6y0069z\gradle-7.3.3\lib\gradle-launcher-7.3.3.jar
Launcher Type: SUN_STANDARD

[Global flags]
     intx CICompilerCount                          = 4                                         {product} {ergonomic}
     uint ConcGCThreads                            = 2                                         {product} {ergonomic}
     uint G1ConcRefinementThreads                  = 8                                         {product} {ergonomic}
   size_t G1HeapRegionSize                         = 1048576                                   {product} {ergonomic}
    uintx GCDrainStackTargetSize                   = 64                                        {product} {ergonomic}
   size_t InitialHeapSize                          = 132120576                                 {product} {ergonomic}
   size_t MarkStackSize                            = 4194304                                   {product} {ergonomic}
   size_t MaxHeapSize                              = 2147483648                                {product} {command line}
   size_t MaxNewSize                               = 1287651328                                {product} {ergonomic}
   size_t MinHeapDeltaBytes                        = 1048576                                   {product} {ergonomic}
    uintx NonNMethodCodeHeapSize                   = 5836300                                {pd product} {ergonomic}
    uintx NonProfiledCodeHeapSize                  = 122910970                              {pd product} {ergonomic}
    uintx ProfiledCodeHeapSize                     = 122910970                              {pd product} {ergonomic}
    uintx ReservedCodeCacheSize                    = 251658240                              {pd product} {ergonomic}
     bool SegmentedCodeCache                       = true                                      {product} {ergonomic}
     bool UseCompressedClassPointers               = true                                 {lp64_product} {ergonomic}
     bool UseCompressedOops                        = true                                 {lp64_product} {ergonomic}
     bool UseG1GC                                  = true                                      {product} {ergonomic}
     bool UseLargePagesIndividualAllocation        = false                                  {pd product} {ergonomic}

Logging:
Log output configuration:
 #0: stdout all=warning uptime,level,tags
 #1: stderr all=off uptime,level,tags

Environment Variables:
JAVA_HOME=C:\Program Files\Java\jdk-17.0.1
PATH=C:\Program Files\Common Files\Oracle\Java\javapath;C:\Windows\system32;C:\Windows;C:\Windows\System32\Wbem;C:\Windows\System32\WindowsPowerShell\v1.0\;C:\Windows\System32\OpenSSH\;C:\Program Files (x86)\NVIDIA Corporation\PhysX\Common;C:\Program Files\7-Zip;C:\Program Files\dotnet\;C:\Program Files\Microsoft SQL Server\130\Tools\Binn\;C:\Program Files\Microsoft SQL Server\Client SDK\ODBC\170\Tools\Binn\;C:\Program Files\Java\jdk-17.0.1\bin;C:\Program Files\Git\cmd;C:\Users\user\AppData\Local\Microsoft\WindowsApps;C:\Users\user\AppData\Local\Programs\Microsoft VS Code\bin;C:\MinGW\bin;C:\Users\user\.dotnet\tools;C:\Program Files\JetBrains\IntelliJ IDEA 2021.2.3\bin;;C:\Program Files\JetBrains\IntelliJ IDEA Community Edition 2021.2.3\bin;
USERNAME=user
OS=Windows_NT
PROCESSOR_IDENTIFIER=Intel64 Family 6 Model 165 Stepping 2, GenuineIntel



---------------  S Y S T E M  ---------------

OS: Windows 10 , 64 bit Build 18362 (10.0.18362.86)
OS uptime: 2 days 16:24 hours

CPU:total 8 (initial active 8) (4 cores per cpu, 2 threads per core) family 6 model 165 stepping 2 microcode 0xe0, cmov, cx8, fxsr, mmx, sse, sse2, sse3, ssse3, sse4.1, sse4.2, popcnt, avx, avx2, aes, clmul, erms, 3dnowpref, lzcnt, ht, tsc, tscinvbit, bmi1, bmi2, adx, fma

Memory: 4k page, system-wide physical 7993M (1277M free)
TotalPageFile size 19446M (AvailPageFile size 7M)
current process WorkingSet (physical memory assigned to process): 490M, peak: 492M
current process commit charge ("private bytes"): 531M, peak: 533M

vm_info: OpenJDK 64-Bit Server VM (11.0.11+9-b60-7590822) for windows-amd64 JRE (11.0.11+9-b60-7590822), built on Jul 29 2021 21:43:44 by "builder" with MS VC++ 14.0 (VS2015)

END.
